This file contains any messages produced by compilers while
running configure, to aid debugging if configure makes a mistake.

It was created by libXdmcp configure 1.1.0, which was
generated by GNU Autoconf 2.68.  Invocation command line was

  $ ./configure --prefix=/home/simon/GIT/buildroot-k3-current/output/host/usr --sysconfdir=/home/simon/GIT/buildroot-k3-current/output/host/etc --enable-shared --disable-static

## --------- ##
## Platform. ##
## --------- ##

hostname = dev
uname -m = i686
uname -r = 3.2.0-33-generic
uname -s = Linux
uname -v = #52-Ubuntu SMP Thu Oct 18 16:19:45 UTC 2012

/usr/bin/uname -p = unknown
/bin/uname -X     = unknown

/bin/arch              = unknown
/usr/bin/arch -k       = unknown
/usr/convex/getsysinfo = unknown
/usr/bin/hostinfo      = unknown
/bin/machine           = unknown
/usr/bin/oslevel       = unknown
/bin/universe          = unknown

PATH: /home/simon/GIT/buildroot-k3-current/output/host/bin
PATH: /home/simon/GIT/buildroot-k3-current/output/host/usr/bin
PATH: /home/simon/bin
PATH: /usr/local/sbin
PATH: /usr/local/bin
PATH: /usr/sbin
PATH: /usr/bin
PATH: /sbin
PATH: /bin
PATH: /usr/games


## ----------- ##
## Core tests. ##
## ----------- ##

configure:2319: checking for a BSD-compatible install
configure:2387: result: /usr/bin/install -c
configure:2398: checking whether build environment is sane
configure:2448: result: yes
configure:2589: checking for a thread-safe mkdir -p
configure:2628: result: /bin/mkdir -p
configure:2641: checking for gawk
configure:2657: found /usr/bin/gawk
configure:2668: result: gawk
configure:2679: checking whether make sets $(MAKE)
configure:2701: result: yes
configure:2782: checking whether to enable maintainer-specific portions of Makefiles
configure:2791: result: no
configure:2832: checking for style of include used by make
configure:2860: result: GNU
configure:2930: checking for gcc
configure:2957: result: /usr/bin/gcc
configure:3186: checking for C compiler version
configure:3195: /usr/bin/gcc --version >&5
gcc (Ubuntu/Linaro 4.6.3-1ubuntu5) 4.6.3
Copyright (C) 2011 Free Software Foundation, Inc.
This is free software; see the source for copying conditions.  There is NO
warranty; not even for MERCHANTABILITY or FITNESS FOR A PARTICULAR PURPOSE.

configure:3206: $? = 0
configure:3195: /usr/bin/gcc -v >&5
Using built-in specs.
COLLECT_GCC=/usr/bin/gcc
COLLECT_LTO_WRAPPER=/usr/lib/gcc/i686-linux-gnu/4.6/lto-wrapper
Target: i686-linux-gnu
Configured with: ../src/configure -v --with-pkgversion='Ubuntu/Linaro 4.6.3-1ubuntu5' --with-bugurl=file:///usr/share/doc/gcc-4.6/README.Bugs --enable-languages=c,c++,fortran,objc,obj-c++ --prefix=/usr --program-suffix=-4.6 --enable-shared --enable-linker-build-id --with-system-zlib --libexecdir=/usr/lib --without-included-gettext --enable-threads=posix --with-gxx-include-dir=/usr/include/c++/4.6 --libdir=/usr/lib --enable-nls --with-sysroot=/ --enable-clocale=gnu --enable-libstdcxx-debug --enable-libstdcxx-time=yes --enable-gnu-unique-object --enable-plugin --enable-objc-gc --enable-targets=all --disable-werror --with-arch-32=i686 --with-tune=generic --enable-checking=release --build=i686-linux-gnu --host=i686-linux-gnu --target=i686-linux-gnu
Thread model: posix
gcc version 4.6.3 (Ubuntu/Linaro 4.6.3-1ubuntu5) 
configure:3206: $? = 0
configure:3195: /usr/bin/gcc -V >&5
gcc: error: unrecognized option '-V'
gcc: fatal error: no input files
compilation terminated.
configure:3206: $? = 4
configure:3195: /usr/bin/gcc -qversion >&5
gcc: error: unrecognized option '-qversion'
gcc: fatal error: no input files
compilation terminated.
configure:3206: $? = 4
configure:3226: checking whether the C compiler works
configure:3248: /usr/bin/gcc -O2 -I/home/simon/GIT/buildroot-k3-current/output/host/usr/include -I/home/simon/GIT/buildroot-k3-current/output/host/usr/include -L/home/simon/GIT/buildroot-k3-current/output/host/lib -L/home/simon/GIT/buildroot-k3-current/output/host/usr/lib -Wl,-rpath,/home/simon/GIT/buildroot-k3-current/output/host/usr/lib conftest.c  >&5
configure:3252: $? = 0
configure:3300: result: yes
configure:3303: checking for C compiler default output file name
configure:3305: result: a.out
configure:3311: checking for suffix of executables
configure:3318: /usr/bin/gcc -o conftest -O2 -I/home/simon/GIT/buildroot-k3-current/output/host/usr/include -I/home/simon/GIT/buildroot-k3-current/output/host/usr/include -L/home/simon/GIT/buildroot-k3-current/output/host/lib -L/home/simon/GIT/buildroot-k3-current/output/host/usr/lib -Wl,-rpath,/home/simon/GIT/buildroot-k3-current/output/host/usr/lib conftest.c  >&5
configure:3322: $? = 0
configure:3344: result: 
configure:3366: checking whether we are cross compiling
configure:3374: /usr/bin/gcc -o conftest -O2 -I/home/simon/GIT/buildroot-k3-current/output/host/usr/include -I/home/simon/GIT/buildroot-k3-current/output/host/usr/include -L/home/simon/GIT/buildroot-k3-current/output/host/lib -L/home/simon/GIT/buildroot-k3-current/output/host/usr/lib -Wl,-rpath,/home/simon/GIT/buildroot-k3-current/output/host/usr/lib conftest.c  >&5
configure:3378: $? = 0
configure:3385: ./conftest
configure:3389: $? = 0
configure:3404: result: no
configure:3409: checking for suffix of object files
configure:3431: /usr/bin/gcc -c -O2 -I/home/simon/GIT/buildroot-k3-current/output/host/usr/include -I/home/simon/GIT/buildroot-k3-current/output/host/usr/include conftest.c >&5
configure:3435: $? = 0
configure:3456: result: o
configure:3460: checking whether we are using the GNU C compiler
configure:3479: /usr/bin/gcc -c -O2 -I/home/simon/GIT/buildroot-k3-current/output/host/usr/include -I/home/simon/GIT/buildroot-k3-current/output/host/usr/include conftest.c >&5
configure:3479: $? = 0
configure:3488: result: yes
configure:3497: checking whether /usr/bin/gcc accepts -g
configure:3517: /usr/bin/gcc -c -g -I/home/simon/GIT/buildroot-k3-current/output/host/usr/include conftest.c >&5
configure:3517: $? = 0
configure:3558: result: yes
configure:3575: checking for /usr/bin/gcc option to accept ISO C89
configure:3639: /usr/bin/gcc  -c -O2 -I/home/simon/GIT/buildroot-k3-current/output/host/usr/include -I/home/simon/GIT/buildroot-k3-current/output/host/usr/include conftest.c >&5
configure:3639: $? = 0
configure:3652: result: none needed
configure:3674: checking dependency style of /usr/bin/gcc
configure:3784: result: gcc3
configure:3799: checking for /usr/bin/gcc option to accept ISO C99
configure:3948: /usr/bin/gcc  -c -O2 -I/home/simon/GIT/buildroot-k3-current/output/host/usr/include -I/home/simon/GIT/buildroot-k3-current/output/host/usr/include conftest.c >&5
conftest.c:61:29: error: expected ';', ',' or ')' before 'text'
conftest.c: In function 'main':
conftest.c:115:18: error: expected '=', ',', ';', 'asm' or '__attribute__' before 'newvar'
conftest.c:115:18: error: 'newvar' undeclared (first use in this function)
conftest.c:115:18: note: each undeclared identifier is reported only once for each function it appears in
conftest.c:125:3: error: 'for' loop initial declarations are only allowed in C99 mode
conftest.c:125:3: note: use option -std=c99 or -std=gnu99 to compile your code
configure:3948: $? = 1
configure: failed program was:
| /* confdefs.h */
| #define PACKAGE_NAME "libXdmcp"
| #define PACKAGE_TARNAME "libXdmcp"
| #define PACKAGE_VERSION "1.1.0"
| #define PACKAGE_STRING "libXdmcp 1.1.0"
| #define PACKAGE_BUGREPORT "https://bugs.freedesktop.org/enter_bug.cgi?product=xorg"
| #define PACKAGE_URL ""
| #define PACKAGE "libXdmcp"
| #define VERSION "1.1.0"
| /* end confdefs.h.  */
| #include <stdarg.h>
| #include <stdbool.h>
| #include <stdlib.h>
| #include <wchar.h>
| #include <stdio.h>
| 
| // Check varargs macros.  These examples are taken from C99 6.10.3.5.
| #define debug(...) fprintf (stderr, __VA_ARGS__)
| #define showlist(...) puts (#__VA_ARGS__)
| #define report(test,...) ((test) ? puts (#test) : printf (__VA_ARGS__))
| static void
| test_varargs_macros (void)
| {
|   int x = 1234;
|   int y = 5678;
|   debug ("Flag");
|   debug ("X = %d\n", x);
|   showlist (The first, second, and third items.);
|   report (x>y, "x is %d but y is %d", x, y);
| }
| 
| // Check long long types.
| #define BIG64 18446744073709551615ull
| #define BIG32 4294967295ul
| #define BIG_OK (BIG64 / BIG32 == 4294967297ull && BIG64 % BIG32 == 0)
| #if !BIG_OK
|   your preprocessor is broken;
| #endif
| #if BIG_OK
| #else
|   your preprocessor is broken;
| #endif
| static long long int bignum = -9223372036854775807LL;
| static unsigned long long int ubignum = BIG64;
| 
| struct incomplete_array
| {
|   int datasize;
|   double data[];
| };
| 
| struct named_init {
|   int number;
|   const wchar_t *name;
|   double average;
| };
| 
| typedef const char *ccp;
| 
| static inline int
| test_restrict (ccp restrict text)
| {
|   // See if C++-style comments work.
|   // Iterate through items via the restricted pointer.
|   // Also check for declarations in for loops.
|   for (unsigned int i = 0; *(text+i) != '\0'; ++i)
|     continue;
|   return 0;
| }
| 
| // Check varargs and va_copy.
| static void
| test_varargs (const char *format, ...)
| {
|   va_list args;
|   va_start (args, format);
|   va_list args_copy;
|   va_copy (args_copy, args);
| 
|   const char *str;
|   int number;
|   float fnumber;
| 
|   while (*format)
|     {
|       switch (*format++)
| 	{
| 	case 's': // string
| 	  str = va_arg (args_copy, const char *);
| 	  break;
| 	case 'd': // int
| 	  number = va_arg (args_copy, int);
| 	  break;
| 	case 'f': // float
| 	  fnumber = va_arg (args_copy, double);
| 	  break;
| 	default:
| 	  break;
| 	}
|     }
|   va_end (args_copy);
|   va_end (args);
| }
| 
| int
| main ()
| {
| 
|   // Check bool.
|   _Bool success = false;
| 
|   // Check restrict.
|   if (test_restrict ("String literal") == 0)
|     success = true;
|   char *restrict newvar = "Another string";
| 
|   // Check varargs.
|   test_varargs ("s, d' f .", "string", 65, 34.234);
|   test_varargs_macros ();
| 
|   // Check flexible array members.
|   struct incomplete_array *ia =
|     malloc (sizeof (struct incomplete_array) + (sizeof (double) * 10));
|   ia->datasize = 10;
|   for (int i = 0; i < ia->datasize; ++i)
|     ia->data[i] = i * 1.234;
| 
|   // Check named initializers.
|   struct named_init ni = {
|     .number = 34,
|     .name = L"Test wide string",
|     .average = 543.34343,
|   };
| 
|   ni.number = 58;
| 
|   int dynamic_array[ni.number];
|   dynamic_array[ni.number - 1] = 543;
| 
|   // work around unused variable warnings
|   return (!success || bignum == 0LL || ubignum == 0uLL || newvar[0] == 'x'
| 	  || dynamic_array[ni.number - 1] != 543);
| 
|   ;
|   return 0;
| }
configure:3948: /usr/bin/gcc -std=gnu99 -c -O2 -I/home/simon/GIT/buildroot-k3-current/output/host/usr/include -I/home/simon/GIT/buildroot-k3-current/output/host/usr/include conftest.c >&5
configure:3948: $? = 0
configure:3968: result: -std=gnu99
configure:3982: checking how to run the C preprocessor
configure:4052: result: /usr/bin/cpp
configure:4072: /usr/bin/cpp -I/home/simon/GIT/buildroot-k3-current/output/host/usr/include conftest.c
configure:4072: $? = 0
configure:4086: /usr/bin/cpp -I/home/simon/GIT/buildroot-k3-current/output/host/usr/include conftest.c
conftest.c:11:28: fatal error: ac_nonexistent.h: No such file or directory
compilation terminated.
configure:4086: $? = 1
configure: failed program was:
| /* confdefs.h */
| #define PACKAGE_NAME "libXdmcp"
| #define PACKAGE_TARNAME "libXdmcp"
| #define PACKAGE_VERSION "1.1.0"
| #define PACKAGE_STRING "libXdmcp 1.1.0"
| #define PACKAGE_BUGREPORT "https://bugs.freedesktop.org/enter_bug.cgi?product=xorg"
| #define PACKAGE_URL ""
| #define PACKAGE "libXdmcp"
| #define VERSION "1.1.0"
| /* end confdefs.h.  */
| #include <ac_nonexistent.h>
configure:4115: checking for grep that handles long lines and -e
configure:4173: result: /bin/grep
configure:4178: checking for egrep
configure:4240: result: /bin/grep -E
configure:4245: checking for ANSI C header files
configure:4265: /usr/bin/gcc -std=gnu99 -c -O2 -I/home/simon/GIT/buildroot-k3-current/output/host/usr/include -I/home/simon/GIT/buildroot-k3-current/output/host/usr/include conftest.c >&5
configure:4265: $? = 0
configure:4338: /usr/bin/gcc -std=gnu99 -o conftest -O2 -I/home/simon/GIT/buildroot-k3-current/output/host/usr/include -I/home/simon/GIT/buildroot-k3-current/output/host/usr/include -L/home/simon/GIT/buildroot-k3-current/output/host/lib -L/home/simon/GIT/buildroot-k3-current/output/host/usr/lib -Wl,-rpath,/home/simon/GIT/buildroot-k3-current/output/host/usr/lib conftest.c  >&5
configure:4338: $? = 0
configure:4338: ./conftest
configure:4338: $? = 0
configure:4349: result: yes
configure:4362: checking for sys/types.h
configure:4362: /usr/bin/gcc -std=gnu99 -c -O2 -I/home/simon/GIT/buildroot-k3-current/output/host/usr/include -I/home/simon/GIT/buildroot-k3-current/output/host/usr/include conftest.c >&5
configure:4362: $? = 0
configure:4362: result: yes
configure:4362: checking for sys/stat.h
configure:4362: /usr/bin/gcc -std=gnu99 -c -O2 -I/home/simon/GIT/buildroot-k3-current/output/host/usr/include -I/home/simon/GIT/buildroot-k3-current/output/host/usr/include conftest.c >&5
configure:4362: $? = 0
configure:4362: result: yes
configure:4362: checking for stdlib.h
configure:4362: /usr/bin/gcc -std=gnu99 -c -O2 -I/home/simon/GIT/buildroot-k3-current/output/host/usr/include -I/home/simon/GIT/buildroot-k3-current/output/host/usr/include conftest.c >&5
configure:4362: $? = 0
configure:4362: result: yes
configure:4362: checking for string.h
configure:4362: /usr/bin/gcc -std=gnu99 -c -O2 -I/home/simon/GIT/buildroot-k3-current/output/host/usr/include -I/home/simon/GIT/buildroot-k3-current/output/host/usr/include conftest.c >&5
configure:4362: $? = 0
configure:4362: result: yes
configure:4362: checking for memory.h
configure:4362: /usr/bin/gcc -std=gnu99 -c -O2 -I/home/simon/GIT/buildroot-k3-current/output/host/usr/include -I/home/simon/GIT/buildroot-k3-current/output/host/usr/include conftest.c >&5
configure:4362: $? = 0
configure:4362: result: yes
configure:4362: checking for strings.h
configure:4362: /usr/bin/gcc -std=gnu99 -c -O2 -I/home/simon/GIT/buildroot-k3-current/output/host/usr/include -I/home/simon/GIT/buildroot-k3-current/output/host/usr/include conftest.c >&5
configure:4362: $? = 0
configure:4362: result: yes
configure:4362: checking for inttypes.h
configure:4362: /usr/bin/gcc -std=gnu99 -c -O2 -I/home/simon/GIT/buildroot-k3-current/output/host/usr/include -I/home/simon/GIT/buildroot-k3-current/output/host/usr/include conftest.c >&5
configure:4362: $? = 0
configure:4362: result: yes
configure:4362: checking for stdint.h
configure:4362: /usr/bin/gcc -std=gnu99 -c -O2 -I/home/simon/GIT/buildroot-k3-current/output/host/usr/include -I/home/simon/GIT/buildroot-k3-current/output/host/usr/include conftest.c >&5
configure:4362: $? = 0
configure:4362: result: yes
configure:4362: checking for unistd.h
configure:4362: /usr/bin/gcc -std=gnu99 -c -O2 -I/home/simon/GIT/buildroot-k3-current/output/host/usr/include -I/home/simon/GIT/buildroot-k3-current/output/host/usr/include conftest.c >&5
configure:4362: $? = 0
configure:4362: result: yes
configure:4478: checking pkg-config is at least version 0.9.0
configure:4481: result: yes
configure:4494: checking build system type
configure:4508: result: i686-pc-linux-gnu
configure:4528: checking host system type
configure:4541: result: i686-pc-linux-gnu
configure:4561: checking for a sed that does not truncate output
configure:4625: result: /bin/sed
configure:4857: checking whether to build documentation
configure:4859: result: yes
configure:4878: checking for xmlto
configure:4896: found /usr/bin/xmlto
configure:4908: result: /usr/bin/xmlto
configure:4981: checking the xmlto version
configure:4984: result: 0.0.25
configure:5053: checking for fop
configure:5086: result: no
configure:5092: WARNING: fop not found - documentation targets will be skipped
configure:5162: checking for X.Org SGML entities >= 1.5
configure:5166: $PKG_CONFIG --exists --print-errors "xorg-sgml-doctools >= 1.5"
Package xorg-sgml-doctools was not found in the pkg-config search path.
Perhaps you should add the directory containing `xorg-sgml-doctools.pc'
to the PKG_CONFIG_PATH environment variable
No package 'xorg-sgml-doctools' found
configure:5169: $? = 1
configure:5185: result: no
configure:5202: checking whether ln -s works
configure:5206: result: yes
configure:5562: checking how to print strings
configure:5589: result: printf
configure:5610: checking for a sed that does not truncate output
configure:5674: result: /bin/sed
configure:5692: checking for fgrep
configure:5754: result: /bin/grep -F
configure:5789: checking for ld used by /usr/bin/gcc -std=gnu99
configure:5856: result: /usr/bin/ld
configure:5863: checking if the linker (/usr/bin/ld) is GNU ld
configure:5878: result: yes
configure:5890: checking for BSD- or MS-compatible name lister (nm)
configure:5939: result: /usr/bin/nm
configure:6069: checking the name lister (/usr/bin/nm) interface
configure:6076: /usr/bin/gcc -std=gnu99 -c -O2 -I/home/simon/GIT/buildroot-k3-current/output/host/usr/include -I/home/simon/GIT/buildroot-k3-current/output/host/usr/include conftest.c >&5
configure:6079: /usr/bin/nm "conftest.o"
configure:6082: output
00000000 B some_variable
configure:6089: result: BSD nm
configure:6093: checking the maximum length of command line arguments
configure:6218: result: 805306365
configure:6235: checking whether the shell understands some XSI constructs
configure:6245: result: yes
configure:6249: checking whether the shell understands "+="
configure:6255: result: yes
configure:6290: checking for /usr/bin/ld option to reload object files
configure:6297: result: -r
configure:6366: checking for objdump
configure:6393: result: objdump
configure:6422: checking how to recognize dependent libraries
configure:6624: result: pass_all
configure:6684: checking for ar
configure:6711: result: /usr/bin/ar
configure:6789: checking for strip
configure:6805: found /usr/bin/strip
configure:6816: result: strip
configure:6888: checking for ranlib
configure:6904: found /usr/bin/ranlib
configure:6915: result: ranlib
configure:7017: checking command to parse /usr/bin/nm output from /usr/bin/gcc -std=gnu99 object
configure:7135: /usr/bin/gcc -std=gnu99 -c -O2 -I/home/simon/GIT/buildroot-k3-current/output/host/usr/include -I/home/simon/GIT/buildroot-k3-current/output/host/usr/include conftest.c >&5
configure:7138: $? = 0
configure:7142: /usr/bin/nm conftest.o \| sed -n -e 's/^.*[ ]\([ABCDGIRSTW][ABCDGIRSTW]*\)[ ][ ]*\([_A-Za-z][_A-Za-z0-9]*\)$/\1 \2 \2/p' \> conftest.nm
configure:7145: $? = 0
configure:7199: /usr/bin/gcc -std=gnu99 -o conftest -O2 -I/home/simon/GIT/buildroot-k3-current/output/host/usr/include -I/home/simon/GIT/buildroot-k3-current/output/host/usr/include -L/home/simon/GIT/buildroot-k3-current/output/host/lib -L/home/simon/GIT/buildroot-k3-current/output/host/usr/lib -Wl,-rpath,/home/simon/GIT/buildroot-k3-current/output/host/usr/lib conftest.c conftstm.o >&5
configure:7202: $? = 0
configure:7240: result: ok
configure:8077: checking for dlfcn.h
configure:8077: /usr/bin/gcc -std=gnu99 -c -O2 -I/home/simon/GIT/buildroot-k3-current/output/host/usr/include -I/home/simon/GIT/buildroot-k3-current/output/host/usr/include conftest.c >&5
configure:8077: $? = 0
configure:8077: result: yes
configure:8262: checking for objdir
configure:8277: result: .libs
configure:8544: checking if /usr/bin/gcc -std=gnu99 supports -fno-rtti -fno-exceptions
configure:8562: /usr/bin/gcc -std=gnu99 -c -O2 -I/home/simon/GIT/buildroot-k3-current/output/host/usr/include -I/home/simon/GIT/buildroot-k3-current/output/host/usr/include -fno-rtti -fno-exceptions conftest.c >&5
cc1: warning: command line option '-fno-rtti' is valid for C++/ObjC++ but not for C [enabled by default]
configure:8566: $? = 0
configure:8579: result: no
configure:8599: checking for /usr/bin/gcc -std=gnu99 option to produce PIC
configure:8884: result: -fPIC -DPIC
configure:8896: checking if /usr/bin/gcc -std=gnu99 PIC flag -fPIC -DPIC works
configure:8914: /usr/bin/gcc -std=gnu99 -c -O2 -I/home/simon/GIT/buildroot-k3-current/output/host/usr/include -I/home/simon/GIT/buildroot-k3-current/output/host/usr/include -fPIC -DPIC -DPIC conftest.c >&5
configure:8918: $? = 0
configure:8931: result: yes
configure:8955: checking if /usr/bin/gcc -std=gnu99 static flag -static works
configure:8983: result: yes
configure:8998: checking if /usr/bin/gcc -std=gnu99 supports -c -o file.o
configure:9019: /usr/bin/gcc -std=gnu99 -c -O2 -I/home/simon/GIT/buildroot-k3-current/output/host/usr/include -I/home/simon/GIT/buildroot-k3-current/output/host/usr/include -o out/conftest2.o conftest.c >&5
configure:9023: $? = 0
configure:9045: result: yes
configure:9053: checking if /usr/bin/gcc -std=gnu99 supports -c -o file.o
configure:9100: result: yes
configure:9133: checking whether the /usr/bin/gcc -std=gnu99 linker (/usr/bin/ld) supports shared libraries
configure:10208: result: yes
configure:10245: checking whether -lc should be explicitly linked in
configure:10253: /usr/bin/gcc -std=gnu99 -c -O2 -I/home/simon/GIT/buildroot-k3-current/output/host/usr/include -I/home/simon/GIT/buildroot-k3-current/output/host/usr/include conftest.c >&5
configure:10256: $? = 0
configure:10271: /usr/bin/gcc -std=gnu99 -shared conftest.o  -v -Wl,-soname -Wl,conftest -o conftest 2\>\&1 \| /bin/grep  -lc  \>/dev/null 2\>\&1
configure:10274: $? = 0
configure:10288: result: no
configure:10453: checking dynamic linker characteristics
configure:10908: /usr/bin/gcc -std=gnu99 -o conftest -O2 -I/home/simon/GIT/buildroot-k3-current/output/host/usr/include -I/home/simon/GIT/buildroot-k3-current/output/host/usr/include -L/home/simon/GIT/buildroot-k3-current/output/host/lib -L/home/simon/GIT/buildroot-k3-current/output/host/usr/lib -Wl,-rpath,/home/simon/GIT/buildroot-k3-current/output/host/usr/lib -Wl,-rpath -Wl,/foo conftest.c  >&5
configure:10908: $? = 0
configure:11130: result: GNU/Linux ld.so
configure:11237: checking how to hardcode library paths into programs
configure:11262: result: immediate
configure:11802: checking whether stripping libraries is possible
configure:11807: result: yes
configure:11842: checking if libtool supports shared libraries
configure:11844: result: yes
configure:11847: checking whether to build shared libraries
configure:11868: result: yes
configure:11871: checking whether to build static libraries
configure:11875: result: no
configure:11910: checking whether make sets $(MAKE)
configure:11932: result: yes
configure:11945: checking for srand48
configure:11945: /usr/bin/gcc -std=gnu99 -o conftest -O2 -I/home/simon/GIT/buildroot-k3-current/output/host/usr/include -I/home/simon/GIT/buildroot-k3-current/output/host/usr/include -L/home/simon/GIT/buildroot-k3-current/output/host/lib -L/home/simon/GIT/buildroot-k3-current/output/host/usr/lib -Wl,-rpath,/home/simon/GIT/buildroot-k3-current/output/host/usr/lib conftest.c  >&5
configure:11945: $? = 0
configure:11945: result: yes
configure:11945: checking for lrand48
configure:11945: /usr/bin/gcc -std=gnu99 -o conftest -O2 -I/home/simon/GIT/buildroot-k3-current/output/host/usr/include -I/home/simon/GIT/buildroot-k3-current/output/host/usr/include -L/home/simon/GIT/buildroot-k3-current/output/host/lib -L/home/simon/GIT/buildroot-k3-current/output/host/usr/lib -Wl,-rpath,/home/simon/GIT/buildroot-k3-current/output/host/usr/lib conftest.c  >&5
configure:11945: $? = 0
configure:11945: result: yes
configure:11955: checking for library containing recvfrom
configure:11986: /usr/bin/gcc -std=gnu99 -o conftest -O2 -I/home/simon/GIT/buildroot-k3-current/output/host/usr/include -I/home/simon/GIT/buildroot-k3-current/output/host/usr/include -L/home/simon/GIT/buildroot-k3-current/output/host/lib -L/home/simon/GIT/buildroot-k3-current/output/host/usr/lib -Wl,-rpath,/home/simon/GIT/buildroot-k3-current/output/host/usr/lib conftest.c  >&5
configure:11986: $? = 0
configure:12003: result: none required
configure:12014: checking for XDMCP
configure:12021: $PKG_CONFIG --exists --print-errors "xproto"
configure:12024: $? = 0
configure:12037: $PKG_CONFIG --exists --print-errors "xproto"
configure:12040: $? = 0
configure:12094: result: yes
configure:12417: creating ./config.status

## ---------------------- ##
## Running config.status. ##
## ---------------------- ##

This file was extended by libXdmcp config.status 1.1.0, which was
generated by GNU Autoconf 2.68.  Invocation command line was

  CONFIG_FILES    = 
  CONFIG_HEADERS  = 
  CONFIG_LINKS    = 
  CONFIG_COMMANDS = 
  $ ./config.status 

on dev

config.status:1143: creating Makefile
config.status:1143: creating doc/Makefile
config.status:1143: creating xdmcp.pc
config.status:1143: creating config.h
config.status:1372: executing depfiles commands
config.status:1372: executing libtool commands

## ---------------- ##
## Cache variables. ##
## ---------------- ##

ac_cv_build=i686-pc-linux-gnu
ac_cv_c_compiler_gnu=yes
ac_cv_env_CC_set=set
ac_cv_env_CC_value=/usr/bin/gcc
ac_cv_env_CFLAGS_set=set
ac_cv_env_CFLAGS_value='-O2 -I/home/simon/GIT/buildroot-k3-current/output/host/usr/include'
ac_cv_env_CPPFLAGS_set=set
ac_cv_env_CPPFLAGS_value=-I/home/simon/GIT/buildroot-k3-current/output/host/usr/include
ac_cv_env_CPP_set=set
ac_cv_env_CPP_value=/usr/bin/cpp
ac_cv_env_FOP_set=
ac_cv_env_FOP_value=
ac_cv_env_LDFLAGS_set=set
ac_cv_env_LDFLAGS_value='-L/home/simon/GIT/buildroot-k3-current/output/host/lib -L/home/simon/GIT/buildroot-k3-current/output/host/usr/lib -Wl,-rpath,/home/simon/GIT/buildroot-k3-current/output/host/usr/lib'
ac_cv_env_LIBS_set=
ac_cv_env_LIBS_value=
ac_cv_env_LINT_FLAGS_set=
ac_cv_env_LINT_FLAGS_value=
ac_cv_env_LINT_set=
ac_cv_env_LINT_value=
ac_cv_env_PKG_CONFIG_set=set
ac_cv_env_PKG_CONFIG_value=/home/simon/GIT/buildroot-k3-current/output/host/usr/bin/pkg-config
ac_cv_env_XDMCP_CFLAGS_set=
ac_cv_env_XDMCP_CFLAGS_value=
ac_cv_env_XDMCP_LIBS_set=
ac_cv_env_XDMCP_LIBS_value=
ac_cv_env_XMLTO_set=
ac_cv_env_XMLTO_value=
ac_cv_env_build_alias_set=
ac_cv_env_build_alias_value=
ac_cv_env_host_alias_set=
ac_cv_env_host_alias_value=
ac_cv_env_target_alias_set=
ac_cv_env_target_alias_value=
ac_cv_func_lrand48=yes
ac_cv_func_srand48=yes
ac_cv_header_dlfcn_h=yes
ac_cv_header_inttypes_h=yes
ac_cv_header_memory_h=yes
ac_cv_header_stdc=yes
ac_cv_header_stdint_h=yes
ac_cv_header_stdlib_h=yes
ac_cv_header_string_h=yes
ac_cv_header_strings_h=yes
ac_cv_header_sys_stat_h=yes
ac_cv_header_sys_types_h=yes
ac_cv_header_unistd_h=yes
ac_cv_host=i686-pc-linux-gnu
ac_cv_objext=o
ac_cv_path_EGREP='/bin/grep -E'
ac_cv_path_FGREP='/bin/grep -F'
ac_cv_path_GREP=/bin/grep
ac_cv_path_SED=/bin/sed
ac_cv_path_XMLTO=/usr/bin/xmlto
ac_cv_path_install='/usr/bin/install -c'
ac_cv_path_mkdir=/bin/mkdir
ac_cv_prog_AWK=gawk
ac_cv_prog_CPP=/usr/bin/cpp
ac_cv_prog_ac_ct_AR=/usr/bin/ar
ac_cv_prog_ac_ct_CC=/usr/bin/gcc
ac_cv_prog_ac_ct_OBJDUMP=objdump
ac_cv_prog_ac_ct_RANLIB=ranlib
ac_cv_prog_ac_ct_STRIP=strip
ac_cv_prog_cc_c89=
ac_cv_prog_cc_c99=-std=gnu99
ac_cv_prog_cc_g=yes
ac_cv_prog_make_make_set=yes
ac_cv_search_recvfrom='none required'
am_cv_CC_dependencies_compiler_type=gcc3
lt_cv_archive_cmds_need_lc=no
lt_cv_deplibs_check_method=pass_all
lt_cv_file_magic_cmd='$MAGIC_CMD'
lt_cv_file_magic_test_file=
lt_cv_ld_reload_flag=-r
lt_cv_nm_interface='BSD nm'
lt_cv_objdir=.libs
lt_cv_path_LD=/usr/bin/ld
lt_cv_path_NM=/usr/bin/nm
lt_cv_prog_compiler_c_o=yes
lt_cv_prog_compiler_pic_works=yes
lt_cv_prog_compiler_rtti_exceptions=no
lt_cv_prog_compiler_static_works=yes
lt_cv_prog_gnu_ld=yes
lt_cv_shlibpath_overrides_runpath=no
lt_cv_sys_global_symbol_pipe='sed -n -e '\''s/^.*[	 ]\([ABCDGIRSTW][ABCDGIRSTW]*\)[	 ][	 ]*\([_A-Za-z][_A-Za-z0-9]*\)$/\1 \2 \2/p'\'''
lt_cv_sys_global_symbol_to_c_name_address='sed -n -e '\''s/^: \([^ ]*\) $/  {\"\1\", (void *) 0},/p'\'' -e '\''s/^[ABCDGIRSTW]* \([^ ]*\) \([^ ]*\)$/  {"\2", (void *) \&\2},/p'\'''
lt_cv_sys_global_symbol_to_c_name_address_lib_prefix='sed -n -e '\''s/^: \([^ ]*\) $/  {\"\1\", (void *) 0},/p'\'' -e '\''s/^[ABCDGIRSTW]* \([^ ]*\) \(lib[^ ]*\)$/  {"\2", (void *) \&\2},/p'\'' -e '\''s/^[ABCDGIRSTW]* \([^ ]*\) \([^ ]*\)$/  {"lib\2", (void *) \&\2},/p'\'''
lt_cv_sys_global_symbol_to_cdecl='sed -n -e '\''s/^T .* \(.*\)$/extern int \1();/p'\'' -e '\''s/^[ABCDGIRSTW]* .* \(.*\)$/extern char \1;/p'\'''
lt_cv_sys_max_cmd_len=805306365
pkg_cv_XDMCP_CFLAGS='-I//home/simon/GIT/buildroot-k3-current/output/host/usr/include  '
pkg_cv_XDMCP_LIBS=' '

## ----------------- ##
## Output variables. ##
## ----------------- ##

ACLOCAL='${SHELL} /home/simon/GIT/buildroot-k3-current/output/build/host-xlib_libXdmcp-1.1.0/missing --run aclocal-1.11'
ADMIN_MAN_DIR='$(mandir)/man$(ADMIN_MAN_SUFFIX)'
ADMIN_MAN_SUFFIX='8'
AMDEPBACKSLASH='\'
AMDEP_FALSE='#'
AMDEP_TRUE=''
AMTAR='${SHELL} /home/simon/GIT/buildroot-k3-current/output/build/host-xlib_libXdmcp-1.1.0/missing --run tar'
AM_BACKSLASH='\'
AM_DEFAULT_VERBOSITY='0'
APP_MAN_DIR='$(mandir)/man$(APP_MAN_SUFFIX)'
APP_MAN_SUFFIX='1'
AR='/usr/bin/ar'
AS='/usr/bin/as'
AUTOCONF='${SHELL} /home/simon/GIT/buildroot-k3-current/output/build/host-xlib_libXdmcp-1.1.0/missing --run autoconf'
AUTOHEADER='${SHELL} /home/simon/GIT/buildroot-k3-current/output/build/host-xlib_libXdmcp-1.1.0/missing --run autoheader'
AUTOMAKE='${SHELL} /home/simon/GIT/buildroot-k3-current/output/build/host-xlib_libXdmcp-1.1.0/missing --run automake-1.11'
AWK='gawk'
CC='/usr/bin/gcc -std=gnu99'
CCDEPMODE='depmode=gcc3'
CFLAGS='-O2 -I/home/simon/GIT/buildroot-k3-current/output/host/usr/include'
CHANGELOG_CMD='(GIT_DIR=$(top_srcdir)/.git git log > $(top_srcdir)/.changelog.tmp && mv $(top_srcdir)/.changelog.tmp $(top_srcdir)/ChangeLog) || (rm -f $(top_srcdir)/.changelog.tmp; touch $(top_srcdir)/ChangeLog; echo '\''git directory not found: installing possibly empty changelog.'\'' >&2)'
CPP='/usr/bin/cpp'
CPPFLAGS='-I/home/simon/GIT/buildroot-k3-current/output/host/usr/include'
CWARNFLAGS='-Wall -Wpointer-arith -Wstrict-prototypes -Wmissing-prototypes -Wmissing-declarations -Wnested-externs -fno-strict-aliasing -Wbad-function-cast -Wformat=2 -Wold-style-definition -Wdeclaration-after-statement '
CYGPATH_W='echo'
DEFS='-DHAVE_CONFIG_H'
DEPDIR='.deps'
DLLTOOL='dlltool'
DRIVER_MAN_DIR='$(mandir)/man$(DRIVER_MAN_SUFFIX)'
DRIVER_MAN_SUFFIX='4'
DSYMUTIL=''
DUMPBIN=''
ECHO_C=''
ECHO_N='-n'
ECHO_T=''
EGREP='/bin/grep -E'
ENABLE_DOCS_FALSE='#'
ENABLE_DOCS_TRUE=''
EXEEXT=''
FGREP='/bin/grep -F'
FILE_MAN_DIR='$(mandir)/man$(FILE_MAN_SUFFIX)'
FILE_MAN_SUFFIX='5'
FOP=''
GREP='/bin/grep'
HASXDMAUTH_FALSE='#'
HASXDMAUTH_TRUE=''
HAVE_FOP_FALSE=''
HAVE_FOP_TRUE='#'
HAVE_STYLESHEETS_FALSE=''
HAVE_STYLESHEETS_TRUE='#'
HAVE_XMLTO_FALSE='#'
HAVE_XMLTO_TEXT_FALSE='#'
HAVE_XMLTO_TEXT_TRUE=''
HAVE_XMLTO_TRUE=''
INSTALL_CMD='(cp -f /home/simon/GIT/buildroot-k3-current/output/host/usr/share/util-macros/INSTALL $(top_srcdir)/.INSTALL.tmp && mv $(top_srcdir)/.INSTALL.tmp $(top_srcdir)/INSTALL) || (rm -f $(top_srcdir)/.INSTALL.tmp; touch $(top_srcdir)/INSTALL; echo '\''util-macros "pkgdatadir" from xorg-macros.pc not found: installing possibly empty INSTALL.'\'' >&2)'
INSTALL_DATA='${INSTALL} -m 644'
INSTALL_PROGRAM='${INSTALL}'
INSTALL_SCRIPT='${INSTALL}'
INSTALL_STRIP_PROGRAM='$(install_sh) -c -s'
LD='/usr/bin/ld'
LDFLAGS='-L/home/simon/GIT/buildroot-k3-current/output/host/lib -L/home/simon/GIT/buildroot-k3-current/output/host/usr/lib -Wl,-rpath,/home/simon/GIT/buildroot-k3-current/output/host/usr/lib'
LIBOBJS=''
LIBS=''
LIBTOOL='$(SHELL) $(top_builddir)/libtool'
LIB_MAN_DIR='$(mandir)/man$(LIB_MAN_SUFFIX)'
LIB_MAN_SUFFIX='3'
LINT=''
LINTLIB=''
LINT_FALSE=''
LINT_FLAGS='-badflag'
LINT_TRUE='#'
LIPO=''
LN_S='ln -s'
LTLIBOBJS=''
MAINT='#'
MAINTAINER_MODE_FALSE=''
MAINTAINER_MODE_TRUE='#'
MAKEINFO='${SHELL} /home/simon/GIT/buildroot-k3-current/output/build/host-xlib_libXdmcp-1.1.0/missing --run makeinfo'
MAKE_LINT_LIB_FALSE=''
MAKE_LINT_LIB_TRUE='#'
MAN_SUBSTS='	-e '\''s|__vendorversion__|"$(PACKAGE_STRING)" "$(XORG_MAN_PAGE)"|'\'' 	-e '\''s|__xorgversion__|"$(PACKAGE_STRING)" "$(XORG_MAN_PAGE)"|'\'' 	-e '\''s|__xservername__|Xorg|g'\'' 	-e '\''s|__xconfigfile__|xorg.conf|g'\'' 	-e '\''s|__projectroot__|$(prefix)|g'\'' 	-e '\''s|__apploaddir__|$(appdefaultdir)|g'\'' 	-e '\''s|__appmansuffix__|$(APP_MAN_SUFFIX)|g'\'' 	-e '\''s|__drivermansuffix__|$(DRIVER_MAN_SUFFIX)|g'\'' 	-e '\''s|__adminmansuffix__|$(ADMIN_MAN_SUFFIX)|g'\'' 	-e '\''s|__libmansuffix__|$(LIB_MAN_SUFFIX)|g'\'' 	-e '\''s|__miscmansuffix__|$(MISC_MAN_SUFFIX)|g'\'' 	-e '\''s|__filemansuffix__|$(FILE_MAN_SUFFIX)|g'\'''
MISC_MAN_DIR='$(mandir)/man$(MISC_MAN_SUFFIX)'
MISC_MAN_SUFFIX='7'
MKDIR_P='/bin/mkdir -p'
NM='/usr/bin/nm'
NMEDIT=''
OBJDUMP='objdump'
OBJEXT='o'
OTOOL64=''
OTOOL=''
PACKAGE='libXdmcp'
PACKAGE_BUGREPORT='https://bugs.freedesktop.org/enter_bug.cgi?product=xorg'
PACKAGE_NAME='libXdmcp'
PACKAGE_STRING='libXdmcp 1.1.0'
PACKAGE_TARNAME='libXdmcp'
PACKAGE_URL=''
PACKAGE_VERSION='1.1.0'
PATH_SEPARATOR=':'
PKG_CONFIG='/home/simon/GIT/buildroot-k3-current/output/host/usr/bin/pkg-config'
RANLIB='ranlib'
SED='/bin/sed'
SET_MAKE=''
SHELL='/bin/sh'
STRIP='strip'
STYLESHEET_SRCDIR=''
VERSION='1.1.0'
XDMCP_CFLAGS='-I//home/simon/GIT/buildroot-k3-current/output/host/usr/include  '
XDMCP_LIBS=' '
XMLTO='/usr/bin/xmlto'
XORG_MAN_PAGE='X Version 11'
XORG_SGML_PATH=''
XSL_STYLESHEET=''
ac_ct_CC='/usr/bin/gcc'
ac_ct_DUMPBIN=''
am__EXEEXT_FALSE=''
am__EXEEXT_TRUE='#'
am__fastdepCC_FALSE='#'
am__fastdepCC_TRUE=''
am__include='include'
am__isrc=''
am__leading_dot='.'
am__quote=''
am__tar='${AMTAR} chof - "$$tardir"'
am__untar='${AMTAR} xf -'
bindir='${exec_prefix}/bin'
build='i686-pc-linux-gnu'
build_alias=''
build_cpu='i686'
build_os='linux-gnu'
build_vendor='pc'
datadir='${datarootdir}'
datarootdir='${prefix}/share'
docdir='${datarootdir}/doc/${PACKAGE_TARNAME}'
dvidir='${docdir}'
exec_prefix='${prefix}'
host='i686-pc-linux-gnu'
host_alias=''
host_cpu='i686'
host_os='linux-gnu'
host_vendor='pc'
htmldir='${docdir}'
includedir='${prefix}/include'
infodir='${datarootdir}/info'
install_sh='${SHELL} /home/simon/GIT/buildroot-k3-current/output/build/host-xlib_libXdmcp-1.1.0/install-sh'
libdir='${exec_prefix}/lib'
libexecdir='${exec_prefix}/libexec'
localedir='${datarootdir}/locale'
localstatedir='${prefix}/var'
mandir='${datarootdir}/man'
mkdir_p='/bin/mkdir -p'
oldincludedir='/usr/include'
pdfdir='${docdir}'
prefix='/home/simon/GIT/buildroot-k3-current/output/host/usr'
program_transform_name='s,x,x,'
psdir='${docdir}'
sbindir='${exec_prefix}/sbin'
sharedstatedir='${prefix}/com'
sysconfdir='/home/simon/GIT/buildroot-k3-current/output/host/etc'
target_alias=''

## ----------- ##
## confdefs.h. ##
## ----------- ##

/* confdefs.h */
#define PACKAGE_NAME "libXdmcp"
#define PACKAGE_TARNAME "libXdmcp"
#define PACKAGE_VERSION "1.1.0"
#define PACKAGE_STRING "libXdmcp 1.1.0"
#define PACKAGE_BUGREPORT "https://bugs.freedesktop.org/enter_bug.cgi?product=xorg"
#define PACKAGE_URL ""
#define PACKAGE "libXdmcp"
#define VERSION "1.1.0"
#define STDC_HEADERS 1
#define HAVE_SYS_TYPES_H 1
#define HAVE_SYS_STAT_H 1
#define HAVE_STDLIB_H 1
#define HAVE_STRING_H 1
#define HAVE_MEMORY_H 1
#define HAVE_STRINGS_H 1
#define HAVE_INTTYPES_H 1
#define HAVE_STDINT_H 1
#define HAVE_UNISTD_H 1
#define PACKAGE_VERSION_MAJOR 1
#define PACKAGE_VERSION_MINOR 1
#define PACKAGE_VERSION_PATCHLEVEL 0
#define HAVE_DLFCN_H 1
#define LT_OBJDIR ".libs/"
#define HAVE_SRAND48 1
#define HAVE_LRAND48 1
#define HASXDMAUTH 1

configure: exit 0
