This file contains any messages produced by compilers while
running configure, to aid debugging if configure makes a mistake.

It was created by libpthread-stubs configure 0.3, which was
generated by GNU Autoconf 2.64.  Invocation command line was

  $ ./configure --prefix=/home/simon/GIT/buildroot-k3-current/output/host/usr --sysconfdir=/home/simon/GIT/buildroot-k3-current/output/host/etc --enable-shared --disable-static

## --------- ##
## Platform. ##
## --------- ##

hostname = dev
uname -m = i686
uname -r = 3.2.0-33-generic
uname -s = Linux
uname -v = #52-Ubuntu SMP Thu Oct 18 16:19:45 UTC 2012

/usr/bin/uname -p = unknown
/bin/uname -X     = unknown

/bin/arch              = unknown
/usr/bin/arch -k       = unknown
/usr/convex/getsysinfo = unknown
/usr/bin/hostinfo      = unknown
/bin/machine           = unknown
/usr/bin/oslevel       = unknown
/bin/universe          = unknown

PATH: /home/simon/GIT/buildroot-k3-current/output/host/bin
PATH: /home/simon/GIT/buildroot-k3-current/output/host/usr/bin
PATH: /home/simon/bin
PATH: /usr/local/sbin
PATH: /usr/local/bin
PATH: /usr/sbin
PATH: /usr/bin
PATH: /sbin
PATH: /bin
PATH: /usr/games


## ----------- ##
## Core tests. ##
## ----------- ##

configure:2251: checking for a BSD-compatible install
configure:2319: result: /usr/bin/install -c
configure:2330: checking whether build environment is sane
configure:2380: result: yes
configure:2521: checking for a thread-safe mkdir -p
configure:2560: result: /bin/mkdir -p
configure:2573: checking for gawk
configure:2589: found /usr/bin/gawk
configure:2600: result: gawk
configure:2611: checking whether make sets $(MAKE)
configure:2633: result: yes
configure:2746: checking build system type
configure:2760: result: i686-pc-linux-gnu
configure:2780: checking host system type
configure:2793: result: i686-pc-linux-gnu
configure:2825: checking for style of include used by make
configure:2853: result: GNU
configure:2923: checking for gcc
configure:2950: result: /usr/bin/gcc
configure:3179: checking for C compiler version
configure:3188: /usr/bin/gcc --version >&5
gcc (Ubuntu/Linaro 4.6.3-1ubuntu5) 4.6.3
Copyright (C) 2011 Free Software Foundation, Inc.
This is free software; see the source for copying conditions.  There is NO
warranty; not even for MERCHANTABILITY or FITNESS FOR A PARTICULAR PURPOSE.

configure:3199: $? = 0
configure:3188: /usr/bin/gcc -v >&5
Using built-in specs.
COLLECT_GCC=/usr/bin/gcc
COLLECT_LTO_WRAPPER=/usr/lib/gcc/i686-linux-gnu/4.6/lto-wrapper
Target: i686-linux-gnu
Configured with: ../src/configure -v --with-pkgversion='Ubuntu/Linaro 4.6.3-1ubuntu5' --with-bugurl=file:///usr/share/doc/gcc-4.6/README.Bugs --enable-languages=c,c++,fortran,objc,obj-c++ --prefix=/usr --program-suffix=-4.6 --enable-shared --enable-linker-build-id --with-system-zlib --libexecdir=/usr/lib --without-included-gettext --enable-threads=posix --with-gxx-include-dir=/usr/include/c++/4.6 --libdir=/usr/lib --enable-nls --with-sysroot=/ --enable-clocale=gnu --enable-libstdcxx-debug --enable-libstdcxx-time=yes --enable-gnu-unique-object --enable-plugin --enable-objc-gc --enable-targets=all --disable-werror --with-arch-32=i686 --with-tune=generic --enable-checking=release --build=i686-linux-gnu --host=i686-linux-gnu --target=i686-linux-gnu
Thread model: posix
gcc version 4.6.3 (Ubuntu/Linaro 4.6.3-1ubuntu5) 
configure:3199: $? = 0
configure:3188: /usr/bin/gcc -V >&5
gcc: error: unrecognized option '-V'
gcc: fatal error: no input files
compilation terminated.
configure:3199: $? = 4
configure:3188: /usr/bin/gcc -qversion >&5
gcc: error: unrecognized option '-qversion'
gcc: fatal error: no input files
compilation terminated.
configure:3199: $? = 4
configure:3221: checking for C compiler default output file name
configure:3243: /usr/bin/gcc -O2 -I/home/simon/GIT/buildroot-k3-current/output/host/usr/include -I/home/simon/GIT/buildroot-k3-current/output/host/usr/include -L/home/simon/GIT/buildroot-k3-current/output/host/lib -L/home/simon/GIT/buildroot-k3-current/output/host/usr/lib -Wl,-rpath,/home/simon/GIT/buildroot-k3-current/output/host/usr/lib conftest.c  >&5
configure:3247: $? = 0
configure:3284: result: a.out
configure:3300: checking whether the C compiler works
configure:3309: ./a.out
configure:3313: $? = 0
configure:3328: result: yes
configure:3335: checking whether we are cross compiling
configure:3337: result: no
configure:3340: checking for suffix of executables
configure:3347: /usr/bin/gcc -o conftest -O2 -I/home/simon/GIT/buildroot-k3-current/output/host/usr/include -I/home/simon/GIT/buildroot-k3-current/output/host/usr/include -L/home/simon/GIT/buildroot-k3-current/output/host/lib -L/home/simon/GIT/buildroot-k3-current/output/host/usr/lib -Wl,-rpath,/home/simon/GIT/buildroot-k3-current/output/host/usr/lib conftest.c  >&5
configure:3351: $? = 0
configure:3373: result: 
configure:3379: checking for suffix of object files
configure:3401: /usr/bin/gcc -c -O2 -I/home/simon/GIT/buildroot-k3-current/output/host/usr/include -I/home/simon/GIT/buildroot-k3-current/output/host/usr/include conftest.c >&5
configure:3405: $? = 0
configure:3426: result: o
configure:3430: checking whether we are using the GNU C compiler
configure:3449: /usr/bin/gcc -c -O2 -I/home/simon/GIT/buildroot-k3-current/output/host/usr/include -I/home/simon/GIT/buildroot-k3-current/output/host/usr/include conftest.c >&5
configure:3449: $? = 0
configure:3458: result: yes
configure:3467: checking whether /usr/bin/gcc accepts -g
configure:3487: /usr/bin/gcc -c -g -I/home/simon/GIT/buildroot-k3-current/output/host/usr/include conftest.c >&5
configure:3487: $? = 0
configure:3528: result: yes
configure:3545: checking for /usr/bin/gcc option to accept ISO C89
configure:3609: /usr/bin/gcc  -c -O2 -I/home/simon/GIT/buildroot-k3-current/output/host/usr/include -I/home/simon/GIT/buildroot-k3-current/output/host/usr/include conftest.c >&5
configure:3609: $? = 0
configure:3622: result: none needed
configure:3644: checking dependency style of /usr/bin/gcc
configure:3754: result: gcc3
configure:3769: checking for a sed that does not truncate output
configure:3833: result: /bin/sed
configure:3851: checking for grep that handles long lines and -e
configure:3909: result: /bin/grep
configure:3914: checking for egrep
configure:3976: result: /bin/grep -E
configure:3981: checking for fgrep
configure:4043: result: /bin/grep -F
configure:4078: checking for ld used by /usr/bin/gcc
configure:4145: result: /usr/bin/ld
configure:4152: checking if the linker (/usr/bin/ld) is GNU ld
configure:4167: result: yes
configure:4179: checking for BSD- or MS-compatible name lister (nm)
configure:4228: result: /usr/bin/nm
configure:4346: checking the name lister (/usr/bin/nm) interface
configure:4353: /usr/bin/gcc -c -O2 -I/home/simon/GIT/buildroot-k3-current/output/host/usr/include -I/home/simon/GIT/buildroot-k3-current/output/host/usr/include conftest.c >&5
configure:4356: /usr/bin/nm "conftest.o"
configure:4359: output
00000000 B some_variable
configure:4366: result: BSD nm
configure:4369: checking whether ln -s works
configure:4373: result: yes
configure:4381: checking the maximum length of command line arguments
configure:4501: result: 805306365
configure:4518: checking whether the shell understands some XSI constructs
configure:4528: result: yes
configure:4532: checking whether the shell understands "+="
configure:4538: result: yes
configure:4573: checking for /usr/bin/ld option to reload object files
configure:4580: result: -r
configure:4649: checking for objdump
configure:4665: found /usr/bin/objdump
configure:4676: result: objdump
configure:4708: checking how to recognize dependent libraries
configure:4904: result: pass_all
configure:4964: checking for ar
configure:4991: result: /usr/bin/ar
configure:5069: checking for strip
configure:5085: found /usr/bin/strip
configure:5096: result: strip
configure:5168: checking for ranlib
configure:5184: found /usr/bin/ranlib
configure:5195: result: ranlib
configure:5285: checking command to parse /usr/bin/nm output from /usr/bin/gcc object
configure:5403: /usr/bin/gcc -c -O2 -I/home/simon/GIT/buildroot-k3-current/output/host/usr/include -I/home/simon/GIT/buildroot-k3-current/output/host/usr/include conftest.c >&5
configure:5406: $? = 0
configure:5410: /usr/bin/nm conftest.o \| sed -n -e 's/^.*[	 ]\([ABCDGIRSTW][ABCDGIRSTW]*\)[	 ][	 ]*\([_A-Za-z][_A-Za-z0-9]*\)$/\1 \2 \2/p' \> conftest.nm
configure:5413: $? = 0
configure:5467: /usr/bin/gcc -o conftest -O2 -I/home/simon/GIT/buildroot-k3-current/output/host/usr/include -I/home/simon/GIT/buildroot-k3-current/output/host/usr/include -L/home/simon/GIT/buildroot-k3-current/output/host/lib -L/home/simon/GIT/buildroot-k3-current/output/host/usr/lib -Wl,-rpath,/home/simon/GIT/buildroot-k3-current/output/host/usr/lib conftest.c conftstm.o >&5
configure:5470: $? = 0
configure:5508: result: ok
configure:6317: checking how to run the C preprocessor
configure:6387: result: /usr/bin/cpp
configure:6407: /usr/bin/cpp -I/home/simon/GIT/buildroot-k3-current/output/host/usr/include conftest.c
configure:6407: $? = 0
configure:6421: /usr/bin/cpp -I/home/simon/GIT/buildroot-k3-current/output/host/usr/include conftest.c
conftest.c:11:28: fatal error: ac_nonexistent.h: No such file or directory
compilation terminated.
configure:6421: $? = 1
configure: failed program was:
| /* confdefs.h */
| #define PACKAGE_NAME "libpthread-stubs"
| #define PACKAGE_TARNAME "libpthread-stubs"
| #define PACKAGE_VERSION "0.3"
| #define PACKAGE_STRING "libpthread-stubs 0.3"
| #define PACKAGE_BUGREPORT "xcb@lists.freedesktop.org"
| #define PACKAGE_URL ""
| #define PACKAGE "libpthread-stubs"
| #define VERSION "0.3"
| /* end confdefs.h.  */
| #include <ac_nonexistent.h>
configure:6450: checking for ANSI C header files
configure:6470: /usr/bin/gcc -c -O2 -I/home/simon/GIT/buildroot-k3-current/output/host/usr/include -I/home/simon/GIT/buildroot-k3-current/output/host/usr/include conftest.c >&5
configure:6470: $? = 0
configure:6543: /usr/bin/gcc -o conftest -O2 -I/home/simon/GIT/buildroot-k3-current/output/host/usr/include -I/home/simon/GIT/buildroot-k3-current/output/host/usr/include -L/home/simon/GIT/buildroot-k3-current/output/host/lib -L/home/simon/GIT/buildroot-k3-current/output/host/usr/lib -Wl,-rpath,/home/simon/GIT/buildroot-k3-current/output/host/usr/lib conftest.c  >&5
configure:6543: $? = 0
configure:6543: ./conftest
configure:6543: $? = 0
configure:6554: result: yes
configure:6567: checking for sys/types.h
configure:6567: /usr/bin/gcc -c -O2 -I/home/simon/GIT/buildroot-k3-current/output/host/usr/include -I/home/simon/GIT/buildroot-k3-current/output/host/usr/include conftest.c >&5
configure:6567: $? = 0
configure:6567: result: yes
configure:6567: checking for sys/stat.h
configure:6567: /usr/bin/gcc -c -O2 -I/home/simon/GIT/buildroot-k3-current/output/host/usr/include -I/home/simon/GIT/buildroot-k3-current/output/host/usr/include conftest.c >&5
configure:6567: $? = 0
configure:6567: result: yes
configure:6567: checking for stdlib.h
configure:6567: /usr/bin/gcc -c -O2 -I/home/simon/GIT/buildroot-k3-current/output/host/usr/include -I/home/simon/GIT/buildroot-k3-current/output/host/usr/include conftest.c >&5
configure:6567: $? = 0
configure:6567: result: yes
configure:6567: checking for string.h
configure:6567: /usr/bin/gcc -c -O2 -I/home/simon/GIT/buildroot-k3-current/output/host/usr/include -I/home/simon/GIT/buildroot-k3-current/output/host/usr/include conftest.c >&5
configure:6567: $? = 0
configure:6567: result: yes
configure:6567: checking for memory.h
configure:6567: /usr/bin/gcc -c -O2 -I/home/simon/GIT/buildroot-k3-current/output/host/usr/include -I/home/simon/GIT/buildroot-k3-current/output/host/usr/include conftest.c >&5
configure:6567: $? = 0
configure:6567: result: yes
configure:6567: checking for strings.h
configure:6567: /usr/bin/gcc -c -O2 -I/home/simon/GIT/buildroot-k3-current/output/host/usr/include -I/home/simon/GIT/buildroot-k3-current/output/host/usr/include conftest.c >&5
configure:6567: $? = 0
configure:6567: result: yes
configure:6567: checking for inttypes.h
configure:6567: /usr/bin/gcc -c -O2 -I/home/simon/GIT/buildroot-k3-current/output/host/usr/include -I/home/simon/GIT/buildroot-k3-current/output/host/usr/include conftest.c >&5
configure:6567: $? = 0
configure:6567: result: yes
configure:6567: checking for stdint.h
configure:6567: /usr/bin/gcc -c -O2 -I/home/simon/GIT/buildroot-k3-current/output/host/usr/include -I/home/simon/GIT/buildroot-k3-current/output/host/usr/include conftest.c >&5
configure:6567: $? = 0
configure:6567: result: yes
configure:6567: checking for unistd.h
configure:6567: /usr/bin/gcc -c -O2 -I/home/simon/GIT/buildroot-k3-current/output/host/usr/include -I/home/simon/GIT/buildroot-k3-current/output/host/usr/include conftest.c >&5
configure:6567: $? = 0
configure:6567: result: yes
configure:6582: checking for dlfcn.h
configure:6582: /usr/bin/gcc -c -O2 -I/home/simon/GIT/buildroot-k3-current/output/host/usr/include -I/home/simon/GIT/buildroot-k3-current/output/host/usr/include conftest.c >&5
configure:6582: $? = 0
configure:6582: result: yes
configure:6766: checking for objdir
configure:6781: result: .libs
configure:7073: checking if /usr/bin/gcc supports -fno-rtti -fno-exceptions
configure:7091: /usr/bin/gcc -c -O2 -I/home/simon/GIT/buildroot-k3-current/output/host/usr/include -I/home/simon/GIT/buildroot-k3-current/output/host/usr/include -fno-rtti -fno-exceptions conftest.c >&5
cc1: warning: command line option '-fno-rtti' is valid for C++/ObjC++ but not for C [enabled by default]
configure:7095: $? = 0
configure:7108: result: no
configure:7128: checking for /usr/bin/gcc option to produce PIC
configure:7400: result: -fPIC -DPIC
configure:7412: checking if /usr/bin/gcc PIC flag -fPIC -DPIC works
configure:7430: /usr/bin/gcc -c -O2 -I/home/simon/GIT/buildroot-k3-current/output/host/usr/include -I/home/simon/GIT/buildroot-k3-current/output/host/usr/include -fPIC -DPIC -DPIC conftest.c >&5
configure:7434: $? = 0
configure:7447: result: yes
configure:7471: checking if /usr/bin/gcc static flag -static works
configure:7499: result: yes
configure:7514: checking if /usr/bin/gcc supports -c -o file.o
configure:7535: /usr/bin/gcc -c -O2 -I/home/simon/GIT/buildroot-k3-current/output/host/usr/include -I/home/simon/GIT/buildroot-k3-current/output/host/usr/include -o out/conftest2.o conftest.c >&5
configure:7539: $? = 0
configure:7561: result: yes
configure:7569: checking if /usr/bin/gcc supports -c -o file.o
configure:7616: result: yes
configure:7649: checking whether the /usr/bin/gcc linker (/usr/bin/ld) supports shared libraries
configure:8639: result: yes
configure:8676: checking whether -lc should be explicitly linked in
configure:8681: /usr/bin/gcc -c -O2 -I/home/simon/GIT/buildroot-k3-current/output/host/usr/include -I/home/simon/GIT/buildroot-k3-current/output/host/usr/include conftest.c >&5
configure:8684: $? = 0
configure:8699: /usr/bin/gcc -shared conftest.o  -v -Wl,-soname -Wl,conftest -o conftest 2\>\&1 \| /bin/grep  -lc  \>/dev/null 2\>\&1
configure:8702: $? = 0
configure:8714: result: no
configure:8878: checking dynamic linker characteristics
configure:9311: /usr/bin/gcc -o conftest -O2 -I/home/simon/GIT/buildroot-k3-current/output/host/usr/include -I/home/simon/GIT/buildroot-k3-current/output/host/usr/include -L/home/simon/GIT/buildroot-k3-current/output/host/lib -L/home/simon/GIT/buildroot-k3-current/output/host/usr/lib -Wl,-rpath,/home/simon/GIT/buildroot-k3-current/output/host/usr/lib -Wl,-rpath -Wl,/foo conftest.c  >&5
configure:9311: $? = 0
configure:9541: result: GNU/Linux ld.so
configure:9643: checking how to hardcode library paths into programs
configure:9668: result: immediate
configure:10188: checking whether stripping libraries is possible
configure:10193: result: yes
configure:10228: checking if libtool supports shared libraries
configure:10230: result: yes
configure:10233: checking whether to build shared libraries
configure:10254: result: yes
configure:10257: checking whether to build static libraries
configure:10261: result: no
configure:10344: checking for gcc
configure:10371: result: /usr/bin/gcc
configure:10600: checking for C compiler version
configure:10609: /usr/bin/gcc --version >&5
gcc (Ubuntu/Linaro 4.6.3-1ubuntu5) 4.6.3
Copyright (C) 2011 Free Software Foundation, Inc.
This is free software; see the source for copying conditions.  There is NO
warranty; not even for MERCHANTABILITY or FITNESS FOR A PARTICULAR PURPOSE.

configure:10620: $? = 0
configure:10609: /usr/bin/gcc -v >&5
Using built-in specs.
COLLECT_GCC=/usr/bin/gcc
COLLECT_LTO_WRAPPER=/usr/lib/gcc/i686-linux-gnu/4.6/lto-wrapper
Target: i686-linux-gnu
Configured with: ../src/configure -v --with-pkgversion='Ubuntu/Linaro 4.6.3-1ubuntu5' --with-bugurl=file:///usr/share/doc/gcc-4.6/README.Bugs --enable-languages=c,c++,fortran,objc,obj-c++ --prefix=/usr --program-suffix=-4.6 --enable-shared --enable-linker-build-id --with-system-zlib --libexecdir=/usr/lib --without-included-gettext --enable-threads=posix --with-gxx-include-dir=/usr/include/c++/4.6 --libdir=/usr/lib --enable-nls --with-sysroot=/ --enable-clocale=gnu --enable-libstdcxx-debug --enable-libstdcxx-time=yes --enable-gnu-unique-object --enable-plugin --enable-objc-gc --enable-targets=all --disable-werror --with-arch-32=i686 --with-tune=generic --enable-checking=release --build=i686-linux-gnu --host=i686-linux-gnu --target=i686-linux-gnu
Thread model: posix
gcc version 4.6.3 (Ubuntu/Linaro 4.6.3-1ubuntu5) 
configure:10620: $? = 0
configure:10609: /usr/bin/gcc -V >&5
gcc: error: unrecognized option '-V'
gcc: fatal error: no input files
compilation terminated.
configure:10620: $? = 4
configure:10609: /usr/bin/gcc -qversion >&5
gcc: error: unrecognized option '-qversion'
gcc: fatal error: no input files
compilation terminated.
configure:10620: $? = 4
configure:10624: checking whether we are using the GNU C compiler
configure:10652: result: yes
configure:10661: checking whether /usr/bin/gcc accepts -g
configure:10722: result: yes
configure:10739: checking for /usr/bin/gcc option to accept ISO C89
configure:10816: result: none needed
configure:10838: checking dependency style of /usr/bin/gcc
configure:10948: result: gcc3
configure:10967: checking if compiler supports __attribute__((weak, alias))
configure:10979: /usr/bin/gcc -c -O2 -I/home/simon/GIT/buildroot-k3-current/output/host/usr/include -Werror -I/home/simon/GIT/buildroot-k3-current/output/host/usr/include conftest.c >&5
configure:10979: $? = 0
configure:10987: result: yes
configure:11001: checking for pthread_self
configure:11001: /usr/bin/gcc -o conftest -O2 -I/home/simon/GIT/buildroot-k3-current/output/host/usr/include -I/home/simon/GIT/buildroot-k3-current/output/host/usr/include -L/home/simon/GIT/buildroot-k3-current/output/host/lib -L/home/simon/GIT/buildroot-k3-current/output/host/usr/lib -Wl,-rpath,/home/simon/GIT/buildroot-k3-current/output/host/usr/lib conftest.c  >&5
configure:11001: $? = 0
configure:11001: result: yes
configure:11001: checking for pthread_mutex_init
configure:11001: /usr/bin/gcc -o conftest -O2 -I/home/simon/GIT/buildroot-k3-current/output/host/usr/include -I/home/simon/GIT/buildroot-k3-current/output/host/usr/include -L/home/simon/GIT/buildroot-k3-current/output/host/lib -L/home/simon/GIT/buildroot-k3-current/output/host/usr/lib -Wl,-rpath,/home/simon/GIT/buildroot-k3-current/output/host/usr/lib conftest.c  >&5
configure:11001: $? = 0
configure:11001: result: yes
configure:11001: checking for pthread_mutex_destroy
configure:11001: /usr/bin/gcc -o conftest -O2 -I/home/simon/GIT/buildroot-k3-current/output/host/usr/include -I/home/simon/GIT/buildroot-k3-current/output/host/usr/include -L/home/simon/GIT/buildroot-k3-current/output/host/lib -L/home/simon/GIT/buildroot-k3-current/output/host/usr/lib -Wl,-rpath,/home/simon/GIT/buildroot-k3-current/output/host/usr/lib conftest.c  >&5
configure:11001: $? = 0
configure:11001: result: yes
configure:11001: checking for pthread_mutex_lock
configure:11001: /usr/bin/gcc -o conftest -O2 -I/home/simon/GIT/buildroot-k3-current/output/host/usr/include -I/home/simon/GIT/buildroot-k3-current/output/host/usr/include -L/home/simon/GIT/buildroot-k3-current/output/host/lib -L/home/simon/GIT/buildroot-k3-current/output/host/usr/lib -Wl,-rpath,/home/simon/GIT/buildroot-k3-current/output/host/usr/lib conftest.c  >&5
configure:11001: $? = 0
configure:11001: result: yes
configure:11001: checking for pthread_mutex_unlock
configure:11001: /usr/bin/gcc -o conftest -O2 -I/home/simon/GIT/buildroot-k3-current/output/host/usr/include -I/home/simon/GIT/buildroot-k3-current/output/host/usr/include -L/home/simon/GIT/buildroot-k3-current/output/host/lib -L/home/simon/GIT/buildroot-k3-current/output/host/usr/lib -Wl,-rpath,/home/simon/GIT/buildroot-k3-current/output/host/usr/lib conftest.c  >&5
configure:11001: $? = 0
configure:11001: result: yes
configure:11001: checking for pthread_cond_init
configure:11001: /usr/bin/gcc -o conftest -O2 -I/home/simon/GIT/buildroot-k3-current/output/host/usr/include -I/home/simon/GIT/buildroot-k3-current/output/host/usr/include -L/home/simon/GIT/buildroot-k3-current/output/host/lib -L/home/simon/GIT/buildroot-k3-current/output/host/usr/lib -Wl,-rpath,/home/simon/GIT/buildroot-k3-current/output/host/usr/lib conftest.c  >&5
configure:11001: $? = 0
configure:11001: result: yes
configure:11001: checking for pthread_cond_destroy
configure:11001: /usr/bin/gcc -o conftest -O2 -I/home/simon/GIT/buildroot-k3-current/output/host/usr/include -I/home/simon/GIT/buildroot-k3-current/output/host/usr/include -L/home/simon/GIT/buildroot-k3-current/output/host/lib -L/home/simon/GIT/buildroot-k3-current/output/host/usr/lib -Wl,-rpath,/home/simon/GIT/buildroot-k3-current/output/host/usr/lib conftest.c  >&5
configure:11001: $? = 0
configure:11001: result: yes
configure:11001: checking for pthread_condattr_init
configure:11001: /usr/bin/gcc -o conftest -O2 -I/home/simon/GIT/buildroot-k3-current/output/host/usr/include -I/home/simon/GIT/buildroot-k3-current/output/host/usr/include -L/home/simon/GIT/buildroot-k3-current/output/host/lib -L/home/simon/GIT/buildroot-k3-current/output/host/usr/lib -Wl,-rpath,/home/simon/GIT/buildroot-k3-current/output/host/usr/lib conftest.c  >&5
configure:11001: $? = 0
configure:11001: result: yes
configure:11001: checking for pthread_condattr_destroy
configure:11001: /usr/bin/gcc -o conftest -O2 -I/home/simon/GIT/buildroot-k3-current/output/host/usr/include -I/home/simon/GIT/buildroot-k3-current/output/host/usr/include -L/home/simon/GIT/buildroot-k3-current/output/host/lib -L/home/simon/GIT/buildroot-k3-current/output/host/usr/lib -Wl,-rpath,/home/simon/GIT/buildroot-k3-current/output/host/usr/lib conftest.c  >&5
configure:11001: $? = 0
configure:11001: result: yes
configure:11001: checking for pthread_cond_wait
configure:11001: /usr/bin/gcc -o conftest -O2 -I/home/simon/GIT/buildroot-k3-current/output/host/usr/include -I/home/simon/GIT/buildroot-k3-current/output/host/usr/include -L/home/simon/GIT/buildroot-k3-current/output/host/lib -L/home/simon/GIT/buildroot-k3-current/output/host/usr/lib -Wl,-rpath,/home/simon/GIT/buildroot-k3-current/output/host/usr/lib conftest.c  >&5
configure:11001: $? = 0
configure:11001: result: yes
configure:11001: checking for pthread_cond_timedwait
configure:11001: /usr/bin/gcc -o conftest -O2 -I/home/simon/GIT/buildroot-k3-current/output/host/usr/include -I/home/simon/GIT/buildroot-k3-current/output/host/usr/include -L/home/simon/GIT/buildroot-k3-current/output/host/lib -L/home/simon/GIT/buildroot-k3-current/output/host/usr/lib -Wl,-rpath,/home/simon/GIT/buildroot-k3-current/output/host/usr/lib conftest.c  >&5
configure:11001: $? = 0
configure:11001: result: yes
configure:11001: checking for pthread_cond_signal
configure:11001: /usr/bin/gcc -o conftest -O2 -I/home/simon/GIT/buildroot-k3-current/output/host/usr/include -I/home/simon/GIT/buildroot-k3-current/output/host/usr/include -L/home/simon/GIT/buildroot-k3-current/output/host/lib -L/home/simon/GIT/buildroot-k3-current/output/host/usr/lib -Wl,-rpath,/home/simon/GIT/buildroot-k3-current/output/host/usr/lib conftest.c  >&5
configure:11001: $? = 0
configure:11001: result: yes
configure:11001: checking for pthread_cond_broadcast
configure:11001: /usr/bin/gcc -o conftest -O2 -I/home/simon/GIT/buildroot-k3-current/output/host/usr/include -I/home/simon/GIT/buildroot-k3-current/output/host/usr/include -L/home/simon/GIT/buildroot-k3-current/output/host/lib -L/home/simon/GIT/buildroot-k3-current/output/host/usr/lib -Wl,-rpath,/home/simon/GIT/buildroot-k3-current/output/host/usr/lib conftest.c  >&5
configure:11001: $? = 0
configure:11001: result: yes
configure:11001: checking for pthread_equal
configure:11001: /usr/bin/gcc -o conftest -O2 -I/home/simon/GIT/buildroot-k3-current/output/host/usr/include -I/home/simon/GIT/buildroot-k3-current/output/host/usr/include -L/home/simon/GIT/buildroot-k3-current/output/host/lib -L/home/simon/GIT/buildroot-k3-current/output/host/usr/lib -Wl,-rpath,/home/simon/GIT/buildroot-k3-current/output/host/usr/lib conftest.c  >&5
configure:11001: $? = 0
configure:11001: result: yes
configure:11001: checking for pthread_exit
configure:11001: /usr/bin/gcc -o conftest -O2 -I/home/simon/GIT/buildroot-k3-current/output/host/usr/include -I/home/simon/GIT/buildroot-k3-current/output/host/usr/include -L/home/simon/GIT/buildroot-k3-current/output/host/lib -L/home/simon/GIT/buildroot-k3-current/output/host/usr/lib -Wl,-rpath,/home/simon/GIT/buildroot-k3-current/output/host/usr/lib conftest.c  >&5
configure:11001: $? = 0
configure:11001: result: yes
configure:11151: creating ./config.status

## ---------------------- ##
## Running config.status. ##
## ---------------------- ##

This file was extended by libpthread-stubs config.status 0.3, which was
generated by GNU Autoconf 2.64.  Invocation command line was

  CONFIG_FILES    = 
  CONFIG_HEADERS  = 
  CONFIG_LINKS    = 
  CONFIG_COMMANDS = 
  $ ./config.status 

on dev

config.status:1079: creating Makefile
config.status:1079: creating pthread-stubs.pc
config.status:1079: creating config.h
config.status:1299: executing depfiles commands
config.status:1299: executing libtool commands

## ---------------- ##
## Cache variables. ##
## ---------------- ##

ac_cv_build=i686-pc-linux-gnu
ac_cv_c_compiler_gnu=yes
ac_cv_env_CC_set=set
ac_cv_env_CC_value=/usr/bin/gcc
ac_cv_env_CFLAGS_set=set
ac_cv_env_CFLAGS_value='-O2 -I/home/simon/GIT/buildroot-k3-current/output/host/usr/include'
ac_cv_env_CPPFLAGS_set=set
ac_cv_env_CPPFLAGS_value=-I/home/simon/GIT/buildroot-k3-current/output/host/usr/include
ac_cv_env_CPP_set=set
ac_cv_env_CPP_value=/usr/bin/cpp
ac_cv_env_LDFLAGS_set=set
ac_cv_env_LDFLAGS_value='-L/home/simon/GIT/buildroot-k3-current/output/host/lib -L/home/simon/GIT/buildroot-k3-current/output/host/usr/lib -Wl,-rpath,/home/simon/GIT/buildroot-k3-current/output/host/usr/lib'
ac_cv_env_LIBS_set=
ac_cv_env_LIBS_value=
ac_cv_env_build_alias_set=
ac_cv_env_build_alias_value=
ac_cv_env_host_alias_set=
ac_cv_env_host_alias_value=
ac_cv_env_target_alias_set=
ac_cv_env_target_alias_value=
ac_cv_func_pthread_cond_broadcast=yes
ac_cv_func_pthread_cond_destroy=yes
ac_cv_func_pthread_cond_init=yes
ac_cv_func_pthread_cond_signal=yes
ac_cv_func_pthread_cond_timedwait=yes
ac_cv_func_pthread_cond_wait=yes
ac_cv_func_pthread_condattr_destroy=yes
ac_cv_func_pthread_condattr_init=yes
ac_cv_func_pthread_equal=yes
ac_cv_func_pthread_exit=yes
ac_cv_func_pthread_mutex_destroy=yes
ac_cv_func_pthread_mutex_init=yes
ac_cv_func_pthread_mutex_lock=yes
ac_cv_func_pthread_mutex_unlock=yes
ac_cv_func_pthread_self=yes
ac_cv_header_dlfcn_h=yes
ac_cv_header_inttypes_h=yes
ac_cv_header_memory_h=yes
ac_cv_header_stdc=yes
ac_cv_header_stdint_h=yes
ac_cv_header_stdlib_h=yes
ac_cv_header_string_h=yes
ac_cv_header_strings_h=yes
ac_cv_header_sys_stat_h=yes
ac_cv_header_sys_types_h=yes
ac_cv_header_unistd_h=yes
ac_cv_host=i686-pc-linux-gnu
ac_cv_objext=o
ac_cv_path_EGREP='/bin/grep -E'
ac_cv_path_FGREP='/bin/grep -F'
ac_cv_path_GREP=/bin/grep
ac_cv_path_SED=/bin/sed
ac_cv_path_install='/usr/bin/install -c'
ac_cv_path_mkdir=/bin/mkdir
ac_cv_prog_AWK=gawk
ac_cv_prog_CPP=/usr/bin/cpp
ac_cv_prog_ac_ct_AR=/usr/bin/ar
ac_cv_prog_ac_ct_CC=/usr/bin/gcc
ac_cv_prog_ac_ct_OBJDUMP=objdump
ac_cv_prog_ac_ct_RANLIB=ranlib
ac_cv_prog_ac_ct_STRIP=strip
ac_cv_prog_cc_c89=
ac_cv_prog_cc_g=yes
ac_cv_prog_make_make_set=yes
am_cv_CC_dependencies_compiler_type=gcc3
cc_cv_attribute_alias=yes
lt_cv_deplibs_check_method=pass_all
lt_cv_file_magic_cmd='$MAGIC_CMD'
lt_cv_file_magic_test_file=
lt_cv_ld_reload_flag=-r
lt_cv_nm_interface='BSD nm'
lt_cv_objdir=.libs
lt_cv_path_LD=/usr/bin/ld
lt_cv_path_NM=/usr/bin/nm
lt_cv_prog_compiler_c_o=yes
lt_cv_prog_compiler_pic_works=yes
lt_cv_prog_compiler_rtti_exceptions=no
lt_cv_prog_compiler_static_works=yes
lt_cv_prog_gnu_ld=yes
lt_cv_sys_global_symbol_pipe='sed -n -e '\''s/^.*[	 ]\([ABCDGIRSTW][ABCDGIRSTW]*\)[	 ][	 ]*\([_A-Za-z][_A-Za-z0-9]*\)$/\1 \2 \2/p'\'''
lt_cv_sys_global_symbol_to_c_name_address='sed -n -e '\''s/^: \([^ ]*\) $/  {\"\1\", (void *) 0},/p'\'' -e '\''s/^[ABCDGIRSTW]* \([^ ]*\) \([^ ]*\)$/  {"\2", (void *) \&\2},/p'\'''
lt_cv_sys_global_symbol_to_c_name_address_lib_prefix='sed -n -e '\''s/^: \([^ ]*\) $/  {\"\1\", (void *) 0},/p'\'' -e '\''s/^[ABCDGIRSTW]* \([^ ]*\) \(lib[^ ]*\)$/  {"\2", (void *) \&\2},/p'\'' -e '\''s/^[ABCDGIRSTW]* \([^ ]*\) \([^ ]*\)$/  {"lib\2", (void *) \&\2},/p'\'''
lt_cv_sys_global_symbol_to_cdecl='sed -n -e '\''s/^T .* \(.*\)$/extern int \1();/p'\'' -e '\''s/^[ABCDGIRSTW]* .* \(.*\)$/extern char \1;/p'\'''
lt_cv_sys_max_cmd_len=805306365

## ----------------- ##
## Output variables. ##
## ----------------- ##

ACLOCAL='${SHELL} /home/simon/GIT/buildroot-k3-current/output/build/host-pthread-stubs-0.3/missing --run aclocal-1.11'
AMDEPBACKSLASH='\'
AMDEP_FALSE='#'
AMDEP_TRUE=''
AMTAR='${SHELL} /home/simon/GIT/buildroot-k3-current/output/build/host-pthread-stubs-0.3/missing --run tar'
AR='/usr/bin/ar'
AUTOCONF='${SHELL} /home/simon/GIT/buildroot-k3-current/output/build/host-pthread-stubs-0.3/missing --run autoconf'
AUTOHEADER='${SHELL} /home/simon/GIT/buildroot-k3-current/output/build/host-pthread-stubs-0.3/missing --run autoheader'
AUTOMAKE='${SHELL} /home/simon/GIT/buildroot-k3-current/output/build/host-pthread-stubs-0.3/missing --run automake-1.11'
AWK='gawk'
BUILD_LIB_FALSE=''
BUILD_LIB_TRUE='#'
CC='/usr/bin/gcc'
CCDEPMODE='depmode=gcc3'
CFLAGS='-O2 -I/home/simon/GIT/buildroot-k3-current/output/host/usr/include'
CPP='/usr/bin/cpp'
CPPFLAGS='-I/home/simon/GIT/buildroot-k3-current/output/host/usr/include'
CYGPATH_W='echo'
DEFS='-DHAVE_CONFIG_H'
DEPDIR='.deps'
DSYMUTIL=''
DUMPBIN=''
ECHO_C=''
ECHO_N='-n'
ECHO_T=''
EGREP='/bin/grep -E'
EXEEXT=''
FGREP='/bin/grep -F'
GREP='/bin/grep'
INSTALL_DATA='${INSTALL} -m 644'
INSTALL_PROGRAM='${INSTALL}'
INSTALL_SCRIPT='${INSTALL}'
INSTALL_STRIP_PROGRAM='$(install_sh) -c -s'
LD='/usr/bin/ld'
LDFLAGS='-L/home/simon/GIT/buildroot-k3-current/output/host/lib -L/home/simon/GIT/buildroot-k3-current/output/host/usr/lib -Wl,-rpath,/home/simon/GIT/buildroot-k3-current/output/host/usr/lib'
LIBOBJS=''
LIBS=''
LIBTOOL='$(SHELL) $(top_builddir)/libtool'
LIPO=''
LN_S='ln -s'
LTLIBOBJS=''
MAKEINFO='${SHELL} /home/simon/GIT/buildroot-k3-current/output/build/host-pthread-stubs-0.3/missing --run makeinfo'
MKDIR_P='/bin/mkdir -p'
NM='/usr/bin/nm'
NMEDIT=''
OBJDUMP='objdump'
OBJEXT='o'
OTOOL64=''
OTOOL=''
PACKAGE='libpthread-stubs'
PACKAGE_BUGREPORT='xcb@lists.freedesktop.org'
PACKAGE_NAME='libpthread-stubs'
PACKAGE_STRING='libpthread-stubs 0.3'
PACKAGE_TARNAME='libpthread-stubs'
PACKAGE_URL=''
PACKAGE_VERSION='0.3'
PATH_SEPARATOR=':'
PKG_CONFIG_LIBS=''
RANLIB='ranlib'
SED='/bin/sed'
SET_MAKE=''
SHELL='/bin/sh'
STRIP='strip'
VERSION='0.3'
ac_ct_CC='/usr/bin/gcc'
ac_ct_DUMPBIN=''
am__EXEEXT_FALSE=''
am__EXEEXT_TRUE='#'
am__fastdepCC_FALSE='#'
am__fastdepCC_TRUE=''
am__include='include'
am__isrc=''
am__leading_dot='.'
am__quote=''
am__tar='${AMTAR} chof - "$$tardir"'
am__untar='${AMTAR} xf -'
bindir='${exec_prefix}/bin'
build='i686-pc-linux-gnu'
build_alias=''
build_cpu='i686'
build_os='linux-gnu'
build_vendor='pc'
datadir='${datarootdir}'
datarootdir='${prefix}/share'
docdir='${datarootdir}/doc/${PACKAGE_TARNAME}'
dvidir='${docdir}'
exec_prefix='${prefix}'
host='i686-pc-linux-gnu'
host_alias=''
host_cpu='i686'
host_os='linux-gnu'
host_vendor='pc'
htmldir='${docdir}'
includedir='${prefix}/include'
infodir='${datarootdir}/info'
install_sh='${SHELL} /home/simon/GIT/buildroot-k3-current/output/build/host-pthread-stubs-0.3/install-sh'
libdir='${exec_prefix}/lib'
libexecdir='${exec_prefix}/libexec'
localedir='${datarootdir}/locale'
localstatedir='${prefix}/var'
lt_ECHO='echo'
mandir='${datarootdir}/man'
mkdir_p='/bin/mkdir -p'
oldincludedir='/usr/include'
pdfdir='${docdir}'
prefix='/home/simon/GIT/buildroot-k3-current/output/host/usr'
program_transform_name='s,x,x,'
psdir='${docdir}'
sbindir='${exec_prefix}/sbin'
sharedstatedir='${prefix}/com'
sysconfdir='/home/simon/GIT/buildroot-k3-current/output/host/etc'
target_alias=''

## ----------- ##
## confdefs.h. ##
## ----------- ##

/* confdefs.h */
#define PACKAGE_NAME "libpthread-stubs"
#define PACKAGE_TARNAME "libpthread-stubs"
#define PACKAGE_VERSION "0.3"
#define PACKAGE_STRING "libpthread-stubs 0.3"
#define PACKAGE_BUGREPORT "xcb@lists.freedesktop.org"
#define PACKAGE_URL ""
#define PACKAGE "libpthread-stubs"
#define VERSION "0.3"
#define STDC_HEADERS 1
#define HAVE_SYS_TYPES_H 1
#define HAVE_SYS_STAT_H 1
#define HAVE_STDLIB_H 1
#define HAVE_STRING_H 1
#define HAVE_MEMORY_H 1
#define HAVE_STRINGS_H 1
#define HAVE_INTTYPES_H 1
#define HAVE_STDINT_H 1
#define HAVE_UNISTD_H 1
#define HAVE_DLFCN_H 1
#define LT_OBJDIR ".libs/"
#define SUPPORT_ATTRIBUTE_ALIAS 1
#define HAVE_PTHREAD_SELF 1
#define HAVE_PTHREAD_MUTEX_INIT 1
#define HAVE_PTHREAD_MUTEX_DESTROY 1
#define HAVE_PTHREAD_MUTEX_LOCK 1
#define HAVE_PTHREAD_MUTEX_UNLOCK 1
#define HAVE_PTHREAD_COND_INIT 1
#define HAVE_PTHREAD_COND_DESTROY 1
#define HAVE_PTHREAD_CONDATTR_INIT 1
#define HAVE_PTHREAD_CONDATTR_DESTROY 1
#define HAVE_PTHREAD_COND_WAIT 1
#define HAVE_PTHREAD_COND_TIMEDWAIT 1
#define HAVE_PTHREAD_COND_SIGNAL 1
#define HAVE_PTHREAD_COND_BROADCAST 1
#define HAVE_PTHREAD_EQUAL 1
#define HAVE_PTHREAD_EXIT 1

configure: exit 0
