This file contains any messages produced by compilers while
running configure, to aid debugging if configure makes a mistake.

It was created by blackbox configure 0.70.1, which was
generated by GNU Autoconf 2.59.  Invocation command line was

  $ ./configure --target=arm-buildroot-linux-gnueabi --host=arm-buildroot-linux-gnueabi --build=i686-pc-linux-gnu --prefix=/usr --exec-prefix=/usr --sysconfdir=/etc --program-prefix= --disable-gtk-doc --enable-ipv6 --enable-static --enable-shared --x-includes=/home/simon/GIT/buildroot-k3-current/output/host/usr/arm-buildroot-linux-gnueabi/sysroot/usr/include/X11 --x-libraries=/home/simon/GIT/buildroot-k3-current/output/host/usr/arm-buildroot-linux-gnueabi/sysroot/usr/lib

## --------- ##
## Platform. ##
## --------- ##

hostname = dev
uname -m = i686
uname -r = 3.2.0-33-generic
uname -s = Linux
uname -v = #52-Ubuntu SMP Thu Oct 18 16:19:45 UTC 2012

/usr/bin/uname -p = unknown
/bin/uname -X     = unknown

/bin/arch              = unknown
/usr/bin/arch -k       = unknown
/usr/convex/getsysinfo = unknown
hostinfo               = unknown
/bin/machine           = unknown
/usr/bin/oslevel       = unknown
/bin/universe          = unknown

PATH: /home/simon/GIT/buildroot-k3-current/output/host/bin
PATH: /home/simon/GIT/buildroot-k3-current/output/host/usr/bin
PATH: /home/simon/GIT/buildroot-k3-current/output/host/usr/sbin/
PATH: /home/simon/bin
PATH: /usr/local/sbin
PATH: /usr/local/bin
PATH: /usr/sbin
PATH: /usr/bin
PATH: /sbin
PATH: /bin
PATH: /usr/games


## ----------- ##
## Core tests. ##
## ----------- ##

configure:1581: checking for a BSD-compatible install
configure:1636: result: /usr/bin/install -c
configure:1647: checking whether build environment is sane
configure:1690: result: yes
configure:1755: checking for gawk
configure:1771: found /usr/bin/gawk
configure:1781: result: gawk
configure:1791: checking whether make sets $(MAKE)
configure:1811: result: yes
configure:1887: checking for arm-buildroot-linux-gnueabi-strip
configure:1913: result: /home/simon/GIT/buildroot-k3-current/output/host/usr/bin/arm-none-linux-gnueabi-strip
configure:1992: checking for arm-buildroot-linux-gnueabi-gcc
configure:2018: result: /home/simon/GIT/buildroot-k3-current/output/host/usr/bin/arm-none-linux-gnueabi-gcc
configure:2300: checking for C compiler version
configure:2303: /home/simon/GIT/buildroot-k3-current/output/host/usr/bin/arm-none-linux-gnueabi-gcc --version </dev/null >&5
arm-none-linux-gnueabi-gcc (CodeSourcery Sourcery G++ Lite 2007q3-51) 4.2.1
Copyright (C) 2007 Free Software Foundation, Inc.
This is free software; see the source for copying conditions.  There is NO
warranty; not even for MERCHANTABILITY or FITNESS FOR A PARTICULAR PURPOSE.

configure:2306: $? = 0
configure:2308: /home/simon/GIT/buildroot-k3-current/output/host/usr/bin/arm-none-linux-gnueabi-gcc -v </dev/null >&5
Using built-in specs.
Target: arm-none-linux-gnueabi
Configured with: /scratch/paul/lite/linux/src/gcc-4.2/configure --build=i686-pc-linux-gnu --host=i686-pc-linux-gnu --target=arm-none-linux-gnueabi --enable-threads --disable-libmudflap --disable-libssp --disable-libgomp --disable-libstdcxx-pch --with-gnu-as --with-gnu-ld --enable-languages=c,c++ --enable-shared --enable-symvers=gnu --enable-__cxa_atexit --with-pkgversion=CodeSourcery Sourcery G++ Lite 2007q3-51 --with-bugurl=https://support.codesourcery.com/GNUToolchain/ --disable-nls --prefix=/opt/codesourcery --with-sysroot=/opt/codesourcery/arm-none-linux-gnueabi/libc --with-build-sysroot=/scratch/paul/lite/linux/install/arm-none-linux-gnueabi/libc --enable-poison-system-directories --with-build-time-tools=/scratch/paul/lite/linux/install/arm-none-linux-gnueabi/bin --with-build-time-tools=/scratch/paul/lite/linux/install/arm-none-linux-gnueabi/bin
Thread model: posix
gcc version 4.2.1 (CodeSourcery Sourcery G++ Lite 2007q3-51)
configure:2311: $? = 0
configure:2313: /home/simon/GIT/buildroot-k3-current/output/host/usr/bin/arm-none-linux-gnueabi-gcc -V </dev/null >&5
arm-none-linux-gnueabi-gcc: '-V' must come at the start of the command line
configure:2316: $? = 1
configure:2339: checking for C compiler default output file name
configure:2342: /home/simon/GIT/buildroot-k3-current/output/host/usr/bin/arm-none-linux-gnueabi-gcc -D_LARGEFILE_SOURCE -D_LARGEFILE64_SOURCE -D_FILE_OFFSET_BITS=64  -pipe -U_FORTIFY_SOURCE -fno-stack-protector -fomit-frame-pointer -fPIC -O2  -D_LARGEFILE_SOURCE -D_LARGEFILE64_SOURCE -D_FILE_OFFSET_BITS=64  conftest.c  >&5
configure:2345: $? = 0
configure:2391: result: a.out
configure:2396: checking whether the C compiler works
configure:2422: result: yes
configure:2429: checking whether we are cross compiling
configure:2431: result: yes
configure:2434: checking for suffix of executables
configure:2436: /home/simon/GIT/buildroot-k3-current/output/host/usr/bin/arm-none-linux-gnueabi-gcc -o conftest -D_LARGEFILE_SOURCE -D_LARGEFILE64_SOURCE -D_FILE_OFFSET_BITS=64  -pipe -U_FORTIFY_SOURCE -fno-stack-protector -fomit-frame-pointer -fPIC -O2  -D_LARGEFILE_SOURCE -D_LARGEFILE64_SOURCE -D_FILE_OFFSET_BITS=64  conftest.c  >&5
configure:2439: $? = 0
configure:2464: result: 
configure:2470: checking for suffix of object files
configure:2491: /home/simon/GIT/buildroot-k3-current/output/host/usr/bin/arm-none-linux-gnueabi-gcc -c -D_LARGEFILE_SOURCE -D_LARGEFILE64_SOURCE -D_FILE_OFFSET_BITS=64  -pipe -U_FORTIFY_SOURCE -fno-stack-protector -fomit-frame-pointer -fPIC -O2  -D_LARGEFILE_SOURCE -D_LARGEFILE64_SOURCE -D_FILE_OFFSET_BITS=64 conftest.c >&5
configure:2494: $? = 0
configure:2516: result: o
configure:2520: checking whether we are using the GNU C compiler
configure:2544: /home/simon/GIT/buildroot-k3-current/output/host/usr/bin/arm-none-linux-gnueabi-gcc -c -D_LARGEFILE_SOURCE -D_LARGEFILE64_SOURCE -D_FILE_OFFSET_BITS=64  -pipe -U_FORTIFY_SOURCE -fno-stack-protector -fomit-frame-pointer -fPIC -O2  -D_LARGEFILE_SOURCE -D_LARGEFILE64_SOURCE -D_FILE_OFFSET_BITS=64 conftest.c >&5
configure:2550: $? = 0
configure:2554: test -z 
			 || test ! -s conftest.err
configure:2557: $? = 0
configure:2560: test -s conftest.o
configure:2563: $? = 0
configure:2576: result: yes
configure:2582: checking whether /home/simon/GIT/buildroot-k3-current/output/host/usr/bin/arm-none-linux-gnueabi-gcc accepts -g
configure:2603: /home/simon/GIT/buildroot-k3-current/output/host/usr/bin/arm-none-linux-gnueabi-gcc -c -g -D_LARGEFILE_SOURCE -D_LARGEFILE64_SOURCE -D_FILE_OFFSET_BITS=64 conftest.c >&5
configure:2609: $? = 0
configure:2613: test -z 
			 || test ! -s conftest.err
configure:2616: $? = 0
configure:2619: test -s conftest.o
configure:2622: $? = 0
configure:2633: result: yes
configure:2650: checking for /home/simon/GIT/buildroot-k3-current/output/host/usr/bin/arm-none-linux-gnueabi-gcc option to accept ANSI C
configure:2720: /home/simon/GIT/buildroot-k3-current/output/host/usr/bin/arm-none-linux-gnueabi-gcc  -c -D_LARGEFILE_SOURCE -D_LARGEFILE64_SOURCE -D_FILE_OFFSET_BITS=64  -pipe -U_FORTIFY_SOURCE -fno-stack-protector -fomit-frame-pointer -fPIC -O2  -D_LARGEFILE_SOURCE -D_LARGEFILE64_SOURCE -D_FILE_OFFSET_BITS=64 conftest.c >&5
configure:2726: $? = 0
configure:2730: test -z 
			 || test ! -s conftest.err
configure:2733: $? = 0
configure:2736: test -s conftest.o
configure:2739: $? = 0
configure:2757: result: none needed
configure:2775: /home/simon/GIT/buildroot-k3-current/output/host/usr/bin/arm-none-linux-gnueabi-gcc -c -D_LARGEFILE_SOURCE -D_LARGEFILE64_SOURCE -D_FILE_OFFSET_BITS=64  -pipe -U_FORTIFY_SOURCE -fno-stack-protector -fomit-frame-pointer -fPIC -O2  -D_LARGEFILE_SOURCE -D_LARGEFILE64_SOURCE -D_FILE_OFFSET_BITS=64 conftest.c >&5
conftest.c:2: error: expected '=', ',', ';', 'asm' or '__attribute__' before 'me'
configure:2781: $? = 1
configure: failed program was:
| #ifndef __cplusplus
|   choke me
| #endif
configure:2925: checking for style of include used by make
configure:2953: result: GNU
configure:2981: checking dependency style of /home/simon/GIT/buildroot-k3-current/output/host/usr/bin/arm-none-linux-gnueabi-gcc
configure:3071: result: gcc3
configure:3095: checking how to run the C preprocessor
configure:3213: result: /home/simon/GIT/buildroot-k3-current/output/host/usr/bin/arm-none-linux-gnueabi-cpp
configure:3237: /home/simon/GIT/buildroot-k3-current/output/host/usr/bin/arm-none-linux-gnueabi-cpp -D_LARGEFILE_SOURCE -D_LARGEFILE64_SOURCE -D_FILE_OFFSET_BITS=64 conftest.c
configure:3243: $? = 0
configure:3275: /home/simon/GIT/buildroot-k3-current/output/host/usr/bin/arm-none-linux-gnueabi-cpp -D_LARGEFILE_SOURCE -D_LARGEFILE64_SOURCE -D_FILE_OFFSET_BITS=64 conftest.c
conftest.c:11:28: error: ac_nonexistent.h: No such file or directory
configure:3281: $? = 1
configure: failed program was:
| /* confdefs.h.  */
| 
| #define PACKAGE_NAME "blackbox"
| #define PACKAGE_TARNAME "blackbox"
| #define PACKAGE_VERSION "0.70.1"
| #define PACKAGE_STRING "blackbox 0.70.1"
| #define PACKAGE_BUGREPORT "http://blackboxwm.sourceforge.net"
| #define PACKAGE "blackbox"
| #define VERSION "0.70.1"
| /* end confdefs.h.  */
| #include <ac_nonexistent.h>
configure:3325: checking for egrep
configure:3335: result: grep -E
configure:3340: checking for ANSI C header files
configure:3365: /home/simon/GIT/buildroot-k3-current/output/host/usr/bin/arm-none-linux-gnueabi-gcc -c -D_LARGEFILE_SOURCE -D_LARGEFILE64_SOURCE -D_FILE_OFFSET_BITS=64  -pipe -U_FORTIFY_SOURCE -fno-stack-protector -fomit-frame-pointer -fPIC -O2  -D_LARGEFILE_SOURCE -D_LARGEFILE64_SOURCE -D_FILE_OFFSET_BITS=64 conftest.c >&5
configure:3371: $? = 0
configure:3375: test -z 
			 || test ! -s conftest.err
configure:3378: $? = 0
configure:3381: test -s conftest.o
configure:3384: $? = 0
configure:3496: result: yes
configure:3522: checking for arm-buildroot-linux-gnueabi-g++
configure:3548: result: /home/simon/GIT/buildroot-k3-current/output/host/usr/bin/arm-none-linux-gnueabi-g++
configure:3606: checking for C++ compiler version
configure:3609: /home/simon/GIT/buildroot-k3-current/output/host/usr/bin/arm-none-linux-gnueabi-g++ --version </dev/null >&5
arm-none-linux-gnueabi-g++ (CodeSourcery Sourcery G++ Lite 2007q3-51) 4.2.1
Copyright (C) 2007 Free Software Foundation, Inc.
This is free software; see the source for copying conditions.  There is NO
warranty; not even for MERCHANTABILITY or FITNESS FOR A PARTICULAR PURPOSE.

configure:3612: $? = 0
configure:3614: /home/simon/GIT/buildroot-k3-current/output/host/usr/bin/arm-none-linux-gnueabi-g++ -v </dev/null >&5
Using built-in specs.
Target: arm-none-linux-gnueabi
Configured with: /scratch/paul/lite/linux/src/gcc-4.2/configure --build=i686-pc-linux-gnu --host=i686-pc-linux-gnu --target=arm-none-linux-gnueabi --enable-threads --disable-libmudflap --disable-libssp --disable-libgomp --disable-libstdcxx-pch --with-gnu-as --with-gnu-ld --enable-languages=c,c++ --enable-shared --enable-symvers=gnu --enable-__cxa_atexit --with-pkgversion=CodeSourcery Sourcery G++ Lite 2007q3-51 --with-bugurl=https://support.codesourcery.com/GNUToolchain/ --disable-nls --prefix=/opt/codesourcery --with-sysroot=/opt/codesourcery/arm-none-linux-gnueabi/libc --with-build-sysroot=/scratch/paul/lite/linux/install/arm-none-linux-gnueabi/libc --enable-poison-system-directories --with-build-time-tools=/scratch/paul/lite/linux/install/arm-none-linux-gnueabi/bin --with-build-time-tools=/scratch/paul/lite/linux/install/arm-none-linux-gnueabi/bin
Thread model: posix
gcc version 4.2.1 (CodeSourcery Sourcery G++ Lite 2007q3-51)
configure:3617: $? = 0
configure:3619: /home/simon/GIT/buildroot-k3-current/output/host/usr/bin/arm-none-linux-gnueabi-g++ -V </dev/null >&5
arm-none-linux-gnueabi-g++: argument to '-V' missing

configure:3622: $? = 1
configure:3625: checking whether we are using the GNU C++ compiler
configure:3649: /home/simon/GIT/buildroot-k3-current/output/host/usr/bin/arm-none-linux-gnueabi-g++ -c -D_LARGEFILE_SOURCE -D_LARGEFILE64_SOURCE -D_FILE_OFFSET_BITS=64  -pipe -U_FORTIFY_SOURCE -fno-stack-protector -fomit-frame-pointer -fPIC -O2  -D_LARGEFILE_SOURCE -D_LARGEFILE64_SOURCE -D_FILE_OFFSET_BITS=64 conftest.cc >&5
configure:3655: $? = 0
configure:3659: test -z 
			 || test ! -s conftest.err
configure:3662: $? = 0
configure:3665: test -s conftest.o
configure:3668: $? = 0
configure:3681: result: yes
configure:3687: checking whether /home/simon/GIT/buildroot-k3-current/output/host/usr/bin/arm-none-linux-gnueabi-g++ accepts -g
configure:3708: /home/simon/GIT/buildroot-k3-current/output/host/usr/bin/arm-none-linux-gnueabi-g++ -c -g -D_LARGEFILE_SOURCE -D_LARGEFILE64_SOURCE -D_FILE_OFFSET_BITS=64 conftest.cc >&5
configure:3714: $? = 0
configure:3718: test -z 
			 || test ! -s conftest.err
configure:3721: $? = 0
configure:3724: test -s conftest.o
configure:3727: $? = 0
configure:3738: result: yes
configure:3780: /home/simon/GIT/buildroot-k3-current/output/host/usr/bin/arm-none-linux-gnueabi-g++ -c -D_LARGEFILE_SOURCE -D_LARGEFILE64_SOURCE -D_FILE_OFFSET_BITS=64  -pipe -U_FORTIFY_SOURCE -fno-stack-protector -fomit-frame-pointer -fPIC -O2  -D_LARGEFILE_SOURCE -D_LARGEFILE64_SOURCE -D_FILE_OFFSET_BITS=64 conftest.cc >&5
configure:3786: $? = 0
configure:3790: test -z 
			 || test ! -s conftest.err
configure:3793: $? = 0
configure:3796: test -s conftest.o
configure:3799: $? = 0
configure:3825: /home/simon/GIT/buildroot-k3-current/output/host/usr/bin/arm-none-linux-gnueabi-g++ -c -D_LARGEFILE_SOURCE -D_LARGEFILE64_SOURCE -D_FILE_OFFSET_BITS=64  -pipe -U_FORTIFY_SOURCE -fno-stack-protector -fomit-frame-pointer -fPIC -O2  -D_LARGEFILE_SOURCE -D_LARGEFILE64_SOURCE -D_FILE_OFFSET_BITS=64 conftest.cc >&5
conftest.cc: In function 'int main()':
conftest.cc:16: error: 'exit' was not declared in this scope
configure:3831: $? = 1
configure: failed program was:
| /* confdefs.h.  */
| 
| #define PACKAGE_NAME "blackbox"
| #define PACKAGE_TARNAME "blackbox"
| #define PACKAGE_VERSION "0.70.1"
| #define PACKAGE_STRING "blackbox 0.70.1"
| #define PACKAGE_BUGREPORT "http://blackboxwm.sourceforge.net"
| #define PACKAGE "blackbox"
| #define VERSION "0.70.1"
| #define STDC_HEADERS 1
| /* end confdefs.h.  */
| 
| int
| main ()
| {
| exit (42);
|   ;
|   return 0;
| }
configure:3780: /home/simon/GIT/buildroot-k3-current/output/host/usr/bin/arm-none-linux-gnueabi-g++ -c -D_LARGEFILE_SOURCE -D_LARGEFILE64_SOURCE -D_FILE_OFFSET_BITS=64  -pipe -U_FORTIFY_SOURCE -fno-stack-protector -fomit-frame-pointer -fPIC -O2  -D_LARGEFILE_SOURCE -D_LARGEFILE64_SOURCE -D_FILE_OFFSET_BITS=64 conftest.cc >&5
conftest.cc:12: error: 'void std::exit(int)' should have been declared inside 'std'
configure:3786: $? = 1
configure: failed program was:
| /* confdefs.h.  */
| 
| #define PACKAGE_NAME "blackbox"
| #define PACKAGE_TARNAME "blackbox"
| #define PACKAGE_VERSION "0.70.1"
| #define PACKAGE_STRING "blackbox 0.70.1"
| #define PACKAGE_BUGREPORT "http://blackboxwm.sourceforge.net"
| #define PACKAGE "blackbox"
| #define VERSION "0.70.1"
| #define STDC_HEADERS 1
| /* end confdefs.h.  */
| extern "C" void std::exit (int) throw (); using std::exit;
| #include <stdlib.h>
| int
| main ()
| {
| exit (42);
|   ;
|   return 0;
| }
configure:3780: /home/simon/GIT/buildroot-k3-current/output/host/usr/bin/arm-none-linux-gnueabi-g++ -c -D_LARGEFILE_SOURCE -D_LARGEFILE64_SOURCE -D_FILE_OFFSET_BITS=64  -pipe -U_FORTIFY_SOURCE -fno-stack-protector -fomit-frame-pointer -fPIC -O2  -D_LARGEFILE_SOURCE -D_LARGEFILE64_SOURCE -D_FILE_OFFSET_BITS=64 conftest.cc >&5
conftest.cc:12: error: 'void std::exit(int)' should have been declared inside 'std'
In file included from conftest.cc:13:
/home/simon/GIT/buildroot-k3-current/output/host/usr/arm-buildroot-linux-gnueabi/sysroot/usr/include/stdlib.h:646: error: declaration of 'void std::exit(int) throw ()' throws different exceptions
conftest.cc:12: error: from previous declaration 'void std::exit(int)'
configure:3786: $? = 1
configure: failed program was:
| /* confdefs.h.  */
| 
| #define PACKAGE_NAME "blackbox"
| #define PACKAGE_TARNAME "blackbox"
| #define PACKAGE_VERSION "0.70.1"
| #define PACKAGE_STRING "blackbox 0.70.1"
| #define PACKAGE_BUGREPORT "http://blackboxwm.sourceforge.net"
| #define PACKAGE "blackbox"
| #define VERSION "0.70.1"
| #define STDC_HEADERS 1
| /* end confdefs.h.  */
| extern "C" void std::exit (int); using std::exit;
| #include <stdlib.h>
| int
| main ()
| {
| exit (42);
|   ;
|   return 0;
| }
configure:3780: /home/simon/GIT/buildroot-k3-current/output/host/usr/bin/arm-none-linux-gnueabi-g++ -c -D_LARGEFILE_SOURCE -D_LARGEFILE64_SOURCE -D_FILE_OFFSET_BITS=64  -pipe -U_FORTIFY_SOURCE -fno-stack-protector -fomit-frame-pointer -fPIC -O2  -D_LARGEFILE_SOURCE -D_LARGEFILE64_SOURCE -D_FILE_OFFSET_BITS=64 conftest.cc >&5
configure:3786: $? = 0
configure:3790: test -z 
			 || test ! -s conftest.err
configure:3793: $? = 0
configure:3796: test -s conftest.o
configure:3799: $? = 0
configure:3825: /home/simon/GIT/buildroot-k3-current/output/host/usr/bin/arm-none-linux-gnueabi-g++ -c -D_LARGEFILE_SOURCE -D_LARGEFILE64_SOURCE -D_FILE_OFFSET_BITS=64  -pipe -U_FORTIFY_SOURCE -fno-stack-protector -fomit-frame-pointer -fPIC -O2  -D_LARGEFILE_SOURCE -D_LARGEFILE64_SOURCE -D_FILE_OFFSET_BITS=64 conftest.cc >&5
configure:3831: $? = 0
configure:3835: test -z 
			 || test ! -s conftest.err
configure:3838: $? = 0
configure:3841: test -s conftest.o
configure:3844: $? = 0
configure:3869: checking dependency style of /home/simon/GIT/buildroot-k3-current/output/host/usr/bin/arm-none-linux-gnueabi-g++
configure:3959: result: gcc3
configure:3989: checking for a BSD-compatible install
configure:4044: result: /usr/bin/install -c
configure:4135: checking build system type
configure:4153: result: i686-pc-linux-gnu
configure:4161: checking host system type
configure:4175: result: arm-buildroot-linux-gnueabi
configure:4183: checking for a sed that does not truncate output
configure:4237: result: /bin/sed
configure:4251: checking for ld used by /home/simon/GIT/buildroot-k3-current/output/host/usr/bin/arm-none-linux-gnueabi-gcc
configure:4318: result: /home/simon/GIT/buildroot-k3-current/output/host/usr/bin/arm-none-linux-gnueabi-ld
configure:4327: checking if the linker (/home/simon/GIT/buildroot-k3-current/output/host/usr/bin/arm-none-linux-gnueabi-ld) is GNU ld
configure:4342: result: yes
configure:4347: checking for /home/simon/GIT/buildroot-k3-current/output/host/usr/bin/arm-none-linux-gnueabi-ld option to reload object files
configure:4354: result: -r
configure:4372: checking for BSD-compatible nm
configure:4414: result: /home/simon/GIT/buildroot-k3-current/output/host/usr/bin/arm-none-linux-gnueabi-nm
configure:4418: checking whether ln -s works
configure:4422: result: yes
configure:4429: checking how to recognise dependent libraries
configure:4601: result: pass_all
configure:4823: checking for sys/types.h
configure:4839: /home/simon/GIT/buildroot-k3-current/output/host/usr/bin/arm-none-linux-gnueabi-gcc -c -D_LARGEFILE_SOURCE -D_LARGEFILE64_SOURCE -D_FILE_OFFSET_BITS=64  -pipe -U_FORTIFY_SOURCE -fno-stack-protector -fomit-frame-pointer -fPIC -O2  -D_LARGEFILE_SOURCE -D_LARGEFILE64_SOURCE -D_FILE_OFFSET_BITS=64 conftest.c >&5
configure:4845: $? = 0
configure:4849: test -z 
			 || test ! -s conftest.err
configure:4852: $? = 0
configure:4855: test -s conftest.o
configure:4858: $? = 0
configure:4869: result: yes
configure:4823: checking for sys/stat.h
configure:4839: /home/simon/GIT/buildroot-k3-current/output/host/usr/bin/arm-none-linux-gnueabi-gcc -c -D_LARGEFILE_SOURCE -D_LARGEFILE64_SOURCE -D_FILE_OFFSET_BITS=64  -pipe -U_FORTIFY_SOURCE -fno-stack-protector -fomit-frame-pointer -fPIC -O2  -D_LARGEFILE_SOURCE -D_LARGEFILE64_SOURCE -D_FILE_OFFSET_BITS=64 conftest.c >&5
configure:4845: $? = 0
configure:4849: test -z 
			 || test ! -s conftest.err
configure:4852: $? = 0
configure:4855: test -s conftest.o
configure:4858: $? = 0
configure:4869: result: yes
configure:4823: checking for stdlib.h
configure:4839: /home/simon/GIT/buildroot-k3-current/output/host/usr/bin/arm-none-linux-gnueabi-gcc -c -D_LARGEFILE_SOURCE -D_LARGEFILE64_SOURCE -D_FILE_OFFSET_BITS=64  -pipe -U_FORTIFY_SOURCE -fno-stack-protector -fomit-frame-pointer -fPIC -O2  -D_LARGEFILE_SOURCE -D_LARGEFILE64_SOURCE -D_FILE_OFFSET_BITS=64 conftest.c >&5
configure:4845: $? = 0
configure:4849: test -z 
			 || test ! -s conftest.err
configure:4852: $? = 0
configure:4855: test -s conftest.o
configure:4858: $? = 0
configure:4869: result: yes
configure:4823: checking for string.h
configure:4839: /home/simon/GIT/buildroot-k3-current/output/host/usr/bin/arm-none-linux-gnueabi-gcc -c -D_LARGEFILE_SOURCE -D_LARGEFILE64_SOURCE -D_FILE_OFFSET_BITS=64  -pipe -U_FORTIFY_SOURCE -fno-stack-protector -fomit-frame-pointer -fPIC -O2  -D_LARGEFILE_SOURCE -D_LARGEFILE64_SOURCE -D_FILE_OFFSET_BITS=64 conftest.c >&5
configure:4845: $? = 0
configure:4849: test -z 
			 || test ! -s conftest.err
configure:4852: $? = 0
configure:4855: test -s conftest.o
configure:4858: $? = 0
configure:4869: result: yes
configure:4823: checking for memory.h
configure:4839: /home/simon/GIT/buildroot-k3-current/output/host/usr/bin/arm-none-linux-gnueabi-gcc -c -D_LARGEFILE_SOURCE -D_LARGEFILE64_SOURCE -D_FILE_OFFSET_BITS=64  -pipe -U_FORTIFY_SOURCE -fno-stack-protector -fomit-frame-pointer -fPIC -O2  -D_LARGEFILE_SOURCE -D_LARGEFILE64_SOURCE -D_FILE_OFFSET_BITS=64 conftest.c >&5
configure:4845: $? = 0
configure:4849: test -z 
			 || test ! -s conftest.err
configure:4852: $? = 0
configure:4855: test -s conftest.o
configure:4858: $? = 0
configure:4869: result: yes
configure:4823: checking for strings.h
configure:4839: /home/simon/GIT/buildroot-k3-current/output/host/usr/bin/arm-none-linux-gnueabi-gcc -c -D_LARGEFILE_SOURCE -D_LARGEFILE64_SOURCE -D_FILE_OFFSET_BITS=64  -pipe -U_FORTIFY_SOURCE -fno-stack-protector -fomit-frame-pointer -fPIC -O2  -D_LARGEFILE_SOURCE -D_LARGEFILE64_SOURCE -D_FILE_OFFSET_BITS=64 conftest.c >&5
configure:4845: $? = 0
configure:4849: test -z 
			 || test ! -s conftest.err
configure:4852: $? = 0
configure:4855: test -s conftest.o
configure:4858: $? = 0
configure:4869: result: yes
configure:4823: checking for inttypes.h
configure:4839: /home/simon/GIT/buildroot-k3-current/output/host/usr/bin/arm-none-linux-gnueabi-gcc -c -D_LARGEFILE_SOURCE -D_LARGEFILE64_SOURCE -D_FILE_OFFSET_BITS=64  -pipe -U_FORTIFY_SOURCE -fno-stack-protector -fomit-frame-pointer -fPIC -O2  -D_LARGEFILE_SOURCE -D_LARGEFILE64_SOURCE -D_FILE_OFFSET_BITS=64 conftest.c >&5
configure:4845: $? = 0
configure:4849: test -z 
			 || test ! -s conftest.err
configure:4852: $? = 0
configure:4855: test -s conftest.o
configure:4858: $? = 0
configure:4869: result: yes
configure:4823: checking for stdint.h
configure:4839: /home/simon/GIT/buildroot-k3-current/output/host/usr/bin/arm-none-linux-gnueabi-gcc -c -D_LARGEFILE_SOURCE -D_LARGEFILE64_SOURCE -D_FILE_OFFSET_BITS=64  -pipe -U_FORTIFY_SOURCE -fno-stack-protector -fomit-frame-pointer -fPIC -O2  -D_LARGEFILE_SOURCE -D_LARGEFILE64_SOURCE -D_FILE_OFFSET_BITS=64 conftest.c >&5
configure:4845: $? = 0
configure:4849: test -z 
			 || test ! -s conftest.err
configure:4852: $? = 0
configure:4855: test -s conftest.o
configure:4858: $? = 0
configure:4869: result: yes
configure:4823: checking for unistd.h
configure:4839: /home/simon/GIT/buildroot-k3-current/output/host/usr/bin/arm-none-linux-gnueabi-gcc -c -D_LARGEFILE_SOURCE -D_LARGEFILE64_SOURCE -D_FILE_OFFSET_BITS=64  -pipe -U_FORTIFY_SOURCE -fno-stack-protector -fomit-frame-pointer -fPIC -O2  -D_LARGEFILE_SOURCE -D_LARGEFILE64_SOURCE -D_FILE_OFFSET_BITS=64 conftest.c >&5
configure:4845: $? = 0
configure:4849: test -z 
			 || test ! -s conftest.err
configure:4852: $? = 0
configure:4855: test -s conftest.o
configure:4858: $? = 0
configure:4869: result: yes
configure:4895: checking dlfcn.h usability
configure:4907: /home/simon/GIT/buildroot-k3-current/output/host/usr/bin/arm-none-linux-gnueabi-gcc -c -D_LARGEFILE_SOURCE -D_LARGEFILE64_SOURCE -D_FILE_OFFSET_BITS=64  -pipe -U_FORTIFY_SOURCE -fno-stack-protector -fomit-frame-pointer -fPIC -O2  -D_LARGEFILE_SOURCE -D_LARGEFILE64_SOURCE -D_FILE_OFFSET_BITS=64 conftest.c >&5
configure:4913: $? = 0
configure:4917: test -z 
			 || test ! -s conftest.err
configure:4920: $? = 0
configure:4923: test -s conftest.o
configure:4926: $? = 0
configure:4936: result: yes
configure:4940: checking dlfcn.h presence
configure:4950: /home/simon/GIT/buildroot-k3-current/output/host/usr/bin/arm-none-linux-gnueabi-cpp -D_LARGEFILE_SOURCE -D_LARGEFILE64_SOURCE -D_FILE_OFFSET_BITS=64 conftest.c
configure:4956: $? = 0
configure:4976: result: yes
configure:5011: checking for dlfcn.h
configure:5018: result: yes
configure:5041: checking how to run the C++ preprocessor
configure:5072: /home/simon/GIT/buildroot-k3-current/output/host/usr/bin/arm-none-linux-gnueabi-g++ -E -D_LARGEFILE_SOURCE -D_LARGEFILE64_SOURCE -D_FILE_OFFSET_BITS=64 conftest.cc
configure:5078: $? = 0
configure:5110: /home/simon/GIT/buildroot-k3-current/output/host/usr/bin/arm-none-linux-gnueabi-g++ -E -D_LARGEFILE_SOURCE -D_LARGEFILE64_SOURCE -D_FILE_OFFSET_BITS=64 conftest.cc
conftest.cc:25:28: error: ac_nonexistent.h: No such file or directory
configure:5116: $? = 1
configure: failed program was:
| /* confdefs.h.  */
| 
| #define PACKAGE_NAME "blackbox"
| #define PACKAGE_TARNAME "blackbox"
| #define PACKAGE_VERSION "0.70.1"
| #define PACKAGE_STRING "blackbox 0.70.1"
| #define PACKAGE_BUGREPORT "http://blackboxwm.sourceforge.net"
| #define PACKAGE "blackbox"
| #define VERSION "0.70.1"
| #define STDC_HEADERS 1
| #ifdef __cplusplus
| extern "C" void exit (int) throw ();
| #endif
| #define HAVE_SYS_TYPES_H 1
| #define HAVE_SYS_STAT_H 1
| #define HAVE_STDLIB_H 1
| #define HAVE_STRING_H 1
| #define HAVE_MEMORY_H 1
| #define HAVE_STRINGS_H 1
| #define HAVE_INTTYPES_H 1
| #define HAVE_STDINT_H 1
| #define HAVE_UNISTD_H 1
| #define HAVE_DLFCN_H 1
| /* end confdefs.h.  */
| #include <ac_nonexistent.h>
configure:5155: result: /home/simon/GIT/buildroot-k3-current/output/host/usr/bin/arm-none-linux-gnueabi-g++ -E
configure:5179: /home/simon/GIT/buildroot-k3-current/output/host/usr/bin/arm-none-linux-gnueabi-g++ -E -D_LARGEFILE_SOURCE -D_LARGEFILE64_SOURCE -D_FILE_OFFSET_BITS=64 conftest.cc
configure:5185: $? = 0
configure:5217: /home/simon/GIT/buildroot-k3-current/output/host/usr/bin/arm-none-linux-gnueabi-g++ -E -D_LARGEFILE_SOURCE -D_LARGEFILE64_SOURCE -D_FILE_OFFSET_BITS=64 conftest.cc
conftest.cc:25:28: error: ac_nonexistent.h: No such file or directory
configure:5223: $? = 1
configure: failed program was:
| /* confdefs.h.  */
| 
| #define PACKAGE_NAME "blackbox"
| #define PACKAGE_TARNAME "blackbox"
| #define PACKAGE_VERSION "0.70.1"
| #define PACKAGE_STRING "blackbox 0.70.1"
| #define PACKAGE_BUGREPORT "http://blackboxwm.sourceforge.net"
| #define PACKAGE "blackbox"
| #define VERSION "0.70.1"
| #define STDC_HEADERS 1
| #ifdef __cplusplus
| extern "C" void exit (int) throw ();
| #endif
| #define HAVE_SYS_TYPES_H 1
| #define HAVE_SYS_STAT_H 1
| #define HAVE_STDLIB_H 1
| #define HAVE_STRING_H 1
| #define HAVE_MEMORY_H 1
| #define HAVE_STRINGS_H 1
| #define HAVE_INTTYPES_H 1
| #define HAVE_STDINT_H 1
| #define HAVE_UNISTD_H 1
| #define HAVE_DLFCN_H 1
| /* end confdefs.h.  */
| #include <ac_nonexistent.h>
configure:5278: checking for arm-buildroot-linux-gnueabi-g77
configure:5307: result: no
configure:5278: checking for arm-buildroot-linux-gnueabi-f77
configure:5307: result: no
configure:5278: checking for arm-buildroot-linux-gnueabi-xlf
configure:5307: result: no
configure:5278: checking for arm-buildroot-linux-gnueabi-frt
configure:5307: result: no
configure:5278: checking for arm-buildroot-linux-gnueabi-pgf77
configure:5307: result: no
configure:5278: checking for arm-buildroot-linux-gnueabi-fort77
configure:5307: result: no
configure:5278: checking for arm-buildroot-linux-gnueabi-fl32
configure:5307: result: no
configure:5278: checking for arm-buildroot-linux-gnueabi-af77
configure:5307: result: no
configure:5278: checking for arm-buildroot-linux-gnueabi-f90
configure:5307: result: no
configure:5278: checking for arm-buildroot-linux-gnueabi-xlf90
configure:5307: result: no
configure:5278: checking for arm-buildroot-linux-gnueabi-pgf90
configure:5307: result: no
configure:5278: checking for arm-buildroot-linux-gnueabi-epcf90
configure:5307: result: no
configure:5278: checking for arm-buildroot-linux-gnueabi-f95
configure:5307: result: no
configure:5278: checking for arm-buildroot-linux-gnueabi-fort
configure:5307: result: no
configure:5278: checking for arm-buildroot-linux-gnueabi-xlf95
configure:5307: result: no
configure:5278: checking for arm-buildroot-linux-gnueabi-ifc
configure:5307: result: no
configure:5278: checking for arm-buildroot-linux-gnueabi-efc
configure:5307: result: no
configure:5278: checking for arm-buildroot-linux-gnueabi-pgf95
configure:5307: result: no
configure:5278: checking for arm-buildroot-linux-gnueabi-lf95
configure:5307: result: no
configure:5278: checking for arm-buildroot-linux-gnueabi-gfortran
configure:5307: result: no
configure:5320: checking for g77
configure:5349: result: no
configure:5320: checking for f77
configure:5349: result: no
configure:5320: checking for xlf
configure:5349: result: no
configure:5320: checking for frt
configure:5349: result: no
configure:5320: checking for pgf77
configure:5349: result: no
configure:5320: checking for fort77
configure:5349: result: no
configure:5320: checking for fl32
configure:5349: result: no
configure:5320: checking for af77
configure:5349: result: no
configure:5320: checking for f90
configure:5349: result: no
configure:5320: checking for xlf90
configure:5349: result: no
configure:5320: checking for pgf90
configure:5349: result: no
configure:5320: checking for epcf90
configure:5349: result: no
configure:5320: checking for f95
configure:5349: result: no
configure:5320: checking for fort
configure:5349: result: no
configure:5320: checking for xlf95
configure:5349: result: no
configure:5320: checking for ifc
configure:5349: result: no
configure:5320: checking for efc
configure:5349: result: no
configure:5320: checking for pgf95
configure:5349: result: no
configure:5320: checking for lf95
configure:5349: result: no
configure:5320: checking for gfortran
configure:5349: result: no
configure:5367: checking for Fortran 77 compiler version
configure:5364:  --version </dev/null >&5
./configure: line 5365: --version: command not found
configure:5367: $? = 127
configure:5369:  -v </dev/null >&5
./configure: line 5370: -v: command not found
configure:5372: $? = 127
configure:5374:  -V </dev/null >&5
./configure: line 5375: -V: command not found
configure:5377: $? = 127
configure:5385: checking whether we are using the GNU Fortran 77 compiler
configure:5399:  -c  conftest.F >&5
./configure: line 5400: -c: command not found
configure:5405: $? = 127
configure: failed program was:
|       program main
| #ifndef __GNUC__
|        choke me
| #endif
| 
|       end
configure:5431: result: no
configure:5437: checking whether  accepts -g
configure:5449:  -c -g conftest.f >&5
./configure: line 5450: -c: command not found
configure:5455: $? = 127
configure: failed program was:
|       program main
| 
|       end
configure:5480: result: no
configure:5510: checking the maximum length of command line arguments
configure:5602: result: 32768
configure:5613: checking command to parse /home/simon/GIT/buildroot-k3-current/output/host/usr/bin/arm-none-linux-gnueabi-nm output from /home/simon/GIT/buildroot-k3-current/output/host/usr/bin/arm-none-linux-gnueabi-gcc object
configure:5709: /home/simon/GIT/buildroot-k3-current/output/host/usr/bin/arm-none-linux-gnueabi-gcc -c -D_LARGEFILE_SOURCE -D_LARGEFILE64_SOURCE -D_FILE_OFFSET_BITS=64  -pipe -U_FORTIFY_SOURCE -fno-stack-protector -fomit-frame-pointer -fPIC -O2  -D_LARGEFILE_SOURCE -D_LARGEFILE64_SOURCE -D_FILE_OFFSET_BITS=64 conftest.c >&5
configure:5712: $? = 0
configure:5716: /home/simon/GIT/buildroot-k3-current/output/host/usr/bin/arm-none-linux-gnueabi-nm conftest.o \| sed -n -e 's/^.*[ 	]\([ABCDGIRSTW][ABCDGIRSTW]*\)[ 	][ 	]*\([_A-Za-z][_A-Za-z0-9]*\)$/\1 \2 \2/p' \> conftest.nm
configure:5719: $? = 0
configure:5771: /home/simon/GIT/buildroot-k3-current/output/host/usr/bin/arm-none-linux-gnueabi-gcc -o conftest -D_LARGEFILE_SOURCE -D_LARGEFILE64_SOURCE -D_FILE_OFFSET_BITS=64  -pipe -U_FORTIFY_SOURCE -fno-stack-protector -fomit-frame-pointer -fPIC -O2  -D_LARGEFILE_SOURCE -D_LARGEFILE64_SOURCE -D_FILE_OFFSET_BITS=64  conftest.c conftstm.o >&5
configure:5774: $? = 0
configure:5812: result: ok
configure:5816: checking for objdir
configure:5831: result: .libs
configure:5883: checking for arm-buildroot-linux-gnueabi-ar
configure:5909: result: /home/simon/GIT/buildroot-k3-current/output/host/usr/bin/arm-none-linux-gnueabi-ar
configure:5963: checking for arm-buildroot-linux-gnueabi-ranlib
configure:5989: result: /home/simon/GIT/buildroot-k3-current/output/host/usr/bin/arm-none-linux-gnueabi-ranlib
configure:6043: checking for arm-buildroot-linux-gnueabi-strip
configure:6069: result: /home/simon/GIT/buildroot-k3-current/output/host/usr/bin/arm-none-linux-gnueabi-strip
configure:6395: checking if /home/simon/GIT/buildroot-k3-current/output/host/usr/bin/arm-none-linux-gnueabi-gcc static flag  works
configure:6423: result: yes
configure:6441: checking if /home/simon/GIT/buildroot-k3-current/output/host/usr/bin/arm-none-linux-gnueabi-gcc supports -fno-rtti -fno-exceptions
configure:6465: /home/simon/GIT/buildroot-k3-current/output/host/usr/bin/arm-none-linux-gnueabi-gcc -c -D_LARGEFILE_SOURCE -D_LARGEFILE64_SOURCE -D_FILE_OFFSET_BITS=64  -pipe -U_FORTIFY_SOURCE -fno-stack-protector -fomit-frame-pointer -fPIC -O2  -D_LARGEFILE_SOURCE -D_LARGEFILE64_SOURCE -D_FILE_OFFSET_BITS=64 -fno-rtti -fno-exceptions conftest.c >&5
cc1: warning: command line option "-fno-rtti" is valid for C++/ObjC++ but not for C
configure:6469: $? = 0
configure:6476: result: no
configure:6491: checking for /home/simon/GIT/buildroot-k3-current/output/host/usr/bin/arm-none-linux-gnueabi-gcc option to produce PIC
configure:6695: result: -fPIC
configure:6703: checking if /home/simon/GIT/buildroot-k3-current/output/host/usr/bin/arm-none-linux-gnueabi-gcc PIC flag -fPIC works
configure:6727: /home/simon/GIT/buildroot-k3-current/output/host/usr/bin/arm-none-linux-gnueabi-gcc -c -D_LARGEFILE_SOURCE -D_LARGEFILE64_SOURCE -D_FILE_OFFSET_BITS=64  -pipe -U_FORTIFY_SOURCE -fno-stack-protector -fomit-frame-pointer -fPIC -O2  -D_LARGEFILE_SOURCE -D_LARGEFILE64_SOURCE -D_FILE_OFFSET_BITS=64 -fPIC -DPIC conftest.c >&5
configure:6731: $? = 0
configure:6738: result: yes
configure:6762: checking if /home/simon/GIT/buildroot-k3-current/output/host/usr/bin/arm-none-linux-gnueabi-gcc supports -c -o file.o
configure:6789: /home/simon/GIT/buildroot-k3-current/output/host/usr/bin/arm-none-linux-gnueabi-gcc -c -D_LARGEFILE_SOURCE -D_LARGEFILE64_SOURCE -D_FILE_OFFSET_BITS=64  -pipe -U_FORTIFY_SOURCE -fno-stack-protector -fomit-frame-pointer -fPIC -O2  -D_LARGEFILE_SOURCE -D_LARGEFILE64_SOURCE -D_FILE_OFFSET_BITS=64 -o out/conftest2.o conftest.c >&5
configure:6793: $? = 0
configure:6809: result: yes
configure:6835: checking whether the /home/simon/GIT/buildroot-k3-current/output/host/usr/bin/arm-none-linux-gnueabi-gcc linker (/home/simon/GIT/buildroot-k3-current/output/host/usr/bin/arm-none-linux-gnueabi-ld) supports shared libraries
configure:7731: result: yes
configure:7757: checking whether -lc should be explicitly linked in
configure:7762: /home/simon/GIT/buildroot-k3-current/output/host/usr/bin/arm-none-linux-gnueabi-gcc -c -D_LARGEFILE_SOURCE -D_LARGEFILE64_SOURCE -D_FILE_OFFSET_BITS=64  -pipe -U_FORTIFY_SOURCE -fno-stack-protector -fomit-frame-pointer -fPIC -O2  -D_LARGEFILE_SOURCE -D_LARGEFILE64_SOURCE -D_FILE_OFFSET_BITS=64 conftest.c >&5
configure:7765: $? = 0
configure:7779: /home/simon/GIT/buildroot-k3-current/output/host/usr/bin/arm-none-linux-gnueabi-gcc -shared conftest.o  -v -Wl,-soname -Wl,conftest -o conftest 2\>\&1 \| grep  -lc  \>/dev/null 2\>\&1
configure:7782: $? = 0
configure:7794: result: no
configure:7802: checking dynamic linker characteristics
configure:8348: result: GNU/Linux ld.so
configure:8352: checking how to hardcode library paths into programs
configure:8377: result: immediate
configure:8391: checking whether stripping libraries is possible
configure:8396: result: yes
configure:9226: checking if libtool supports shared libraries
configure:9228: result: yes
configure:9231: checking whether to build shared libraries
configure:9252: result: yes
configure:9255: checking whether to build static libraries
configure:9259: result: yes
configure:9351: creating libtool
configure:9929: checking for ld used by /home/simon/GIT/buildroot-k3-current/output/host/usr/bin/arm-none-linux-gnueabi-g++
configure:9996: result: /home/simon/GIT/buildroot-k3-current/output/host/usr/bin/arm-none-linux-gnueabi-ld
configure:10005: checking if the linker (/home/simon/GIT/buildroot-k3-current/output/host/usr/bin/arm-none-linux-gnueabi-ld) is GNU ld
configure:10020: result: yes
configure:10071: checking whether the /home/simon/GIT/buildroot-k3-current/output/host/usr/bin/arm-none-linux-gnueabi-g++ linker (/home/simon/GIT/buildroot-k3-current/output/host/usr/bin/arm-none-linux-gnueabi-ld) supports shared libraries
configure:10958: result: yes
configure:10976: /home/simon/GIT/buildroot-k3-current/output/host/usr/bin/arm-none-linux-gnueabi-g++ -c -D_LARGEFILE_SOURCE -D_LARGEFILE64_SOURCE -D_FILE_OFFSET_BITS=64  -pipe -U_FORTIFY_SOURCE -fno-stack-protector -fomit-frame-pointer -fPIC -O2  -D_LARGEFILE_SOURCE -D_LARGEFILE64_SOURCE -D_FILE_OFFSET_BITS=64 conftest.cc >&5
configure:10979: $? = 0
configure:11075: checking for /home/simon/GIT/buildroot-k3-current/output/host/usr/bin/arm-none-linux-gnueabi-g++ option to produce PIC
configure:11343: result: -fPIC
configure:11351: checking if /home/simon/GIT/buildroot-k3-current/output/host/usr/bin/arm-none-linux-gnueabi-g++ PIC flag -fPIC works
configure:11375: /home/simon/GIT/buildroot-k3-current/output/host/usr/bin/arm-none-linux-gnueabi-g++ -c -D_LARGEFILE_SOURCE -D_LARGEFILE64_SOURCE -D_FILE_OFFSET_BITS=64  -pipe -U_FORTIFY_SOURCE -fno-stack-protector -fomit-frame-pointer -fPIC -O2  -D_LARGEFILE_SOURCE -D_LARGEFILE64_SOURCE -D_FILE_OFFSET_BITS=64 -fPIC -DPIC conftest.cc >&5
configure:11379: $? = 0
configure:11386: result: yes
configure:11410: checking if /home/simon/GIT/buildroot-k3-current/output/host/usr/bin/arm-none-linux-gnueabi-g++ supports -c -o file.o
configure:11437: /home/simon/GIT/buildroot-k3-current/output/host/usr/bin/arm-none-linux-gnueabi-g++ -c -D_LARGEFILE_SOURCE -D_LARGEFILE64_SOURCE -D_FILE_OFFSET_BITS=64  -pipe -U_FORTIFY_SOURCE -fno-stack-protector -fomit-frame-pointer -fPIC -O2  -D_LARGEFILE_SOURCE -D_LARGEFILE64_SOURCE -D_FILE_OFFSET_BITS=64 -o out/conftest2.o conftest.cc >&5
configure:11441: $? = 0
configure:11457: result: yes
configure:11483: checking whether the /home/simon/GIT/buildroot-k3-current/output/host/usr/bin/arm-none-linux-gnueabi-g++ linker (/home/simon/GIT/buildroot-k3-current/output/host/usr/bin/arm-none-linux-gnueabi-ld) supports shared libraries
configure:11508: result: yes
configure:11579: checking dynamic linker characteristics
configure:12125: result: GNU/Linux ld.so
configure:12129: checking how to hardcode library paths into programs
configure:12154: result: immediate
configure:12168: checking whether stripping libraries is possible
configure:12173: result: yes
configure:19685: checking for sed
configure:19701: found /bin/sed
configure:19711: result: sed
configure:19731: checking for gencat
configure:19747: found /usr/bin/gencat
configure:19757: result: gencat
configure:19805: checking for iconv_open
configure:19862: /home/simon/GIT/buildroot-k3-current/output/host/usr/bin/arm-none-linux-gnueabi-g++ -o conftest -D_LARGEFILE_SOURCE -D_LARGEFILE64_SOURCE -D_FILE_OFFSET_BITS=64  -pipe -U_FORTIFY_SOURCE -fno-stack-protector -fomit-frame-pointer -fPIC -O2  -D_LARGEFILE_SOURCE -D_LARGEFILE64_SOURCE -D_FILE_OFFSET_BITS=64  conftest.cc  >&5
configure:19868: $? = 0
configure:19872: test -z 
			 || test ! -s conftest.err
configure:19875: $? = 0
configure:19878: test -s conftest
configure:19881: $? = 0
configure:19893: result: yes
configure:20049: checking for GNU libiconv
configure:20067: /home/simon/GIT/buildroot-k3-current/output/host/usr/bin/arm-none-linux-gnueabi-g++ -c -D_LARGEFILE_SOURCE -D_LARGEFILE64_SOURCE -D_FILE_OFFSET_BITS=64  -pipe -U_FORTIFY_SOURCE -fno-stack-protector -fomit-frame-pointer -fPIC -O2  -D_LARGEFILE_SOURCE -D_LARGEFILE64_SOURCE -D_FILE_OFFSET_BITS=64 conftest.cc >&5
conftest.cc: In function 'int main(int, char**)':
conftest.cc:10: error: invalid conversion from 'const char**' to 'char**'
conftest.cc:10: error:   initializing argument 2 of 'size_t iconv(void*, char**, size_t*, char**, size_t*)'
configure:20073: $? = 1
configure: failed program was:
| 
| #include <sys/types.h>
| #include <iconv.h>
| 
| int main(int, char **) {
|     iconv_t cd;
|     const char *inp;
|     char *outp;
|     size_t inbytes, outbytes;
|     iconv(cd, &inp, &inbytes, &outp, &outbytes);
|     return 0;
| }
| 
configure:20099: result: no, assuming POSIX compliance
configure:20110: checking for setlocale
configure:20167: /home/simon/GIT/buildroot-k3-current/output/host/usr/bin/arm-none-linux-gnueabi-g++ -o conftest -D_LARGEFILE_SOURCE -D_LARGEFILE64_SOURCE -D_FILE_OFFSET_BITS=64  -pipe -U_FORTIFY_SOURCE -fno-stack-protector -fomit-frame-pointer -fPIC -O2  -D_LARGEFILE_SOURCE -D_LARGEFILE64_SOURCE -D_FILE_OFFSET_BITS=64  conftest.cc  >&5
configure:20173: $? = 0
configure:20177: test -z 
			 || test ! -s conftest.err
configure:20180: $? = 0
configure:20183: test -s conftest
configure:20186: $? = 0
configure:20198: result: yes
configure:20284: checking for nl_langinfo
configure:20299: /home/simon/GIT/buildroot-k3-current/output/host/usr/bin/arm-none-linux-gnueabi-g++ -c -D_LARGEFILE_SOURCE -D_LARGEFILE64_SOURCE -D_FILE_OFFSET_BITS=64  -pipe -U_FORTIFY_SOURCE -fno-stack-protector -fomit-frame-pointer -fPIC -O2  -D_LARGEFILE_SOURCE -D_LARGEFILE64_SOURCE -D_FILE_OFFSET_BITS=64 conftest.cc >&5
configure:20305: $? = 0
configure:20309: test -z 
			 || test ! -s conftest.err
configure:20312: $? = 0
configure:20315: test -s conftest.o
configure:20318: $? = 0
configure:20325: result: yes
configure:20337: checking for t_open in -lnsl
configure:20367: /home/simon/GIT/buildroot-k3-current/output/host/usr/bin/arm-none-linux-gnueabi-g++ -o conftest -D_LARGEFILE_SOURCE -D_LARGEFILE64_SOURCE -D_FILE_OFFSET_BITS=64  -pipe -U_FORTIFY_SOURCE -fno-stack-protector -fomit-frame-pointer -fPIC -O2  -D_LARGEFILE_SOURCE -D_LARGEFILE64_SOURCE -D_FILE_OFFSET_BITS=64  conftest.cc -lnsl   >&5
/tmp/ccUaLrvX.o: In function `main':
conftest.cc:(.text+0x4): undefined reference to `t_open'
collect2: ld returned 1 exit status
configure:20373: $? = 1
configure: failed program was:
| /* confdefs.h.  */
| 
| #define PACKAGE_NAME "blackbox"
| #define PACKAGE_TARNAME "blackbox"
| #define PACKAGE_VERSION "0.70.1"
| #define PACKAGE_STRING "blackbox 0.70.1"
| #define PACKAGE_BUGREPORT "http://blackboxwm.sourceforge.net"
| #define PACKAGE "blackbox"
| #define VERSION "0.70.1"
| #define STDC_HEADERS 1
| #ifdef __cplusplus
| extern "C" void exit (int) throw ();
| #endif
| #define HAVE_SYS_TYPES_H 1
| #define HAVE_SYS_STAT_H 1
| #define HAVE_STDLIB_H 1
| #define HAVE_STRING_H 1
| #define HAVE_MEMORY_H 1
| #define HAVE_STRINGS_H 1
| #define HAVE_INTTYPES_H 1
| #define HAVE_STDINT_H 1
| #define HAVE_UNISTD_H 1
| #define HAVE_DLFCN_H 1
| #define HAVE_ICONV_OPEN 1
| #define HAVE_SETLOCALE 1
| #define HAVE_NL_LANGINFO 1
| /* end confdefs.h.  */
| 
| /* Override any gcc2 internal prototype to avoid an error.  */
| #ifdef __cplusplus
| extern "C"
| #endif
| /* We use char because int might match the return type of a gcc2
|    builtin and then its argument prototype would still apply.  */
| char t_open ();
| int
| main ()
| {
| t_open ();
|   ;
|   return 0;
| }
configure:20399: result: no
configure:20405: checking for socket in -lsocket
configure:20435: /home/simon/GIT/buildroot-k3-current/output/host/usr/bin/arm-none-linux-gnueabi-g++ -o conftest -D_LARGEFILE_SOURCE -D_LARGEFILE64_SOURCE -D_FILE_OFFSET_BITS=64  -pipe -U_FORTIFY_SOURCE -fno-stack-protector -fomit-frame-pointer -fPIC -O2  -D_LARGEFILE_SOURCE -D_LARGEFILE64_SOURCE -D_FILE_OFFSET_BITS=64  conftest.cc -lsocket   >&5
/opt/arm-2007q3/bin/../lib/gcc/arm-none-linux-gnueabi/4.2.1/../../../../arm-none-linux-gnueabi/bin/ld: cannot find -lsocket
collect2: ld returned 1 exit status
configure:20441: $? = 1
configure: failed program was:
| /* confdefs.h.  */
| 
| #define PACKAGE_NAME "blackbox"
| #define PACKAGE_TARNAME "blackbox"
| #define PACKAGE_VERSION "0.70.1"
| #define PACKAGE_STRING "blackbox 0.70.1"
| #define PACKAGE_BUGREPORT "http://blackboxwm.sourceforge.net"
| #define PACKAGE "blackbox"
| #define VERSION "0.70.1"
| #define STDC_HEADERS 1
| #ifdef __cplusplus
| extern "C" void exit (int) throw ();
| #endif
| #define HAVE_SYS_TYPES_H 1
| #define HAVE_SYS_STAT_H 1
| #define HAVE_STDLIB_H 1
| #define HAVE_STRING_H 1
| #define HAVE_MEMORY_H 1
| #define HAVE_STRINGS_H 1
| #define HAVE_INTTYPES_H 1
| #define HAVE_STDINT_H 1
| #define HAVE_UNISTD_H 1
| #define HAVE_DLFCN_H 1
| #define HAVE_ICONV_OPEN 1
| #define HAVE_SETLOCALE 1
| #define HAVE_NL_LANGINFO 1
| /* end confdefs.h.  */
| 
| /* Override any gcc2 internal prototype to avoid an error.  */
| #ifdef __cplusplus
| extern "C"
| #endif
| /* We use char because int might match the return type of a gcc2
|    builtin and then its argument prototype would still apply.  */
| char socket ();
| int
| main ()
| {
| socket ();
|   ;
|   return 0;
| }
configure:20467: result: no
configure:20475: checking for X
configure:20705: result: libraries /home/simon/GIT/buildroot-k3-current/output/host/usr/arm-buildroot-linux-gnueabi/sysroot/usr/lib, headers /home/simon/GIT/buildroot-k3-current/output/host/usr/arm-buildroot-linux-gnueabi/sysroot/usr/include/X11
configure:20725: checking for XOpenDisplay in -lX11
configure:20755: /home/simon/GIT/buildroot-k3-current/output/host/usr/bin/arm-none-linux-gnueabi-g++ -o conftest -D_LARGEFILE_SOURCE -D_LARGEFILE64_SOURCE -D_FILE_OFFSET_BITS=64  -pipe -U_FORTIFY_SOURCE -fno-stack-protector -fomit-frame-pointer -fPIC -O2  -I/home/simon/GIT/buildroot-k3-current/output/host/usr/arm-buildroot-linux-gnueabi/sysroot/usr/include/X11 -D_LARGEFILE_SOURCE -D_LARGEFILE64_SOURCE -D_FILE_OFFSET_BITS=64 -I/home/simon/GIT/buildroot-k3-current/output/host/usr/arm-buildroot-linux-gnueabi/sysroot/usr/include/X11  conftest.cc -lX11   -L/home/simon/GIT/buildroot-k3-current/output/host/usr/arm-buildroot-linux-gnueabi/sysroot/usr/lib >&5
configure:20761: $? = 0
configure:20765: test -z 
			 || test ! -s conftest.err
configure:20768: $? = 0
configure:20771: test -s conftest
configure:20774: $? = 0
configure:20787: result: yes
configure:20813: checking X11/Xlib.h usability
configure:20825: /home/simon/GIT/buildroot-k3-current/output/host/usr/bin/arm-none-linux-gnueabi-g++ -c -D_LARGEFILE_SOURCE -D_LARGEFILE64_SOURCE -D_FILE_OFFSET_BITS=64  -pipe -U_FORTIFY_SOURCE -fno-stack-protector -fomit-frame-pointer -fPIC -O2  -I/home/simon/GIT/buildroot-k3-current/output/host/usr/arm-buildroot-linux-gnueabi/sysroot/usr/include/X11 -D_LARGEFILE_SOURCE -D_LARGEFILE64_SOURCE -D_FILE_OFFSET_BITS=64 -I/home/simon/GIT/buildroot-k3-current/output/host/usr/arm-buildroot-linux-gnueabi/sysroot/usr/include/X11 conftest.cc >&5
configure:20831: $? = 0
configure:20835: test -z 
			 || test ! -s conftest.err
configure:20838: $? = 0
configure:20841: test -s conftest.o
configure:20844: $? = 0
configure:20854: result: yes
configure:20858: checking X11/Xlib.h presence
configure:20868: /home/simon/GIT/buildroot-k3-current/output/host/usr/bin/arm-none-linux-gnueabi-g++ -E -D_LARGEFILE_SOURCE -D_LARGEFILE64_SOURCE -D_FILE_OFFSET_BITS=64 -I/home/simon/GIT/buildroot-k3-current/output/host/usr/arm-buildroot-linux-gnueabi/sysroot/usr/include/X11 conftest.cc
configure:20874: $? = 0
configure:20894: result: yes
configure:20929: checking for X11/Xlib.h
configure:20936: result: yes
configure:20963: checking for X11/Xatom.h
configure:20981: /home/simon/GIT/buildroot-k3-current/output/host/usr/bin/arm-none-linux-gnueabi-g++ -c -D_LARGEFILE_SOURCE -D_LARGEFILE64_SOURCE -D_FILE_OFFSET_BITS=64  -pipe -U_FORTIFY_SOURCE -fno-stack-protector -fomit-frame-pointer -fPIC -O2  -I/home/simon/GIT/buildroot-k3-current/output/host/usr/arm-buildroot-linux-gnueabi/sysroot/usr/include/X11 -D_LARGEFILE_SOURCE -D_LARGEFILE64_SOURCE -D_FILE_OFFSET_BITS=64 -I/home/simon/GIT/buildroot-k3-current/output/host/usr/arm-buildroot-linux-gnueabi/sysroot/usr/include/X11 conftest.cc >&5
configure:20987: $? = 0
configure:20991: test -z 
			 || test ! -s conftest.err
configure:20994: $? = 0
configure:20997: test -s conftest.o
configure:21000: $? = 0
configure:21011: result: yes
configure:20963: checking for X11/Xlocale.h
configure:20981: /home/simon/GIT/buildroot-k3-current/output/host/usr/bin/arm-none-linux-gnueabi-g++ -c -D_LARGEFILE_SOURCE -D_LARGEFILE64_SOURCE -D_FILE_OFFSET_BITS=64  -pipe -U_FORTIFY_SOURCE -fno-stack-protector -fomit-frame-pointer -fPIC -O2  -I/home/simon/GIT/buildroot-k3-current/output/host/usr/arm-buildroot-linux-gnueabi/sysroot/usr/include/X11 -D_LARGEFILE_SOURCE -D_LARGEFILE64_SOURCE -D_FILE_OFFSET_BITS=64 -I/home/simon/GIT/buildroot-k3-current/output/host/usr/arm-buildroot-linux-gnueabi/sysroot/usr/include/X11 conftest.cc >&5
configure:20987: $? = 0
configure:20991: test -z 
			 || test ! -s conftest.err
configure:20994: $? = 0
configure:20997: test -s conftest.o
configure:21000: $? = 0
configure:21011: result: yes
configure:20963: checking for X11/Xresource.h
configure:20981: /home/simon/GIT/buildroot-k3-current/output/host/usr/bin/arm-none-linux-gnueabi-g++ -c -D_LARGEFILE_SOURCE -D_LARGEFILE64_SOURCE -D_FILE_OFFSET_BITS=64  -pipe -U_FORTIFY_SOURCE -fno-stack-protector -fomit-frame-pointer -fPIC -O2  -I/home/simon/GIT/buildroot-k3-current/output/host/usr/arm-buildroot-linux-gnueabi/sysroot/usr/include/X11 -D_LARGEFILE_SOURCE -D_LARGEFILE64_SOURCE -D_FILE_OFFSET_BITS=64 -I/home/simon/GIT/buildroot-k3-current/output/host/usr/arm-buildroot-linux-gnueabi/sysroot/usr/include/X11 conftest.cc >&5
configure:20987: $? = 0
configure:20991: test -z 
			 || test ! -s conftest.err
configure:20994: $? = 0
configure:20997: test -s conftest.o
configure:21000: $? = 0
configure:21011: result: yes
configure:20963: checking for X11/Xutil.h
configure:20981: /home/simon/GIT/buildroot-k3-current/output/host/usr/bin/arm-none-linux-gnueabi-g++ -c -D_LARGEFILE_SOURCE -D_LARGEFILE64_SOURCE -D_FILE_OFFSET_BITS=64  -pipe -U_FORTIFY_SOURCE -fno-stack-protector -fomit-frame-pointer -fPIC -O2  -I/home/simon/GIT/buildroot-k3-current/output/host/usr/arm-buildroot-linux-gnueabi/sysroot/usr/include/X11 -D_LARGEFILE_SOURCE -D_LARGEFILE64_SOURCE -D_FILE_OFFSET_BITS=64 -I/home/simon/GIT/buildroot-k3-current/output/host/usr/arm-buildroot-linux-gnueabi/sysroot/usr/include/X11 conftest.cc >&5
configure:20987: $? = 0
configure:20991: test -z 
			 || test ! -s conftest.err
configure:20994: $? = 0
configure:20997: test -s conftest.o
configure:21000: $? = 0
configure:21011: result: yes
configure:20963: checking for X11/keysym.h
configure:20981: /home/simon/GIT/buildroot-k3-current/output/host/usr/bin/arm-none-linux-gnueabi-g++ -c -D_LARGEFILE_SOURCE -D_LARGEFILE64_SOURCE -D_FILE_OFFSET_BITS=64  -pipe -U_FORTIFY_SOURCE -fno-stack-protector -fomit-frame-pointer -fPIC -O2  -I/home/simon/GIT/buildroot-k3-current/output/host/usr/arm-buildroot-linux-gnueabi/sysroot/usr/include/X11 -D_LARGEFILE_SOURCE -D_LARGEFILE64_SOURCE -D_FILE_OFFSET_BITS=64 -I/home/simon/GIT/buildroot-k3-current/output/host/usr/arm-buildroot-linux-gnueabi/sysroot/usr/include/X11 conftest.cc >&5
configure:20987: $? = 0
configure:20991: test -z 
			 || test ! -s conftest.err
configure:20994: $? = 0
configure:20997: test -s conftest.o
configure:21000: $? = 0
configure:21011: result: yes
configure:21028: checking whether to build support for the SHAPE extension
configure:21037: result: yes
configure:21041: checking for XShapeCombineShape in -lXext
configure:21071: /home/simon/GIT/buildroot-k3-current/output/host/usr/bin/arm-none-linux-gnueabi-g++ -o conftest -D_LARGEFILE_SOURCE -D_LARGEFILE64_SOURCE -D_FILE_OFFSET_BITS=64  -pipe -U_FORTIFY_SOURCE -fno-stack-protector -fomit-frame-pointer -fPIC -O2  -I/home/simon/GIT/buildroot-k3-current/output/host/usr/arm-buildroot-linux-gnueabi/sysroot/usr/include/X11 -D_LARGEFILE_SOURCE -D_LARGEFILE64_SOURCE -D_FILE_OFFSET_BITS=64 -I/home/simon/GIT/buildroot-k3-current/output/host/usr/arm-buildroot-linux-gnueabi/sysroot/usr/include/X11  conftest.cc -lXext   -L/home/simon/GIT/buildroot-k3-current/output/host/usr/arm-buildroot-linux-gnueabi/sysroot/usr/lib >&5
configure:21077: $? = 0
configure:21081: test -z 
			 || test ! -s conftest.err
configure:21084: $? = 0
configure:21087: test -s conftest
configure:21090: $? = 0
configure:21103: result: yes
configure:21122: checking for X11/extensions/shape.h
configure:21140: /home/simon/GIT/buildroot-k3-current/output/host/usr/bin/arm-none-linux-gnueabi-g++ -c -D_LARGEFILE_SOURCE -D_LARGEFILE64_SOURCE -D_FILE_OFFSET_BITS=64  -pipe -U_FORTIFY_SOURCE -fno-stack-protector -fomit-frame-pointer -fPIC -O2  -I/home/simon/GIT/buildroot-k3-current/output/host/usr/arm-buildroot-linux-gnueabi/sysroot/usr/include/X11 -D_LARGEFILE_SOURCE -D_LARGEFILE64_SOURCE -D_FILE_OFFSET_BITS=64 -I/home/simon/GIT/buildroot-k3-current/output/host/usr/arm-buildroot-linux-gnueabi/sysroot/usr/include/X11 conftest.cc >&5
configure:21146: $? = 0
configure:21150: test -z 
			 || test ! -s conftest.err
configure:21153: $? = 0
configure:21156: test -s conftest.o
configure:21159: $? = 0
configure:21170: result: yes
configure:21198: checking whether to build support for the MIT-SHM extension
configure:21207: result: yes
configure:21211: checking for XShmPutImage in -lXext
configure:21241: /home/simon/GIT/buildroot-k3-current/output/host/usr/bin/arm-none-linux-gnueabi-g++ -o conftest -D_LARGEFILE_SOURCE -D_LARGEFILE64_SOURCE -D_FILE_OFFSET_BITS=64  -pipe -U_FORTIFY_SOURCE -fno-stack-protector -fomit-frame-pointer -fPIC -O2  -I/home/simon/GIT/buildroot-k3-current/output/host/usr/arm-buildroot-linux-gnueabi/sysroot/usr/include/X11 -D_LARGEFILE_SOURCE -D_LARGEFILE64_SOURCE -D_FILE_OFFSET_BITS=64 -I/home/simon/GIT/buildroot-k3-current/output/host/usr/arm-buildroot-linux-gnueabi/sysroot/usr/include/X11  conftest.cc -lXext   -L/home/simon/GIT/buildroot-k3-current/output/host/usr/arm-buildroot-linux-gnueabi/sysroot/usr/lib >&5
configure:21247: $? = 0
configure:21251: test -z 
			 || test ! -s conftest.err
configure:21254: $? = 0
configure:21257: test -s conftest
configure:21260: $? = 0
configure:21273: result: yes
configure:21290: checking for X11/extensions/XShm.h
configure:21308: /home/simon/GIT/buildroot-k3-current/output/host/usr/bin/arm-none-linux-gnueabi-g++ -c -D_LARGEFILE_SOURCE -D_LARGEFILE64_SOURCE -D_FILE_OFFSET_BITS=64  -pipe -U_FORTIFY_SOURCE -fno-stack-protector -fomit-frame-pointer -fPIC -O2  -I/home/simon/GIT/buildroot-k3-current/output/host/usr/arm-buildroot-linux-gnueabi/sysroot/usr/include/X11 -D_LARGEFILE_SOURCE -D_LARGEFILE64_SOURCE -D_FILE_OFFSET_BITS=64 -I/home/simon/GIT/buildroot-k3-current/output/host/usr/arm-buildroot-linux-gnueabi/sysroot/usr/include/X11 conftest.cc >&5
configure:21314: $? = 0
configure:21318: test -z 
			 || test ! -s conftest.err
configure:21321: $? = 0
configure:21324: test -s conftest.o
configure:21327: $? = 0
configure:21338: result: yes
configure:21368: checking whether to build support for Xft
configure:21377: result: yes
configure:21474: checking pkg-config is at least version 0.9.0
configure:21477: result: yes
configure:21488: checking for xft_CFLAGS
configure:21496: $PKG_CONFIG --exists "xft >= 2.0.0" >/dev/null 2>&1
configure:21499: $? = 0
configure:21509: result: -I/home/simon/GIT/buildroot-k3-current/output/host/usr/arm-buildroot-linux-gnueabi/sysroot/usr/include/freetype2 -I/home/simon/GIT/buildroot-k3-current/output/host/usr/arm-buildroot-linux-gnueabi/sysroot/usr/include  
configure:21511: checking for xft_LIBS
configure:21519: $PKG_CONFIG --exists "xft >= 2.0.0" >/dev/null 2>&1
configure:21522: $? = 0
configure:21532: result: -L/home/simon/GIT/buildroot-k3-current/output/host/usr/arm-buildroot-linux-gnueabi/sysroot/usr/lib -lXft  
configure:21560: checking whether to include verbose debugging code
configure:21569: result: no
configure:21579: checking whether to include NLS support
configure:21588: result: yes
configure:21598: checking whether to enable maintainer-specific portions of Makefiles
configure:21607: result: no
configure:21750: creating ./config.status

## ---------------------- ##
## Running config.status. ##
## ---------------------- ##

This file was extended by blackbox config.status 0.70.1, which was
generated by GNU Autoconf 2.59.  Invocation command line was

  CONFIG_FILES    = 
  CONFIG_HEADERS  = 
  CONFIG_LINKS    = 
  CONFIG_COMMANDS = 
  $ ./config.status 

on dev

config.status:744: creating version.h
config.status:744: creating Makefile
config.status:744: creating data/Makefile
config.status:744: creating data/styles/Makefile
config.status:744: creating doc/Makefile
config.status:744: creating doc/fr_FR/Makefile
config.status:744: creating doc/ja_JP/Makefile
config.status:744: creating doc/nl_NL/Makefile
config.status:744: creating doc/sl_SI/Makefile
config.status:744: creating lib/Makefile
config.status:744: creating lib/libbt.pc
config.status:744: creating src/Makefile
config.status:744: creating util/Makefile
config.status:848: creating config.h
config.status:1158: executing depfiles commands
configure:23091: result: 
configure:23093: result: 	blackbox version 0.70.1 configured successfully.
configure:23095: result: 
configure:23097: result: Using '/usr' for installation.
configure:23099: result: Using '/home/simon/GIT/buildroot-k3-current/output/host/usr/bin/arm-none-linux-gnueabi-g++' for C++ compiler.
configure:23101: result: Building with '-D_LARGEFILE_SOURCE -D_LARGEFILE64_SOURCE -D_FILE_OFFSET_BITS=64 -I/home/simon/GIT/buildroot-k3-current/output/host/usr/arm-buildroot-linux-gnueabi/sysroot/usr/include/X11 -D_LARGEFILE_SOURCE -D_LARGEFILE64_SOURCE -D_FILE_OFFSET_BITS=64  -pipe -U_FORTIFY_SOURCE -fno-stack-protector -fomit-frame-pointer -fPIC -O2  -I/home/simon/GIT/buildroot-k3-current/output/host/usr/arm-buildroot-linux-gnueabi/sysroot/usr/include/X11 -I/home/simon/GIT/buildroot-k3-current/output/host/usr/arm-buildroot-linux-gnueabi/sysroot/usr/include/freetype2 -I/home/simon/GIT/buildroot-k3-current/output/host/usr/arm-buildroot-linux-gnueabi/sysroot/usr/include  ' for C++ compiler flags.
configure:23103: result: Building with '  -L/home/simon/GIT/buildroot-k3-current/output/host/usr/arm-buildroot-linux-gnueabi/sysroot/usr/lib -lXext -lX11 -L/home/simon/GIT/buildroot-k3-current/output/host/usr/arm-buildroot-linux-gnueabi/sysroot/usr/lib -lXft  ' libraries.
configure:23105: result: 

## ---------------- ##
## Cache variables. ##
## ---------------- ##

ac_cv_build=i686-pc-linux-gnu
ac_cv_build_alias=i686-pc-linux-gnu
ac_cv_c_bigendian=no
ac_cv_c_compiler_gnu=yes
ac_cv_cxx_compiler_gnu=yes
ac_cv_env_CC_set=set
ac_cv_env_CC_value=/home/simon/GIT/buildroot-k3-current/output/host/usr/bin/arm-none-linux-gnueabi-gcc
ac_cv_env_CFLAGS_set=set
ac_cv_env_CFLAGS_value='-D_LARGEFILE_SOURCE -D_LARGEFILE64_SOURCE -D_FILE_OFFSET_BITS=64  -pipe -U_FORTIFY_SOURCE -fno-stack-protector -fomit-frame-pointer -fPIC -O2 '
ac_cv_env_CPPFLAGS_set=set
ac_cv_env_CPPFLAGS_value='-D_LARGEFILE_SOURCE -D_LARGEFILE64_SOURCE -D_FILE_OFFSET_BITS=64'
ac_cv_env_CPP_set=set
ac_cv_env_CPP_value=/home/simon/GIT/buildroot-k3-current/output/host/usr/bin/arm-none-linux-gnueabi-cpp
ac_cv_env_CXXCPP_set=
ac_cv_env_CXXCPP_value=
ac_cv_env_CXXFLAGS_set=set
ac_cv_env_CXXFLAGS_value='-D_LARGEFILE_SOURCE -D_LARGEFILE64_SOURCE -D_FILE_OFFSET_BITS=64  -pipe -U_FORTIFY_SOURCE -fno-stack-protector -fomit-frame-pointer -fPIC -O2 '
ac_cv_env_CXX_set=set
ac_cv_env_CXX_value=/home/simon/GIT/buildroot-k3-current/output/host/usr/bin/arm-none-linux-gnueabi-g++
ac_cv_env_F77_set=
ac_cv_env_F77_value=
ac_cv_env_FFLAGS_set=
ac_cv_env_FFLAGS_value=
ac_cv_env_LDFLAGS_set=set
ac_cv_env_LDFLAGS_value=
ac_cv_env_PKG_CONFIG_set=set
ac_cv_env_PKG_CONFIG_value=/home/simon/GIT/buildroot-k3-current/output/host/usr/bin/pkg-config
ac_cv_env_build_alias_set=set
ac_cv_env_build_alias_value=i686-pc-linux-gnu
ac_cv_env_host_alias_set=set
ac_cv_env_host_alias_value=arm-buildroot-linux-gnueabi
ac_cv_env_target_alias_set=set
ac_cv_env_target_alias_value=arm-buildroot-linux-gnueabi
ac_cv_env_xft_CFLAGS_set=
ac_cv_env_xft_CFLAGS_value=
ac_cv_env_xft_LIBS_set=
ac_cv_env_xft_LIBS_value=
ac_cv_exeext=
ac_cv_f77_compiler_gnu=no
ac_cv_func_calloc_0_nonnull=yes
ac_cv_func_iconv_open=yes
ac_cv_func_malloc_0_nonnull=yes
ac_cv_func_memcmp_working=yes
ac_cv_func_mmap_fixed_mapped=yes
ac_cv_func_realloc_0_nonnull=yes
ac_cv_func_setlocale=yes
ac_cv_have_decl_malloc=yes
ac_cv_have_x='have_x=yes 		ac_x_includes=/home/simon/GIT/buildroot-k3-current/output/host/usr/arm-buildroot-linux-gnueabi/sysroot/usr/include/X11 ac_x_libraries=/home/simon/GIT/buildroot-k3-current/output/host/usr/arm-buildroot-linux-gnueabi/sysroot/usr/lib'
ac_cv_header_X11_Xatom_h=yes
ac_cv_header_X11_Xlib_h=yes
ac_cv_header_X11_Xlocale_h=yes
ac_cv_header_X11_Xresource_h=yes
ac_cv_header_X11_Xutil_h=yes
ac_cv_header_X11_extensions_XShm_h=yes
ac_cv_header_X11_extensions_shape_h=yes
ac_cv_header_X11_keysym_h=yes
ac_cv_header_dlfcn_h=yes
ac_cv_header_inttypes_h=yes
ac_cv_header_memory_h=yes
ac_cv_header_stdc=yes
ac_cv_header_stdint_h=yes
ac_cv_header_stdlib_h=yes
ac_cv_header_string_h=yes
ac_cv_header_strings_h=yes
ac_cv_header_sys_stat_h=yes
ac_cv_header_sys_types_h=yes
ac_cv_header_unistd_h=yes
ac_cv_host=arm-buildroot-linux-gnueabi
ac_cv_host_alias=arm-buildroot-linux-gnueabi
ac_cv_lbl_unaligned_fail=yes
ac_cv_lib_X11_XOpenDisplay=yes
ac_cv_lib_Xext_XShapeCombineShape=yes
ac_cv_lib_Xext_XShmPutImage=yes
ac_cv_lib_nsl_t_open=no
ac_cv_lib_socket_socket=no
ac_cv_objext=o
ac_cv_path_install='/usr/bin/install -c'
ac_cv_prog_AR=/home/simon/GIT/buildroot-k3-current/output/host/usr/bin/arm-none-linux-gnueabi-ar
ac_cv_prog_AWK=gawk
ac_cv_prog_CC=/home/simon/GIT/buildroot-k3-current/output/host/usr/bin/arm-none-linux-gnueabi-gcc
ac_cv_prog_CPP=/home/simon/GIT/buildroot-k3-current/output/host/usr/bin/arm-none-linux-gnueabi-cpp
ac_cv_prog_CXX=/home/simon/GIT/buildroot-k3-current/output/host/usr/bin/arm-none-linux-gnueabi-g++
ac_cv_prog_CXXCPP='/home/simon/GIT/buildroot-k3-current/output/host/usr/bin/arm-none-linux-gnueabi-g++ -E'
ac_cv_prog_RANLIB=/home/simon/GIT/buildroot-k3-current/output/host/usr/bin/arm-none-linux-gnueabi-ranlib
ac_cv_prog_STRIP=/home/simon/GIT/buildroot-k3-current/output/host/usr/bin/arm-none-linux-gnueabi-strip
ac_cv_prog_cc_g=yes
ac_cv_prog_cc_stdc=
ac_cv_prog_cxx_g=yes
ac_cv_prog_egrep='grep -E'
ac_cv_prog_f77_g=no
ac_cv_prog_gencat_cmd=gencat
ac_cv_prog_make_make_set=yes
ac_cv_prog_regex_cmd=sed
am_cv_CC_dependencies_compiler_type=gcc3
am_cv_CXX_dependencies_compiler_type=gcc3
gl_cv_func_malloc_0_nonnull=yes
lt_cv_deplibs_check_method=pass_all
lt_cv_file_magic_cmd='$MAGIC_CMD'
lt_cv_file_magic_test_file=
lt_cv_ld_reload_flag=-r
lt_cv_objdir=.libs
lt_cv_path_LD=/home/simon/GIT/buildroot-k3-current/output/host/usr/bin/arm-none-linux-gnueabi-ld
lt_cv_path_LDCXX=/home/simon/GIT/buildroot-k3-current/output/host/usr/bin/arm-none-linux-gnueabi-ld
lt_cv_path_NM=/home/simon/GIT/buildroot-k3-current/output/host/usr/bin/arm-none-linux-gnueabi-nm
lt_cv_path_SED=/bin/sed
lt_cv_prog_compiler_c_o=yes
lt_cv_prog_compiler_c_o_CXX=yes
lt_cv_prog_compiler_rtti_exceptions=no
lt_cv_prog_gnu_ld=yes
lt_cv_prog_gnu_ldcxx=yes
lt_cv_sys_global_symbol_pipe='sed -n -e '\''s/^.*[ 	]\([ABCDGIRSTW][ABCDGIRSTW]*\)[ 	][ 	]*\([_A-Za-z][_A-Za-z0-9]*\)$/\1 \2 \2/p'\'''
lt_cv_sys_global_symbol_to_c_name_address='sed -n -e '\''s/^: \([^ ]*\) $/  {\"\1\", (lt_ptr) 0},/p'\'' -e '\''s/^[BCDEGRST] \([^ ]*\) \([^ ]*\)$/  {"\2", (lt_ptr) \&\2},/p'\'''
lt_cv_sys_global_symbol_to_cdecl='sed -n -e '\''s/^. .* \(.*\)$/extern int \1;/p'\'''
lt_cv_sys_lib_search_path_spec=
lt_cv_sys_max_cmd_len=32768
lt_lt_cv_prog_compiler_c_o='"yes"'
lt_lt_cv_prog_compiler_c_o_CXX='"yes"'
lt_lt_cv_sys_global_symbol_pipe='"sed -n -e '\''s/^.*[ 	]\\([ABCDGIRSTW][ABCDGIRSTW]*\\)[ 	][ 	]*\\([_A-Za-z][_A-Za-z0-9]*\\)\$/\\1 \\2 \\2/p'\''"'
lt_lt_cv_sys_global_symbol_to_c_name_address='"sed -n -e '\''s/^: \\([^ ]*\\) \$/  {\\\"\\1\\\", (lt_ptr) 0},/p'\'' -e '\''s/^[BCDEGRST] \\([^ ]*\\) \\([^ ]*\\)\$/  {\"\\2\", (lt_ptr) \\&\\2},/p'\''"'
lt_lt_cv_sys_global_symbol_to_cdecl='"sed -n -e '\''s/^. .* \\(.*\\)\$/extern int \\1;/p'\''"'
pkg_cv_xft_CFLAGS='-I/home/simon/GIT/buildroot-k3-current/output/host/usr/arm-buildroot-linux-gnueabi/sysroot/usr/include/freetype2 -I/home/simon/GIT/buildroot-k3-current/output/host/usr/arm-buildroot-linux-gnueabi/sysroot/usr/include  '
pkg_cv_xft_LIBS='-L/home/simon/GIT/buildroot-k3-current/output/host/usr/arm-buildroot-linux-gnueabi/sysroot/usr/lib -lXft  '

## ----------------- ##
## Output variables. ##
## ----------------- ##

ACLOCAL='${SHELL} /home/simon/GIT/buildroot-k3-current/output/build/blackbox-0.70.1/missing --run aclocal-1.9'
AMDEPBACKSLASH='\'
AMDEP_FALSE='#'
AMDEP_TRUE=''
AMTAR='${SHELL} /home/simon/GIT/buildroot-k3-current/output/build/blackbox-0.70.1/missing --run tar'
AR='/home/simon/GIT/buildroot-k3-current/output/host/usr/bin/arm-none-linux-gnueabi-ar'
AUTOCONF='${SHELL} /home/simon/GIT/buildroot-k3-current/output/build/blackbox-0.70.1/missing --run autoconf'
AUTOHEADER='${SHELL} /home/simon/GIT/buildroot-k3-current/output/build/blackbox-0.70.1/missing --run autoheader'
AUTOMAKE='${SHELL} /home/simon/GIT/buildroot-k3-current/output/build/blackbox-0.70.1/missing --run automake-1.9'
AWK='gawk'
CC='/home/simon/GIT/buildroot-k3-current/output/host/usr/bin/arm-none-linux-gnueabi-gcc'
CCDEPMODE='depmode=gcc3'
CFLAGS='-D_LARGEFILE_SOURCE -D_LARGEFILE64_SOURCE -D_FILE_OFFSET_BITS=64  -pipe -U_FORTIFY_SOURCE -fno-stack-protector -fomit-frame-pointer -fPIC -O2 '
CPP='/home/simon/GIT/buildroot-k3-current/output/host/usr/bin/arm-none-linux-gnueabi-cpp'
CPPFLAGS='-D_LARGEFILE_SOURCE -D_LARGEFILE64_SOURCE -D_FILE_OFFSET_BITS=64 -I/home/simon/GIT/buildroot-k3-current/output/host/usr/arm-buildroot-linux-gnueabi/sysroot/usr/include/X11'
CXX='/home/simon/GIT/buildroot-k3-current/output/host/usr/bin/arm-none-linux-gnueabi-g++'
CXXCPP='/home/simon/GIT/buildroot-k3-current/output/host/usr/bin/arm-none-linux-gnueabi-g++ -E'
CXXDEPMODE='depmode=gcc3'
CXXFLAGS='-D_LARGEFILE_SOURCE -D_LARGEFILE64_SOURCE -D_FILE_OFFSET_BITS=64  -pipe -U_FORTIFY_SOURCE -fno-stack-protector -fomit-frame-pointer -fPIC -O2  -I/home/simon/GIT/buildroot-k3-current/output/host/usr/arm-buildroot-linux-gnueabi/sysroot/usr/include/X11 -I/home/simon/GIT/buildroot-k3-current/output/host/usr/arm-buildroot-linux-gnueabi/sysroot/usr/include/freetype2 -I/home/simon/GIT/buildroot-k3-current/output/host/usr/arm-buildroot-linux-gnueabi/sysroot/usr/include  '
CYGPATH_W='echo'
DEBUG=''
DEFS='-DHAVE_CONFIG_H'
DEPDIR='.deps'
ECHO='echo'
ECHO_C=''
ECHO_N='-n'
ECHO_T=''
EGREP='grep -E'
EXEEXT=''
F77=''
FFLAGS=''
ICONV=''
INSTALL_DATA='${INSTALL} -m 644'
INSTALL_PROGRAM='${INSTALL}'
INSTALL_SCRIPT='${INSTALL}'
INSTALL_STRIP_PROGRAM='${SHELL} $(install_sh) -c -s'
LDFLAGS=''
LIBOBJS=''
LIBS=' -L/home/simon/GIT/buildroot-k3-current/output/host/usr/arm-buildroot-linux-gnueabi/sysroot/usr/lib -lXext -lX11 -L/home/simon/GIT/buildroot-k3-current/output/host/usr/arm-buildroot-linux-gnueabi/sysroot/usr/lib -lXft  '
LIBTOOL='$(SHELL) $(top_builddir)/libtool'
LIBTOOL_DEPS='./ltmain.sh'
LN_S='ln -s'
LOCALE=''
LTLIBOBJS=''
MAINT='#'
MAINTAINER_MODE_FALSE=''
MAINTAINER_MODE_TRUE='#'
MAKEINFO='${SHELL} /home/simon/GIT/buildroot-k3-current/output/build/blackbox-0.70.1/missing --run makeinfo'
MITSHM='-DMITSHM'
NLS='-DNLS'
OBJEXT='o'
PACKAGE='blackbox'
PACKAGE_BUGREPORT='http://blackboxwm.sourceforge.net'
PACKAGE_NAME='blackbox'
PACKAGE_STRING='blackbox 0.70.1'
PACKAGE_TARNAME='blackbox'
PACKAGE_VERSION='0.70.1'
PATH_SEPARATOR=':'
PKG_CONFIG='/home/simon/GIT/buildroot-k3-current/output/host/usr/bin/pkg-config'
RANLIB='/home/simon/GIT/buildroot-k3-current/output/host/usr/bin/arm-none-linux-gnueabi-ranlib'
SET_MAKE=''
SHAPE='-DSHAPE'
SHELL='/bin/sh'
STRIP='/home/simon/GIT/buildroot-k3-current/output/host/usr/bin/arm-none-linux-gnueabi-strip'
VERSION='0.70.1'
XFT='-DXFT'
XFT_PKGCONFIG='xft >= 2.0.0'
ac_ct_AR=''
ac_ct_CC=''
ac_ct_CXX=''
ac_ct_F77=''
ac_ct_RANLIB=''
ac_ct_STRIP=''
ac_pt_PKG_CONFIG=''
am__fastdepCC_FALSE='#'
am__fastdepCC_TRUE=''
am__fastdepCXX_FALSE='#'
am__fastdepCXX_TRUE=''
am__include='include'
am__leading_dot='.'
am__quote=''
am__tar='${AMTAR} chof - "$$tardir"'
am__untar='${AMTAR} xf -'
bindir='${exec_prefix}/bin'
build='i686-pc-linux-gnu'
build_alias='i686-pc-linux-gnu'
build_cpu='i686'
build_os='linux-gnu'
build_vendor='pc'
datadir='${prefix}/share'
exec_prefix='/usr'
gencat_cmd='gencat'
host='arm-buildroot-linux-gnueabi'
host_alias='arm-buildroot-linux-gnueabi'
host_cpu='arm'
host_os='linux-gnueabi'
host_vendor='buildroot'
includedir='${prefix}/include'
infodir='${prefix}/info'
install_sh='/home/simon/GIT/buildroot-k3-current/output/build/blackbox-0.70.1/install-sh'
libdir='${exec_prefix}/lib'
libexecdir='${exec_prefix}/libexec'
localstatedir='${prefix}/var'
mandir='${prefix}/man'
mkdir_p='mkdir -p --'
oldincludedir='/usr/include'
prefix='/usr'
program_transform_name='s,^,,'
regex_cmd='sed'
sbindir='${exec_prefix}/sbin'
sharedstatedir='${prefix}/com'
sysconfdir='/etc'
target_alias='arm-buildroot-linux-gnueabi'
xft_CFLAGS='-I/home/simon/GIT/buildroot-k3-current/output/host/usr/arm-buildroot-linux-gnueabi/sysroot/usr/include/freetype2 -I/home/simon/GIT/buildroot-k3-current/output/host/usr/arm-buildroot-linux-gnueabi/sysroot/usr/include  '
xft_LIBS='-L/home/simon/GIT/buildroot-k3-current/output/host/usr/arm-buildroot-linux-gnueabi/sysroot/usr/lib -lXft  '

## ----------- ##
## confdefs.h. ##
## ----------- ##

#define HAVE_DLFCN_H 1
#define HAVE_ICONV_OPEN 1
#define HAVE_INTTYPES_H 1
#define HAVE_MEMORY_H 1
#define HAVE_NL_LANGINFO 1
#define HAVE_SETLOCALE 1
#define HAVE_STDINT_H 1
#define HAVE_STDLIB_H 1
#define HAVE_STRINGS_H 1
#define HAVE_STRING_H 1
#define HAVE_SYS_STAT_H 1
#define HAVE_SYS_TYPES_H 1
#define HAVE_UNISTD_H 1
#define HAVE_X11_EXTENSIONS_SHAPE_H 1
#define HAVE_X11_EXTENSIONS_XSHM_H 1
#define HAVE_X11_KEYSYM_H 1
#define HAVE_X11_XATOM_H 1
#define HAVE_X11_XLIB_H 1
#define HAVE_X11_XLOCALE_H 1
#define HAVE_X11_XRESOURCE_H 1
#define HAVE_X11_XUTIL_H 1
#define PACKAGE "blackbox"
#define PACKAGE_BUGREPORT "http://blackboxwm.sourceforge.net"
#define PACKAGE_NAME "blackbox"
#define PACKAGE_STRING "blackbox 0.70.1"
#define PACKAGE_TARNAME "blackbox"
#define PACKAGE_VERSION "0.70.1"
#define STDC_HEADERS 1
#define VERSION "0.70.1"
#endif
#ifdef __cplusplus
extern "C" void exit (int) throw ();

configure: exit 0
