This file contains any messages produced by compilers while
running configure, to aid debugging if configure makes a mistake.

It was created by configure, which was
generated by GNU Autoconf 2.68.  Invocation command line was

  $ ./configure --prefix=/home/simon/GIT/buildroot-k3-current/output/host/usr --sysconfdir=/home/simon/GIT/buildroot-k3-current/output/host/etc --enable-shared --disable-static --without-debug --without-python --without-crypto

## --------- ##
## Platform. ##
## --------- ##

hostname = dev
uname -m = i686
uname -r = 3.2.0-33-generic
uname -s = Linux
uname -v = #52-Ubuntu SMP Thu Oct 18 16:19:45 UTC 2012

/usr/bin/uname -p = unknown
/bin/uname -X     = unknown

/bin/arch              = unknown
/usr/bin/arch -k       = unknown
/usr/convex/getsysinfo = unknown
/usr/bin/hostinfo      = unknown
/bin/machine           = unknown
/usr/bin/oslevel       = unknown
/bin/universe          = unknown

PATH: /home/simon/GIT/buildroot-k3-current/output/host/bin
PATH: /home/simon/GIT/buildroot-k3-current/output/host/usr/bin
PATH: /home/simon/bin
PATH: /usr/local/sbin
PATH: /usr/local/bin
PATH: /usr/sbin
PATH: /usr/bin
PATH: /sbin
PATH: /bin
PATH: /usr/games


## ----------- ##
## Core tests. ##
## ----------- ##

configure:2307: checking build system type
configure:2321: result: i686-pc-linux-gnu
configure:2341: checking host system type
configure:2354: result: i686-pc-linux-gnu
configure:2422: checking for gcc
configure:2449: result: /usr/bin/gcc
configure:2678: checking for C compiler version
configure:2687: /usr/bin/gcc --version >&5
gcc (Ubuntu/Linaro 4.6.3-1ubuntu5) 4.6.3
Copyright (C) 2011 Free Software Foundation, Inc.
This is free software; see the source for copying conditions.  There is NO
warranty; not even for MERCHANTABILITY or FITNESS FOR A PARTICULAR PURPOSE.

configure:2698: $? = 0
configure:2687: /usr/bin/gcc -v >&5
Using built-in specs.
COLLECT_GCC=/usr/bin/gcc
COLLECT_LTO_WRAPPER=/usr/lib/gcc/i686-linux-gnu/4.6/lto-wrapper
Target: i686-linux-gnu
Configured with: ../src/configure -v --with-pkgversion='Ubuntu/Linaro 4.6.3-1ubuntu5' --with-bugurl=file:///usr/share/doc/gcc-4.6/README.Bugs --enable-languages=c,c++,fortran,objc,obj-c++ --prefix=/usr --program-suffix=-4.6 --enable-shared --enable-linker-build-id --with-system-zlib --libexecdir=/usr/lib --without-included-gettext --enable-threads=posix --with-gxx-include-dir=/usr/include/c++/4.6 --libdir=/usr/lib --enable-nls --with-sysroot=/ --enable-clocale=gnu --enable-libstdcxx-debug --enable-libstdcxx-time=yes --enable-gnu-unique-object --enable-plugin --enable-objc-gc --enable-targets=all --disable-werror --with-arch-32=i686 --with-tune=generic --enable-checking=release --build=i686-linux-gnu --host=i686-linux-gnu --target=i686-linux-gnu
Thread model: posix
gcc version 4.6.3 (Ubuntu/Linaro 4.6.3-1ubuntu5) 
configure:2698: $? = 0
configure:2687: /usr/bin/gcc -V >&5
gcc: error: unrecognized option '-V'
gcc: fatal error: no input files
compilation terminated.
configure:2698: $? = 4
configure:2687: /usr/bin/gcc -qversion >&5
gcc: error: unrecognized option '-qversion'
gcc: fatal error: no input files
compilation terminated.
configure:2698: $? = 4
configure:2718: checking whether the C compiler works
configure:2740: /usr/bin/gcc -O2 -I/home/simon/GIT/buildroot-k3-current/output/host/usr/include -I/home/simon/GIT/buildroot-k3-current/output/host/usr/include -L/home/simon/GIT/buildroot-k3-current/output/host/lib -L/home/simon/GIT/buildroot-k3-current/output/host/usr/lib -Wl,-rpath,/home/simon/GIT/buildroot-k3-current/output/host/usr/lib conftest.c  >&5
configure:2744: $? = 0
configure:2792: result: yes
configure:2795: checking for C compiler default output file name
configure:2797: result: a.out
configure:2803: checking for suffix of executables
configure:2810: /usr/bin/gcc -o conftest -O2 -I/home/simon/GIT/buildroot-k3-current/output/host/usr/include -I/home/simon/GIT/buildroot-k3-current/output/host/usr/include -L/home/simon/GIT/buildroot-k3-current/output/host/lib -L/home/simon/GIT/buildroot-k3-current/output/host/usr/lib -Wl,-rpath,/home/simon/GIT/buildroot-k3-current/output/host/usr/lib conftest.c  >&5
configure:2814: $? = 0
configure:2836: result: 
configure:2858: checking whether we are cross compiling
configure:2866: /usr/bin/gcc -o conftest -O2 -I/home/simon/GIT/buildroot-k3-current/output/host/usr/include -I/home/simon/GIT/buildroot-k3-current/output/host/usr/include -L/home/simon/GIT/buildroot-k3-current/output/host/lib -L/home/simon/GIT/buildroot-k3-current/output/host/usr/lib -Wl,-rpath,/home/simon/GIT/buildroot-k3-current/output/host/usr/lib conftest.c  >&5
configure:2870: $? = 0
configure:2877: ./conftest
configure:2881: $? = 0
configure:2896: result: no
configure:2901: checking for suffix of object files
configure:2923: /usr/bin/gcc -c -O2 -I/home/simon/GIT/buildroot-k3-current/output/host/usr/include -I/home/simon/GIT/buildroot-k3-current/output/host/usr/include conftest.c >&5
configure:2927: $? = 0
configure:2948: result: o
configure:2952: checking whether we are using the GNU C compiler
configure:2971: /usr/bin/gcc -c -O2 -I/home/simon/GIT/buildroot-k3-current/output/host/usr/include -I/home/simon/GIT/buildroot-k3-current/output/host/usr/include conftest.c >&5
configure:2971: $? = 0
configure:2980: result: yes
configure:2989: checking whether /usr/bin/gcc accepts -g
configure:3009: /usr/bin/gcc -c -g -I/home/simon/GIT/buildroot-k3-current/output/host/usr/include conftest.c >&5
configure:3009: $? = 0
configure:3050: result: yes
configure:3067: checking for /usr/bin/gcc option to accept ISO C89
configure:3131: /usr/bin/gcc  -c -O2 -I/home/simon/GIT/buildroot-k3-current/output/host/usr/include -I/home/simon/GIT/buildroot-k3-current/output/host/usr/include conftest.c >&5
configure:3131: $? = 0
configure:3144: result: none needed
configure:3170: checking how to run the C preprocessor
configure:3240: result: /usr/bin/cpp
configure:3260: /usr/bin/cpp -I/home/simon/GIT/buildroot-k3-current/output/host/usr/include conftest.c
configure:3260: $? = 0
configure:3274: /usr/bin/cpp -I/home/simon/GIT/buildroot-k3-current/output/host/usr/include conftest.c
conftest.c:9:28: fatal error: ac_nonexistent.h: No such file or directory
compilation terminated.
configure:3274: $? = 1
configure: failed program was:
| /* confdefs.h */
| #define PACKAGE_NAME ""
| #define PACKAGE_TARNAME ""
| #define PACKAGE_VERSION ""
| #define PACKAGE_STRING ""
| #define PACKAGE_BUGREPORT ""
| #define PACKAGE_URL ""
| /* end confdefs.h.  */
| #include <ac_nonexistent.h>
configure:3303: checking for grep that handles long lines and -e
configure:3361: result: /bin/grep
configure:3366: checking for egrep
configure:3428: result: /bin/grep -E
configure:3433: checking for ANSI C header files
configure:3453: /usr/bin/gcc -c -O2 -I/home/simon/GIT/buildroot-k3-current/output/host/usr/include -I/home/simon/GIT/buildroot-k3-current/output/host/usr/include conftest.c >&5
configure:3453: $? = 0
configure:3526: /usr/bin/gcc -o conftest -O2 -I/home/simon/GIT/buildroot-k3-current/output/host/usr/include -I/home/simon/GIT/buildroot-k3-current/output/host/usr/include -L/home/simon/GIT/buildroot-k3-current/output/host/lib -L/home/simon/GIT/buildroot-k3-current/output/host/usr/lib -Wl,-rpath,/home/simon/GIT/buildroot-k3-current/output/host/usr/lib conftest.c  >&5
configure:3526: $? = 0
configure:3526: ./conftest
configure:3526: $? = 0
configure:3537: result: yes
configure:3550: checking for sys/types.h
configure:3550: /usr/bin/gcc -c -O2 -I/home/simon/GIT/buildroot-k3-current/output/host/usr/include -I/home/simon/GIT/buildroot-k3-current/output/host/usr/include conftest.c >&5
configure:3550: $? = 0
configure:3550: result: yes
configure:3550: checking for sys/stat.h
configure:3550: /usr/bin/gcc -c -O2 -I/home/simon/GIT/buildroot-k3-current/output/host/usr/include -I/home/simon/GIT/buildroot-k3-current/output/host/usr/include conftest.c >&5
configure:3550: $? = 0
configure:3550: result: yes
configure:3550: checking for stdlib.h
configure:3550: /usr/bin/gcc -c -O2 -I/home/simon/GIT/buildroot-k3-current/output/host/usr/include -I/home/simon/GIT/buildroot-k3-current/output/host/usr/include conftest.c >&5
configure:3550: $? = 0
configure:3550: result: yes
configure:3550: checking for string.h
configure:3550: /usr/bin/gcc -c -O2 -I/home/simon/GIT/buildroot-k3-current/output/host/usr/include -I/home/simon/GIT/buildroot-k3-current/output/host/usr/include conftest.c >&5
configure:3550: $? = 0
configure:3550: result: yes
configure:3550: checking for memory.h
configure:3550: /usr/bin/gcc -c -O2 -I/home/simon/GIT/buildroot-k3-current/output/host/usr/include -I/home/simon/GIT/buildroot-k3-current/output/host/usr/include conftest.c >&5
configure:3550: $? = 0
configure:3550: result: yes
configure:3550: checking for strings.h
configure:3550: /usr/bin/gcc -c -O2 -I/home/simon/GIT/buildroot-k3-current/output/host/usr/include -I/home/simon/GIT/buildroot-k3-current/output/host/usr/include conftest.c >&5
configure:3550: $? = 0
configure:3550: result: yes
configure:3550: checking for inttypes.h
configure:3550: /usr/bin/gcc -c -O2 -I/home/simon/GIT/buildroot-k3-current/output/host/usr/include -I/home/simon/GIT/buildroot-k3-current/output/host/usr/include conftest.c >&5
configure:3550: $? = 0
configure:3550: result: yes
configure:3550: checking for stdint.h
configure:3550: /usr/bin/gcc -c -O2 -I/home/simon/GIT/buildroot-k3-current/output/host/usr/include -I/home/simon/GIT/buildroot-k3-current/output/host/usr/include conftest.c >&5
configure:3550: $? = 0
configure:3550: result: yes
configure:3550: checking for unistd.h
configure:3550: /usr/bin/gcc -c -O2 -I/home/simon/GIT/buildroot-k3-current/output/host/usr/include -I/home/simon/GIT/buildroot-k3-current/output/host/usr/include conftest.c >&5
configure:3550: $? = 0
configure:3550: result: yes
configure:3563: checking minix/config.h usability
configure:3563: /usr/bin/gcc -c -O2 -I/home/simon/GIT/buildroot-k3-current/output/host/usr/include -I/home/simon/GIT/buildroot-k3-current/output/host/usr/include conftest.c >&5
conftest.c:52:26: fatal error: minix/config.h: No such file or directory
compilation terminated.
configure:3563: $? = 1
configure: failed program was:
| /* confdefs.h */
| #define PACKAGE_NAME ""
| #define PACKAGE_TARNAME ""
| #define PACKAGE_VERSION ""
| #define PACKAGE_STRING ""
| #define PACKAGE_BUGREPORT ""
| #define PACKAGE_URL ""
| #define STDC_HEADERS 1
| #define HAVE_SYS_TYPES_H 1
| #define HAVE_SYS_STAT_H 1
| #define HAVE_STDLIB_H 1
| #define HAVE_STRING_H 1
| #define HAVE_MEMORY_H 1
| #define HAVE_STRINGS_H 1
| #define HAVE_INTTYPES_H 1
| #define HAVE_STDINT_H 1
| #define HAVE_UNISTD_H 1
| /* end confdefs.h.  */
| #include <stdio.h>
| #ifdef HAVE_SYS_TYPES_H
| # include <sys/types.h>
| #endif
| #ifdef HAVE_SYS_STAT_H
| # include <sys/stat.h>
| #endif
| #ifdef STDC_HEADERS
| # include <stdlib.h>
| # include <stddef.h>
| #else
| # ifdef HAVE_STDLIB_H
| #  include <stdlib.h>
| # endif
| #endif
| #ifdef HAVE_STRING_H
| # if !defined STDC_HEADERS && defined HAVE_MEMORY_H
| #  include <memory.h>
| # endif
| # include <string.h>
| #endif
| #ifdef HAVE_STRINGS_H
| # include <strings.h>
| #endif
| #ifdef HAVE_INTTYPES_H
| # include <inttypes.h>
| #endif
| #ifdef HAVE_STDINT_H
| # include <stdint.h>
| #endif
| #ifdef HAVE_UNISTD_H
| # include <unistd.h>
| #endif
| #include <minix/config.h>
configure:3563: result: no
configure:3563: checking minix/config.h presence
configure:3563: /usr/bin/cpp -I/home/simon/GIT/buildroot-k3-current/output/host/usr/include conftest.c
conftest.c:19:26: fatal error: minix/config.h: No such file or directory
compilation terminated.
configure:3563: $? = 1
configure: failed program was:
| /* confdefs.h */
| #define PACKAGE_NAME ""
| #define PACKAGE_TARNAME ""
| #define PACKAGE_VERSION ""
| #define PACKAGE_STRING ""
| #define PACKAGE_BUGREPORT ""
| #define PACKAGE_URL ""
| #define STDC_HEADERS 1
| #define HAVE_SYS_TYPES_H 1
| #define HAVE_SYS_STAT_H 1
| #define HAVE_STDLIB_H 1
| #define HAVE_STRING_H 1
| #define HAVE_MEMORY_H 1
| #define HAVE_STRINGS_H 1
| #define HAVE_INTTYPES_H 1
| #define HAVE_STDINT_H 1
| #define HAVE_UNISTD_H 1
| /* end confdefs.h.  */
| #include <minix/config.h>
configure:3563: result: no
configure:3563: checking for minix/config.h
configure:3563: result: no
configure:3584: checking whether it is safe to define __EXTENSIONS__
configure:3602: /usr/bin/gcc -c -O2 -I/home/simon/GIT/buildroot-k3-current/output/host/usr/include -I/home/simon/GIT/buildroot-k3-current/output/host/usr/include conftest.c >&5
configure:3602: $? = 0
configure:3609: result: yes
configure:3710: checking for a BSD-compatible install
configure:3778: result: /usr/bin/install -c
configure:3789: checking whether build environment is sane
configure:3839: result: yes
configure:3980: checking for a thread-safe mkdir -p
configure:4019: result: /bin/mkdir -p
configure:4032: checking for gawk
configure:4048: found /usr/bin/gawk
configure:4059: result: gawk
configure:4070: checking whether make sets $(MAKE)
configure:4092: result: yes
configure:4122: checking for style of include used by make
configure:4150: result: GNU
configure:4236: checking dependency style of /usr/bin/gcc
configure:4347: result: gcc3
configure:4380: checking whether make supports nested variables
configure:4397: result: yes
configure:4479: checking for gcc
configure:4506: result: /usr/bin/gcc
configure:4735: checking for C compiler version
configure:4744: /usr/bin/gcc --version >&5
gcc (Ubuntu/Linaro 4.6.3-1ubuntu5) 4.6.3
Copyright (C) 2011 Free Software Foundation, Inc.
This is free software; see the source for copying conditions.  There is NO
warranty; not even for MERCHANTABILITY or FITNESS FOR A PARTICULAR PURPOSE.

configure:4755: $? = 0
configure:4744: /usr/bin/gcc -v >&5
Using built-in specs.
COLLECT_GCC=/usr/bin/gcc
COLLECT_LTO_WRAPPER=/usr/lib/gcc/i686-linux-gnu/4.6/lto-wrapper
Target: i686-linux-gnu
Configured with: ../src/configure -v --with-pkgversion='Ubuntu/Linaro 4.6.3-1ubuntu5' --with-bugurl=file:///usr/share/doc/gcc-4.6/README.Bugs --enable-languages=c,c++,fortran,objc,obj-c++ --prefix=/usr --program-suffix=-4.6 --enable-shared --enable-linker-build-id --with-system-zlib --libexecdir=/usr/lib --without-included-gettext --enable-threads=posix --with-gxx-include-dir=/usr/include/c++/4.6 --libdir=/usr/lib --enable-nls --with-sysroot=/ --enable-clocale=gnu --enable-libstdcxx-debug --enable-libstdcxx-time=yes --enable-gnu-unique-object --enable-plugin --enable-objc-gc --enable-targets=all --disable-werror --with-arch-32=i686 --with-tune=generic --enable-checking=release --build=i686-linux-gnu --host=i686-linux-gnu --target=i686-linux-gnu
Thread model: posix
gcc version 4.6.3 (Ubuntu/Linaro 4.6.3-1ubuntu5) 
configure:4755: $? = 0
configure:4744: /usr/bin/gcc -V >&5
gcc: error: unrecognized option '-V'
gcc: fatal error: no input files
compilation terminated.
configure:4755: $? = 4
configure:4744: /usr/bin/gcc -qversion >&5
gcc: error: unrecognized option '-qversion'
gcc: fatal error: no input files
compilation terminated.
configure:4755: $? = 4
configure:4759: checking whether we are using the GNU C compiler
configure:4787: result: yes
configure:4796: checking whether /usr/bin/gcc accepts -g
configure:4857: result: yes
configure:4874: checking for /usr/bin/gcc option to accept ISO C89
configure:4951: result: none needed
configure:4977: checking how to run the C preprocessor
configure:5047: result: /usr/bin/cpp
configure:5067: /usr/bin/cpp -I/home/simon/GIT/buildroot-k3-current/output/host/usr/include conftest.c
configure:5067: $? = 0
configure:5081: /usr/bin/cpp -I/home/simon/GIT/buildroot-k3-current/output/host/usr/include conftest.c
conftest.c:26:28: fatal error: ac_nonexistent.h: No such file or directory
compilation terminated.
configure:5081: $? = 1
configure: failed program was:
| /* confdefs.h */
| #define PACKAGE_NAME ""
| #define PACKAGE_TARNAME ""
| #define PACKAGE_VERSION ""
| #define PACKAGE_STRING ""
| #define PACKAGE_BUGREPORT ""
| #define PACKAGE_URL ""
| #define STDC_HEADERS 1
| #define HAVE_SYS_TYPES_H 1
| #define HAVE_SYS_STAT_H 1
| #define HAVE_STDLIB_H 1
| #define HAVE_STRING_H 1
| #define HAVE_MEMORY_H 1
| #define HAVE_STRINGS_H 1
| #define HAVE_INTTYPES_H 1
| #define HAVE_STDINT_H 1
| #define HAVE_UNISTD_H 1
| #define __EXTENSIONS__ 1
| #define _ALL_SOURCE 1
| #define _GNU_SOURCE 1
| #define _POSIX_PTHREAD_SEMANTICS 1
| #define _TANDEM_SOURCE 1
| #define PACKAGE "libxslt"
| #define VERSION "1.1.27"
| /* end confdefs.h.  */
| #include <ac_nonexistent.h>
configure:5111: checking for rm
configure:5129: found /bin/rm
configure:5142: result: /bin/rm
configure:5152: checking for mv
configure:5170: found /bin/mv
configure:5183: result: /bin/mv
configure:5193: checking for tar
configure:5211: found /bin/tar
configure:5224: result: /bin/tar
configure:5234: checking for xmllint
configure:5252: found /home/simon/GIT/buildroot-k3-current/output/host/usr/bin/xmllint
configure:5265: result: /home/simon/GIT/buildroot-k3-current/output/host/usr/bin/xmllint
configure:5275: checking for xsltproc
configure:5293: found /home/simon/GIT/buildroot-k3-current/output/host/usr/bin/xsltproc
configure:5306: result: /home/simon/GIT/buildroot-k3-current/output/host/usr/bin/xsltproc
configure:5315: checking for ANSI C header files
configure:5419: result: yes
configure:5474: checking how to print strings
configure:5501: result: printf
configure:5522: checking for a sed that does not truncate output
configure:5586: result: /bin/sed
configure:5604: checking for fgrep
configure:5666: result: /bin/grep -F
configure:5701: checking for ld used by /usr/bin/gcc
configure:5768: result: /usr/bin/ld
configure:5775: checking if the linker (/usr/bin/ld) is GNU ld
configure:5790: result: yes
configure:5802: checking for BSD- or MS-compatible name lister (nm)
configure:5851: result: /usr/bin/nm
configure:5981: checking the name lister (/usr/bin/nm) interface
configure:5988: /usr/bin/gcc -c -O2 -I/home/simon/GIT/buildroot-k3-current/output/host/usr/include -I/home/simon/GIT/buildroot-k3-current/output/host/usr/include conftest.c >&5
configure:5991: /usr/bin/nm "conftest.o"
configure:5994: output
00000000 B some_variable
configure:6001: result: BSD nm
configure:6004: checking whether ln -s works
configure:6008: result: yes
configure:6016: checking the maximum length of command line arguments
configure:6146: result: 805306365
configure:6163: checking whether the shell understands some XSI constructs
configure:6173: result: yes
configure:6177: checking whether the shell understands "+="
configure:6183: result: yes
configure:6218: checking how to convert i686-pc-linux-gnu file names to i686-pc-linux-gnu format
configure:6258: result: func_convert_file_noop
configure:6265: checking how to convert i686-pc-linux-gnu file names to toolchain format
configure:6285: result: func_convert_file_noop
configure:6292: checking for /usr/bin/ld option to reload object files
configure:6299: result: -r
configure:6373: checking for objdump
configure:6389: found /usr/bin/objdump
configure:6400: result: objdump
configure:6429: checking how to recognize dependent libraries
configure:6631: result: pass_all
configure:6716: checking for dlltool
configure:6746: result: no
configure:6773: checking how to associate runtime and link libraries
configure:6800: result: printf %s\n
configure:6924: checking for archiver @FILE support
configure:6941: /usr/bin/gcc -c -O2 -I/home/simon/GIT/buildroot-k3-current/output/host/usr/include -I/home/simon/GIT/buildroot-k3-current/output/host/usr/include conftest.c >&5
configure:6941: $? = 0
configure:6944: /usr/bin/ar cru libconftest.a @conftest.lst >&5
configure:6947: $? = 0
configure:6952: /usr/bin/ar cru libconftest.a @conftest.lst >&5
/usr/bin/ar: conftest.o: No such file or directory
configure:6955: $? = 1
configure:6967: result: @
configure:7025: checking for strip
configure:7041: found /usr/bin/strip
configure:7052: result: strip
configure:7124: checking for ranlib
configure:7140: found /usr/bin/ranlib
configure:7151: result: ranlib
configure:7253: checking command to parse /usr/bin/nm output from /usr/bin/gcc object
configure:7373: /usr/bin/gcc -c -O2 -I/home/simon/GIT/buildroot-k3-current/output/host/usr/include -I/home/simon/GIT/buildroot-k3-current/output/host/usr/include conftest.c >&5
configure:7376: $? = 0
configure:7380: /usr/bin/nm conftest.o \| sed -n -e 's/^.*[ ]\([ABCDGIRSTW][ABCDGIRSTW]*\)[ ][ ]*\([_A-Za-z][_A-Za-z0-9]*\)$/\1 \2 \2/p' | sed '/ __gnu_lto/d' \> conftest.nm
configure:7383: $? = 0
configure:7449: /usr/bin/gcc -o conftest -O2 -I/home/simon/GIT/buildroot-k3-current/output/host/usr/include -I/home/simon/GIT/buildroot-k3-current/output/host/usr/include -L/home/simon/GIT/buildroot-k3-current/output/host/lib -L/home/simon/GIT/buildroot-k3-current/output/host/usr/lib -Wl,-rpath,/home/simon/GIT/buildroot-k3-current/output/host/usr/lib conftest.c conftstm.o >&5
configure:7452: $? = 0
configure:7490: result: ok
configure:7527: checking for sysroot
configure:7557: result: no
configure:7813: checking for mt
configure:7829: found /bin/mt
configure:7840: result: mt
configure:7863: checking if mt is a manifest tool
configure:7869: mt '-?'
configure:7877: result: no
configure:8516: checking for dlfcn.h
configure:8516: /usr/bin/gcc -c -O2 -I/home/simon/GIT/buildroot-k3-current/output/host/usr/include -I/home/simon/GIT/buildroot-k3-current/output/host/usr/include conftest.c >&5
configure:8516: $? = 0
configure:8516: result: yes
configure:9020: checking for objdir
configure:9035: result: .libs
configure:9302: checking if /usr/bin/gcc supports -fno-rtti -fno-exceptions
configure:9320: /usr/bin/gcc -c -O2 -I/home/simon/GIT/buildroot-k3-current/output/host/usr/include -I/home/simon/GIT/buildroot-k3-current/output/host/usr/include -fno-rtti -fno-exceptions conftest.c >&5
cc1: warning: command line option '-fno-rtti' is valid for C++/ObjC++ but not for C [enabled by default]
configure:9324: $? = 0
configure:9337: result: no
configure:9664: checking for /usr/bin/gcc option to produce PIC
configure:9671: result: -fPIC -DPIC
configure:9679: checking if /usr/bin/gcc PIC flag -fPIC -DPIC works
configure:9697: /usr/bin/gcc -c -O2 -I/home/simon/GIT/buildroot-k3-current/output/host/usr/include -I/home/simon/GIT/buildroot-k3-current/output/host/usr/include -fPIC -DPIC -DPIC conftest.c >&5
configure:9701: $? = 0
configure:9714: result: yes
configure:9743: checking if /usr/bin/gcc static flag -static works
configure:9771: result: yes
configure:9786: checking if /usr/bin/gcc supports -c -o file.o
configure:9807: /usr/bin/gcc -c -O2 -I/home/simon/GIT/buildroot-k3-current/output/host/usr/include -I/home/simon/GIT/buildroot-k3-current/output/host/usr/include -o out/conftest2.o conftest.c >&5
configure:9811: $? = 0
configure:9833: result: yes
configure:9841: checking if /usr/bin/gcc supports -c -o file.o
configure:9888: result: yes
configure:9921: checking whether the /usr/bin/gcc linker (/usr/bin/ld) supports shared libraries
configure:11074: result: yes
configure:11111: checking whether -lc should be explicitly linked in
configure:11119: /usr/bin/gcc -c -O2 -I/home/simon/GIT/buildroot-k3-current/output/host/usr/include -I/home/simon/GIT/buildroot-k3-current/output/host/usr/include conftest.c >&5
configure:11122: $? = 0
configure:11137: /usr/bin/gcc -shared  -fPIC -DPIC conftest.o  -v -Wl,-soname -Wl,conftest -o conftest 2\>\&1 \| /bin/grep  -lc  \>/dev/null 2\>\&1
configure:11140: $? = 0
configure:11154: result: no
configure:11314: checking dynamic linker characteristics
configure:11825: /usr/bin/gcc -o conftest -O2 -I/home/simon/GIT/buildroot-k3-current/output/host/usr/include -I/home/simon/GIT/buildroot-k3-current/output/host/usr/include -L/home/simon/GIT/buildroot-k3-current/output/host/lib -L/home/simon/GIT/buildroot-k3-current/output/host/usr/lib -Wl,-rpath,/home/simon/GIT/buildroot-k3-current/output/host/usr/lib -Wl,-rpath -Wl,/foo conftest.c  >&5
configure:11825: $? = 0
configure:12051: result: GNU/Linux ld.so
configure:12158: checking how to hardcode library paths into programs
configure:12183: result: immediate
configure:12723: checking whether stripping libraries is possible
configure:12728: result: yes
configure:12763: checking if libtool supports shared libraries
configure:12765: result: yes
configure:12768: checking whether to build shared libraries
configure:12789: result: yes
configure:12792: checking whether to build static libraries
configure:12796: result: no
configure:12838: checking for sys/types.h
configure:12838: result: yes
configure:12838: checking sys/time.h usability
configure:12838: /usr/bin/gcc -c -O2 -I/home/simon/GIT/buildroot-k3-current/output/host/usr/include -I/home/simon/GIT/buildroot-k3-current/output/host/usr/include conftest.c >&5
configure:12838: $? = 0
configure:12838: result: yes
configure:12838: checking sys/time.h presence
configure:12838: /usr/bin/cpp -I/home/simon/GIT/buildroot-k3-current/output/host/usr/include conftest.c
configure:12838: $? = 0
configure:12838: result: yes
configure:12838: checking for sys/time.h
configure:12838: result: yes
configure:12838: checking for stdlib.h
configure:12838: result: yes
configure:12838: checking for unistd.h
configure:12838: result: yes
configure:12838: checking for string.h
configure:12838: result: yes
configure:12868: checking pthread.h usability
configure:12868: /usr/bin/gcc -c -O2 -I/home/simon/GIT/buildroot-k3-current/output/host/usr/include -I/home/simon/GIT/buildroot-k3-current/output/host/usr/include conftest.c >&5
configure:12868: $? = 0
configure:12868: result: yes
configure:12868: checking pthread.h presence
configure:12868: /usr/bin/cpp -I/home/simon/GIT/buildroot-k3-current/output/host/usr/include conftest.c
configure:12868: $? = 0
configure:12868: result: yes
configure:12868: checking for pthread.h
configure:12868: result: yes
configure:12870: checking for pthread_join in -lpthread
configure:12895: /usr/bin/gcc -o conftest -O2 -I/home/simon/GIT/buildroot-k3-current/output/host/usr/include -I/home/simon/GIT/buildroot-k3-current/output/host/usr/include -L/home/simon/GIT/buildroot-k3-current/output/host/lib -L/home/simon/GIT/buildroot-k3-current/output/host/usr/lib -Wl,-rpath,/home/simon/GIT/buildroot-k3-current/output/host/usr/lib conftest.c -lpthread   >&5
configure:12895: $? = 0
configure:12904: result: yes
configure:12932: checking locale.h usability
configure:12932: /usr/bin/gcc -c -O2 -I/home/simon/GIT/buildroot-k3-current/output/host/usr/include -I/home/simon/GIT/buildroot-k3-current/output/host/usr/include conftest.c >&5
configure:12932: $? = 0
configure:12932: result: yes
configure:12932: checking locale.h presence
configure:12932: /usr/bin/cpp -I/home/simon/GIT/buildroot-k3-current/output/host/usr/include conftest.c
configure:12932: $? = 0
configure:12932: result: yes
configure:12932: checking for locale.h
configure:12932: result: yes
configure:12932: checking xlocale.h usability
configure:12932: /usr/bin/gcc -c -O2 -I/home/simon/GIT/buildroot-k3-current/output/host/usr/include -I/home/simon/GIT/buildroot-k3-current/output/host/usr/include conftest.c >&5
configure:12932: $? = 0
configure:12932: result: yes
configure:12932: checking xlocale.h presence
configure:12932: /usr/bin/cpp -I/home/simon/GIT/buildroot-k3-current/output/host/usr/include conftest.c
configure:12932: $? = 0
configure:12932: result: yes
configure:12932: checking for xlocale.h
configure:12932: result: yes
configure:12943: checking if xlocale program link
configure:13001: /usr/bin/gcc -o conftest -O2 -I/home/simon/GIT/buildroot-k3-current/output/host/usr/include -I/home/simon/GIT/buildroot-k3-current/output/host/usr/include -L/home/simon/GIT/buildroot-k3-current/output/host/lib -L/home/simon/GIT/buildroot-k3-current/output/host/usr/lib -Wl,-rpath,/home/simon/GIT/buildroot-k3-current/output/host/usr/lib conftest.c  >&5
conftest.c: In function 'main':
conftest.c:69:21: error: expected expression before '[' token
conftest.c:70:15: error: expected expression before '[' token
conftest.c:77:35: error: expected expression before '[' token
conftest.c:78:13: error: expected expression before '[' token
conftest.c:79:16: error: expected expression before '[' token
conftest.c:80:27: error: expected expression before '[' token
conftest.c:83:9: error: expected expression before '[' token
configure:13001: $? = 1
configure: failed program was:
| /* confdefs.h */
| #define PACKAGE_NAME ""
| #define PACKAGE_TARNAME ""
| #define PACKAGE_VERSION ""
| #define PACKAGE_STRING ""
| #define PACKAGE_BUGREPORT ""
| #define PACKAGE_URL ""
| #define STDC_HEADERS 1
| #define HAVE_SYS_TYPES_H 1
| #define HAVE_SYS_STAT_H 1
| #define HAVE_STDLIB_H 1
| #define HAVE_STRING_H 1
| #define HAVE_MEMORY_H 1
| #define HAVE_STRINGS_H 1
| #define HAVE_INTTYPES_H 1
| #define HAVE_STDINT_H 1
| #define HAVE_UNISTD_H 1
| #define __EXTENSIONS__ 1
| #define _ALL_SOURCE 1
| #define _GNU_SOURCE 1
| #define _POSIX_PTHREAD_SEMANTICS 1
| #define _TANDEM_SOURCE 1
| #define PACKAGE "libxslt"
| #define VERSION "1.1.27"
| #define STDC_HEADERS 1
| #define HAVE_DLFCN_H 1
| #define LT_OBJDIR ".libs/"
| #define HAVE_SYS_TYPES_H 1
| #define HAVE_SYS_TIME_H 1
| #define HAVE_STDLIB_H 1
| #define HAVE_UNISTD_H 1
| #define HAVE_STRING_H 1
| #define HAVE_LIBPTHREAD /**/
| #define HAVE_PTHREAD_H /**/
| #define HAVE_LOCALE_H 1
| #define HAVE_XLOCALE_H 1
| /* end confdefs.h.  */
| 
| #ifdef HAVE_LOCALE_H
| #include <locale.h>
| #endif
| #ifdef HAVE_XLOCALE_H
| #include <xlocale.h>
| #endif
| #ifdef HAVE_STRING_H
| #include <string.h>
| #endif
| #ifdef HAVE_STDLIB_H
| #include <stdlib.h>
| #endif
| 
| #ifdef __GLIBC__
| typedef __locale_t xsltLocale;
| #else
| typedef locale_t xsltLocale;
| #endif
| #if defined(__GLIBC__) && __GLIBC__ == 2 && __GLIBC_MINOR__ <= 2
| #define newlocale __newlocale
| #define freelocale __freelocale
| #define strxfrm_l __strxfrm_l
| #define LC_COLLATE_MASK (1 << LC_COLLATE)
| #endif
| 
| int
| main ()
| {
| 
|     xsltLocale locale;
|     const char *src[[2]] = { "\xc3\x84rger", "Zeppelin" };
|     char *dst[[2]];
|     size_t len, r;
|     int i;
| 
|     locale = newlocale(LC_COLLATE_MASK, "en_US.utf8", NULL);
|     if (locale == NULL) exit(1);
|     for (i=0; i<2; ++i) {
|         len = strxfrm_l(NULL, src[[i]], 0, locale) + 1;
|         dst[[i]] = malloc(len);
|         if(dst[[i]] == NULL) exit(1);
|         r = strxfrm_l(dst[[i]], src[[i]], len, locale);
|         if(r >= len) exit(1);
|     }
|     if (strcmp(dst[[0]], dst[[1]]) >= 0) exit(1);
| 
|     exit(0);
|     return(0);
| 
|   ;
|   return 0;
| }
configure:13005: result: no
configure:13027: checking ieeefp.h usability
configure:13027: /usr/bin/gcc -c -O2 -I/home/simon/GIT/buildroot-k3-current/output/host/usr/include -I/home/simon/GIT/buildroot-k3-current/output/host/usr/include conftest.c >&5
conftest.c:71:20: fatal error: ieeefp.h: No such file or directory
compilation terminated.
configure:13027: $? = 1
configure: failed program was:
| /* confdefs.h */
| #define PACKAGE_NAME ""
| #define PACKAGE_TARNAME ""
| #define PACKAGE_VERSION ""
| #define PACKAGE_STRING ""
| #define PACKAGE_BUGREPORT ""
| #define PACKAGE_URL ""
| #define STDC_HEADERS 1
| #define HAVE_SYS_TYPES_H 1
| #define HAVE_SYS_STAT_H 1
| #define HAVE_STDLIB_H 1
| #define HAVE_STRING_H 1
| #define HAVE_MEMORY_H 1
| #define HAVE_STRINGS_H 1
| #define HAVE_INTTYPES_H 1
| #define HAVE_STDINT_H 1
| #define HAVE_UNISTD_H 1
| #define __EXTENSIONS__ 1
| #define _ALL_SOURCE 1
| #define _GNU_SOURCE 1
| #define _POSIX_PTHREAD_SEMANTICS 1
| #define _TANDEM_SOURCE 1
| #define PACKAGE "libxslt"
| #define VERSION "1.1.27"
| #define STDC_HEADERS 1
| #define HAVE_DLFCN_H 1
| #define LT_OBJDIR ".libs/"
| #define HAVE_SYS_TYPES_H 1
| #define HAVE_SYS_TIME_H 1
| #define HAVE_STDLIB_H 1
| #define HAVE_UNISTD_H 1
| #define HAVE_STRING_H 1
| #define HAVE_LIBPTHREAD /**/
| #define HAVE_PTHREAD_H /**/
| #define HAVE_LOCALE_H 1
| #define HAVE_XLOCALE_H 1
| /* end confdefs.h.  */
| #include <stdio.h>
| #ifdef HAVE_SYS_TYPES_H
| # include <sys/types.h>
| #endif
| #ifdef HAVE_SYS_STAT_H
| # include <sys/stat.h>
| #endif
| #ifdef STDC_HEADERS
| # include <stdlib.h>
| # include <stddef.h>
| #else
| # ifdef HAVE_STDLIB_H
| #  include <stdlib.h>
| # endif
| #endif
| #ifdef HAVE_STRING_H
| # if !defined STDC_HEADERS && defined HAVE_MEMORY_H
| #  include <memory.h>
| # endif
| # include <string.h>
| #endif
| #ifdef HAVE_STRINGS_H
| # include <strings.h>
| #endif
| #ifdef HAVE_INTTYPES_H
| # include <inttypes.h>
| #endif
| #ifdef HAVE_STDINT_H
| # include <stdint.h>
| #endif
| #ifdef HAVE_UNISTD_H
| # include <unistd.h>
| #endif
| #include <ieeefp.h>
configure:13027: result: no
configure:13027: checking ieeefp.h presence
configure:13027: /usr/bin/cpp -I/home/simon/GIT/buildroot-k3-current/output/host/usr/include conftest.c
conftest.c:38:20: fatal error: ieeefp.h: No such file or directory
compilation terminated.
configure:13027: $? = 1
configure: failed program was:
| /* confdefs.h */
| #define PACKAGE_NAME ""
| #define PACKAGE_TARNAME ""
| #define PACKAGE_VERSION ""
| #define PACKAGE_STRING ""
| #define PACKAGE_BUGREPORT ""
| #define PACKAGE_URL ""
| #define STDC_HEADERS 1
| #define HAVE_SYS_TYPES_H 1
| #define HAVE_SYS_STAT_H 1
| #define HAVE_STDLIB_H 1
| #define HAVE_STRING_H 1
| #define HAVE_MEMORY_H 1
| #define HAVE_STRINGS_H 1
| #define HAVE_INTTYPES_H 1
| #define HAVE_STDINT_H 1
| #define HAVE_UNISTD_H 1
| #define __EXTENSIONS__ 1
| #define _ALL_SOURCE 1
| #define _GNU_SOURCE 1
| #define _POSIX_PTHREAD_SEMANTICS 1
| #define _TANDEM_SOURCE 1
| #define PACKAGE "libxslt"
| #define VERSION "1.1.27"
| #define STDC_HEADERS 1
| #define HAVE_DLFCN_H 1
| #define LT_OBJDIR ".libs/"
| #define HAVE_SYS_TYPES_H 1
| #define HAVE_SYS_TIME_H 1
| #define HAVE_STDLIB_H 1
| #define HAVE_UNISTD_H 1
| #define HAVE_STRING_H 1
| #define HAVE_LIBPTHREAD /**/
| #define HAVE_PTHREAD_H /**/
| #define HAVE_LOCALE_H 1
| #define HAVE_XLOCALE_H 1
| /* end confdefs.h.  */
| #include <ieeefp.h>
configure:13027: result: no
configure:13027: checking for ieeefp.h
configure:13027: result: no
configure:13027: checking nan.h usability
configure:13027: /usr/bin/gcc -c -O2 -I/home/simon/GIT/buildroot-k3-current/output/host/usr/include -I/home/simon/GIT/buildroot-k3-current/output/host/usr/include conftest.c >&5
conftest.c:71:17: fatal error: nan.h: No such file or directory
compilation terminated.
configure:13027: $? = 1
configure: failed program was:
| /* confdefs.h */
| #define PACKAGE_NAME ""
| #define PACKAGE_TARNAME ""
| #define PACKAGE_VERSION ""
| #define PACKAGE_STRING ""
| #define PACKAGE_BUGREPORT ""
| #define PACKAGE_URL ""
| #define STDC_HEADERS 1
| #define HAVE_SYS_TYPES_H 1
| #define HAVE_SYS_STAT_H 1
| #define HAVE_STDLIB_H 1
| #define HAVE_STRING_H 1
| #define HAVE_MEMORY_H 1
| #define HAVE_STRINGS_H 1
| #define HAVE_INTTYPES_H 1
| #define HAVE_STDINT_H 1
| #define HAVE_UNISTD_H 1
| #define __EXTENSIONS__ 1
| #define _ALL_SOURCE 1
| #define _GNU_SOURCE 1
| #define _POSIX_PTHREAD_SEMANTICS 1
| #define _TANDEM_SOURCE 1
| #define PACKAGE "libxslt"
| #define VERSION "1.1.27"
| #define STDC_HEADERS 1
| #define HAVE_DLFCN_H 1
| #define LT_OBJDIR ".libs/"
| #define HAVE_SYS_TYPES_H 1
| #define HAVE_SYS_TIME_H 1
| #define HAVE_STDLIB_H 1
| #define HAVE_UNISTD_H 1
| #define HAVE_STRING_H 1
| #define HAVE_LIBPTHREAD /**/
| #define HAVE_PTHREAD_H /**/
| #define HAVE_LOCALE_H 1
| #define HAVE_XLOCALE_H 1
| /* end confdefs.h.  */
| #include <stdio.h>
| #ifdef HAVE_SYS_TYPES_H
| # include <sys/types.h>
| #endif
| #ifdef HAVE_SYS_STAT_H
| # include <sys/stat.h>
| #endif
| #ifdef STDC_HEADERS
| # include <stdlib.h>
| # include <stddef.h>
| #else
| # ifdef HAVE_STDLIB_H
| #  include <stdlib.h>
| # endif
| #endif
| #ifdef HAVE_STRING_H
| # if !defined STDC_HEADERS && defined HAVE_MEMORY_H
| #  include <memory.h>
| # endif
| # include <string.h>
| #endif
| #ifdef HAVE_STRINGS_H
| # include <strings.h>
| #endif
| #ifdef HAVE_INTTYPES_H
| # include <inttypes.h>
| #endif
| #ifdef HAVE_STDINT_H
| # include <stdint.h>
| #endif
| #ifdef HAVE_UNISTD_H
| # include <unistd.h>
| #endif
| #include <nan.h>
configure:13027: result: no
configure:13027: checking nan.h presence
configure:13027: /usr/bin/cpp -I/home/simon/GIT/buildroot-k3-current/output/host/usr/include conftest.c
conftest.c:38:17: fatal error: nan.h: No such file or directory
compilation terminated.
configure:13027: $? = 1
configure: failed program was:
| /* confdefs.h */
| #define PACKAGE_NAME ""
| #define PACKAGE_TARNAME ""
| #define PACKAGE_VERSION ""
| #define PACKAGE_STRING ""
| #define PACKAGE_BUGREPORT ""
| #define PACKAGE_URL ""
| #define STDC_HEADERS 1
| #define HAVE_SYS_TYPES_H 1
| #define HAVE_SYS_STAT_H 1
| #define HAVE_STDLIB_H 1
| #define HAVE_STRING_H 1
| #define HAVE_MEMORY_H 1
| #define HAVE_STRINGS_H 1
| #define HAVE_INTTYPES_H 1
| #define HAVE_STDINT_H 1
| #define HAVE_UNISTD_H 1
| #define __EXTENSIONS__ 1
| #define _ALL_SOURCE 1
| #define _GNU_SOURCE 1
| #define _POSIX_PTHREAD_SEMANTICS 1
| #define _TANDEM_SOURCE 1
| #define PACKAGE "libxslt"
| #define VERSION "1.1.27"
| #define STDC_HEADERS 1
| #define HAVE_DLFCN_H 1
| #define LT_OBJDIR ".libs/"
| #define HAVE_SYS_TYPES_H 1
| #define HAVE_SYS_TIME_H 1
| #define HAVE_STDLIB_H 1
| #define HAVE_UNISTD_H 1
| #define HAVE_STRING_H 1
| #define HAVE_LIBPTHREAD /**/
| #define HAVE_PTHREAD_H /**/
| #define HAVE_LOCALE_H 1
| #define HAVE_XLOCALE_H 1
| /* end confdefs.h.  */
| #include <nan.h>
configure:13027: result: no
configure:13027: checking for nan.h
configure:13027: result: no
configure:13027: checking math.h usability
configure:13027: /usr/bin/gcc -c -O2 -I/home/simon/GIT/buildroot-k3-current/output/host/usr/include -I/home/simon/GIT/buildroot-k3-current/output/host/usr/include conftest.c >&5
configure:13027: $? = 0
configure:13027: result: yes
configure:13027: checking math.h presence
configure:13027: /usr/bin/cpp -I/home/simon/GIT/buildroot-k3-current/output/host/usr/include conftest.c
configure:13027: $? = 0
configure:13027: result: yes
configure:13027: checking for math.h
configure:13027: result: yes
configure:13027: checking fp_class.h usability
configure:13027: /usr/bin/gcc -c -O2 -I/home/simon/GIT/buildroot-k3-current/output/host/usr/include -I/home/simon/GIT/buildroot-k3-current/output/host/usr/include conftest.c >&5
conftest.c:72:22: fatal error: fp_class.h: No such file or directory
compilation terminated.
configure:13027: $? = 1
configure: failed program was:
| /* confdefs.h */
| #define PACKAGE_NAME ""
| #define PACKAGE_TARNAME ""
| #define PACKAGE_VERSION ""
| #define PACKAGE_STRING ""
| #define PACKAGE_BUGREPORT ""
| #define PACKAGE_URL ""
| #define STDC_HEADERS 1
| #define HAVE_SYS_TYPES_H 1
| #define HAVE_SYS_STAT_H 1
| #define HAVE_STDLIB_H 1
| #define HAVE_STRING_H 1
| #define HAVE_MEMORY_H 1
| #define HAVE_STRINGS_H 1
| #define HAVE_INTTYPES_H 1
| #define HAVE_STDINT_H 1
| #define HAVE_UNISTD_H 1
| #define __EXTENSIONS__ 1
| #define _ALL_SOURCE 1
| #define _GNU_SOURCE 1
| #define _POSIX_PTHREAD_SEMANTICS 1
| #define _TANDEM_SOURCE 1
| #define PACKAGE "libxslt"
| #define VERSION "1.1.27"
| #define STDC_HEADERS 1
| #define HAVE_DLFCN_H 1
| #define LT_OBJDIR ".libs/"
| #define HAVE_SYS_TYPES_H 1
| #define HAVE_SYS_TIME_H 1
| #define HAVE_STDLIB_H 1
| #define HAVE_UNISTD_H 1
| #define HAVE_STRING_H 1
| #define HAVE_LIBPTHREAD /**/
| #define HAVE_PTHREAD_H /**/
| #define HAVE_LOCALE_H 1
| #define HAVE_XLOCALE_H 1
| #define HAVE_MATH_H 1
| /* end confdefs.h.  */
| #include <stdio.h>
| #ifdef HAVE_SYS_TYPES_H
| # include <sys/types.h>
| #endif
| #ifdef HAVE_SYS_STAT_H
| # include <sys/stat.h>
| #endif
| #ifdef STDC_HEADERS
| # include <stdlib.h>
| # include <stddef.h>
| #else
| # ifdef HAVE_STDLIB_H
| #  include <stdlib.h>
| # endif
| #endif
| #ifdef HAVE_STRING_H
| # if !defined STDC_HEADERS && defined HAVE_MEMORY_H
| #  include <memory.h>
| # endif
| # include <string.h>
| #endif
| #ifdef HAVE_STRINGS_H
| # include <strings.h>
| #endif
| #ifdef HAVE_INTTYPES_H
| # include <inttypes.h>
| #endif
| #ifdef HAVE_STDINT_H
| # include <stdint.h>
| #endif
| #ifdef HAVE_UNISTD_H
| # include <unistd.h>
| #endif
| #include <fp_class.h>
configure:13027: result: no
configure:13027: checking fp_class.h presence
configure:13027: /usr/bin/cpp -I/home/simon/GIT/buildroot-k3-current/output/host/usr/include conftest.c
conftest.c:39:22: fatal error: fp_class.h: No such file or directory
compilation terminated.
configure:13027: $? = 1
configure: failed program was:
| /* confdefs.h */
| #define PACKAGE_NAME ""
| #define PACKAGE_TARNAME ""
| #define PACKAGE_VERSION ""
| #define PACKAGE_STRING ""
| #define PACKAGE_BUGREPORT ""
| #define PACKAGE_URL ""
| #define STDC_HEADERS 1
| #define HAVE_SYS_TYPES_H 1
| #define HAVE_SYS_STAT_H 1
| #define HAVE_STDLIB_H 1
| #define HAVE_STRING_H 1
| #define HAVE_MEMORY_H 1
| #define HAVE_STRINGS_H 1
| #define HAVE_INTTYPES_H 1
| #define HAVE_STDINT_H 1
| #define HAVE_UNISTD_H 1
| #define __EXTENSIONS__ 1
| #define _ALL_SOURCE 1
| #define _GNU_SOURCE 1
| #define _POSIX_PTHREAD_SEMANTICS 1
| #define _TANDEM_SOURCE 1
| #define PACKAGE "libxslt"
| #define VERSION "1.1.27"
| #define STDC_HEADERS 1
| #define HAVE_DLFCN_H 1
| #define LT_OBJDIR ".libs/"
| #define HAVE_SYS_TYPES_H 1
| #define HAVE_SYS_TIME_H 1
| #define HAVE_STDLIB_H 1
| #define HAVE_UNISTD_H 1
| #define HAVE_STRING_H 1
| #define HAVE_LIBPTHREAD /**/
| #define HAVE_PTHREAD_H /**/
| #define HAVE_LOCALE_H 1
| #define HAVE_XLOCALE_H 1
| #define HAVE_MATH_H 1
| /* end confdefs.h.  */
| #include <fp_class.h>
configure:13027: result: no
configure:13027: checking for fp_class.h
configure:13027: result: no
configure:13027: checking float.h usability
configure:13027: /usr/bin/gcc -c -O2 -I/home/simon/GIT/buildroot-k3-current/output/host/usr/include -I/home/simon/GIT/buildroot-k3-current/output/host/usr/include conftest.c >&5
configure:13027: $? = 0
configure:13027: result: yes
configure:13027: checking float.h presence
configure:13027: /usr/bin/cpp -I/home/simon/GIT/buildroot-k3-current/output/host/usr/include conftest.c
configure:13027: $? = 0
configure:13027: result: yes
configure:13027: checking for float.h
configure:13027: result: yes
configure:13027: checking ansidecl.h usability
configure:13027: /usr/bin/gcc -c -O2 -I/home/simon/GIT/buildroot-k3-current/output/host/usr/include -I/home/simon/GIT/buildroot-k3-current/output/host/usr/include conftest.c >&5
conftest.c:73:22: fatal error: ansidecl.h: No such file or directory
compilation terminated.
configure:13027: $? = 1
configure: failed program was:
| /* confdefs.h */
| #define PACKAGE_NAME ""
| #define PACKAGE_TARNAME ""
| #define PACKAGE_VERSION ""
| #define PACKAGE_STRING ""
| #define PACKAGE_BUGREPORT ""
| #define PACKAGE_URL ""
| #define STDC_HEADERS 1
| #define HAVE_SYS_TYPES_H 1
| #define HAVE_SYS_STAT_H 1
| #define HAVE_STDLIB_H 1
| #define HAVE_STRING_H 1
| #define HAVE_MEMORY_H 1
| #define HAVE_STRINGS_H 1
| #define HAVE_INTTYPES_H 1
| #define HAVE_STDINT_H 1
| #define HAVE_UNISTD_H 1
| #define __EXTENSIONS__ 1
| #define _ALL_SOURCE 1
| #define _GNU_SOURCE 1
| #define _POSIX_PTHREAD_SEMANTICS 1
| #define _TANDEM_SOURCE 1
| #define PACKAGE "libxslt"
| #define VERSION "1.1.27"
| #define STDC_HEADERS 1
| #define HAVE_DLFCN_H 1
| #define LT_OBJDIR ".libs/"
| #define HAVE_SYS_TYPES_H 1
| #define HAVE_SYS_TIME_H 1
| #define HAVE_STDLIB_H 1
| #define HAVE_UNISTD_H 1
| #define HAVE_STRING_H 1
| #define HAVE_LIBPTHREAD /**/
| #define HAVE_PTHREAD_H /**/
| #define HAVE_LOCALE_H 1
| #define HAVE_XLOCALE_H 1
| #define HAVE_MATH_H 1
| #define HAVE_FLOAT_H 1
| /* end confdefs.h.  */
| #include <stdio.h>
| #ifdef HAVE_SYS_TYPES_H
| # include <sys/types.h>
| #endif
| #ifdef HAVE_SYS_STAT_H
| # include <sys/stat.h>
| #endif
| #ifdef STDC_HEADERS
| # include <stdlib.h>
| # include <stddef.h>
| #else
| # ifdef HAVE_STDLIB_H
| #  include <stdlib.h>
| # endif
| #endif
| #ifdef HAVE_STRING_H
| # if !defined STDC_HEADERS && defined HAVE_MEMORY_H
| #  include <memory.h>
| # endif
| # include <string.h>
| #endif
| #ifdef HAVE_STRINGS_H
| # include <strings.h>
| #endif
| #ifdef HAVE_INTTYPES_H
| # include <inttypes.h>
| #endif
| #ifdef HAVE_STDINT_H
| # include <stdint.h>
| #endif
| #ifdef HAVE_UNISTD_H
| # include <unistd.h>
| #endif
| #include <ansidecl.h>
configure:13027: result: no
configure:13027: checking ansidecl.h presence
configure:13027: /usr/bin/cpp -I/home/simon/GIT/buildroot-k3-current/output/host/usr/include conftest.c
conftest.c:40:22: fatal error: ansidecl.h: No such file or directory
compilation terminated.
configure:13027: $? = 1
configure: failed program was:
| /* confdefs.h */
| #define PACKAGE_NAME ""
| #define PACKAGE_TARNAME ""
| #define PACKAGE_VERSION ""
| #define PACKAGE_STRING ""
| #define PACKAGE_BUGREPORT ""
| #define PACKAGE_URL ""
| #define STDC_HEADERS 1
| #define HAVE_SYS_TYPES_H 1
| #define HAVE_SYS_STAT_H 1
| #define HAVE_STDLIB_H 1
| #define HAVE_STRING_H 1
| #define HAVE_MEMORY_H 1
| #define HAVE_STRINGS_H 1
| #define HAVE_INTTYPES_H 1
| #define HAVE_STDINT_H 1
| #define HAVE_UNISTD_H 1
| #define __EXTENSIONS__ 1
| #define _ALL_SOURCE 1
| #define _GNU_SOURCE 1
| #define _POSIX_PTHREAD_SEMANTICS 1
| #define _TANDEM_SOURCE 1
| #define PACKAGE "libxslt"
| #define VERSION "1.1.27"
| #define STDC_HEADERS 1
| #define HAVE_DLFCN_H 1
| #define LT_OBJDIR ".libs/"
| #define HAVE_SYS_TYPES_H 1
| #define HAVE_SYS_TIME_H 1
| #define HAVE_STDLIB_H 1
| #define HAVE_UNISTD_H 1
| #define HAVE_STRING_H 1
| #define HAVE_LIBPTHREAD /**/
| #define HAVE_PTHREAD_H /**/
| #define HAVE_LOCALE_H 1
| #define HAVE_XLOCALE_H 1
| #define HAVE_MATH_H 1
| #define HAVE_FLOAT_H 1
| /* end confdefs.h.  */
| #include <ansidecl.h>
configure:13027: result: no
configure:13027: checking for ansidecl.h
configure:13027: result: no
configure:13040: checking sys/timeb.h usability
configure:13040: /usr/bin/gcc -c -O2 -I/home/simon/GIT/buildroot-k3-current/output/host/usr/include -I/home/simon/GIT/buildroot-k3-current/output/host/usr/include conftest.c >&5
configure:13040: $? = 0
configure:13040: result: yes
configure:13040: checking sys/timeb.h presence
configure:13040: /usr/bin/cpp -I/home/simon/GIT/buildroot-k3-current/output/host/usr/include conftest.c
configure:13040: $? = 0
configure:13040: result: yes
configure:13040: checking for sys/timeb.h
configure:13040: result: yes
configure:13040: checking time.h usability
configure:13040: /usr/bin/gcc -c -O2 -I/home/simon/GIT/buildroot-k3-current/output/host/usr/include -I/home/simon/GIT/buildroot-k3-current/output/host/usr/include conftest.c >&5
configure:13040: $? = 0
configure:13040: result: yes
configure:13040: checking time.h presence
configure:13040: /usr/bin/cpp -I/home/simon/GIT/buildroot-k3-current/output/host/usr/include conftest.c
configure:13040: $? = 0
configure:13040: result: yes
configure:13040: checking for time.h
configure:13040: result: yes
configure:13040: checking for sys/stat.h
configure:13040: result: yes
configure:13040: checking sys/select.h usability
configure:13040: /usr/bin/gcc -c -O2 -I/home/simon/GIT/buildroot-k3-current/output/host/usr/include -I/home/simon/GIT/buildroot-k3-current/output/host/usr/include conftest.c >&5
configure:13040: $? = 0
configure:13040: result: yes
configure:13040: checking sys/select.h presence
configure:13040: /usr/bin/cpp -I/home/simon/GIT/buildroot-k3-current/output/host/usr/include conftest.c
configure:13040: $? = 0
configure:13040: result: yes
configure:13040: checking for sys/select.h
configure:13040: result: yes
configure:13040: checking stdarg.h usability
configure:13040: /usr/bin/gcc -c -O2 -I/home/simon/GIT/buildroot-k3-current/output/host/usr/include -I/home/simon/GIT/buildroot-k3-current/output/host/usr/include conftest.c >&5
configure:13040: $? = 0
configure:13040: result: yes
configure:13040: checking stdarg.h presence
configure:13040: /usr/bin/cpp -I/home/simon/GIT/buildroot-k3-current/output/host/usr/include conftest.c
configure:13040: $? = 0
configure:13040: result: yes
configure:13040: checking for stdarg.h
configure:13040: result: yes
configure:13053: checking for stat
configure:13053: /usr/bin/gcc -o conftest -O2 -I/home/simon/GIT/buildroot-k3-current/output/host/usr/include -I/home/simon/GIT/buildroot-k3-current/output/host/usr/include -L/home/simon/GIT/buildroot-k3-current/output/host/lib -L/home/simon/GIT/buildroot-k3-current/output/host/usr/lib -Wl,-rpath,/home/simon/GIT/buildroot-k3-current/output/host/usr/lib conftest.c  >&5
configure:13053: $? = 0
configure:13053: result: yes
configure:13053: checking for _stat
configure:13053: /usr/bin/gcc -o conftest -O2 -I/home/simon/GIT/buildroot-k3-current/output/host/usr/include -I/home/simon/GIT/buildroot-k3-current/output/host/usr/include -L/home/simon/GIT/buildroot-k3-current/output/host/lib -L/home/simon/GIT/buildroot-k3-current/output/host/usr/lib -Wl,-rpath,/home/simon/GIT/buildroot-k3-current/output/host/usr/lib conftest.c  >&5
/tmp/ccM9LHjn.o: In function `main':
conftest.c:(.text.startup+0x7): undefined reference to `_stat'
collect2: ld returned 1 exit status
configure:13053: $? = 1
configure: failed program was:
| /* confdefs.h */
| #define PACKAGE_NAME ""
| #define PACKAGE_TARNAME ""
| #define PACKAGE_VERSION ""
| #define PACKAGE_STRING ""
| #define PACKAGE_BUGREPORT ""
| #define PACKAGE_URL ""
| #define STDC_HEADERS 1
| #define HAVE_SYS_TYPES_H 1
| #define HAVE_SYS_STAT_H 1
| #define HAVE_STDLIB_H 1
| #define HAVE_STRING_H 1
| #define HAVE_MEMORY_H 1
| #define HAVE_STRINGS_H 1
| #define HAVE_INTTYPES_H 1
| #define HAVE_STDINT_H 1
| #define HAVE_UNISTD_H 1
| #define __EXTENSIONS__ 1
| #define _ALL_SOURCE 1
| #define _GNU_SOURCE 1
| #define _POSIX_PTHREAD_SEMANTICS 1
| #define _TANDEM_SOURCE 1
| #define PACKAGE "libxslt"
| #define VERSION "1.1.27"
| #define STDC_HEADERS 1
| #define HAVE_DLFCN_H 1
| #define LT_OBJDIR ".libs/"
| #define HAVE_SYS_TYPES_H 1
| #define HAVE_SYS_TIME_H 1
| #define HAVE_STDLIB_H 1
| #define HAVE_UNISTD_H 1
| #define HAVE_STRING_H 1
| #define HAVE_LIBPTHREAD /**/
| #define HAVE_PTHREAD_H /**/
| #define HAVE_LOCALE_H 1
| #define HAVE_XLOCALE_H 1
| #define HAVE_MATH_H 1
| #define HAVE_FLOAT_H 1
| #define HAVE_SYS_TIMEB_H 1
| #define HAVE_TIME_H 1
| #define HAVE_SYS_STAT_H 1
| #define HAVE_SYS_SELECT_H 1
| #define HAVE_STDARG_H 1
| #define HAVE_STAT 1
| /* end confdefs.h.  */
| /* Define _stat to an innocuous variant, in case <limits.h> declares _stat.
|    For example, HP-UX 11i <limits.h> declares gettimeofday.  */
| #define _stat innocuous__stat
| 
| /* System header to define __stub macros and hopefully few prototypes,
|     which can conflict with char _stat (); below.
|     Prefer <limits.h> to <assert.h> if __STDC__ is defined, since
|     <limits.h> exists even on freestanding compilers.  */
| 
| #ifdef __STDC__
| # include <limits.h>
| #else
| # include <assert.h>
| #endif
| 
| #undef _stat
| 
| /* Override any GCC internal prototype to avoid an error.
|    Use char because int might match the return type of a GCC
|    builtin and then its argument prototype would still apply.  */
| #ifdef __cplusplus
| extern "C"
| #endif
| char _stat ();
| /* The GNU C library defines this for functions which it implements
|     to always fail with ENOSYS.  Some functions are actually named
|     something starting with __ and the normal name is an alias.  */
| #if defined __stub__stat || defined __stub____stat
| choke me
| #endif
| 
| int
| main ()
| {
| return _stat ();
|   ;
|   return 0;
| }
configure:13053: result: no
configure:13062: checking for pow
configure:13062: /usr/bin/gcc -o conftest -O2 -I/home/simon/GIT/buildroot-k3-current/output/host/usr/include -I/home/simon/GIT/buildroot-k3-current/output/host/usr/include -L/home/simon/GIT/buildroot-k3-current/output/host/lib -L/home/simon/GIT/buildroot-k3-current/output/host/usr/lib -Wl,-rpath,/home/simon/GIT/buildroot-k3-current/output/host/usr/lib conftest.c  >&5
conftest.c:69:6: warning: conflicting types for built-in function 'pow' [enabled by default]
/tmp/ccrd389v.o: In function `main':
conftest.c:(.text.startup+0x7): undefined reference to `pow'
collect2: ld returned 1 exit status
configure:13062: $? = 1
configure: failed program was:
| /* confdefs.h */
| #define PACKAGE_NAME ""
| #define PACKAGE_TARNAME ""
| #define PACKAGE_VERSION ""
| #define PACKAGE_STRING ""
| #define PACKAGE_BUGREPORT ""
| #define PACKAGE_URL ""
| #define STDC_HEADERS 1
| #define HAVE_SYS_TYPES_H 1
| #define HAVE_SYS_STAT_H 1
| #define HAVE_STDLIB_H 1
| #define HAVE_STRING_H 1
| #define HAVE_MEMORY_H 1
| #define HAVE_STRINGS_H 1
| #define HAVE_INTTYPES_H 1
| #define HAVE_STDINT_H 1
| #define HAVE_UNISTD_H 1
| #define __EXTENSIONS__ 1
| #define _ALL_SOURCE 1
| #define _GNU_SOURCE 1
| #define _POSIX_PTHREAD_SEMANTICS 1
| #define _TANDEM_SOURCE 1
| #define PACKAGE "libxslt"
| #define VERSION "1.1.27"
| #define STDC_HEADERS 1
| #define HAVE_DLFCN_H 1
| #define LT_OBJDIR ".libs/"
| #define HAVE_SYS_TYPES_H 1
| #define HAVE_SYS_TIME_H 1
| #define HAVE_STDLIB_H 1
| #define HAVE_UNISTD_H 1
| #define HAVE_STRING_H 1
| #define HAVE_LIBPTHREAD /**/
| #define HAVE_PTHREAD_H /**/
| #define HAVE_LOCALE_H 1
| #define HAVE_XLOCALE_H 1
| #define HAVE_MATH_H 1
| #define HAVE_FLOAT_H 1
| #define HAVE_SYS_TIMEB_H 1
| #define HAVE_TIME_H 1
| #define HAVE_SYS_STAT_H 1
| #define HAVE_SYS_SELECT_H 1
| #define HAVE_STDARG_H 1
| #define HAVE_STAT 1
| /* end confdefs.h.  */
| /* Define pow to an innocuous variant, in case <limits.h> declares pow.
|    For example, HP-UX 11i <limits.h> declares gettimeofday.  */
| #define pow innocuous_pow
| 
| /* System header to define __stub macros and hopefully few prototypes,
|     which can conflict with char pow (); below.
|     Prefer <limits.h> to <assert.h> if __STDC__ is defined, since
|     <limits.h> exists even on freestanding compilers.  */
| 
| #ifdef __STDC__
| # include <limits.h>
| #else
| # include <assert.h>
| #endif
| 
| #undef pow
| 
| /* Override any GCC internal prototype to avoid an error.
|    Use char because int might match the return type of a GCC
|    builtin and then its argument prototype would still apply.  */
| #ifdef __cplusplus
| extern "C"
| #endif
| char pow ();
| /* The GNU C library defines this for functions which it implements
|     to always fail with ENOSYS.  Some functions are actually named
|     something starting with __ and the normal name is an alias.  */
| #if defined __stub_pow || defined __stub___pow
| choke me
| #endif
| 
| int
| main ()
| {
| return pow ();
|   ;
|   return 0;
| }
configure:13062: result: no
configure:13066: checking for pow in -lm
configure:13091: /usr/bin/gcc -o conftest -O2 -I/home/simon/GIT/buildroot-k3-current/output/host/usr/include -I/home/simon/GIT/buildroot-k3-current/output/host/usr/include -L/home/simon/GIT/buildroot-k3-current/output/host/lib -L/home/simon/GIT/buildroot-k3-current/output/host/usr/lib -Wl,-rpath,/home/simon/GIT/buildroot-k3-current/output/host/usr/lib conftest.c -lm   >&5
conftest.c:53:6: warning: conflicting types for built-in function 'pow' [enabled by default]
configure:13091: $? = 0
configure:13100: result: yes
configure:13111: checking for floor
configure:13111: /usr/bin/gcc -o conftest -O2 -I/home/simon/GIT/buildroot-k3-current/output/host/usr/include -I/home/simon/GIT/buildroot-k3-current/output/host/usr/include -L/home/simon/GIT/buildroot-k3-current/output/host/lib -L/home/simon/GIT/buildroot-k3-current/output/host/usr/lib -Wl,-rpath,/home/simon/GIT/buildroot-k3-current/output/host/usr/lib conftest.c  >&5
conftest.c:70:6: warning: conflicting types for built-in function 'floor' [enabled by default]
/tmp/cc9AqqcH.o: In function `main':
conftest.c:(.text.startup+0x7): undefined reference to `floor'
collect2: ld returned 1 exit status
configure:13111: $? = 1
configure: failed program was:
| /* confdefs.h */
| #define PACKAGE_NAME ""
| #define PACKAGE_TARNAME ""
| #define PACKAGE_VERSION ""
| #define PACKAGE_STRING ""
| #define PACKAGE_BUGREPORT ""
| #define PACKAGE_URL ""
| #define STDC_HEADERS 1
| #define HAVE_SYS_TYPES_H 1
| #define HAVE_SYS_STAT_H 1
| #define HAVE_STDLIB_H 1
| #define HAVE_STRING_H 1
| #define HAVE_MEMORY_H 1
| #define HAVE_STRINGS_H 1
| #define HAVE_INTTYPES_H 1
| #define HAVE_STDINT_H 1
| #define HAVE_UNISTD_H 1
| #define __EXTENSIONS__ 1
| #define _ALL_SOURCE 1
| #define _GNU_SOURCE 1
| #define _POSIX_PTHREAD_SEMANTICS 1
| #define _TANDEM_SOURCE 1
| #define PACKAGE "libxslt"
| #define VERSION "1.1.27"
| #define STDC_HEADERS 1
| #define HAVE_DLFCN_H 1
| #define LT_OBJDIR ".libs/"
| #define HAVE_SYS_TYPES_H 1
| #define HAVE_SYS_TIME_H 1
| #define HAVE_STDLIB_H 1
| #define HAVE_UNISTD_H 1
| #define HAVE_STRING_H 1
| #define HAVE_LIBPTHREAD /**/
| #define HAVE_PTHREAD_H /**/
| #define HAVE_LOCALE_H 1
| #define HAVE_XLOCALE_H 1
| #define HAVE_MATH_H 1
| #define HAVE_FLOAT_H 1
| #define HAVE_SYS_TIMEB_H 1
| #define HAVE_TIME_H 1
| #define HAVE_SYS_STAT_H 1
| #define HAVE_SYS_SELECT_H 1
| #define HAVE_STDARG_H 1
| #define HAVE_STAT 1
| #define HAVE_POW /**/
| /* end confdefs.h.  */
| /* Define floor to an innocuous variant, in case <limits.h> declares floor.
|    For example, HP-UX 11i <limits.h> declares gettimeofday.  */
| #define floor innocuous_floor
| 
| /* System header to define __stub macros and hopefully few prototypes,
|     which can conflict with char floor (); below.
|     Prefer <limits.h> to <assert.h> if __STDC__ is defined, since
|     <limits.h> exists even on freestanding compilers.  */
| 
| #ifdef __STDC__
| # include <limits.h>
| #else
| # include <assert.h>
| #endif
| 
| #undef floor
| 
| /* Override any GCC internal prototype to avoid an error.
|    Use char because int might match the return type of a GCC
|    builtin and then its argument prototype would still apply.  */
| #ifdef __cplusplus
| extern "C"
| #endif
| char floor ();
| /* The GNU C library defines this for functions which it implements
|     to always fail with ENOSYS.  Some functions are actually named
|     something starting with __ and the normal name is an alias.  */
| #if defined __stub_floor || defined __stub___floor
| choke me
| #endif
| 
| int
| main ()
| {
| return floor ();
|   ;
|   return 0;
| }
configure:13111: result: no
configure:13115: checking for floor in -lm
configure:13140: /usr/bin/gcc -o conftest -O2 -I/home/simon/GIT/buildroot-k3-current/output/host/usr/include -I/home/simon/GIT/buildroot-k3-current/output/host/usr/include -L/home/simon/GIT/buildroot-k3-current/output/host/lib -L/home/simon/GIT/buildroot-k3-current/output/host/usr/lib -Wl,-rpath,/home/simon/GIT/buildroot-k3-current/output/host/usr/lib conftest.c -lm   >&5
conftest.c:54:6: warning: conflicting types for built-in function 'floor' [enabled by default]
configure:13140: $? = 0
configure:13149: result: yes
configure:13160: checking for fabs
configure:13160: /usr/bin/gcc -o conftest -O2 -I/home/simon/GIT/buildroot-k3-current/output/host/usr/include -I/home/simon/GIT/buildroot-k3-current/output/host/usr/include -L/home/simon/GIT/buildroot-k3-current/output/host/lib -L/home/simon/GIT/buildroot-k3-current/output/host/usr/lib -Wl,-rpath,/home/simon/GIT/buildroot-k3-current/output/host/usr/lib conftest.c  >&5
conftest.c:71:6: warning: conflicting types for built-in function 'fabs' [enabled by default]
/tmp/ccWvTQ4M.o: In function `main':
conftest.c:(.text.startup+0x7): undefined reference to `fabs'
collect2: ld returned 1 exit status
configure:13160: $? = 1
configure: failed program was:
| /* confdefs.h */
| #define PACKAGE_NAME ""
| #define PACKAGE_TARNAME ""
| #define PACKAGE_VERSION ""
| #define PACKAGE_STRING ""
| #define PACKAGE_BUGREPORT ""
| #define PACKAGE_URL ""
| #define STDC_HEADERS 1
| #define HAVE_SYS_TYPES_H 1
| #define HAVE_SYS_STAT_H 1
| #define HAVE_STDLIB_H 1
| #define HAVE_STRING_H 1
| #define HAVE_MEMORY_H 1
| #define HAVE_STRINGS_H 1
| #define HAVE_INTTYPES_H 1
| #define HAVE_STDINT_H 1
| #define HAVE_UNISTD_H 1
| #define __EXTENSIONS__ 1
| #define _ALL_SOURCE 1
| #define _GNU_SOURCE 1
| #define _POSIX_PTHREAD_SEMANTICS 1
| #define _TANDEM_SOURCE 1
| #define PACKAGE "libxslt"
| #define VERSION "1.1.27"
| #define STDC_HEADERS 1
| #define HAVE_DLFCN_H 1
| #define LT_OBJDIR ".libs/"
| #define HAVE_SYS_TYPES_H 1
| #define HAVE_SYS_TIME_H 1
| #define HAVE_STDLIB_H 1
| #define HAVE_UNISTD_H 1
| #define HAVE_STRING_H 1
| #define HAVE_LIBPTHREAD /**/
| #define HAVE_PTHREAD_H /**/
| #define HAVE_LOCALE_H 1
| #define HAVE_XLOCALE_H 1
| #define HAVE_MATH_H 1
| #define HAVE_FLOAT_H 1
| #define HAVE_SYS_TIMEB_H 1
| #define HAVE_TIME_H 1
| #define HAVE_SYS_STAT_H 1
| #define HAVE_SYS_SELECT_H 1
| #define HAVE_STDARG_H 1
| #define HAVE_STAT 1
| #define HAVE_POW /**/
| #define HAVE_FLOOR /**/
| /* end confdefs.h.  */
| /* Define fabs to an innocuous variant, in case <limits.h> declares fabs.
|    For example, HP-UX 11i <limits.h> declares gettimeofday.  */
| #define fabs innocuous_fabs
| 
| /* System header to define __stub macros and hopefully few prototypes,
|     which can conflict with char fabs (); below.
|     Prefer <limits.h> to <assert.h> if __STDC__ is defined, since
|     <limits.h> exists even on freestanding compilers.  */
| 
| #ifdef __STDC__
| # include <limits.h>
| #else
| # include <assert.h>
| #endif
| 
| #undef fabs
| 
| /* Override any GCC internal prototype to avoid an error.
|    Use char because int might match the return type of a GCC
|    builtin and then its argument prototype would still apply.  */
| #ifdef __cplusplus
| extern "C"
| #endif
| char fabs ();
| /* The GNU C library defines this for functions which it implements
|     to always fail with ENOSYS.  Some functions are actually named
|     something starting with __ and the normal name is an alias.  */
| #if defined __stub_fabs || defined __stub___fabs
| choke me
| #endif
| 
| int
| main ()
| {
| return fabs ();
|   ;
|   return 0;
| }
configure:13160: result: no
configure:13164: checking for fabs in -lm
configure:13189: /usr/bin/gcc -o conftest -O2 -I/home/simon/GIT/buildroot-k3-current/output/host/usr/include -I/home/simon/GIT/buildroot-k3-current/output/host/usr/include -L/home/simon/GIT/buildroot-k3-current/output/host/lib -L/home/simon/GIT/buildroot-k3-current/output/host/usr/lib -Wl,-rpath,/home/simon/GIT/buildroot-k3-current/output/host/usr/lib conftest.c -lm   >&5
conftest.c:55:6: warning: conflicting types for built-in function 'fabs' [enabled by default]
configure:13189: $? = 0
configure:13198: result: yes
configure:13212: checking for gettimeofday
configure:13212: /usr/bin/gcc -o conftest -O2 -I/home/simon/GIT/buildroot-k3-current/output/host/usr/include -I/home/simon/GIT/buildroot-k3-current/output/host/usr/include -L/home/simon/GIT/buildroot-k3-current/output/host/lib -L/home/simon/GIT/buildroot-k3-current/output/host/usr/lib -Wl,-rpath,/home/simon/GIT/buildroot-k3-current/output/host/usr/lib conftest.c  >&5
configure:13212: $? = 0
configure:13212: result: yes
configure:13224: checking for mktime
configure:13224: /usr/bin/gcc -o conftest -O2 -I/home/simon/GIT/buildroot-k3-current/output/host/usr/include -I/home/simon/GIT/buildroot-k3-current/output/host/usr/include -L/home/simon/GIT/buildroot-k3-current/output/host/lib -L/home/simon/GIT/buildroot-k3-current/output/host/usr/lib -Wl,-rpath,/home/simon/GIT/buildroot-k3-current/output/host/usr/lib conftest.c  >&5
configure:13224: $? = 0
configure:13224: result: yes
configure:13224: checking for localtime
configure:13224: /usr/bin/gcc -o conftest -O2 -I/home/simon/GIT/buildroot-k3-current/output/host/usr/include -I/home/simon/GIT/buildroot-k3-current/output/host/usr/include -L/home/simon/GIT/buildroot-k3-current/output/host/lib -L/home/simon/GIT/buildroot-k3-current/output/host/usr/lib -Wl,-rpath,/home/simon/GIT/buildroot-k3-current/output/host/usr/lib conftest.c  >&5
configure:13224: $? = 0
configure:13224: result: yes
configure:13224: checking for localtime_r
configure:13224: /usr/bin/gcc -o conftest -O2 -I/home/simon/GIT/buildroot-k3-current/output/host/usr/include -I/home/simon/GIT/buildroot-k3-current/output/host/usr/include -L/home/simon/GIT/buildroot-k3-current/output/host/lib -L/home/simon/GIT/buildroot-k3-current/output/host/usr/lib -Wl,-rpath,/home/simon/GIT/buildroot-k3-current/output/host/usr/lib conftest.c  >&5
configure:13224: $? = 0
configure:13224: result: yes
configure:13224: checking for asctime
configure:13224: /usr/bin/gcc -o conftest -O2 -I/home/simon/GIT/buildroot-k3-current/output/host/usr/include -I/home/simon/GIT/buildroot-k3-current/output/host/usr/include -L/home/simon/GIT/buildroot-k3-current/output/host/lib -L/home/simon/GIT/buildroot-k3-current/output/host/usr/lib -Wl,-rpath,/home/simon/GIT/buildroot-k3-current/output/host/usr/lib conftest.c  >&5
configure:13224: $? = 0
configure:13224: result: yes
configure:13224: checking for time
configure:13224: /usr/bin/gcc -o conftest -O2 -I/home/simon/GIT/buildroot-k3-current/output/host/usr/include -I/home/simon/GIT/buildroot-k3-current/output/host/usr/include -L/home/simon/GIT/buildroot-k3-current/output/host/lib -L/home/simon/GIT/buildroot-k3-current/output/host/usr/lib -Wl,-rpath,/home/simon/GIT/buildroot-k3-current/output/host/usr/lib conftest.c  >&5
configure:13224: $? = 0
configure:13224: result: yes
configure:13224: checking for gmtime
configure:13224: /usr/bin/gcc -o conftest -O2 -I/home/simon/GIT/buildroot-k3-current/output/host/usr/include -I/home/simon/GIT/buildroot-k3-current/output/host/usr/include -L/home/simon/GIT/buildroot-k3-current/output/host/lib -L/home/simon/GIT/buildroot-k3-current/output/host/usr/lib -Wl,-rpath,/home/simon/GIT/buildroot-k3-current/output/host/usr/lib conftest.c  >&5
configure:13224: $? = 0
configure:13224: result: yes
configure:13224: checking for gmtime_r
configure:13224: /usr/bin/gcc -o conftest -O2 -I/home/simon/GIT/buildroot-k3-current/output/host/usr/include -I/home/simon/GIT/buildroot-k3-current/output/host/usr/include -L/home/simon/GIT/buildroot-k3-current/output/host/lib -L/home/simon/GIT/buildroot-k3-current/output/host/usr/lib -Wl,-rpath,/home/simon/GIT/buildroot-k3-current/output/host/usr/lib conftest.c  >&5
configure:13224: $? = 0
configure:13224: result: yes
configure:13224: checking for ftime
configure:13224: /usr/bin/gcc -o conftest -O2 -I/home/simon/GIT/buildroot-k3-current/output/host/usr/include -I/home/simon/GIT/buildroot-k3-current/output/host/usr/include -L/home/simon/GIT/buildroot-k3-current/output/host/lib -L/home/simon/GIT/buildroot-k3-current/output/host/usr/lib -Wl,-rpath,/home/simon/GIT/buildroot-k3-current/output/host/usr/lib conftest.c  >&5
configure:13224: $? = 0
configure:13224: result: yes
configure:13237: checking for printf
configure:13237: /usr/bin/gcc -o conftest -O2 -I/home/simon/GIT/buildroot-k3-current/output/host/usr/include -I/home/simon/GIT/buildroot-k3-current/output/host/usr/include -L/home/simon/GIT/buildroot-k3-current/output/host/lib -L/home/simon/GIT/buildroot-k3-current/output/host/usr/lib -Wl,-rpath,/home/simon/GIT/buildroot-k3-current/output/host/usr/lib conftest.c  >&5
conftest.c:81:6: warning: conflicting types for built-in function 'printf' [enabled by default]
configure:13237: $? = 0
configure:13237: result: yes
configure:13237: checking for sprintf
configure:13237: /usr/bin/gcc -o conftest -O2 -I/home/simon/GIT/buildroot-k3-current/output/host/usr/include -I/home/simon/GIT/buildroot-k3-current/output/host/usr/include -L/home/simon/GIT/buildroot-k3-current/output/host/lib -L/home/simon/GIT/buildroot-k3-current/output/host/usr/lib -Wl,-rpath,/home/simon/GIT/buildroot-k3-current/output/host/usr/lib conftest.c  >&5
conftest.c:82:6: warning: conflicting types for built-in function 'sprintf' [enabled by default]
configure:13237: $? = 0
configure:13237: result: yes
configure:13237: checking for fprintf
configure:13237: /usr/bin/gcc -o conftest -O2 -I/home/simon/GIT/buildroot-k3-current/output/host/usr/include -I/home/simon/GIT/buildroot-k3-current/output/host/usr/include -L/home/simon/GIT/buildroot-k3-current/output/host/lib -L/home/simon/GIT/buildroot-k3-current/output/host/usr/lib -Wl,-rpath,/home/simon/GIT/buildroot-k3-current/output/host/usr/lib conftest.c  >&5
conftest.c:83:6: warning: conflicting types for built-in function 'fprintf' [enabled by default]
configure:13237: $? = 0
configure:13237: result: yes
configure:13237: checking for snprintf
configure:13237: /usr/bin/gcc -o conftest -O2 -I/home/simon/GIT/buildroot-k3-current/output/host/usr/include -I/home/simon/GIT/buildroot-k3-current/output/host/usr/include -L/home/simon/GIT/buildroot-k3-current/output/host/lib -L/home/simon/GIT/buildroot-k3-current/output/host/usr/lib -Wl,-rpath,/home/simon/GIT/buildroot-k3-current/output/host/usr/lib conftest.c  >&5
conftest.c:84:6: warning: conflicting types for built-in function 'snprintf' [enabled by default]
configure:13237: $? = 0
configure:13237: result: yes
configure:13237: checking for vfprintf
configure:13237: /usr/bin/gcc -o conftest -O2 -I/home/simon/GIT/buildroot-k3-current/output/host/usr/include -I/home/simon/GIT/buildroot-k3-current/output/host/usr/include -L/home/simon/GIT/buildroot-k3-current/output/host/lib -L/home/simon/GIT/buildroot-k3-current/output/host/usr/lib -Wl,-rpath,/home/simon/GIT/buildroot-k3-current/output/host/usr/lib conftest.c  >&5
conftest.c:85:6: warning: conflicting types for built-in function 'vfprintf' [enabled by default]
configure:13237: $? = 0
configure:13237: result: yes
configure:13237: checking for vsprintf
configure:13237: /usr/bin/gcc -o conftest -O2 -I/home/simon/GIT/buildroot-k3-current/output/host/usr/include -I/home/simon/GIT/buildroot-k3-current/output/host/usr/include -L/home/simon/GIT/buildroot-k3-current/output/host/lib -L/home/simon/GIT/buildroot-k3-current/output/host/usr/lib -Wl,-rpath,/home/simon/GIT/buildroot-k3-current/output/host/usr/lib conftest.c  >&5
conftest.c:86:6: warning: conflicting types for built-in function 'vsprintf' [enabled by default]
configure:13237: $? = 0
configure:13237: result: yes
configure:13237: checking for vsnprintf
configure:13237: /usr/bin/gcc -o conftest -O2 -I/home/simon/GIT/buildroot-k3-current/output/host/usr/include -I/home/simon/GIT/buildroot-k3-current/output/host/usr/include -L/home/simon/GIT/buildroot-k3-current/output/host/lib -L/home/simon/GIT/buildroot-k3-current/output/host/usr/lib -Wl,-rpath,/home/simon/GIT/buildroot-k3-current/output/host/usr/lib conftest.c  >&5
conftest.c:87:6: warning: conflicting types for built-in function 'vsnprintf' [enabled by default]
configure:13237: $? = 0
configure:13237: result: yes
configure:13237: checking for sscanf
configure:13237: /usr/bin/gcc -o conftest -O2 -I/home/simon/GIT/buildroot-k3-current/output/host/usr/include -I/home/simon/GIT/buildroot-k3-current/output/host/usr/include -L/home/simon/GIT/buildroot-k3-current/output/host/lib -L/home/simon/GIT/buildroot-k3-current/output/host/usr/lib -Wl,-rpath,/home/simon/GIT/buildroot-k3-current/output/host/usr/lib conftest.c  >&5
conftest.c:88:6: warning: conflicting types for built-in function 'sscanf' [enabled by default]
configure:13237: $? = 0
configure:13237: result: yes
configure:13251: checking for clock_gettime
configure:13251: /usr/bin/gcc -o conftest -O2 -I/home/simon/GIT/buildroot-k3-current/output/host/usr/include -I/home/simon/GIT/buildroot-k3-current/output/host/usr/include -L/home/simon/GIT/buildroot-k3-current/output/host/lib -L/home/simon/GIT/buildroot-k3-current/output/host/usr/lib -Wl,-rpath,/home/simon/GIT/buildroot-k3-current/output/host/usr/lib conftest.c  >&5
/tmp/ccZKJztO.o: In function `main':
conftest.c:(.text.startup+0x7): undefined reference to `clock_gettime'
collect2: ld returned 1 exit status
configure:13251: $? = 1
configure: failed program was:
| /* confdefs.h */
| #define PACKAGE_NAME ""
| #define PACKAGE_TARNAME ""
| #define PACKAGE_VERSION ""
| #define PACKAGE_STRING ""
| #define PACKAGE_BUGREPORT ""
| #define PACKAGE_URL ""
| #define STDC_HEADERS 1
| #define HAVE_SYS_TYPES_H 1
| #define HAVE_SYS_STAT_H 1
| #define HAVE_STDLIB_H 1
| #define HAVE_STRING_H 1
| #define HAVE_MEMORY_H 1
| #define HAVE_STRINGS_H 1
| #define HAVE_INTTYPES_H 1
| #define HAVE_STDINT_H 1
| #define HAVE_UNISTD_H 1
| #define __EXTENSIONS__ 1
| #define _ALL_SOURCE 1
| #define _GNU_SOURCE 1
| #define _POSIX_PTHREAD_SEMANTICS 1
| #define _TANDEM_SOURCE 1
| #define PACKAGE "libxslt"
| #define VERSION "1.1.27"
| #define STDC_HEADERS 1
| #define HAVE_DLFCN_H 1
| #define LT_OBJDIR ".libs/"
| #define HAVE_SYS_TYPES_H 1
| #define HAVE_SYS_TIME_H 1
| #define HAVE_STDLIB_H 1
| #define HAVE_UNISTD_H 1
| #define HAVE_STRING_H 1
| #define HAVE_LIBPTHREAD /**/
| #define HAVE_PTHREAD_H /**/
| #define HAVE_LOCALE_H 1
| #define HAVE_XLOCALE_H 1
| #define HAVE_MATH_H 1
| #define HAVE_FLOAT_H 1
| #define HAVE_SYS_TIMEB_H 1
| #define HAVE_TIME_H 1
| #define HAVE_SYS_STAT_H 1
| #define HAVE_SYS_SELECT_H 1
| #define HAVE_STDARG_H 1
| #define HAVE_STAT 1
| #define HAVE_POW /**/
| #define HAVE_FLOOR /**/
| #define HAVE_FABS /**/
| #define HAVE_GETTIMEOFDAY 1
| #define HAVE_MKTIME 1
| #define HAVE_LOCALTIME 1
| #define HAVE_LOCALTIME_R 1
| #define HAVE_ASCTIME 1
| #define HAVE_TIME 1
| #define HAVE_GMTIME 1
| #define HAVE_GMTIME_R 1
| #define HAVE_FTIME 1
| #define HAVE_PRINTF 1
| #define HAVE_SPRINTF 1
| #define HAVE_FPRINTF 1
| #define HAVE_SNPRINTF 1
| #define HAVE_VFPRINTF 1
| #define HAVE_VSPRINTF 1
| #define HAVE_VSNPRINTF 1
| #define HAVE_SSCANF 1
| /* end confdefs.h.  */
| /* Define clock_gettime to an innocuous variant, in case <limits.h> declares clock_gettime.
|    For example, HP-UX 11i <limits.h> declares gettimeofday.  */
| #define clock_gettime innocuous_clock_gettime
| 
| /* System header to define __stub macros and hopefully few prototypes,
|     which can conflict with char clock_gettime (); below.
|     Prefer <limits.h> to <assert.h> if __STDC__ is defined, since
|     <limits.h> exists even on freestanding compilers.  */
| 
| #ifdef __STDC__
| # include <limits.h>
| #else
| # include <assert.h>
| #endif
| 
| #undef clock_gettime
| 
| /* Override any GCC internal prototype to avoid an error.
|    Use char because int might match the return type of a GCC
|    builtin and then its argument prototype would still apply.  */
| #ifdef __cplusplus
| extern "C"
| #endif
| char clock_gettime ();
| /* The GNU C library defines this for functions which it implements
|     to always fail with ENOSYS.  Some functions are actually named
|     something starting with __ and the normal name is an alias.  */
| #if defined __stub_clock_gettime || defined __stub___clock_gettime
| choke me
| #endif
| 
| int
| main ()
| {
| return clock_gettime ();
|   ;
|   return 0;
| }
configure:13251: result: no
configure:13259: checking for clock_gettime in -lrt
configure:13284: /usr/bin/gcc -o conftest -O2 -I/home/simon/GIT/buildroot-k3-current/output/host/usr/include -I/home/simon/GIT/buildroot-k3-current/output/host/usr/include -L/home/simon/GIT/buildroot-k3-current/output/host/lib -L/home/simon/GIT/buildroot-k3-current/output/host/usr/lib -Wl,-rpath,/home/simon/GIT/buildroot-k3-current/output/host/usr/lib conftest.c -lrt   >&5
configure:13284: $? = 0
configure:13293: result: yes
configure:13322: checking for perl
configure:13338: found /usr/bin/perl
configure:13350: result: perl
configure:13684: checking for libxml libraries >= 2.6.27
configure:13736: result: 2.8.0 found
configure:13765: checking whether shared libraries will be built (required for plugins)
configure:13776: result: yes
configure:13781: checking libxml2 module support
configure:13785: result: yes
configure:14014: creating ./config.status

## ---------------------- ##
## Running config.status. ##
## ---------------------- ##

This file was extended by config.status, which was
generated by GNU Autoconf 2.68.  Invocation command line was

  CONFIG_FILES    = 
  CONFIG_HEADERS  = 
  CONFIG_LINKS    = 
  CONFIG_COMMANDS = 
  $ ./config.status 

on dev

config.status:1248: creating Makefile
config.status:1248: creating libxslt.pc
config.status:1248: creating libexslt.pc
config.status:1248: creating libxslt/Makefile
config.status:1248: creating libxslt/xsltconfig.h
config.status:1248: creating libxslt/xsltwin32config.h
config.status:1248: creating libexslt/Makefile
config.status:1248: creating libexslt/exsltconfig.h
config.status:1248: creating xsltproc/Makefile
config.status:1248: creating python/Makefile
config.status:1248: creating python/tests/Makefile
config.status:1248: creating tests/Makefile
config.status:1248: creating tests/docs/Makefile
config.status:1248: creating tests/REC1/Makefile
config.status:1248: creating tests/REC2/Makefile
config.status:1248: creating tests/REC/Makefile
config.status:1248: creating tests/general/Makefile
config.status:1248: creating tests/reports/Makefile
config.status:1248: creating tests/extensions/Makefile
config.status:1248: creating tests/namespaces/Makefile
config.status:1248: creating tests/keys/Makefile
config.status:1248: creating tests/numbers/Makefile
config.status:1248: creating tests/documents/Makefile
config.status:1248: creating tests/xmlspec/Makefile
config.status:1248: creating tests/multiple/Makefile
config.status:1248: creating tests/xinclude/Makefile
config.status:1248: creating tests/XSLTMark/Makefile
config.status:1248: creating tests/docbook/Makefile
config.status:1248: creating tests/exslt/Makefile
config.status:1248: creating tests/exslt/common/Makefile
config.status:1248: creating tests/exslt/functions/Makefile
config.status:1248: creating tests/exslt/math/Makefile
config.status:1248: creating tests/exslt/sets/Makefile
config.status:1248: creating tests/exslt/strings/Makefile
config.status:1248: creating tests/exslt/date/Makefile
config.status:1248: creating tests/exslt/dynamic/Makefile
config.status:1248: creating tests/plugins/Makefile
config.status:1248: creating doc/Makefile
config.status:1248: creating xslt-config
config.status:1248: creating libxslt.spec
config.status:1248: creating config.h
config.status:1477: executing depfiles commands
config.status:1477: executing libtool commands

## ---------------- ##
## Cache variables. ##
## ---------------- ##

ac_cv_build=i686-pc-linux-gnu
ac_cv_c_compiler_gnu=yes
ac_cv_env_CC_set=set
ac_cv_env_CC_value=/usr/bin/gcc
ac_cv_env_CFLAGS_set=set
ac_cv_env_CFLAGS_value='-O2 -I/home/simon/GIT/buildroot-k3-current/output/host/usr/include'
ac_cv_env_CPPFLAGS_set=set
ac_cv_env_CPPFLAGS_value=-I/home/simon/GIT/buildroot-k3-current/output/host/usr/include
ac_cv_env_CPP_set=set
ac_cv_env_CPP_value=/usr/bin/cpp
ac_cv_env_LDFLAGS_set=set
ac_cv_env_LDFLAGS_value='-L/home/simon/GIT/buildroot-k3-current/output/host/lib -L/home/simon/GIT/buildroot-k3-current/output/host/usr/lib -Wl,-rpath,/home/simon/GIT/buildroot-k3-current/output/host/usr/lib'
ac_cv_env_LIBS_set=
ac_cv_env_LIBS_value=
ac_cv_env_build_alias_set=
ac_cv_env_build_alias_value=
ac_cv_env_host_alias_set=
ac_cv_env_host_alias_value=
ac_cv_env_target_alias_set=
ac_cv_env_target_alias_value=
ac_cv_func__stat=no
ac_cv_func_asctime=yes
ac_cv_func_clock_gettime=no
ac_cv_func_fabs=no
ac_cv_func_floor=no
ac_cv_func_fprintf=yes
ac_cv_func_ftime=yes
ac_cv_func_gettimeofday=yes
ac_cv_func_gmtime=yes
ac_cv_func_gmtime_r=yes
ac_cv_func_localtime=yes
ac_cv_func_localtime_r=yes
ac_cv_func_mktime=yes
ac_cv_func_pow=no
ac_cv_func_printf=yes
ac_cv_func_snprintf=yes
ac_cv_func_sprintf=yes
ac_cv_func_sscanf=yes
ac_cv_func_stat=yes
ac_cv_func_time=yes
ac_cv_func_vfprintf=yes
ac_cv_func_vsnprintf=yes
ac_cv_func_vsprintf=yes
ac_cv_header_ansidecl_h=no
ac_cv_header_dlfcn_h=yes
ac_cv_header_float_h=yes
ac_cv_header_fp_class_h=no
ac_cv_header_ieeefp_h=no
ac_cv_header_inttypes_h=yes
ac_cv_header_locale_h=yes
ac_cv_header_math_h=yes
ac_cv_header_memory_h=yes
ac_cv_header_minix_config_h=no
ac_cv_header_nan_h=no
ac_cv_header_pthread_h=yes
ac_cv_header_stdarg_h=yes
ac_cv_header_stdc=yes
ac_cv_header_stdint_h=yes
ac_cv_header_stdlib_h=yes
ac_cv_header_string_h=yes
ac_cv_header_strings_h=yes
ac_cv_header_sys_select_h=yes
ac_cv_header_sys_stat_h=yes
ac_cv_header_sys_time_h=yes
ac_cv_header_sys_timeb_h=yes
ac_cv_header_sys_types_h=yes
ac_cv_header_time_h=yes
ac_cv_header_unistd_h=yes
ac_cv_header_xlocale_h=yes
ac_cv_host=i686-pc-linux-gnu
ac_cv_lib_m_fabs=yes
ac_cv_lib_m_floor=yes
ac_cv_lib_m_pow=yes
ac_cv_lib_pthread_pthread_join=yes
ac_cv_lib_rt_clock_gettime=yes
ac_cv_objext=o
ac_cv_path_EGREP='/bin/grep -E'
ac_cv_path_FGREP='/bin/grep -F'
ac_cv_path_GREP=/bin/grep
ac_cv_path_MV=/bin/mv
ac_cv_path_RM=/bin/rm
ac_cv_path_SED=/bin/sed
ac_cv_path_TAR=/bin/tar
ac_cv_path_XMLLINT=/home/simon/GIT/buildroot-k3-current/output/host/usr/bin/xmllint
ac_cv_path_XSLTPROC=/home/simon/GIT/buildroot-k3-current/output/host/usr/bin/xsltproc
ac_cv_path_install='/usr/bin/install -c'
ac_cv_path_mkdir=/bin/mkdir
ac_cv_prog_AWK=gawk
ac_cv_prog_CPP=/usr/bin/cpp
ac_cv_prog_PERL=perl
ac_cv_prog_ac_ct_CC=/usr/bin/gcc
ac_cv_prog_ac_ct_MANIFEST_TOOL=mt
ac_cv_prog_ac_ct_OBJDUMP=objdump
ac_cv_prog_ac_ct_RANLIB=ranlib
ac_cv_prog_ac_ct_STRIP=strip
ac_cv_prog_cc_c89=
ac_cv_prog_cc_g=yes
ac_cv_prog_make_make_set=yes
ac_cv_safe_to_define___extensions__=yes
am_cv_CC_dependencies_compiler_type=gcc3
am_cv_make_support_nested_variables=yes
lt_cv_ar_at_file=@
lt_cv_archive_cmds_need_lc=no
lt_cv_deplibs_check_method=pass_all
lt_cv_file_magic_cmd='$MAGIC_CMD'
lt_cv_file_magic_test_file=
lt_cv_ld_reload_flag=-r
lt_cv_nm_interface='BSD nm'
lt_cv_objdir=.libs
lt_cv_path_LD=/usr/bin/ld
lt_cv_path_NM=/usr/bin/nm
lt_cv_path_mainfest_tool=no
lt_cv_prog_compiler_c_o=yes
lt_cv_prog_compiler_pic='-fPIC -DPIC'
lt_cv_prog_compiler_pic_works=yes
lt_cv_prog_compiler_rtti_exceptions=no
lt_cv_prog_compiler_static_works=yes
lt_cv_prog_gnu_ld=yes
lt_cv_sharedlib_from_linklib_cmd='printf %s\n'
lt_cv_shlibpath_overrides_runpath=no
lt_cv_sys_global_symbol_pipe='sed -n -e '\''s/^.*[	 ]\([ABCDGIRSTW][ABCDGIRSTW]*\)[	 ][	 ]*\([_A-Za-z][_A-Za-z0-9]*\)$/\1 \2 \2/p'\'' | sed '\''/ __gnu_lto/d'\'''
lt_cv_sys_global_symbol_to_c_name_address='sed -n -e '\''s/^: \([^ ]*\)[ ]*$/  {\"\1\", (void *) 0},/p'\'' -e '\''s/^[ABCDGIRSTW]* \([^ ]*\) \([^ ]*\)$/  {"\2", (void *) \&\2},/p'\'''
lt_cv_sys_global_symbol_to_c_name_address_lib_prefix='sed -n -e '\''s/^: \([^ ]*\)[ ]*$/  {\"\1\", (void *) 0},/p'\'' -e '\''s/^[ABCDGIRSTW]* \([^ ]*\) \(lib[^ ]*\)$/  {"\2", (void *) \&\2},/p'\'' -e '\''s/^[ABCDGIRSTW]* \([^ ]*\) \([^ ]*\)$/  {"lib\2", (void *) \&\2},/p'\'''
lt_cv_sys_global_symbol_to_cdecl='sed -n -e '\''s/^T .* \(.*\)$/extern int \1();/p'\'' -e '\''s/^[ABCDGIRSTW]* .* \(.*\)$/extern char \1;/p'\'''
lt_cv_sys_max_cmd_len=805306365
lt_cv_to_host_file_cmd=func_convert_file_noop
lt_cv_to_tool_file_cmd=func_convert_file_noop

## ----------------- ##
## Output variables. ##
## ----------------- ##

ACLOCAL='${SHELL} /home/simon/GIT/buildroot-k3-current/output/build/host-libxslt-1.1.27/missing --run aclocal-1.11'
AMDEPBACKSLASH='\'
AMDEP_FALSE='#'
AMDEP_TRUE=''
AMTAR='$${TAR-tar}'
AM_BACKSLASH='\'
AM_DEFAULT_V='$(AM_DEFAULT_VERBOSITY)'
AM_DEFAULT_VERBOSITY='0'
AM_V='$(V)'
AR='/usr/bin/ar'
AS='/usr/bin/as'
AUTOCONF='${SHELL} /home/simon/GIT/buildroot-k3-current/output/build/host-libxslt-1.1.27/missing --run autoconf'
AUTOHEADER='${SHELL} /home/simon/GIT/buildroot-k3-current/output/build/host-libxslt-1.1.27/missing --run autoheader'
AUTOMAKE='${SHELL} /home/simon/GIT/buildroot-k3-current/output/build/host-libxslt-1.1.27/missing --run automake-1.11'
AWK='gawk'
CC='/usr/bin/gcc'
CCDEPMODE='depmode=gcc3'
CFLAGS='-O2 -I/home/simon/GIT/buildroot-k3-current/output/host/usr/include -Wall'
CPP='/usr/bin/cpp'
CPPFLAGS='-I/home/simon/GIT/buildroot-k3-current/output/host/usr/include'
CYGPATH_W='echo'
DEFS='-DHAVE_CONFIG_H'
DEPDIR='.deps'
DLLTOOL='false'
DSYMUTIL=''
DUMPBIN=''
ECHO_C=''
ECHO_N='-n'
ECHO_T=''
EGREP='/bin/grep -E'
EXEEXT=''
EXSLT_INCLUDEDIR=''
EXSLT_LIBDIR=''
EXSLT_LIBS='-lexslt -lxslt  -L/home/simon/GIT/buildroot-k3-current/output/host/usr/lib -lxml2 -lz -lm -lm '
EXTRA_LIBS=' -lrt'
FGREP='/bin/grep -F'
GREP='/bin/grep'
HTML_DIR='$(datadir)/doc/$(PACKAGE)-$(VERSION)/html'
INSTALL_DATA='${INSTALL} -m 644'
INSTALL_PROGRAM='${INSTALL}'
INSTALL_SCRIPT='${INSTALL}'
INSTALL_STRIP_PROGRAM='$(install_sh) -c -s'
LD='/usr/bin/ld'
LDFLAGS='-L/home/simon/GIT/buildroot-k3-current/output/host/lib -L/home/simon/GIT/buildroot-k3-current/output/host/usr/lib -Wl,-rpath,/home/simon/GIT/buildroot-k3-current/output/host/usr/lib'
LIBEXSLT_MAJOR_VERSION='0'
LIBEXSLT_MICRO_VERSION='16'
LIBEXSLT_MINOR_VERSION='8'
LIBEXSLT_VERSION='0.8.16'
LIBEXSLT_VERSION_EXTRA=''
LIBEXSLT_VERSION_INFO='8:16:8'
LIBEXSLT_VERSION_NUMBER='816'
LIBGCRYPT_CFLAGS=''
LIBGCRYPT_CONFIG=''
LIBGCRYPT_LIBS=''
LIBOBJS=''
LIBS=''
LIBTOOL='$(SHELL) $(top_builddir)/libtool'
LIBXML_CFLAGS=' -I/home/simon/GIT/buildroot-k3-current/output/host/usr/include/libxml2'
LIBXML_LIBS=' -L/home/simon/GIT/buildroot-k3-current/output/host/usr/lib -lxml2 -lz -lm'
LIBXML_REQUIRED_VERSION='2.6.27'
LIBXML_SRC=''
LIBXSLT_DEFAULT_PLUGINS_PATH='/home/simon/GIT/buildroot-k3-current/output/host/usr/lib/libxslt-plugins'
LIBXSLT_MAJOR_MINOR_VERSION='1.1'
LIBXSLT_MAJOR_VERSION='1'
LIBXSLT_MICRO_VERSION='27'
LIBXSLT_MINOR_VERSION='1'
LIBXSLT_VERSION='1.1.27'
LIBXSLT_VERSION_EXTRA=''
LIBXSLT_VERSION_INFO='2:27:1'
LIBXSLT_VERSION_NUMBER='10127'
LIPO=''
LN_S='ln -s'
LTLIBOBJS=''
MAKEINFO='${SHELL} /home/simon/GIT/buildroot-k3-current/output/build/host-libxslt-1.1.27/missing --run makeinfo'
MANIFEST_TOOL=':'
MKDIR_P='/bin/mkdir -p'
MV='/bin/mv'
M_LIBS='-lm'
NM='/usr/bin/nm'
NMEDIT=''
OBJDUMP='objdump'
OBJEXT='o'
OTOOL64=''
OTOOL=''
PACKAGE='libxslt'
PACKAGE_BUGREPORT=''
PACKAGE_NAME=''
PACKAGE_STRING=''
PACKAGE_TARNAME=''
PACKAGE_URL=''
PACKAGE_VERSION=''
PATH_SEPARATOR=':'
PERL='perl'
PYTHON=''
PYTHONSODV=''
PYTHON_INCLUDES=''
PYTHON_LIBS=''
PYTHON_SITE_PACKAGES=''
PYTHON_SUBDIR=''
PYTHON_VERSION=''
RANLIB='ranlib'
RELDATE='Thu Nov 22 2012'
RM='/bin/rm'
SED='/bin/sed'
SET_MAKE=''
SHELL='/bin/sh'
STRIP='strip'
TAR='/bin/tar'
THREAD_LIBS='-lpthread'
USE_VERSION_SCRIPT_FALSE='#'
USE_VERSION_SCRIPT_TRUE=''
VERSION='1.1.27'
VERSION_SCRIPT_FLAGS='-Wl,--version-script='
WIN32_EXTRA_LDFLAGS=''
WIN32_EXTRA_LIBADD=''
WITH_CRYPTO='0'
WITH_DEBUGGER='1'
WITH_MEM_DEBUG='0'
WITH_MODULES='1'
WITH_MODULES_FALSE='#'
WITH_MODULES_TRUE=''
WITH_PERL_FALSE='#'
WITH_PERL_TRUE=''
WITH_PYTHON_FALSE=''
WITH_PYTHON_TRUE='#'
WITH_TRIO='0'
WITH_XSLT_DEBUG='0'
XMLLINT='/home/simon/GIT/buildroot-k3-current/output/host/usr/bin/xmllint'
XML_CONFIG='xml2-config'
XSLTPROC='/home/simon/GIT/buildroot-k3-current/output/host/usr/bin/xsltproc'
XSLTPROCDV=''
XSLT_INCLUDEDIR=''
XSLT_LIBDIR=''
XSLT_LIBS='-lxslt  -L/home/simon/GIT/buildroot-k3-current/output/host/usr/lib -lxml2 -lz -lm -lm'
XSLT_LOCALE_WINAPI='0'
XSLT_LOCALE_XLOCALE='0'
ac_ct_AR=''
ac_ct_CC='/usr/bin/gcc'
ac_ct_DUMPBIN=''
am__EXEEXT_FALSE=''
am__EXEEXT_TRUE='#'
am__fastdepCC_FALSE='#'
am__fastdepCC_TRUE=''
am__include='include'
am__isrc=''
am__leading_dot='.'
am__nodep='_no'
am__quote=''
am__tar='$${TAR-tar} chof - "$$tardir"'
am__untar='$${TAR-tar} xf -'
bindir='${exec_prefix}/bin'
build='i686-pc-linux-gnu'
build_alias=''
build_cpu='i686'
build_os='linux-gnu'
build_vendor='pc'
datadir='${datarootdir}'
datarootdir='${prefix}/share'
docdir='${datarootdir}/doc/${PACKAGE}'
dvidir='${docdir}'
exec_prefix='${prefix}'
host='i686-pc-linux-gnu'
host_alias=''
host_cpu='i686'
host_os='linux-gnu'
host_vendor='pc'
htmldir='${docdir}'
includedir='${prefix}/include'
infodir='${datarootdir}/info'
install_sh='${SHELL} /home/simon/GIT/buildroot-k3-current/output/build/host-libxslt-1.1.27/install-sh'
libdir='${exec_prefix}/lib'
libexecdir='${exec_prefix}/libexec'
localedir='${datarootdir}/locale'
localstatedir='${prefix}/var'
mandir='${datarootdir}/man'
mkdir_p='/bin/mkdir -p'
oldincludedir='/usr/include'
pdfdir='${docdir}'
prefix='/home/simon/GIT/buildroot-k3-current/output/host/usr'
program_transform_name='s,x,x,'
psdir='${docdir}'
pythondir=''
sbindir='${exec_prefix}/sbin'
sharedstatedir='${prefix}/com'
sysconfdir='/home/simon/GIT/buildroot-k3-current/output/host/etc'
target_alias=''

## ----------- ##
## confdefs.h. ##
## ----------- ##

/* confdefs.h */
#define PACKAGE_NAME ""
#define PACKAGE_TARNAME ""
#define PACKAGE_VERSION ""
#define PACKAGE_STRING ""
#define PACKAGE_BUGREPORT ""
#define PACKAGE_URL ""
#define STDC_HEADERS 1
#define HAVE_SYS_TYPES_H 1
#define HAVE_SYS_STAT_H 1
#define HAVE_STDLIB_H 1
#define HAVE_STRING_H 1
#define HAVE_MEMORY_H 1
#define HAVE_STRINGS_H 1
#define HAVE_INTTYPES_H 1
#define HAVE_STDINT_H 1
#define HAVE_UNISTD_H 1
#define __EXTENSIONS__ 1
#define _ALL_SOURCE 1
#define _GNU_SOURCE 1
#define _POSIX_PTHREAD_SEMANTICS 1
#define _TANDEM_SOURCE 1
#define PACKAGE "libxslt"
#define VERSION "1.1.27"
#define STDC_HEADERS 1
#define HAVE_DLFCN_H 1
#define LT_OBJDIR ".libs/"
#define HAVE_SYS_TYPES_H 1
#define HAVE_SYS_TIME_H 1
#define HAVE_STDLIB_H 1
#define HAVE_UNISTD_H 1
#define HAVE_STRING_H 1
#define HAVE_LIBPTHREAD /**/
#define HAVE_PTHREAD_H /**/
#define HAVE_LOCALE_H 1
#define HAVE_XLOCALE_H 1
#define HAVE_MATH_H 1
#define HAVE_FLOAT_H 1
#define HAVE_SYS_TIMEB_H 1
#define HAVE_TIME_H 1
#define HAVE_SYS_STAT_H 1
#define HAVE_SYS_SELECT_H 1
#define HAVE_STDARG_H 1
#define HAVE_STAT 1
#define HAVE_POW /**/
#define HAVE_FLOOR /**/
#define HAVE_FABS /**/
#define HAVE_GETTIMEOFDAY 1
#define HAVE_MKTIME 1
#define HAVE_LOCALTIME 1
#define HAVE_LOCALTIME_R 1
#define HAVE_ASCTIME 1
#define HAVE_TIME 1
#define HAVE_GMTIME 1
#define HAVE_GMTIME_R 1
#define HAVE_FTIME 1
#define HAVE_PRINTF 1
#define HAVE_SPRINTF 1
#define HAVE_FPRINTF 1
#define HAVE_SNPRINTF 1
#define HAVE_VFPRINTF 1
#define HAVE_VSPRINTF 1
#define HAVE_VSNPRINTF 1
#define HAVE_SSCANF 1
#define HAVE_CLOCK_GETTIME 1
#define WITH_DEBUGGER /**/

configure: exit 0
