--------------------
./configure --prefix=/home/simon/GIT/buildroot-k3-current/output/host/usr --sysconfdir=/home/simon/GIT/buildroot-k3-current/output/host/etc
Thu Nov 22 03:02:42 GMT 2012
ignored option: --sysconfdir

=== ztest8436.c ===
extern int getchar();
int hello() {return getchar();}
===
/usr/bin/gcc -c -O2 -I/home/simon/GIT/buildroot-k3-current/output/host/usr/include ztest8436.c
... using gcc

Checking for shared library support...
=== ztest8436.c ===
extern int getchar();
int hello() {return getchar();}
===
/usr/bin/gcc -w -c -O2 -I/home/simon/GIT/buildroot-k3-current/output/host/usr/include -fPIC ztest8436.c
/usr/bin/gcc -shared -Wl,-soname,libz.so.1,--version-script,zlib.map -O2 -I/home/simon/GIT/buildroot-k3-current/output/host/usr/include -fPIC -o ztest8436.so ztest8436.o
Building shared library libz.so.1.2.7 with /usr/bin/gcc.


=== ztest8436.c ===
#include <sys/types.h>
off64_t dummy = 0;
===
/usr/bin/gcc -c -O2 -I/home/simon/GIT/buildroot-k3-current/output/host/usr/include -D_LARGEFILE64_SOURCE=1 ztest8436.c
Checking for off64_t... Yes.
Checking for fseeko... Yes.

=== ztest8436.c ===
#include <string.h>
#include <errno.h>
int main() { return strlen(strerror(errno)); }
===
/usr/bin/gcc -O2 -I/home/simon/GIT/buildroot-k3-current/output/host/usr/include -D_LARGEFILE64_SOURCE=1 -o ztest8436 ztest8436.c
Checking for strerror... Yes.

=== ztest8436.c ===
#include <unistd.h>
int main() { return 0; }
===
/usr/bin/gcc -c -O2 -I/home/simon/GIT/buildroot-k3-current/output/host/usr/include -D_LARGEFILE64_SOURCE=1 ztest8436.c
Checking for unistd.h... Yes.

=== ztest8436.c ===
#include <stdarg.h>
int main() { return 0; }
===
/usr/bin/gcc -c -O2 -I/home/simon/GIT/buildroot-k3-current/output/host/usr/include -D_LARGEFILE64_SOURCE=1 ztest8436.c
Checking for stdarg.h... Yes.

=== ztest8436.c ===
#include <stdio.h>
#include <stdarg.h>
#include "zconf.h"
int main()
{
#ifndef STDC
  choke me
#endif
  return 0;
}
===
/usr/bin/gcc -c -O2 -I/home/simon/GIT/buildroot-k3-current/output/host/usr/include -D_LARGEFILE64_SOURCE=1 ztest8436.c
Checking whether to use vs[n]printf() or s[n]printf()... using vs[n]printf().

=== ztest8436.c ===
#include <stdio.h>
#include <stdarg.h>
int mytest(const char *fmt, ...)
{
  char buf[20];
  va_list ap;
  va_start(ap, fmt);
  vsnprintf(buf, sizeof(buf), fmt, ap);
  va_end(ap);
  return 0;
}
int main()
{
  return (mytest("Hello%d\n", 1));
}
===
/usr/bin/gcc -O2 -I/home/simon/GIT/buildroot-k3-current/output/host/usr/include -D_LARGEFILE64_SOURCE=1 -o ztest8436 ztest8436.c
Checking for vsnprintf() in stdio.h... Yes.

=== ztest8436.c ===
#include <stdio.h>
#include <stdarg.h>
int mytest(const char *fmt, ...)
{
  int n;
  char buf[20];
  va_list ap;
  va_start(ap, fmt);
  n = vsnprintf(buf, sizeof(buf), fmt, ap);
  va_end(ap);
  return n;
}
int main()
{
  return (mytest("Hello%d\n", 1));
}
===
/usr/bin/gcc -c -O2 -I/home/simon/GIT/buildroot-k3-current/output/host/usr/include -D_LARGEFILE64_SOURCE=1 ztest8436.c
Checking for return value of vsnprintf()... Yes.

=== ztest8436.c ===
#define ZLIB_INTERNAL __attribute__((visibility ("hidden")))
int ZLIB_INTERNAL foo;
int main()
{
  return 0;
}
===
/usr/bin/gcc -c -O2 -I/home/simon/GIT/buildroot-k3-current/output/host/usr/include -D_LARGEFILE64_SOURCE=1 ztest8436.c
Checking for attribute(visibility) support... Yes.

=== ztest8436.c ===
#include <stdio.h>
#define is32(n,t) for(n=1,k=0;n;n<<=1,k++);if(k==32){puts(t);return 0;}
int main() {
    int k;
    unsigned i;
    unsigned long l;
    unsigned short s;
    is32(i, "unsigned")
    is32(l, "unsigned long")
    is32(s, "unsigned short")
    return 1;
}
===
/usr/bin/gcc -O2 -I/home/simon/GIT/buildroot-k3-current/output/host/usr/include -D_LARGEFILE64_SOURCE=1 -DHAVE_HIDDEN ztest8436.c -o ztest8436
Looking for a four-byte integer type... Found.

ALL = static shared all64
AR = /usr/bin/ar
ARFLAGS = rc
CC = /usr/bin/gcc
CFLAGS = -O2 -I/home/simon/GIT/buildroot-k3-current/output/host/usr/include -D_LARGEFILE64_SOURCE=1 -DHAVE_HIDDEN
CPP = /usr/bin/cpp
EXE =
LDCONFIG = ldconfig
LDFLAGS = -L/home/simon/GIT/buildroot-k3-current/output/host/lib -L/home/simon/GIT/buildroot-k3-current/output/host/usr/lib -Wl,-rpath,/home/simon/GIT/buildroot-k3-current/output/host/usr/lib
LDSHARED = /usr/bin/gcc -shared -Wl,-soname,libz.so.1,--version-script,zlib.map
LDSHAREDLIBC = -lc
OBJC = $(OBJZ) $(OBJG)
PIC_OBJC = $(PIC_OBJZ) $(PIC_OBJG)
RANLIB = ranlib
SFLAGS = -O2 -I/home/simon/GIT/buildroot-k3-current/output/host/usr/include -fPIC -D_LARGEFILE64_SOURCE=1 -DHAVE_HIDDEN
SHAREDLIB = libz.so
SHAREDLIBM = libz.so.1
SHAREDLIBV = libz.so.1.2.7
STATICLIB = libz.a
TEST = all teststatic testshared test64
VER = 1.2.7
Z_U4 = unsigned
exec_prefix = ${prefix}
includedir = ${prefix}/include
libdir = ${exec_prefix}/lib
mandir = ${prefix}/share/man
prefix = /home/simon/GIT/buildroot-k3-current/output/host/usr
sharedlibdir = ${libdir}
uname = Linux
--------------------


