This file contains any messages produced by compilers while
running configure, to aid debugging if configure makes a mistake.

It was created by libXau configure 1.0.6, which was
generated by GNU Autoconf 2.65.  Invocation command line was

  $ ./configure --target=arm-buildroot-linux-gnueabi --host=arm-buildroot-linux-gnueabi --build=i686-pc-linux-gnu --prefix=/usr --exec-prefix=/usr --sysconfdir=/etc --program-prefix= --disable-gtk-doc --enable-ipv6 --enable-static --enable-shared

## --------- ##
## Platform. ##
## --------- ##

hostname = dev
uname -m = i686
uname -r = 3.2.0-33-generic
uname -s = Linux
uname -v = #52-Ubuntu SMP Thu Oct 18 16:19:45 UTC 2012

/usr/bin/uname -p = unknown
/bin/uname -X     = unknown

/bin/arch              = unknown
/usr/bin/arch -k       = unknown
/usr/convex/getsysinfo = unknown
/usr/bin/hostinfo      = unknown
/bin/machine           = unknown
/usr/bin/oslevel       = unknown
/bin/universe          = unknown

PATH: /home/simon/GIT/buildroot-k3-current/output/host/bin
PATH: /home/simon/GIT/buildroot-k3-current/output/host/usr/bin
PATH: /home/simon/GIT/buildroot-k3-current/output/host/usr/sbin/
PATH: /home/simon/bin
PATH: /usr/local/sbin
PATH: /usr/local/bin
PATH: /usr/sbin
PATH: /usr/bin
PATH: /sbin
PATH: /bin
PATH: /usr/games


## ----------- ##
## Core tests. ##
## ----------- ##

configure:2357: checking for a BSD-compatible install
configure:2425: result: /usr/bin/install -c
configure:2436: checking whether build environment is sane
configure:2486: result: yes
configure:2535: checking for arm-buildroot-linux-gnueabi-strip
configure:2562: result: /home/simon/GIT/buildroot-k3-current/output/host/usr/bin/arm-none-linux-gnueabi-strip
configure:2627: checking for a thread-safe mkdir -p
configure:2666: result: /bin/mkdir -p
configure:2679: checking for gawk
configure:2695: found /usr/bin/gawk
configure:2706: result: gawk
configure:2717: checking whether make sets $(MAKE)
configure:2739: result: yes
configure:2820: checking whether to enable maintainer-specific portions of Makefiles
configure:2829: result: no
configure:2870: checking for style of include used by make
configure:2898: result: GNU
configure:2928: checking for arm-buildroot-linux-gnueabi-gcc
configure:2955: result: /home/simon/GIT/buildroot-k3-current/output/host/usr/bin/arm-none-linux-gnueabi-gcc
configure:3224: checking for C compiler version
configure:3233: /home/simon/GIT/buildroot-k3-current/output/host/usr/bin/arm-none-linux-gnueabi-gcc --version >&5
arm-none-linux-gnueabi-gcc (CodeSourcery Sourcery G++ Lite 2007q3-51) 4.2.1
Copyright (C) 2007 Free Software Foundation, Inc.
This is free software; see the source for copying conditions.  There is NO
warranty; not even for MERCHANTABILITY or FITNESS FOR A PARTICULAR PURPOSE.

configure:3244: $? = 0
configure:3233: /home/simon/GIT/buildroot-k3-current/output/host/usr/bin/arm-none-linux-gnueabi-gcc -v >&5
Using built-in specs.
Target: arm-none-linux-gnueabi
Configured with: /scratch/paul/lite/linux/src/gcc-4.2/configure --build=i686-pc-linux-gnu --host=i686-pc-linux-gnu --target=arm-none-linux-gnueabi --enable-threads --disable-libmudflap --disable-libssp --disable-libgomp --disable-libstdcxx-pch --with-gnu-as --with-gnu-ld --enable-languages=c,c++ --enable-shared --enable-symvers=gnu --enable-__cxa_atexit --with-pkgversion=CodeSourcery Sourcery G++ Lite 2007q3-51 --with-bugurl=https://support.codesourcery.com/GNUToolchain/ --disable-nls --prefix=/opt/codesourcery --with-sysroot=/opt/codesourcery/arm-none-linux-gnueabi/libc --with-build-sysroot=/scratch/paul/lite/linux/install/arm-none-linux-gnueabi/libc --enable-poison-system-directories --with-build-time-tools=/scratch/paul/lite/linux/install/arm-none-linux-gnueabi/bin --with-build-time-tools=/scratch/paul/lite/linux/install/arm-none-linux-gnueabi/bin
Thread model: posix
gcc version 4.2.1 (CodeSourcery Sourcery G++ Lite 2007q3-51)
configure:3244: $? = 0
configure:3233: /home/simon/GIT/buildroot-k3-current/output/host/usr/bin/arm-none-linux-gnueabi-gcc -V >&5
arm-none-linux-gnueabi-gcc: '-V' must come at the start of the command line
configure:3244: $? = 1
configure:3233: /home/simon/GIT/buildroot-k3-current/output/host/usr/bin/arm-none-linux-gnueabi-gcc -qversion >&5
arm-none-linux-gnueabi-gcc: unrecognized option '-qversion'
arm-none-linux-gnueabi-gcc: no input files
configure:3244: $? = 1
configure:3264: checking whether the C compiler works
configure:3286: /home/simon/GIT/buildroot-k3-current/output/host/usr/bin/arm-none-linux-gnueabi-gcc -D_LARGEFILE_SOURCE -D_LARGEFILE64_SOURCE -D_FILE_OFFSET_BITS=64  -pipe -U_FORTIFY_SOURCE -fno-stack-protector -fomit-frame-pointer -fPIC -O2  -D_LARGEFILE_SOURCE -D_LARGEFILE64_SOURCE -D_FILE_OFFSET_BITS=64  conftest.c  >&5
configure:3290: $? = 0
configure:3339: result: yes
configure:3342: checking for C compiler default output file name
configure:3344: result: a.out
configure:3350: checking for suffix of executables
configure:3357: /home/simon/GIT/buildroot-k3-current/output/host/usr/bin/arm-none-linux-gnueabi-gcc -o conftest -D_LARGEFILE_SOURCE -D_LARGEFILE64_SOURCE -D_FILE_OFFSET_BITS=64  -pipe -U_FORTIFY_SOURCE -fno-stack-protector -fomit-frame-pointer -fPIC -O2  -D_LARGEFILE_SOURCE -D_LARGEFILE64_SOURCE -D_FILE_OFFSET_BITS=64  conftest.c  >&5
configure:3361: $? = 0
configure:3383: result: 
configure:3405: checking whether we are cross compiling
configure:3443: result: yes
configure:3448: checking for suffix of object files
configure:3470: /home/simon/GIT/buildroot-k3-current/output/host/usr/bin/arm-none-linux-gnueabi-gcc -c -D_LARGEFILE_SOURCE -D_LARGEFILE64_SOURCE -D_FILE_OFFSET_BITS=64  -pipe -U_FORTIFY_SOURCE -fno-stack-protector -fomit-frame-pointer -fPIC -O2  -D_LARGEFILE_SOURCE -D_LARGEFILE64_SOURCE -D_FILE_OFFSET_BITS=64 conftest.c >&5
configure:3474: $? = 0
configure:3495: result: o
configure:3499: checking whether we are using the GNU C compiler
configure:3518: /home/simon/GIT/buildroot-k3-current/output/host/usr/bin/arm-none-linux-gnueabi-gcc -c -D_LARGEFILE_SOURCE -D_LARGEFILE64_SOURCE -D_FILE_OFFSET_BITS=64  -pipe -U_FORTIFY_SOURCE -fno-stack-protector -fomit-frame-pointer -fPIC -O2  -D_LARGEFILE_SOURCE -D_LARGEFILE64_SOURCE -D_FILE_OFFSET_BITS=64 conftest.c >&5
configure:3518: $? = 0
configure:3527: result: yes
configure:3536: checking whether /home/simon/GIT/buildroot-k3-current/output/host/usr/bin/arm-none-linux-gnueabi-gcc accepts -g
configure:3556: /home/simon/GIT/buildroot-k3-current/output/host/usr/bin/arm-none-linux-gnueabi-gcc -c -g -D_LARGEFILE_SOURCE -D_LARGEFILE64_SOURCE -D_FILE_OFFSET_BITS=64 conftest.c >&5
configure:3556: $? = 0
configure:3597: result: yes
configure:3614: checking for /home/simon/GIT/buildroot-k3-current/output/host/usr/bin/arm-none-linux-gnueabi-gcc option to accept ISO C89
configure:3678: /home/simon/GIT/buildroot-k3-current/output/host/usr/bin/arm-none-linux-gnueabi-gcc  -c -D_LARGEFILE_SOURCE -D_LARGEFILE64_SOURCE -D_FILE_OFFSET_BITS=64  -pipe -U_FORTIFY_SOURCE -fno-stack-protector -fomit-frame-pointer -fPIC -O2  -D_LARGEFILE_SOURCE -D_LARGEFILE64_SOURCE -D_FILE_OFFSET_BITS=64 conftest.c >&5
configure:3678: $? = 0
configure:3691: result: none needed
configure:3713: checking dependency style of /home/simon/GIT/buildroot-k3-current/output/host/usr/bin/arm-none-linux-gnueabi-gcc
configure:3823: result: gcc3
configure:3838: checking for /home/simon/GIT/buildroot-k3-current/output/host/usr/bin/arm-none-linux-gnueabi-gcc option to accept ISO C99
configure:3987: /home/simon/GIT/buildroot-k3-current/output/host/usr/bin/arm-none-linux-gnueabi-gcc  -c -D_LARGEFILE_SOURCE -D_LARGEFILE64_SOURCE -D_FILE_OFFSET_BITS=64  -pipe -U_FORTIFY_SOURCE -fno-stack-protector -fomit-frame-pointer -fPIC -O2  -D_LARGEFILE_SOURCE -D_LARGEFILE64_SOURCE -D_FILE_OFFSET_BITS=64 conftest.c >&5
conftest.c:61: error: expected ';', ',' or ')' before 'text'
conftest.c: In function 'main':
conftest.c:115: error: expected '=', ',', ';', 'asm' or '__attribute__' before 'newvar'
conftest.c:115: error: 'newvar' undeclared (first use in this function)
conftest.c:115: error: (Each undeclared identifier is reported only once
conftest.c:115: error: for each function it appears in.)
conftest.c:125: error: 'for' loop initial declaration used outside C99 mode
configure:3987: $? = 1
configure: failed program was:
| /* confdefs.h */
| #define PACKAGE_NAME "libXau"
| #define PACKAGE_TARNAME "libXau"
| #define PACKAGE_VERSION "1.0.6"
| #define PACKAGE_STRING "libXau 1.0.6"
| #define PACKAGE_BUGREPORT "https://bugs.freedesktop.org/enter_bug.cgi?product=xorg"
| #define PACKAGE_URL ""
| #define PACKAGE "libXau"
| #define VERSION "1.0.6"
| /* end confdefs.h.  */
| #include <stdarg.h>
| #include <stdbool.h>
| #include <stdlib.h>
| #include <wchar.h>
| #include <stdio.h>
| 
| // Check varargs macros.  These examples are taken from C99 6.10.3.5.
| #define debug(...) fprintf (stderr, __VA_ARGS__)
| #define showlist(...) puts (#__VA_ARGS__)
| #define report(test,...) ((test) ? puts (#test) : printf (__VA_ARGS__))
| static void
| test_varargs_macros (void)
| {
|   int x = 1234;
|   int y = 5678;
|   debug ("Flag");
|   debug ("X = %d\n", x);
|   showlist (The first, second, and third items.);
|   report (x>y, "x is %d but y is %d", x, y);
| }
| 
| // Check long long types.
| #define BIG64 18446744073709551615ull
| #define BIG32 4294967295ul
| #define BIG_OK (BIG64 / BIG32 == 4294967297ull && BIG64 % BIG32 == 0)
| #if !BIG_OK
|   your preprocessor is broken;
| #endif
| #if BIG_OK
| #else
|   your preprocessor is broken;
| #endif
| static long long int bignum = -9223372036854775807LL;
| static unsigned long long int ubignum = BIG64;
| 
| struct incomplete_array
| {
|   int datasize;
|   double data[];
| };
| 
| struct named_init {
|   int number;
|   const wchar_t *name;
|   double average;
| };
| 
| typedef const char *ccp;
| 
| static inline int
| test_restrict (ccp restrict text)
| {
|   // See if C++-style comments work.
|   // Iterate through items via the restricted pointer.
|   // Also check for declarations in for loops.
|   for (unsigned int i = 0; *(text+i) != '\0'; ++i)
|     continue;
|   return 0;
| }
| 
| // Check varargs and va_copy.
| static void
| test_varargs (const char *format, ...)
| {
|   va_list args;
|   va_start (args, format);
|   va_list args_copy;
|   va_copy (args_copy, args);
| 
|   const char *str;
|   int number;
|   float fnumber;
| 
|   while (*format)
|     {
|       switch (*format++)
| 	{
| 	case 's': // string
| 	  str = va_arg (args_copy, const char *);
| 	  break;
| 	case 'd': // int
| 	  number = va_arg (args_copy, int);
| 	  break;
| 	case 'f': // float
| 	  fnumber = va_arg (args_copy, double);
| 	  break;
| 	default:
| 	  break;
| 	}
|     }
|   va_end (args_copy);
|   va_end (args);
| }
| 
| int
| main ()
| {
| 
|   // Check bool.
|   _Bool success = false;
| 
|   // Check restrict.
|   if (test_restrict ("String literal") == 0)
|     success = true;
|   char *restrict newvar = "Another string";
| 
|   // Check varargs.
|   test_varargs ("s, d' f .", "string", 65, 34.234);
|   test_varargs_macros ();
| 
|   // Check flexible array members.
|   struct incomplete_array *ia =
|     malloc (sizeof (struct incomplete_array) + (sizeof (double) * 10));
|   ia->datasize = 10;
|   for (int i = 0; i < ia->datasize; ++i)
|     ia->data[i] = i * 1.234;
| 
|   // Check named initializers.
|   struct named_init ni = {
|     .number = 34,
|     .name = L"Test wide string",
|     .average = 543.34343,
|   };
| 
|   ni.number = 58;
| 
|   int dynamic_array[ni.number];
|   dynamic_array[ni.number - 1] = 543;
| 
|   // work around unused variable warnings
|   return (!success || bignum == 0LL || ubignum == 0uLL || newvar[0] == 'x'
| 	  || dynamic_array[ni.number - 1] != 543);
| 
|   ;
|   return 0;
| }
configure:3987: /home/simon/GIT/buildroot-k3-current/output/host/usr/bin/arm-none-linux-gnueabi-gcc -std=gnu99 -c -D_LARGEFILE_SOURCE -D_LARGEFILE64_SOURCE -D_FILE_OFFSET_BITS=64  -pipe -U_FORTIFY_SOURCE -fno-stack-protector -fomit-frame-pointer -fPIC -O2  -D_LARGEFILE_SOURCE -D_LARGEFILE64_SOURCE -D_FILE_OFFSET_BITS=64 conftest.c >&5
configure:3987: $? = 0
configure:4007: result: -std=gnu99
configure:4021: checking how to run the C preprocessor
configure:4091: result: /home/simon/GIT/buildroot-k3-current/output/host/usr/bin/arm-none-linux-gnueabi-cpp
configure:4111: /home/simon/GIT/buildroot-k3-current/output/host/usr/bin/arm-none-linux-gnueabi-cpp -D_LARGEFILE_SOURCE -D_LARGEFILE64_SOURCE -D_FILE_OFFSET_BITS=64 conftest.c
configure:4111: $? = 0
configure:4125: /home/simon/GIT/buildroot-k3-current/output/host/usr/bin/arm-none-linux-gnueabi-cpp -D_LARGEFILE_SOURCE -D_LARGEFILE64_SOURCE -D_FILE_OFFSET_BITS=64 conftest.c
conftest.c:11:28: error: ac_nonexistent.h: No such file or directory
configure:4125: $? = 1
configure: failed program was:
| /* confdefs.h */
| #define PACKAGE_NAME "libXau"
| #define PACKAGE_TARNAME "libXau"
| #define PACKAGE_VERSION "1.0.6"
| #define PACKAGE_STRING "libXau 1.0.6"
| #define PACKAGE_BUGREPORT "https://bugs.freedesktop.org/enter_bug.cgi?product=xorg"
| #define PACKAGE_URL ""
| #define PACKAGE "libXau"
| #define VERSION "1.0.6"
| /* end confdefs.h.  */
| #include <ac_nonexistent.h>
configure:4154: checking for grep that handles long lines and -e
configure:4212: result: /bin/grep
configure:4217: checking for egrep
configure:4279: result: /bin/grep -E
configure:4284: checking for ANSI C header files
configure:4304: /home/simon/GIT/buildroot-k3-current/output/host/usr/bin/arm-none-linux-gnueabi-gcc -std=gnu99 -c -D_LARGEFILE_SOURCE -D_LARGEFILE64_SOURCE -D_FILE_OFFSET_BITS=64  -pipe -U_FORTIFY_SOURCE -fno-stack-protector -fomit-frame-pointer -fPIC -O2  -D_LARGEFILE_SOURCE -D_LARGEFILE64_SOURCE -D_FILE_OFFSET_BITS=64 conftest.c >&5
configure:4304: $? = 0
configure:4388: result: yes
configure:4401: checking for sys/types.h
configure:4401: /home/simon/GIT/buildroot-k3-current/output/host/usr/bin/arm-none-linux-gnueabi-gcc -std=gnu99 -c -D_LARGEFILE_SOURCE -D_LARGEFILE64_SOURCE -D_FILE_OFFSET_BITS=64  -pipe -U_FORTIFY_SOURCE -fno-stack-protector -fomit-frame-pointer -fPIC -O2  -D_LARGEFILE_SOURCE -D_LARGEFILE64_SOURCE -D_FILE_OFFSET_BITS=64 conftest.c >&5
configure:4401: $? = 0
configure:4401: result: yes
configure:4401: checking for sys/stat.h
configure:4401: /home/simon/GIT/buildroot-k3-current/output/host/usr/bin/arm-none-linux-gnueabi-gcc -std=gnu99 -c -D_LARGEFILE_SOURCE -D_LARGEFILE64_SOURCE -D_FILE_OFFSET_BITS=64  -pipe -U_FORTIFY_SOURCE -fno-stack-protector -fomit-frame-pointer -fPIC -O2  -D_LARGEFILE_SOURCE -D_LARGEFILE64_SOURCE -D_FILE_OFFSET_BITS=64 conftest.c >&5
configure:4401: $? = 0
configure:4401: result: yes
configure:4401: checking for stdlib.h
configure:4401: /home/simon/GIT/buildroot-k3-current/output/host/usr/bin/arm-none-linux-gnueabi-gcc -std=gnu99 -c -D_LARGEFILE_SOURCE -D_LARGEFILE64_SOURCE -D_FILE_OFFSET_BITS=64  -pipe -U_FORTIFY_SOURCE -fno-stack-protector -fomit-frame-pointer -fPIC -O2  -D_LARGEFILE_SOURCE -D_LARGEFILE64_SOURCE -D_FILE_OFFSET_BITS=64 conftest.c >&5
configure:4401: $? = 0
configure:4401: result: yes
configure:4401: checking for string.h
configure:4401: /home/simon/GIT/buildroot-k3-current/output/host/usr/bin/arm-none-linux-gnueabi-gcc -std=gnu99 -c -D_LARGEFILE_SOURCE -D_LARGEFILE64_SOURCE -D_FILE_OFFSET_BITS=64  -pipe -U_FORTIFY_SOURCE -fno-stack-protector -fomit-frame-pointer -fPIC -O2  -D_LARGEFILE_SOURCE -D_LARGEFILE64_SOURCE -D_FILE_OFFSET_BITS=64 conftest.c >&5
configure:4401: $? = 0
configure:4401: result: yes
configure:4401: checking for memory.h
configure:4401: /home/simon/GIT/buildroot-k3-current/output/host/usr/bin/arm-none-linux-gnueabi-gcc -std=gnu99 -c -D_LARGEFILE_SOURCE -D_LARGEFILE64_SOURCE -D_FILE_OFFSET_BITS=64  -pipe -U_FORTIFY_SOURCE -fno-stack-protector -fomit-frame-pointer -fPIC -O2  -D_LARGEFILE_SOURCE -D_LARGEFILE64_SOURCE -D_FILE_OFFSET_BITS=64 conftest.c >&5
configure:4401: $? = 0
configure:4401: result: yes
configure:4401: checking for strings.h
configure:4401: /home/simon/GIT/buildroot-k3-current/output/host/usr/bin/arm-none-linux-gnueabi-gcc -std=gnu99 -c -D_LARGEFILE_SOURCE -D_LARGEFILE64_SOURCE -D_FILE_OFFSET_BITS=64  -pipe -U_FORTIFY_SOURCE -fno-stack-protector -fomit-frame-pointer -fPIC -O2  -D_LARGEFILE_SOURCE -D_LARGEFILE64_SOURCE -D_FILE_OFFSET_BITS=64 conftest.c >&5
configure:4401: $? = 0
configure:4401: result: yes
configure:4401: checking for inttypes.h
configure:4401: /home/simon/GIT/buildroot-k3-current/output/host/usr/bin/arm-none-linux-gnueabi-gcc -std=gnu99 -c -D_LARGEFILE_SOURCE -D_LARGEFILE64_SOURCE -D_FILE_OFFSET_BITS=64  -pipe -U_FORTIFY_SOURCE -fno-stack-protector -fomit-frame-pointer -fPIC -O2  -D_LARGEFILE_SOURCE -D_LARGEFILE64_SOURCE -D_FILE_OFFSET_BITS=64 conftest.c >&5
configure:4401: $? = 0
configure:4401: result: yes
configure:4401: checking for stdint.h
configure:4401: /home/simon/GIT/buildroot-k3-current/output/host/usr/bin/arm-none-linux-gnueabi-gcc -std=gnu99 -c -D_LARGEFILE_SOURCE -D_LARGEFILE64_SOURCE -D_FILE_OFFSET_BITS=64  -pipe -U_FORTIFY_SOURCE -fno-stack-protector -fomit-frame-pointer -fPIC -O2  -D_LARGEFILE_SOURCE -D_LARGEFILE64_SOURCE -D_FILE_OFFSET_BITS=64 conftest.c >&5
configure:4401: $? = 0
configure:4401: result: yes
configure:4401: checking for unistd.h
configure:4401: /home/simon/GIT/buildroot-k3-current/output/host/usr/bin/arm-none-linux-gnueabi-gcc -std=gnu99 -c -D_LARGEFILE_SOURCE -D_LARGEFILE64_SOURCE -D_FILE_OFFSET_BITS=64  -pipe -U_FORTIFY_SOURCE -fno-stack-protector -fomit-frame-pointer -fPIC -O2  -D_LARGEFILE_SOURCE -D_LARGEFILE64_SOURCE -D_FILE_OFFSET_BITS=64 conftest.c >&5
configure:4401: $? = 0
configure:4401: result: yes
configure:4522: checking pkg-config is at least version 0.9.0
configure:4525: result: yes
configure:4537: checking build system type
configure:4551: result: i686-pc-linux-gnu
configure:4571: checking host system type
configure:4584: result: arm-buildroot-linux-gnueabi
configure:4604: checking for a sed that does not truncate output
configure:4668: result: /bin/sed
configure:4890: checking for arm-buildroot-linux-gnueabi-gcc
configure:4917: result: /home/simon/GIT/buildroot-k3-current/output/host/usr/bin/arm-none-linux-gnueabi-gcc
configure:5186: checking for C compiler version
configure:5195: /home/simon/GIT/buildroot-k3-current/output/host/usr/bin/arm-none-linux-gnueabi-gcc --version >&5
arm-none-linux-gnueabi-gcc (CodeSourcery Sourcery G++ Lite 2007q3-51) 4.2.1
Copyright (C) 2007 Free Software Foundation, Inc.
This is free software; see the source for copying conditions.  There is NO
warranty; not even for MERCHANTABILITY or FITNESS FOR A PARTICULAR PURPOSE.

configure:5206: $? = 0
configure:5195: /home/simon/GIT/buildroot-k3-current/output/host/usr/bin/arm-none-linux-gnueabi-gcc -v >&5
Using built-in specs.
Target: arm-none-linux-gnueabi
Configured with: /scratch/paul/lite/linux/src/gcc-4.2/configure --build=i686-pc-linux-gnu --host=i686-pc-linux-gnu --target=arm-none-linux-gnueabi --enable-threads --disable-libmudflap --disable-libssp --disable-libgomp --disable-libstdcxx-pch --with-gnu-as --with-gnu-ld --enable-languages=c,c++ --enable-shared --enable-symvers=gnu --enable-__cxa_atexit --with-pkgversion=CodeSourcery Sourcery G++ Lite 2007q3-51 --with-bugurl=https://support.codesourcery.com/GNUToolchain/ --disable-nls --prefix=/opt/codesourcery --with-sysroot=/opt/codesourcery/arm-none-linux-gnueabi/libc --with-build-sysroot=/scratch/paul/lite/linux/install/arm-none-linux-gnueabi/libc --enable-poison-system-directories --with-build-time-tools=/scratch/paul/lite/linux/install/arm-none-linux-gnueabi/bin --with-build-time-tools=/scratch/paul/lite/linux/install/arm-none-linux-gnueabi/bin
Thread model: posix
gcc version 4.2.1 (CodeSourcery Sourcery G++ Lite 2007q3-51)
configure:5206: $? = 0
configure:5195: /home/simon/GIT/buildroot-k3-current/output/host/usr/bin/arm-none-linux-gnueabi-gcc -V >&5
arm-none-linux-gnueabi-gcc: '-V' must come at the start of the command line
configure:5206: $? = 1
configure:5195: /home/simon/GIT/buildroot-k3-current/output/host/usr/bin/arm-none-linux-gnueabi-gcc -qversion >&5
arm-none-linux-gnueabi-gcc: unrecognized option '-qversion'
arm-none-linux-gnueabi-gcc: no input files
configure:5206: $? = 1
configure:5210: checking whether we are using the GNU C compiler
configure:5238: result: yes
configure:5247: checking whether /home/simon/GIT/buildroot-k3-current/output/host/usr/bin/arm-none-linux-gnueabi-gcc accepts -g
configure:5308: result: yes
configure:5325: checking for /home/simon/GIT/buildroot-k3-current/output/host/usr/bin/arm-none-linux-gnueabi-gcc option to accept ISO C89
configure:5402: result: none needed
configure:5424: checking dependency style of /home/simon/GIT/buildroot-k3-current/output/host/usr/bin/arm-none-linux-gnueabi-gcc
configure:5534: result: gcc3
configure:5550: checking whether ln -s works
configure:5554: result: yes
configure:5889: checking for a sed that does not truncate output
configure:5953: result: /bin/sed
configure:5971: checking for fgrep
configure:6033: result: /bin/grep -F
configure:6068: checking for ld used by /home/simon/GIT/buildroot-k3-current/output/host/usr/bin/arm-none-linux-gnueabi-gcc
configure:6135: result: /home/simon/GIT/buildroot-k3-current/output/host/usr/bin/arm-none-linux-gnueabi-ld
configure:6142: checking if the linker (/home/simon/GIT/buildroot-k3-current/output/host/usr/bin/arm-none-linux-gnueabi-ld) is GNU ld
configure:6157: result: yes
configure:6169: checking for BSD- or MS-compatible name lister (nm)
configure:6218: result: /home/simon/GIT/buildroot-k3-current/output/host/usr/bin/arm-none-linux-gnueabi-nm
configure:6336: checking the name lister (/home/simon/GIT/buildroot-k3-current/output/host/usr/bin/arm-none-linux-gnueabi-nm) interface
configure:6343: /home/simon/GIT/buildroot-k3-current/output/host/usr/bin/arm-none-linux-gnueabi-gcc -c -D_LARGEFILE_SOURCE -D_LARGEFILE64_SOURCE -D_FILE_OFFSET_BITS=64  -pipe -U_FORTIFY_SOURCE -fno-stack-protector -fomit-frame-pointer -fPIC -O2  -D_LARGEFILE_SOURCE -D_LARGEFILE64_SOURCE -D_FILE_OFFSET_BITS=64 conftest.c >&5
configure:6346: /home/simon/GIT/buildroot-k3-current/output/host/usr/bin/arm-none-linux-gnueabi-nm "conftest.o"
configure:6349: output
00000000 B some_variable
configure:6356: result: BSD nm
configure:6360: checking the maximum length of command line arguments
configure:6480: result: 805306365
configure:6497: checking whether the shell understands some XSI constructs
configure:6507: result: yes
configure:6511: checking whether the shell understands "+="
configure:6517: result: yes
configure:6552: checking for /home/simon/GIT/buildroot-k3-current/output/host/usr/bin/arm-none-linux-gnueabi-ld option to reload object files
configure:6559: result: -r
configure:6588: checking for arm-buildroot-linux-gnueabi-objdump
configure:6615: result: /home/simon/GIT/buildroot-k3-current/output/host/usr/bin/arm-none-linux-gnueabi-objdump
configure:6684: checking how to recognize dependent libraries
configure:6880: result: pass_all
configure:6900: checking for arm-buildroot-linux-gnueabi-ar
configure:6927: result: /home/simon/GIT/buildroot-k3-current/output/host/usr/bin/arm-none-linux-gnueabi-ar
configure:7005: checking for arm-buildroot-linux-gnueabi-strip
configure:7032: result: /home/simon/GIT/buildroot-k3-current/output/host/usr/bin/arm-none-linux-gnueabi-strip
configure:7104: checking for arm-buildroot-linux-gnueabi-ranlib
configure:7131: result: /home/simon/GIT/buildroot-k3-current/output/host/usr/bin/arm-none-linux-gnueabi-ranlib
configure:7261: checking command to parse /home/simon/GIT/buildroot-k3-current/output/host/usr/bin/arm-none-linux-gnueabi-nm output from /home/simon/GIT/buildroot-k3-current/output/host/usr/bin/arm-none-linux-gnueabi-gcc object
configure:7379: /home/simon/GIT/buildroot-k3-current/output/host/usr/bin/arm-none-linux-gnueabi-gcc -c -D_LARGEFILE_SOURCE -D_LARGEFILE64_SOURCE -D_FILE_OFFSET_BITS=64  -pipe -U_FORTIFY_SOURCE -fno-stack-protector -fomit-frame-pointer -fPIC -O2  -D_LARGEFILE_SOURCE -D_LARGEFILE64_SOURCE -D_FILE_OFFSET_BITS=64 conftest.c >&5
configure:7382: $? = 0
configure:7386: /home/simon/GIT/buildroot-k3-current/output/host/usr/bin/arm-none-linux-gnueabi-nm conftest.o \| sed -n -e 's/^.*[	 ]\([ABCDGIRSTW][ABCDGIRSTW]*\)[	 ][	 ]*\([_A-Za-z][_A-Za-z0-9]*\)$/\1 \2 \2/p' \> conftest.nm
configure:7389: $? = 0
configure:7443: /home/simon/GIT/buildroot-k3-current/output/host/usr/bin/arm-none-linux-gnueabi-gcc -o conftest -D_LARGEFILE_SOURCE -D_LARGEFILE64_SOURCE -D_FILE_OFFSET_BITS=64  -pipe -U_FORTIFY_SOURCE -fno-stack-protector -fomit-frame-pointer -fPIC -O2  -D_LARGEFILE_SOURCE -D_LARGEFILE64_SOURCE -D_FILE_OFFSET_BITS=64  conftest.c conftstm.o >&5
configure:7446: $? = 0
configure:7484: result: ok
configure:8289: checking for dlfcn.h
configure:8289: /home/simon/GIT/buildroot-k3-current/output/host/usr/bin/arm-none-linux-gnueabi-gcc -c -D_LARGEFILE_SOURCE -D_LARGEFILE64_SOURCE -D_FILE_OFFSET_BITS=64  -pipe -U_FORTIFY_SOURCE -fno-stack-protector -fomit-frame-pointer -fPIC -O2  -D_LARGEFILE_SOURCE -D_LARGEFILE64_SOURCE -D_FILE_OFFSET_BITS=64 conftest.c >&5
configure:8289: $? = 0
configure:8289: result: yes
configure:8471: checking for objdir
configure:8486: result: .libs
configure:8778: checking if /home/simon/GIT/buildroot-k3-current/output/host/usr/bin/arm-none-linux-gnueabi-gcc supports -fno-rtti -fno-exceptions
configure:8796: /home/simon/GIT/buildroot-k3-current/output/host/usr/bin/arm-none-linux-gnueabi-gcc -c -D_LARGEFILE_SOURCE -D_LARGEFILE64_SOURCE -D_FILE_OFFSET_BITS=64  -pipe -U_FORTIFY_SOURCE -fno-stack-protector -fomit-frame-pointer -fPIC -O2  -D_LARGEFILE_SOURCE -D_LARGEFILE64_SOURCE -D_FILE_OFFSET_BITS=64 -fno-rtti -fno-exceptions conftest.c >&5
cc1: warning: command line option "-fno-rtti" is valid for C++/ObjC++ but not for C
configure:8800: $? = 0
configure:8813: result: no
configure:8833: checking for /home/simon/GIT/buildroot-k3-current/output/host/usr/bin/arm-none-linux-gnueabi-gcc option to produce PIC
configure:9105: result: -fPIC -DPIC
configure:9117: checking if /home/simon/GIT/buildroot-k3-current/output/host/usr/bin/arm-none-linux-gnueabi-gcc PIC flag -fPIC -DPIC works
configure:9135: /home/simon/GIT/buildroot-k3-current/output/host/usr/bin/arm-none-linux-gnueabi-gcc -c -D_LARGEFILE_SOURCE -D_LARGEFILE64_SOURCE -D_FILE_OFFSET_BITS=64  -pipe -U_FORTIFY_SOURCE -fno-stack-protector -fomit-frame-pointer -fPIC -O2  -D_LARGEFILE_SOURCE -D_LARGEFILE64_SOURCE -D_FILE_OFFSET_BITS=64 -fPIC -DPIC -DPIC conftest.c >&5
configure:9139: $? = 0
configure:9152: result: yes
configure:9176: checking if /home/simon/GIT/buildroot-k3-current/output/host/usr/bin/arm-none-linux-gnueabi-gcc static flag -static works
configure:9204: result: yes
configure:9219: checking if /home/simon/GIT/buildroot-k3-current/output/host/usr/bin/arm-none-linux-gnueabi-gcc supports -c -o file.o
configure:9240: /home/simon/GIT/buildroot-k3-current/output/host/usr/bin/arm-none-linux-gnueabi-gcc -c -D_LARGEFILE_SOURCE -D_LARGEFILE64_SOURCE -D_FILE_OFFSET_BITS=64  -pipe -U_FORTIFY_SOURCE -fno-stack-protector -fomit-frame-pointer -fPIC -O2  -D_LARGEFILE_SOURCE -D_LARGEFILE64_SOURCE -D_FILE_OFFSET_BITS=64 -o out/conftest2.o conftest.c >&5
configure:9244: $? = 0
configure:9266: result: yes
configure:9274: checking if /home/simon/GIT/buildroot-k3-current/output/host/usr/bin/arm-none-linux-gnueabi-gcc supports -c -o file.o
configure:9321: result: yes
configure:9354: checking whether the /home/simon/GIT/buildroot-k3-current/output/host/usr/bin/arm-none-linux-gnueabi-gcc linker (/home/simon/GIT/buildroot-k3-current/output/host/usr/bin/arm-none-linux-gnueabi-ld) supports shared libraries
configure:10345: result: yes
configure:10382: checking whether -lc should be explicitly linked in
configure:10387: /home/simon/GIT/buildroot-k3-current/output/host/usr/bin/arm-none-linux-gnueabi-gcc -c -D_LARGEFILE_SOURCE -D_LARGEFILE64_SOURCE -D_FILE_OFFSET_BITS=64  -pipe -U_FORTIFY_SOURCE -fno-stack-protector -fomit-frame-pointer -fPIC -O2  -D_LARGEFILE_SOURCE -D_LARGEFILE64_SOURCE -D_FILE_OFFSET_BITS=64 conftest.c >&5
configure:10390: $? = 0
configure:10405: /home/simon/GIT/buildroot-k3-current/output/host/usr/bin/arm-none-linux-gnueabi-gcc -shared conftest.o  -v -Wl,-soname -Wl,conftest -o conftest 2\>\&1 \| /bin/grep  -lc  \>/dev/null 2\>\&1
configure:10408: $? = 0
configure:10420: result: no
configure:10584: checking dynamic linker characteristics
configure:11017: /home/simon/GIT/buildroot-k3-current/output/host/usr/bin/arm-none-linux-gnueabi-gcc -o conftest -D_LARGEFILE_SOURCE -D_LARGEFILE64_SOURCE -D_FILE_OFFSET_BITS=64  -pipe -U_FORTIFY_SOURCE -fno-stack-protector -fomit-frame-pointer -fPIC -O2  -D_LARGEFILE_SOURCE -D_LARGEFILE64_SOURCE -D_FILE_OFFSET_BITS=64  -Wl,-rpath -Wl,/foo conftest.c  >&5
configure:11017: $? = 0
configure:11247: result: GNU/Linux ld.so
configure:11349: checking how to hardcode library paths into programs
configure:11374: result: immediate
configure:11894: checking whether stripping libraries is possible
configure:11899: result: yes
configure:11934: checking if libtool supports shared libraries
configure:11936: result: yes
configure:11939: checking whether to build shared libraries
configure:11960: result: yes
configure:11963: checking whether to build static libraries
configure:11967: result: yes
configure:12002: checking whether make sets $(MAKE)
configure:12024: result: yes
configure:12033: checking for a sed that does not truncate output
configure:12097: result: /bin/sed
configure:12105: checking for XAU
configure:12112: $PKG_CONFIG --exists --print-errors "xproto"
configure:12115: $? = 0
configure:12128: $PKG_CONFIG --exists --print-errors "xproto"
configure:12131: $? = 0
configure:12188: result: yes
configure:12205: checking for gethostbyname_r in -lc
configure:12230: /home/simon/GIT/buildroot-k3-current/output/host/usr/bin/arm-none-linux-gnueabi-gcc -o conftest -D_LARGEFILE_SOURCE -D_LARGEFILE64_SOURCE -D_FILE_OFFSET_BITS=64  -pipe -U_FORTIFY_SOURCE -fno-stack-protector -fomit-frame-pointer -fPIC -O2  -D_LARGEFILE_SOURCE -D_LARGEFILE64_SOURCE -D_FILE_OFFSET_BITS=64  conftest.c -lc   >&5
configure:12230: $? = 0
configure:12239: result: yes
configure:12570: creating ./config.status

## ---------------------- ##
## Running config.status. ##
## ---------------------- ##

This file was extended by libXau config.status 1.0.6, which was
generated by GNU Autoconf 2.65.  Invocation command line was

  CONFIG_FILES    = 
  CONFIG_HEADERS  = 
  CONFIG_LINKS    = 
  CONFIG_COMMANDS = 
  $ ./config.status 

on dev

config.status:1112: creating Makefile
config.status:1112: creating xau.pc
config.status:1112: creating config.h
config.status:1332: executing depfiles commands
config.status:1332: executing libtool commands
configure:14777: WARNING: unrecognized options: --disable-gtk-doc, --enable-ipv6

## ---------------- ##
## Cache variables. ##
## ---------------- ##

ac_cv_build=i686-pc-linux-gnu
ac_cv_c_bigendian=no
ac_cv_c_compiler_gnu=yes
ac_cv_env_CC_set=set
ac_cv_env_CC_value=/home/simon/GIT/buildroot-k3-current/output/host/usr/bin/arm-none-linux-gnueabi-gcc
ac_cv_env_CFLAGS_set=set
ac_cv_env_CFLAGS_value='-D_LARGEFILE_SOURCE -D_LARGEFILE64_SOURCE -D_FILE_OFFSET_BITS=64  -pipe -U_FORTIFY_SOURCE -fno-stack-protector -fomit-frame-pointer -fPIC -O2 '
ac_cv_env_CPPFLAGS_set=set
ac_cv_env_CPPFLAGS_value='-D_LARGEFILE_SOURCE -D_LARGEFILE64_SOURCE -D_FILE_OFFSET_BITS=64'
ac_cv_env_CPP_set=set
ac_cv_env_CPP_value=/home/simon/GIT/buildroot-k3-current/output/host/usr/bin/arm-none-linux-gnueabi-cpp
ac_cv_env_LDFLAGS_set=set
ac_cv_env_LDFLAGS_value=
ac_cv_env_LIBS_set=
ac_cv_env_LIBS_value=
ac_cv_env_LINT_FLAGS_set=
ac_cv_env_LINT_FLAGS_value=
ac_cv_env_LINT_set=
ac_cv_env_LINT_value=
ac_cv_env_PKG_CONFIG_LIBDIR_set=
ac_cv_env_PKG_CONFIG_LIBDIR_value=
ac_cv_env_PKG_CONFIG_PATH_set=
ac_cv_env_PKG_CONFIG_PATH_value=
ac_cv_env_PKG_CONFIG_set=set
ac_cv_env_PKG_CONFIG_value=/home/simon/GIT/buildroot-k3-current/output/host/usr/bin/pkg-config
ac_cv_env_XAU_CFLAGS_set=
ac_cv_env_XAU_CFLAGS_value=
ac_cv_env_XAU_LIBS_set=
ac_cv_env_XAU_LIBS_value=
ac_cv_env_build_alias_set=set
ac_cv_env_build_alias_value=i686-pc-linux-gnu
ac_cv_env_host_alias_set=set
ac_cv_env_host_alias_value=arm-buildroot-linux-gnueabi
ac_cv_env_target_alias_set=set
ac_cv_env_target_alias_value=arm-buildroot-linux-gnueabi
ac_cv_func_calloc_0_nonnull=yes
ac_cv_func_malloc_0_nonnull=yes
ac_cv_func_memcmp_working=yes
ac_cv_func_mmap_fixed_mapped=yes
ac_cv_func_realloc_0_nonnull=yes
ac_cv_have_decl_malloc=yes
ac_cv_header_dlfcn_h=yes
ac_cv_header_inttypes_h=yes
ac_cv_header_memory_h=yes
ac_cv_header_stdc=yes
ac_cv_header_stdint_h=yes
ac_cv_header_stdlib_h=yes
ac_cv_header_string_h=yes
ac_cv_header_strings_h=yes
ac_cv_header_sys_stat_h=yes
ac_cv_header_sys_types_h=yes
ac_cv_header_unistd_h=yes
ac_cv_host=arm-buildroot-linux-gnueabi
ac_cv_lbl_unaligned_fail=yes
ac_cv_lib_c_gethostbyname_r=yes
ac_cv_objext=o
ac_cv_path_EGREP='/bin/grep -E'
ac_cv_path_FGREP='/bin/grep -F'
ac_cv_path_GREP=/bin/grep
ac_cv_path_SED=/bin/sed
ac_cv_path_install='/usr/bin/install -c'
ac_cv_path_mkdir=/bin/mkdir
ac_cv_prog_AR=/home/simon/GIT/buildroot-k3-current/output/host/usr/bin/arm-none-linux-gnueabi-ar
ac_cv_prog_AWK=gawk
ac_cv_prog_CC=/home/simon/GIT/buildroot-k3-current/output/host/usr/bin/arm-none-linux-gnueabi-gcc
ac_cv_prog_CPP=/home/simon/GIT/buildroot-k3-current/output/host/usr/bin/arm-none-linux-gnueabi-cpp
ac_cv_prog_OBJDUMP=/home/simon/GIT/buildroot-k3-current/output/host/usr/bin/arm-none-linux-gnueabi-objdump
ac_cv_prog_RANLIB=/home/simon/GIT/buildroot-k3-current/output/host/usr/bin/arm-none-linux-gnueabi-ranlib
ac_cv_prog_STRIP=/home/simon/GIT/buildroot-k3-current/output/host/usr/bin/arm-none-linux-gnueabi-strip
ac_cv_prog_cc_c89=
ac_cv_prog_cc_c99=-std=gnu99
ac_cv_prog_cc_g=yes
ac_cv_prog_make_make_set=yes
am_cv_CC_dependencies_compiler_type=gcc3
gl_cv_func_malloc_0_nonnull=yes
lt_cv_deplibs_check_method=pass_all
lt_cv_file_magic_cmd='$MAGIC_CMD'
lt_cv_file_magic_test_file=
lt_cv_ld_reload_flag=-r
lt_cv_nm_interface='BSD nm'
lt_cv_objdir=.libs
lt_cv_path_LD=/home/simon/GIT/buildroot-k3-current/output/host/usr/bin/arm-none-linux-gnueabi-ld
lt_cv_path_NM=/home/simon/GIT/buildroot-k3-current/output/host/usr/bin/arm-none-linux-gnueabi-nm
lt_cv_prog_compiler_c_o=yes
lt_cv_prog_compiler_pic_works=yes
lt_cv_prog_compiler_rtti_exceptions=no
lt_cv_prog_compiler_static_works=yes
lt_cv_prog_gnu_ld=yes
lt_cv_sys_global_symbol_pipe='sed -n -e '\''s/^.*[	 ]\([ABCDGIRSTW][ABCDGIRSTW]*\)[	 ][	 ]*\([_A-Za-z][_A-Za-z0-9]*\)$/\1 \2 \2/p'\'''
lt_cv_sys_global_symbol_to_c_name_address='sed -n -e '\''s/^: \([^ ]*\) $/  {\"\1\", (void *) 0},/p'\'' -e '\''s/^[ABCDGIRSTW]* \([^ ]*\) \([^ ]*\)$/  {"\2", (void *) \&\2},/p'\'''
lt_cv_sys_global_symbol_to_c_name_address_lib_prefix='sed -n -e '\''s/^: \([^ ]*\) $/  {\"\1\", (void *) 0},/p'\'' -e '\''s/^[ABCDGIRSTW]* \([^ ]*\) \(lib[^ ]*\)$/  {"\2", (void *) \&\2},/p'\'' -e '\''s/^[ABCDGIRSTW]* \([^ ]*\) \([^ ]*\)$/  {"lib\2", (void *) \&\2},/p'\'''
lt_cv_sys_global_symbol_to_cdecl='sed -n -e '\''s/^T .* \(.*\)$/extern int \1();/p'\'' -e '\''s/^[ABCDGIRSTW]* .* \(.*\)$/extern char \1;/p'\'''
lt_cv_sys_lib_search_path_spec=
lt_cv_sys_max_cmd_len=805306365
pkg_cv_XAU_CFLAGS='-I/home/simon/GIT/buildroot-k3-current/output/host/usr/arm-buildroot-linux-gnueabi/sysroot/usr/include  '
pkg_cv_XAU_LIBS=' '

## ----------------- ##
## Output variables. ##
## ----------------- ##

ACLOCAL='${SHELL} /home/simon/GIT/buildroot-k3-current/output/build/xlib_libXau-1.0.6/missing --run aclocal-1.11'
ADMIN_MAN_DIR='$(mandir)/man$(ADMIN_MAN_SUFFIX)'
ADMIN_MAN_SUFFIX='8'
AMDEPBACKSLASH='\'
AMDEP_FALSE='#'
AMDEP_TRUE=''
AMTAR='${SHELL} /home/simon/GIT/buildroot-k3-current/output/build/xlib_libXau-1.0.6/missing --run tar'
AM_BACKSLASH='\'
AM_DEFAULT_VERBOSITY='0'
APP_MAN_DIR='$(mandir)/man$(APP_MAN_SUFFIX)'
APP_MAN_SUFFIX='1'
AR='/home/simon/GIT/buildroot-k3-current/output/host/usr/bin/arm-none-linux-gnueabi-ar'
AS='/home/simon/GIT/buildroot-k3-current/output/host/usr/bin/arm-none-linux-gnueabi-as'
AUTOCONF='${SHELL} /home/simon/GIT/buildroot-k3-current/output/build/xlib_libXau-1.0.6/missing --run autoconf'
AUTOHEADER='${SHELL} /home/simon/GIT/buildroot-k3-current/output/build/xlib_libXau-1.0.6/missing --run autoheader'
AUTOMAKE='${SHELL} /home/simon/GIT/buildroot-k3-current/output/build/xlib_libXau-1.0.6/missing --run automake-1.11'
AWK='gawk'
CC='/home/simon/GIT/buildroot-k3-current/output/host/usr/bin/arm-none-linux-gnueabi-gcc'
CCDEPMODE='depmode=gcc3'
CFLAGS='-D_LARGEFILE_SOURCE -D_LARGEFILE64_SOURCE -D_FILE_OFFSET_BITS=64  -pipe -U_FORTIFY_SOURCE -fno-stack-protector -fomit-frame-pointer -fPIC -O2 '
CHANGELOG_CMD='(GIT_DIR=$(top_srcdir)/.git git log > $(top_srcdir)/.changelog.tmp && mv $(top_srcdir)/.changelog.tmp $(top_srcdir)/ChangeLog) || (rm -f $(top_srcdir)/.changelog.tmp; touch $(top_srcdir)/ChangeLog; echo '\''git directory not found: installing possibly empty changelog.'\'' >&2)'
CPP='/home/simon/GIT/buildroot-k3-current/output/host/usr/bin/arm-none-linux-gnueabi-cpp'
CPPFLAGS='-D_LARGEFILE_SOURCE -D_LARGEFILE64_SOURCE -D_FILE_OFFSET_BITS=64'
CWARNFLAGS='-Wall -Wpointer-arith -Wstrict-prototypes -Wmissing-prototypes -Wmissing-declarations -Wnested-externs -fno-strict-aliasing -Wbad-function-cast -Wformat=2 -Wold-style-definition -Wdeclaration-after-statement '
CYGPATH_W='echo'
DEFS='-DHAVE_CONFIG_H'
DEPDIR='.deps'
DLLTOOL='dlltool'
DRIVER_MAN_DIR='$(mandir)/man$(DRIVER_MAN_SUFFIX)'
DRIVER_MAN_SUFFIX='4'
DSYMUTIL=''
DUMPBIN=''
ECHO_C=''
ECHO_N='-n'
ECHO_T=''
EGREP='/bin/grep -E'
EXEEXT=''
FGREP='/bin/grep -F'
FILE_MAN_DIR='$(mandir)/man$(FILE_MAN_SUFFIX)'
FILE_MAN_SUFFIX='5'
GREP='/bin/grep'
INSTALL_CMD='(cp -f /usr/share/util-macros/INSTALL $(top_srcdir)/.INSTALL.tmp && mv $(top_srcdir)/.INSTALL.tmp $(top_srcdir)/INSTALL) || (rm -f $(top_srcdir)/.INSTALL.tmp; touch $(top_srcdir)/INSTALL; echo '\''util-macros "pkgdatadir" from xorg-macros.pc not found: installing possibly empty INSTALL.'\'' >&2)'
INSTALL_DATA='${INSTALL} -m 644'
INSTALL_PROGRAM='${INSTALL}'
INSTALL_SCRIPT='${INSTALL}'
INSTALL_STRIP_PROGRAM='$(install_sh) -c -s'
LD='/home/simon/GIT/buildroot-k3-current/output/host/usr/bin/arm-none-linux-gnueabi-ld'
LDFLAGS=''
LIBOBJS=''
LIBS=''
LIBTOOL='$(SHELL) $(top_builddir)/libtool'
LIB_MAN_DIR='$(mandir)/man$(LIB_MAN_SUFFIX)'
LIB_MAN_SUFFIX='3'
LINT=''
LINTLIB=''
LINT_FALSE=''
LINT_FLAGS='-badflag -I/home/simon/GIT/buildroot-k3-current/output/host/usr/arm-buildroot-linux-gnueabi/sysroot/usr/include   '
LINT_TRUE='#'
LIPO=''
LN_S='ln -s'
LTLIBOBJS=''
MAINT='#'
MAINTAINER_MODE_FALSE=''
MAINTAINER_MODE_TRUE='#'
MAKEINFO='${SHELL} /home/simon/GIT/buildroot-k3-current/output/build/xlib_libXau-1.0.6/missing --run makeinfo'
MAKE_LINT_LIB_FALSE=''
MAKE_LINT_LIB_TRUE='#'
MAN_SUBSTS='	-e '\''s|__vendorversion__|"$(PACKAGE_STRING)" "$(XORG_MAN_PAGE)"|'\'' 	-e '\''s|__xorgversion__|"$(PACKAGE_STRING)" "$(XORG_MAN_PAGE)"|'\'' 	-e '\''s|__xservername__|Xorg|g'\'' 	-e '\''s|__xconfigfile__|xorg.conf|g'\'' 	-e '\''s|__projectroot__|$(prefix)|g'\'' 	-e '\''s|__appmansuffix__|$(APP_MAN_SUFFIX)|g'\'' 	-e '\''s|__drivermansuffix__|$(DRIVER_MAN_SUFFIX)|g'\'' 	-e '\''s|__adminmansuffix__|$(ADMIN_MAN_SUFFIX)|g'\'' 	-e '\''s|__libmansuffix__|$(LIB_MAN_SUFFIX)|g'\'' 	-e '\''s|__miscmansuffix__|$(MISC_MAN_SUFFIX)|g'\'' 	-e '\''s|__filemansuffix__|$(FILE_MAN_SUFFIX)|g'\'''
MISC_MAN_DIR='$(mandir)/man$(MISC_MAN_SUFFIX)'
MISC_MAN_SUFFIX='7'
MKDIR_P='/bin/mkdir -p'
NM='/home/simon/GIT/buildroot-k3-current/output/host/usr/bin/arm-none-linux-gnueabi-nm'
NMEDIT=''
OBJDUMP='/home/simon/GIT/buildroot-k3-current/output/host/usr/bin/arm-none-linux-gnueabi-objdump'
OBJEXT='o'
OTOOL64=''
OTOOL=''
PACKAGE='libXau'
PACKAGE_BUGREPORT='https://bugs.freedesktop.org/enter_bug.cgi?product=xorg'
PACKAGE_NAME='libXau'
PACKAGE_STRING='libXau 1.0.6'
PACKAGE_TARNAME='libXau'
PACKAGE_URL=''
PACKAGE_VERSION='1.0.6'
PATH_SEPARATOR=':'
PKG_CONFIG='/home/simon/GIT/buildroot-k3-current/output/host/usr/bin/pkg-config'
PKG_CONFIG_LIBDIR=''
PKG_CONFIG_PATH=''
RANLIB='/home/simon/GIT/buildroot-k3-current/output/host/usr/bin/arm-none-linux-gnueabi-ranlib'
SED='/bin/sed'
SET_MAKE=''
SHELL='/bin/sh'
STRIP='/home/simon/GIT/buildroot-k3-current/output/host/usr/bin/arm-none-linux-gnueabi-strip'
VERSION='1.0.6'
XAU_CFLAGS='-I/home/simon/GIT/buildroot-k3-current/output/host/usr/arm-buildroot-linux-gnueabi/sysroot/usr/include   '
XAU_LIBS=' '
XORG_MAN_PAGE='X Version 11'
ac_ct_CC=''
ac_ct_DUMPBIN=''
am__EXEEXT_FALSE=''
am__EXEEXT_TRUE='#'
am__fastdepCC_FALSE='#'
am__fastdepCC_TRUE=''
am__include='include'
am__isrc=''
am__leading_dot='.'
am__quote=''
am__tar='${AMTAR} chof - "$$tardir"'
am__untar='${AMTAR} xf -'
bindir='${exec_prefix}/bin'
build='i686-pc-linux-gnu'
build_alias='i686-pc-linux-gnu'
build_cpu='i686'
build_os='linux-gnu'
build_vendor='pc'
datadir='${datarootdir}'
datarootdir='${prefix}/share'
docdir='${datarootdir}/doc/${PACKAGE_TARNAME}'
dvidir='${docdir}'
exec_prefix='/usr'
host='arm-buildroot-linux-gnueabi'
host_alias='arm-buildroot-linux-gnueabi'
host_cpu='arm'
host_os='linux-gnueabi'
host_vendor='buildroot'
htmldir='${docdir}'
includedir='${prefix}/include'
infodir='${datarootdir}/info'
install_sh='${SHELL} /home/simon/GIT/buildroot-k3-current/output/build/xlib_libXau-1.0.6/install-sh'
libdir='${exec_prefix}/lib'
libexecdir='${exec_prefix}/libexec'
localedir='${datarootdir}/locale'
localstatedir='${prefix}/var'
lt_ECHO='echo'
mandir='${datarootdir}/man'
mkdir_p='/bin/mkdir -p'
oldincludedir='/usr/include'
pdfdir='${docdir}'
prefix='/usr'
program_transform_name='s&^&&'
psdir='${docdir}'
sbindir='${exec_prefix}/sbin'
sharedstatedir='${prefix}/com'
sysconfdir='/etc'
target_alias='arm-buildroot-linux-gnueabi'

## ----------- ##
## confdefs.h. ##
## ----------- ##

/* confdefs.h */
#define PACKAGE_NAME "libXau"
#define PACKAGE_TARNAME "libXau"
#define PACKAGE_VERSION "1.0.6"
#define PACKAGE_STRING "libXau 1.0.6"
#define PACKAGE_BUGREPORT "https://bugs.freedesktop.org/enter_bug.cgi?product=xorg"
#define PACKAGE_URL ""
#define PACKAGE "libXau"
#define VERSION "1.0.6"
#define STDC_HEADERS 1
#define HAVE_SYS_TYPES_H 1
#define HAVE_SYS_STAT_H 1
#define HAVE_STDLIB_H 1
#define HAVE_STRING_H 1
#define HAVE_MEMORY_H 1
#define HAVE_STRINGS_H 1
#define HAVE_INTTYPES_H 1
#define HAVE_STDINT_H 1
#define HAVE_UNISTD_H 1
#define PACKAGE_VERSION_MAJOR 1
#define PACKAGE_VERSION_MINOR 0
#define PACKAGE_VERSION_PATCHLEVEL 6
#define HAVE_DLFCN_H 1
#define LT_OBJDIR ".libs/"
#define XTHREADS 1
#define XUSE_MTSAFE_API 1

configure: exit 0
