This file contains any messages produced by compilers while
running configure, to aid debugging if configure makes a mistake.

It was created by xlogo configure 1.0.4, which was
generated by GNU Autoconf 2.68.  Invocation command line was

  $ ./configure --target=arm-buildroot-linux-gnueabi --host=arm-buildroot-linux-gnueabi --build=i686-pc-linux-gnu --prefix=/usr --exec-prefix=/usr --sysconfdir=/etc --program-prefix= --disable-gtk-doc --enable-ipv6 --enable-static --enable-shared

## --------- ##
## Platform. ##
## --------- ##

hostname = dev
uname -m = i686
uname -r = 3.2.0-33-generic
uname -s = Linux
uname -v = #52-Ubuntu SMP Thu Oct 18 16:19:45 UTC 2012

/usr/bin/uname -p = unknown
/bin/uname -X     = unknown

/bin/arch              = unknown
/usr/bin/arch -k       = unknown
/usr/convex/getsysinfo = unknown
/usr/bin/hostinfo      = unknown
/bin/machine           = unknown
/usr/bin/oslevel       = unknown
/bin/universe          = unknown

PATH: /home/simon/GIT/buildroot-k3-current/output/host/bin
PATH: /home/simon/GIT/buildroot-k3-current/output/host/usr/bin
PATH: /home/simon/GIT/buildroot-k3-current/output/host/usr/sbin/
PATH: /home/simon/bin
PATH: /usr/local/sbin
PATH: /usr/local/bin
PATH: /usr/sbin
PATH: /usr/bin
PATH: /sbin
PATH: /bin
PATH: /usr/games


## ----------- ##
## Core tests. ##
## ----------- ##

configure:2130: checking for a BSD-compatible install
configure:2198: result: /usr/bin/install -c
configure:2209: checking whether build environment is sane
configure:2259: result: yes
configure:2308: checking for arm-buildroot-linux-gnueabi-strip
configure:2335: result: /home/simon/GIT/buildroot-k3-current/output/host/usr/bin/arm-none-linux-gnueabi-strip
configure:2400: checking for a thread-safe mkdir -p
configure:2439: result: /bin/mkdir -p
configure:2452: checking for gawk
configure:2468: found /usr/bin/gawk
configure:2479: result: gawk
configure:2490: checking whether make sets $(MAKE)
configure:2512: result: yes
configure:2593: checking whether to enable maintainer-specific portions of Makefiles
configure:2602: result: no
configure:2640: checking for style of include used by make
configure:2668: result: GNU
configure:2698: checking for arm-buildroot-linux-gnueabi-gcc
configure:2725: result: /home/simon/GIT/buildroot-k3-current/output/host/usr/bin/arm-none-linux-gnueabi-gcc
configure:2994: checking for C compiler version
configure:3003: /home/simon/GIT/buildroot-k3-current/output/host/usr/bin/arm-none-linux-gnueabi-gcc --version >&5
arm-none-linux-gnueabi-gcc (CodeSourcery Sourcery G++ Lite 2007q3-51) 4.2.1
Copyright (C) 2007 Free Software Foundation, Inc.
This is free software; see the source for copying conditions.  There is NO
warranty; not even for MERCHANTABILITY or FITNESS FOR A PARTICULAR PURPOSE.

configure:3014: $? = 0
configure:3003: /home/simon/GIT/buildroot-k3-current/output/host/usr/bin/arm-none-linux-gnueabi-gcc -v >&5
Using built-in specs.
Target: arm-none-linux-gnueabi
Configured with: /scratch/paul/lite/linux/src/gcc-4.2/configure --build=i686-pc-linux-gnu --host=i686-pc-linux-gnu --target=arm-none-linux-gnueabi --enable-threads --disable-libmudflap --disable-libssp --disable-libgomp --disable-libstdcxx-pch --with-gnu-as --with-gnu-ld --enable-languages=c,c++ --enable-shared --enable-symvers=gnu --enable-__cxa_atexit --with-pkgversion=CodeSourcery Sourcery G++ Lite 2007q3-51 --with-bugurl=https://support.codesourcery.com/GNUToolchain/ --disable-nls --prefix=/opt/codesourcery --with-sysroot=/opt/codesourcery/arm-none-linux-gnueabi/libc --with-build-sysroot=/scratch/paul/lite/linux/install/arm-none-linux-gnueabi/libc --enable-poison-system-directories --with-build-time-tools=/scratch/paul/lite/linux/install/arm-none-linux-gnueabi/bin --with-build-time-tools=/scratch/paul/lite/linux/install/arm-none-linux-gnueabi/bin
Thread model: posix
gcc version 4.2.1 (CodeSourcery Sourcery G++ Lite 2007q3-51)
configure:3014: $? = 0
configure:3003: /home/simon/GIT/buildroot-k3-current/output/host/usr/bin/arm-none-linux-gnueabi-gcc -V >&5
arm-none-linux-gnueabi-gcc: '-V' must come at the start of the command line
configure:3014: $? = 1
configure:3003: /home/simon/GIT/buildroot-k3-current/output/host/usr/bin/arm-none-linux-gnueabi-gcc -qversion >&5
arm-none-linux-gnueabi-gcc: unrecognized option '-qversion'
arm-none-linux-gnueabi-gcc: no input files
configure:3014: $? = 1
configure:3034: checking whether the C compiler works
configure:3056: /home/simon/GIT/buildroot-k3-current/output/host/usr/bin/arm-none-linux-gnueabi-gcc -D_LARGEFILE_SOURCE -D_LARGEFILE64_SOURCE -D_FILE_OFFSET_BITS=64  -pipe -U_FORTIFY_SOURCE -fno-stack-protector -fomit-frame-pointer -fPIC -O2  -D_LARGEFILE_SOURCE -D_LARGEFILE64_SOURCE -D_FILE_OFFSET_BITS=64  conftest.c  >&5
configure:3060: $? = 0
configure:3108: result: yes
configure:3111: checking for C compiler default output file name
configure:3113: result: a.out
configure:3119: checking for suffix of executables
configure:3126: /home/simon/GIT/buildroot-k3-current/output/host/usr/bin/arm-none-linux-gnueabi-gcc -o conftest -D_LARGEFILE_SOURCE -D_LARGEFILE64_SOURCE -D_FILE_OFFSET_BITS=64  -pipe -U_FORTIFY_SOURCE -fno-stack-protector -fomit-frame-pointer -fPIC -O2  -D_LARGEFILE_SOURCE -D_LARGEFILE64_SOURCE -D_FILE_OFFSET_BITS=64  conftest.c  >&5
configure:3130: $? = 0
configure:3152: result: 
configure:3174: checking whether we are cross compiling
configure:3212: result: yes
configure:3217: checking for suffix of object files
configure:3239: /home/simon/GIT/buildroot-k3-current/output/host/usr/bin/arm-none-linux-gnueabi-gcc -c -D_LARGEFILE_SOURCE -D_LARGEFILE64_SOURCE -D_FILE_OFFSET_BITS=64  -pipe -U_FORTIFY_SOURCE -fno-stack-protector -fomit-frame-pointer -fPIC -O2  -D_LARGEFILE_SOURCE -D_LARGEFILE64_SOURCE -D_FILE_OFFSET_BITS=64 conftest.c >&5
configure:3243: $? = 0
configure:3264: result: o
configure:3268: checking whether we are using the GNU C compiler
configure:3287: /home/simon/GIT/buildroot-k3-current/output/host/usr/bin/arm-none-linux-gnueabi-gcc -c -D_LARGEFILE_SOURCE -D_LARGEFILE64_SOURCE -D_FILE_OFFSET_BITS=64  -pipe -U_FORTIFY_SOURCE -fno-stack-protector -fomit-frame-pointer -fPIC -O2  -D_LARGEFILE_SOURCE -D_LARGEFILE64_SOURCE -D_FILE_OFFSET_BITS=64 conftest.c >&5
configure:3287: $? = 0
configure:3296: result: yes
configure:3305: checking whether /home/simon/GIT/buildroot-k3-current/output/host/usr/bin/arm-none-linux-gnueabi-gcc accepts -g
configure:3325: /home/simon/GIT/buildroot-k3-current/output/host/usr/bin/arm-none-linux-gnueabi-gcc -c -g -D_LARGEFILE_SOURCE -D_LARGEFILE64_SOURCE -D_FILE_OFFSET_BITS=64 conftest.c >&5
configure:3325: $? = 0
configure:3366: result: yes
configure:3383: checking for /home/simon/GIT/buildroot-k3-current/output/host/usr/bin/arm-none-linux-gnueabi-gcc option to accept ISO C89
configure:3447: /home/simon/GIT/buildroot-k3-current/output/host/usr/bin/arm-none-linux-gnueabi-gcc  -c -D_LARGEFILE_SOURCE -D_LARGEFILE64_SOURCE -D_FILE_OFFSET_BITS=64  -pipe -U_FORTIFY_SOURCE -fno-stack-protector -fomit-frame-pointer -fPIC -O2  -D_LARGEFILE_SOURCE -D_LARGEFILE64_SOURCE -D_FILE_OFFSET_BITS=64 conftest.c >&5
configure:3447: $? = 0
configure:3460: result: none needed
configure:3482: checking dependency style of /home/simon/GIT/buildroot-k3-current/output/host/usr/bin/arm-none-linux-gnueabi-gcc
configure:3592: result: gcc3
configure:3607: checking for /home/simon/GIT/buildroot-k3-current/output/host/usr/bin/arm-none-linux-gnueabi-gcc option to accept ISO C99
configure:3756: /home/simon/GIT/buildroot-k3-current/output/host/usr/bin/arm-none-linux-gnueabi-gcc  -c -D_LARGEFILE_SOURCE -D_LARGEFILE64_SOURCE -D_FILE_OFFSET_BITS=64  -pipe -U_FORTIFY_SOURCE -fno-stack-protector -fomit-frame-pointer -fPIC -O2  -D_LARGEFILE_SOURCE -D_LARGEFILE64_SOURCE -D_FILE_OFFSET_BITS=64 conftest.c >&5
conftest.c:61: error: expected ';', ',' or ')' before 'text'
conftest.c: In function 'main':
conftest.c:115: error: expected '=', ',', ';', 'asm' or '__attribute__' before 'newvar'
conftest.c:115: error: 'newvar' undeclared (first use in this function)
conftest.c:115: error: (Each undeclared identifier is reported only once
conftest.c:115: error: for each function it appears in.)
conftest.c:125: error: 'for' loop initial declaration used outside C99 mode
configure:3756: $? = 1
configure: failed program was:
| /* confdefs.h */
| #define PACKAGE_NAME "xlogo"
| #define PACKAGE_TARNAME "xlogo"
| #define PACKAGE_VERSION "1.0.4"
| #define PACKAGE_STRING "xlogo 1.0.4"
| #define PACKAGE_BUGREPORT "https://bugs.freedesktop.org/enter_bug.cgi?product=xorg"
| #define PACKAGE_URL ""
| #define PACKAGE "xlogo"
| #define VERSION "1.0.4"
| /* end confdefs.h.  */
| #include <stdarg.h>
| #include <stdbool.h>
| #include <stdlib.h>
| #include <wchar.h>
| #include <stdio.h>
| 
| // Check varargs macros.  These examples are taken from C99 6.10.3.5.
| #define debug(...) fprintf (stderr, __VA_ARGS__)
| #define showlist(...) puts (#__VA_ARGS__)
| #define report(test,...) ((test) ? puts (#test) : printf (__VA_ARGS__))
| static void
| test_varargs_macros (void)
| {
|   int x = 1234;
|   int y = 5678;
|   debug ("Flag");
|   debug ("X = %d\n", x);
|   showlist (The first, second, and third items.);
|   report (x>y, "x is %d but y is %d", x, y);
| }
| 
| // Check long long types.
| #define BIG64 18446744073709551615ull
| #define BIG32 4294967295ul
| #define BIG_OK (BIG64 / BIG32 == 4294967297ull && BIG64 % BIG32 == 0)
| #if !BIG_OK
|   your preprocessor is broken;
| #endif
| #if BIG_OK
| #else
|   your preprocessor is broken;
| #endif
| static long long int bignum = -9223372036854775807LL;
| static unsigned long long int ubignum = BIG64;
| 
| struct incomplete_array
| {
|   int datasize;
|   double data[];
| };
| 
| struct named_init {
|   int number;
|   const wchar_t *name;
|   double average;
| };
| 
| typedef const char *ccp;
| 
| static inline int
| test_restrict (ccp restrict text)
| {
|   // See if C++-style comments work.
|   // Iterate through items via the restricted pointer.
|   // Also check for declarations in for loops.
|   for (unsigned int i = 0; *(text+i) != '\0'; ++i)
|     continue;
|   return 0;
| }
| 
| // Check varargs and va_copy.
| static void
| test_varargs (const char *format, ...)
| {
|   va_list args;
|   va_start (args, format);
|   va_list args_copy;
|   va_copy (args_copy, args);
| 
|   const char *str;
|   int number;
|   float fnumber;
| 
|   while (*format)
|     {
|       switch (*format++)
| 	{
| 	case 's': // string
| 	  str = va_arg (args_copy, const char *);
| 	  break;
| 	case 'd': // int
| 	  number = va_arg (args_copy, int);
| 	  break;
| 	case 'f': // float
| 	  fnumber = va_arg (args_copy, double);
| 	  break;
| 	default:
| 	  break;
| 	}
|     }
|   va_end (args_copy);
|   va_end (args);
| }
| 
| int
| main ()
| {
| 
|   // Check bool.
|   _Bool success = false;
| 
|   // Check restrict.
|   if (test_restrict ("String literal") == 0)
|     success = true;
|   char *restrict newvar = "Another string";
| 
|   // Check varargs.
|   test_varargs ("s, d' f .", "string", 65, 34.234);
|   test_varargs_macros ();
| 
|   // Check flexible array members.
|   struct incomplete_array *ia =
|     malloc (sizeof (struct incomplete_array) + (sizeof (double) * 10));
|   ia->datasize = 10;
|   for (int i = 0; i < ia->datasize; ++i)
|     ia->data[i] = i * 1.234;
| 
|   // Check named initializers.
|   struct named_init ni = {
|     .number = 34,
|     .name = L"Test wide string",
|     .average = 543.34343,
|   };
| 
|   ni.number = 58;
| 
|   int dynamic_array[ni.number];
|   dynamic_array[ni.number - 1] = 543;
| 
|   // work around unused variable warnings
|   return (!success || bignum == 0LL || ubignum == 0uLL || newvar[0] == 'x'
| 	  || dynamic_array[ni.number - 1] != 543);
| 
|   ;
|   return 0;
| }
configure:3756: /home/simon/GIT/buildroot-k3-current/output/host/usr/bin/arm-none-linux-gnueabi-gcc -std=gnu99 -c -D_LARGEFILE_SOURCE -D_LARGEFILE64_SOURCE -D_FILE_OFFSET_BITS=64  -pipe -U_FORTIFY_SOURCE -fno-stack-protector -fomit-frame-pointer -fPIC -O2  -D_LARGEFILE_SOURCE -D_LARGEFILE64_SOURCE -D_FILE_OFFSET_BITS=64 conftest.c >&5
configure:3756: $? = 0
configure:3776: result: -std=gnu99
configure:3790: checking how to run the C preprocessor
configure:3860: result: /home/simon/GIT/buildroot-k3-current/output/host/usr/bin/arm-none-linux-gnueabi-cpp
configure:3880: /home/simon/GIT/buildroot-k3-current/output/host/usr/bin/arm-none-linux-gnueabi-cpp -D_LARGEFILE_SOURCE -D_LARGEFILE64_SOURCE -D_FILE_OFFSET_BITS=64 conftest.c
configure:3880: $? = 0
configure:3894: /home/simon/GIT/buildroot-k3-current/output/host/usr/bin/arm-none-linux-gnueabi-cpp -D_LARGEFILE_SOURCE -D_LARGEFILE64_SOURCE -D_FILE_OFFSET_BITS=64 conftest.c
conftest.c:11:28: error: ac_nonexistent.h: No such file or directory
configure:3894: $? = 1
configure: failed program was:
| /* confdefs.h */
| #define PACKAGE_NAME "xlogo"
| #define PACKAGE_TARNAME "xlogo"
| #define PACKAGE_VERSION "1.0.4"
| #define PACKAGE_STRING "xlogo 1.0.4"
| #define PACKAGE_BUGREPORT "https://bugs.freedesktop.org/enter_bug.cgi?product=xorg"
| #define PACKAGE_URL ""
| #define PACKAGE "xlogo"
| #define VERSION "1.0.4"
| /* end confdefs.h.  */
| #include <ac_nonexistent.h>
configure:3923: checking for grep that handles long lines and -e
configure:3981: result: /bin/grep
configure:3986: checking for egrep
configure:4048: result: /bin/grep -E
configure:4053: checking for ANSI C header files
configure:4073: /home/simon/GIT/buildroot-k3-current/output/host/usr/bin/arm-none-linux-gnueabi-gcc -std=gnu99 -c -D_LARGEFILE_SOURCE -D_LARGEFILE64_SOURCE -D_FILE_OFFSET_BITS=64  -pipe -U_FORTIFY_SOURCE -fno-stack-protector -fomit-frame-pointer -fPIC -O2  -D_LARGEFILE_SOURCE -D_LARGEFILE64_SOURCE -D_FILE_OFFSET_BITS=64 conftest.c >&5
configure:4073: $? = 0
configure:4157: result: yes
configure:4170: checking for sys/types.h
configure:4170: /home/simon/GIT/buildroot-k3-current/output/host/usr/bin/arm-none-linux-gnueabi-gcc -std=gnu99 -c -D_LARGEFILE_SOURCE -D_LARGEFILE64_SOURCE -D_FILE_OFFSET_BITS=64  -pipe -U_FORTIFY_SOURCE -fno-stack-protector -fomit-frame-pointer -fPIC -O2  -D_LARGEFILE_SOURCE -D_LARGEFILE64_SOURCE -D_FILE_OFFSET_BITS=64 conftest.c >&5
configure:4170: $? = 0
configure:4170: result: yes
configure:4170: checking for sys/stat.h
configure:4170: /home/simon/GIT/buildroot-k3-current/output/host/usr/bin/arm-none-linux-gnueabi-gcc -std=gnu99 -c -D_LARGEFILE_SOURCE -D_LARGEFILE64_SOURCE -D_FILE_OFFSET_BITS=64  -pipe -U_FORTIFY_SOURCE -fno-stack-protector -fomit-frame-pointer -fPIC -O2  -D_LARGEFILE_SOURCE -D_LARGEFILE64_SOURCE -D_FILE_OFFSET_BITS=64 conftest.c >&5
configure:4170: $? = 0
configure:4170: result: yes
configure:4170: checking for stdlib.h
configure:4170: /home/simon/GIT/buildroot-k3-current/output/host/usr/bin/arm-none-linux-gnueabi-gcc -std=gnu99 -c -D_LARGEFILE_SOURCE -D_LARGEFILE64_SOURCE -D_FILE_OFFSET_BITS=64  -pipe -U_FORTIFY_SOURCE -fno-stack-protector -fomit-frame-pointer -fPIC -O2  -D_LARGEFILE_SOURCE -D_LARGEFILE64_SOURCE -D_FILE_OFFSET_BITS=64 conftest.c >&5
configure:4170: $? = 0
configure:4170: result: yes
configure:4170: checking for string.h
configure:4170: /home/simon/GIT/buildroot-k3-current/output/host/usr/bin/arm-none-linux-gnueabi-gcc -std=gnu99 -c -D_LARGEFILE_SOURCE -D_LARGEFILE64_SOURCE -D_FILE_OFFSET_BITS=64  -pipe -U_FORTIFY_SOURCE -fno-stack-protector -fomit-frame-pointer -fPIC -O2  -D_LARGEFILE_SOURCE -D_LARGEFILE64_SOURCE -D_FILE_OFFSET_BITS=64 conftest.c >&5
configure:4170: $? = 0
configure:4170: result: yes
configure:4170: checking for memory.h
configure:4170: /home/simon/GIT/buildroot-k3-current/output/host/usr/bin/arm-none-linux-gnueabi-gcc -std=gnu99 -c -D_LARGEFILE_SOURCE -D_LARGEFILE64_SOURCE -D_FILE_OFFSET_BITS=64  -pipe -U_FORTIFY_SOURCE -fno-stack-protector -fomit-frame-pointer -fPIC -O2  -D_LARGEFILE_SOURCE -D_LARGEFILE64_SOURCE -D_FILE_OFFSET_BITS=64 conftest.c >&5
configure:4170: $? = 0
configure:4170: result: yes
configure:4170: checking for strings.h
configure:4170: /home/simon/GIT/buildroot-k3-current/output/host/usr/bin/arm-none-linux-gnueabi-gcc -std=gnu99 -c -D_LARGEFILE_SOURCE -D_LARGEFILE64_SOURCE -D_FILE_OFFSET_BITS=64  -pipe -U_FORTIFY_SOURCE -fno-stack-protector -fomit-frame-pointer -fPIC -O2  -D_LARGEFILE_SOURCE -D_LARGEFILE64_SOURCE -D_FILE_OFFSET_BITS=64 conftest.c >&5
configure:4170: $? = 0
configure:4170: result: yes
configure:4170: checking for inttypes.h
configure:4170: /home/simon/GIT/buildroot-k3-current/output/host/usr/bin/arm-none-linux-gnueabi-gcc -std=gnu99 -c -D_LARGEFILE_SOURCE -D_LARGEFILE64_SOURCE -D_FILE_OFFSET_BITS=64  -pipe -U_FORTIFY_SOURCE -fno-stack-protector -fomit-frame-pointer -fPIC -O2  -D_LARGEFILE_SOURCE -D_LARGEFILE64_SOURCE -D_FILE_OFFSET_BITS=64 conftest.c >&5
configure:4170: $? = 0
configure:4170: result: yes
configure:4170: checking for stdint.h
configure:4170: /home/simon/GIT/buildroot-k3-current/output/host/usr/bin/arm-none-linux-gnueabi-gcc -std=gnu99 -c -D_LARGEFILE_SOURCE -D_LARGEFILE64_SOURCE -D_FILE_OFFSET_BITS=64  -pipe -U_FORTIFY_SOURCE -fno-stack-protector -fomit-frame-pointer -fPIC -O2  -D_LARGEFILE_SOURCE -D_LARGEFILE64_SOURCE -D_FILE_OFFSET_BITS=64 conftest.c >&5
configure:4170: $? = 0
configure:4170: result: yes
configure:4170: checking for unistd.h
configure:4170: /home/simon/GIT/buildroot-k3-current/output/host/usr/bin/arm-none-linux-gnueabi-gcc -std=gnu99 -c -D_LARGEFILE_SOURCE -D_LARGEFILE64_SOURCE -D_FILE_OFFSET_BITS=64  -pipe -U_FORTIFY_SOURCE -fno-stack-protector -fomit-frame-pointer -fPIC -O2  -D_LARGEFILE_SOURCE -D_LARGEFILE64_SOURCE -D_FILE_OFFSET_BITS=64 conftest.c >&5
configure:4170: $? = 0
configure:4170: result: yes
configure:4186: checking whether __clang__ is declared
configure:4186: /home/simon/GIT/buildroot-k3-current/output/host/usr/bin/arm-none-linux-gnueabi-gcc -std=gnu99 -c -D_LARGEFILE_SOURCE -D_LARGEFILE64_SOURCE -D_FILE_OFFSET_BITS=64  -pipe -U_FORTIFY_SOURCE -fno-stack-protector -fomit-frame-pointer -fPIC -O2  -D_LARGEFILE_SOURCE -D_LARGEFILE64_SOURCE -D_FILE_OFFSET_BITS=64 conftest.c >&5
conftest.c: In function 'main':
conftest.c:61: error: '__clang__' undeclared (first use in this function)
conftest.c:61: error: (Each undeclared identifier is reported only once
conftest.c:61: error: for each function it appears in.)
configure:4186: $? = 1
configure: failed program was:
| /* confdefs.h */
| #define PACKAGE_NAME "xlogo"
| #define PACKAGE_TARNAME "xlogo"
| #define PACKAGE_VERSION "1.0.4"
| #define PACKAGE_STRING "xlogo 1.0.4"
| #define PACKAGE_BUGREPORT "https://bugs.freedesktop.org/enter_bug.cgi?product=xorg"
| #define PACKAGE_URL ""
| #define PACKAGE "xlogo"
| #define VERSION "1.0.4"
| #define STDC_HEADERS 1
| #define HAVE_SYS_TYPES_H 1
| #define HAVE_SYS_STAT_H 1
| #define HAVE_STDLIB_H 1
| #define HAVE_STRING_H 1
| #define HAVE_MEMORY_H 1
| #define HAVE_STRINGS_H 1
| #define HAVE_INTTYPES_H 1
| #define HAVE_STDINT_H 1
| #define HAVE_UNISTD_H 1
| /* end confdefs.h.  */
| #include <stdio.h>
| #ifdef HAVE_SYS_TYPES_H
| # include <sys/types.h>
| #endif
| #ifdef HAVE_SYS_STAT_H
| # include <sys/stat.h>
| #endif
| #ifdef STDC_HEADERS
| # include <stdlib.h>
| # include <stddef.h>
| #else
| # ifdef HAVE_STDLIB_H
| #  include <stdlib.h>
| # endif
| #endif
| #ifdef HAVE_STRING_H
| # if !defined STDC_HEADERS && defined HAVE_MEMORY_H
| #  include <memory.h>
| # endif
| # include <string.h>
| #endif
| #ifdef HAVE_STRINGS_H
| # include <strings.h>
| #endif
| #ifdef HAVE_INTTYPES_H
| # include <inttypes.h>
| #endif
| #ifdef HAVE_STDINT_H
| # include <stdint.h>
| #endif
| #ifdef HAVE_UNISTD_H
| # include <unistd.h>
| #endif
| int
| main ()
| {
| #ifndef __clang__
| #ifdef __cplusplus
|   (void) __clang__;
| #else
|   (void) __clang__;
| #endif
| #endif
| 
|   ;
|   return 0;
| }
configure:4186: result: no
configure:4193: checking whether __INTEL_COMPILER is declared
configure:4193: /home/simon/GIT/buildroot-k3-current/output/host/usr/bin/arm-none-linux-gnueabi-gcc -std=gnu99 -c -D_LARGEFILE_SOURCE -D_LARGEFILE64_SOURCE -D_FILE_OFFSET_BITS=64  -pipe -U_FORTIFY_SOURCE -fno-stack-protector -fomit-frame-pointer -fPIC -O2  -D_LARGEFILE_SOURCE -D_LARGEFILE64_SOURCE -D_FILE_OFFSET_BITS=64 conftest.c >&5
conftest.c: In function 'main':
conftest.c:61: error: '__INTEL_COMPILER' undeclared (first use in this function)
conftest.c:61: error: (Each undeclared identifier is reported only once
conftest.c:61: error: for each function it appears in.)
configure:4193: $? = 1
configure: failed program was:
| /* confdefs.h */
| #define PACKAGE_NAME "xlogo"
| #define PACKAGE_TARNAME "xlogo"
| #define PACKAGE_VERSION "1.0.4"
| #define PACKAGE_STRING "xlogo 1.0.4"
| #define PACKAGE_BUGREPORT "https://bugs.freedesktop.org/enter_bug.cgi?product=xorg"
| #define PACKAGE_URL ""
| #define PACKAGE "xlogo"
| #define VERSION "1.0.4"
| #define STDC_HEADERS 1
| #define HAVE_SYS_TYPES_H 1
| #define HAVE_SYS_STAT_H 1
| #define HAVE_STDLIB_H 1
| #define HAVE_STRING_H 1
| #define HAVE_MEMORY_H 1
| #define HAVE_STRINGS_H 1
| #define HAVE_INTTYPES_H 1
| #define HAVE_STDINT_H 1
| #define HAVE_UNISTD_H 1
| /* end confdefs.h.  */
| #include <stdio.h>
| #ifdef HAVE_SYS_TYPES_H
| # include <sys/types.h>
| #endif
| #ifdef HAVE_SYS_STAT_H
| # include <sys/stat.h>
| #endif
| #ifdef STDC_HEADERS
| # include <stdlib.h>
| # include <stddef.h>
| #else
| # ifdef HAVE_STDLIB_H
| #  include <stdlib.h>
| # endif
| #endif
| #ifdef HAVE_STRING_H
| # if !defined STDC_HEADERS && defined HAVE_MEMORY_H
| #  include <memory.h>
| # endif
| # include <string.h>
| #endif
| #ifdef HAVE_STRINGS_H
| # include <strings.h>
| #endif
| #ifdef HAVE_INTTYPES_H
| # include <inttypes.h>
| #endif
| #ifdef HAVE_STDINT_H
| # include <stdint.h>
| #endif
| #ifdef HAVE_UNISTD_H
| # include <unistd.h>
| #endif
| int
| main ()
| {
| #ifndef __INTEL_COMPILER
| #ifdef __cplusplus
|   (void) __INTEL_COMPILER;
| #else
|   (void) __INTEL_COMPILER;
| #endif
| #endif
| 
|   ;
|   return 0;
| }
configure:4193: result: no
configure:4200: checking whether __SUNPRO_C is declared
configure:4200: /home/simon/GIT/buildroot-k3-current/output/host/usr/bin/arm-none-linux-gnueabi-gcc -std=gnu99 -c -D_LARGEFILE_SOURCE -D_LARGEFILE64_SOURCE -D_FILE_OFFSET_BITS=64  -pipe -U_FORTIFY_SOURCE -fno-stack-protector -fomit-frame-pointer -fPIC -O2  -D_LARGEFILE_SOURCE -D_LARGEFILE64_SOURCE -D_FILE_OFFSET_BITS=64 conftest.c >&5
conftest.c: In function 'main':
conftest.c:61: error: '__SUNPRO_C' undeclared (first use in this function)
conftest.c:61: error: (Each undeclared identifier is reported only once
conftest.c:61: error: for each function it appears in.)
configure:4200: $? = 1
configure: failed program was:
| /* confdefs.h */
| #define PACKAGE_NAME "xlogo"
| #define PACKAGE_TARNAME "xlogo"
| #define PACKAGE_VERSION "1.0.4"
| #define PACKAGE_STRING "xlogo 1.0.4"
| #define PACKAGE_BUGREPORT "https://bugs.freedesktop.org/enter_bug.cgi?product=xorg"
| #define PACKAGE_URL ""
| #define PACKAGE "xlogo"
| #define VERSION "1.0.4"
| #define STDC_HEADERS 1
| #define HAVE_SYS_TYPES_H 1
| #define HAVE_SYS_STAT_H 1
| #define HAVE_STDLIB_H 1
| #define HAVE_STRING_H 1
| #define HAVE_MEMORY_H 1
| #define HAVE_STRINGS_H 1
| #define HAVE_INTTYPES_H 1
| #define HAVE_STDINT_H 1
| #define HAVE_UNISTD_H 1
| /* end confdefs.h.  */
| #include <stdio.h>
| #ifdef HAVE_SYS_TYPES_H
| # include <sys/types.h>
| #endif
| #ifdef HAVE_SYS_STAT_H
| # include <sys/stat.h>
| #endif
| #ifdef STDC_HEADERS
| # include <stdlib.h>
| # include <stddef.h>
| #else
| # ifdef HAVE_STDLIB_H
| #  include <stdlib.h>
| # endif
| #endif
| #ifdef HAVE_STRING_H
| # if !defined STDC_HEADERS && defined HAVE_MEMORY_H
| #  include <memory.h>
| # endif
| # include <string.h>
| #endif
| #ifdef HAVE_STRINGS_H
| # include <strings.h>
| #endif
| #ifdef HAVE_INTTYPES_H
| # include <inttypes.h>
| #endif
| #ifdef HAVE_STDINT_H
| # include <stdint.h>
| #endif
| #ifdef HAVE_UNISTD_H
| # include <unistd.h>
| #endif
| int
| main ()
| {
| #ifndef __SUNPRO_C
| #ifdef __cplusplus
|   (void) __SUNPRO_C;
| #else
|   (void) __SUNPRO_C;
| #endif
| #endif
| 
|   ;
|   return 0;
| }
configure:4200: result: no
configure:4312: checking pkg-config is at least version 0.9.0
configure:4315: result: yes
configure:4328: checking build system type
configure:4342: result: i686-pc-linux-gnu
configure:4362: checking host system type
configure:4375: result: arm-buildroot-linux-gnueabi
configure:4395: checking for a sed that does not truncate output
configure:4459: result: /bin/sed
configure:4505: checking if /home/simon/GIT/buildroot-k3-current/output/host/usr/bin/arm-none-linux-gnueabi-gcc -std=gnu99 supports -Werror=unknown-warning-option
configure:4514: /home/simon/GIT/buildroot-k3-current/output/host/usr/bin/arm-none-linux-gnueabi-gcc -std=gnu99 -c -D_LARGEFILE_SOURCE -D_LARGEFILE64_SOURCE -D_FILE_OFFSET_BITS=64  -pipe -U_FORTIFY_SOURCE -fno-stack-protector -fomit-frame-pointer -fPIC -O2  -Werror=unknown-warning-option -D_LARGEFILE_SOURCE -D_LARGEFILE64_SOURCE -D_FILE_OFFSET_BITS=64 conftest.c >&5
cc1: error: -Werror=unknown-warning-option: No option -Wunknown-warning-option
configure:4514: $? = 1
configure: failed program was:
| /* confdefs.h */
| #define PACKAGE_NAME "xlogo"
| #define PACKAGE_TARNAME "xlogo"
| #define PACKAGE_VERSION "1.0.4"
| #define PACKAGE_STRING "xlogo 1.0.4"
| #define PACKAGE_BUGREPORT "https://bugs.freedesktop.org/enter_bug.cgi?product=xorg"
| #define PACKAGE_URL ""
| #define PACKAGE "xlogo"
| #define VERSION "1.0.4"
| #define STDC_HEADERS 1
| #define HAVE_SYS_TYPES_H 1
| #define HAVE_SYS_STAT_H 1
| #define HAVE_STDLIB_H 1
| #define HAVE_STRING_H 1
| #define HAVE_MEMORY_H 1
| #define HAVE_STRINGS_H 1
| #define HAVE_INTTYPES_H 1
| #define HAVE_STDINT_H 1
| #define HAVE_UNISTD_H 1
| /* end confdefs.h.  */
| int i;
configure:4521: result: no
configure:4532: checking if /home/simon/GIT/buildroot-k3-current/output/host/usr/bin/arm-none-linux-gnueabi-gcc -std=gnu99 supports -Werror=unused-command-line-argument
configure:4541: /home/simon/GIT/buildroot-k3-current/output/host/usr/bin/arm-none-linux-gnueabi-gcc -std=gnu99 -c -D_LARGEFILE_SOURCE -D_LARGEFILE64_SOURCE -D_FILE_OFFSET_BITS=64  -pipe -U_FORTIFY_SOURCE -fno-stack-protector -fomit-frame-pointer -fPIC -O2  -Werror=unused-command-line-argument -D_LARGEFILE_SOURCE -D_LARGEFILE64_SOURCE -D_FILE_OFFSET_BITS=64 conftest.c >&5
cc1: error: -Werror=unused-command-line-argument: No option -Wunused-command-line-argument
configure:4541: $? = 1
configure: failed program was:
| /* confdefs.h */
| #define PACKAGE_NAME "xlogo"
| #define PACKAGE_TARNAME "xlogo"
| #define PACKAGE_VERSION "1.0.4"
| #define PACKAGE_STRING "xlogo 1.0.4"
| #define PACKAGE_BUGREPORT "https://bugs.freedesktop.org/enter_bug.cgi?product=xorg"
| #define PACKAGE_URL ""
| #define PACKAGE "xlogo"
| #define VERSION "1.0.4"
| #define STDC_HEADERS 1
| #define HAVE_SYS_TYPES_H 1
| #define HAVE_SYS_STAT_H 1
| #define HAVE_STDLIB_H 1
| #define HAVE_STRING_H 1
| #define HAVE_MEMORY_H 1
| #define HAVE_STRINGS_H 1
| #define HAVE_INTTYPES_H 1
| #define HAVE_STDINT_H 1
| #define HAVE_UNISTD_H 1
| /* end confdefs.h.  */
| int i;
configure:4548: result: no
configure:4567: checking if /home/simon/GIT/buildroot-k3-current/output/host/usr/bin/arm-none-linux-gnueabi-gcc -std=gnu99 supports-Wall
configure:4584: /home/simon/GIT/buildroot-k3-current/output/host/usr/bin/arm-none-linux-gnueabi-gcc -std=gnu99 -o conftest -D_LARGEFILE_SOURCE -D_LARGEFILE64_SOURCE -D_FILE_OFFSET_BITS=64  -pipe -U_FORTIFY_SOURCE -fno-stack-protector -fomit-frame-pointer -fPIC -O2  -Wall -D_LARGEFILE_SOURCE -D_LARGEFILE64_SOURCE -D_FILE_OFFSET_BITS=64  conftest.c  >&5
configure:4584: $? = 0
configure:4597: result: yes
configure:4685: checking if /home/simon/GIT/buildroot-k3-current/output/host/usr/bin/arm-none-linux-gnueabi-gcc -std=gnu99 supports-Wpointer-arith
configure:4702: /home/simon/GIT/buildroot-k3-current/output/host/usr/bin/arm-none-linux-gnueabi-gcc -std=gnu99 -o conftest -D_LARGEFILE_SOURCE -D_LARGEFILE64_SOURCE -D_FILE_OFFSET_BITS=64  -pipe -U_FORTIFY_SOURCE -fno-stack-protector -fomit-frame-pointer -fPIC -O2  -Wpointer-arith -D_LARGEFILE_SOURCE -D_LARGEFILE64_SOURCE -D_FILE_OFFSET_BITS=64  conftest.c  >&5
configure:4702: $? = 0
configure:4715: result: yes
configure:4803: checking if /home/simon/GIT/buildroot-k3-current/output/host/usr/bin/arm-none-linux-gnueabi-gcc -std=gnu99 supports-Wmissing-declarations
configure:4820: /home/simon/GIT/buildroot-k3-current/output/host/usr/bin/arm-none-linux-gnueabi-gcc -std=gnu99 -o conftest -D_LARGEFILE_SOURCE -D_LARGEFILE64_SOURCE -D_FILE_OFFSET_BITS=64  -pipe -U_FORTIFY_SOURCE -fno-stack-protector -fomit-frame-pointer -fPIC -O2  -Wmissing-declarations -D_LARGEFILE_SOURCE -D_LARGEFILE64_SOURCE -D_FILE_OFFSET_BITS=64  conftest.c  >&5
configure:4820: $? = 0
configure:4833: result: yes
configure:4921: checking if /home/simon/GIT/buildroot-k3-current/output/host/usr/bin/arm-none-linux-gnueabi-gcc -std=gnu99 supports-Wformat=2
configure:4938: /home/simon/GIT/buildroot-k3-current/output/host/usr/bin/arm-none-linux-gnueabi-gcc -std=gnu99 -o conftest -D_LARGEFILE_SOURCE -D_LARGEFILE64_SOURCE -D_FILE_OFFSET_BITS=64  -pipe -U_FORTIFY_SOURCE -fno-stack-protector -fomit-frame-pointer -fPIC -O2  -Wformat=2 -D_LARGEFILE_SOURCE -D_LARGEFILE64_SOURCE -D_FILE_OFFSET_BITS=64  conftest.c  >&5
configure:4938: $? = 0
configure:4951: result: yes
configure:5090: checking if /home/simon/GIT/buildroot-k3-current/output/host/usr/bin/arm-none-linux-gnueabi-gcc -std=gnu99 supports-Wstrict-prototypes
configure:5107: /home/simon/GIT/buildroot-k3-current/output/host/usr/bin/arm-none-linux-gnueabi-gcc -std=gnu99 -o conftest -D_LARGEFILE_SOURCE -D_LARGEFILE64_SOURCE -D_FILE_OFFSET_BITS=64  -pipe -U_FORTIFY_SOURCE -fno-stack-protector -fomit-frame-pointer -fPIC -O2  -Wstrict-prototypes -D_LARGEFILE_SOURCE -D_LARGEFILE64_SOURCE -D_FILE_OFFSET_BITS=64  conftest.c  >&5
conftest.c:24: warning: function declaration isn't a prototype
configure:5107: $? = 0
configure:5120: result: yes
configure:5208: checking if /home/simon/GIT/buildroot-k3-current/output/host/usr/bin/arm-none-linux-gnueabi-gcc -std=gnu99 supports-Wmissing-prototypes
configure:5225: /home/simon/GIT/buildroot-k3-current/output/host/usr/bin/arm-none-linux-gnueabi-gcc -std=gnu99 -o conftest -D_LARGEFILE_SOURCE -D_LARGEFILE64_SOURCE -D_FILE_OFFSET_BITS=64  -pipe -U_FORTIFY_SOURCE -fno-stack-protector -fomit-frame-pointer -fPIC -O2  -Wmissing-prototypes -D_LARGEFILE_SOURCE -D_LARGEFILE64_SOURCE -D_FILE_OFFSET_BITS=64  conftest.c  >&5
configure:5225: $? = 0
configure:5238: result: yes
configure:5326: checking if /home/simon/GIT/buildroot-k3-current/output/host/usr/bin/arm-none-linux-gnueabi-gcc -std=gnu99 supports-Wnested-externs
configure:5343: /home/simon/GIT/buildroot-k3-current/output/host/usr/bin/arm-none-linux-gnueabi-gcc -std=gnu99 -o conftest -D_LARGEFILE_SOURCE -D_LARGEFILE64_SOURCE -D_FILE_OFFSET_BITS=64  -pipe -U_FORTIFY_SOURCE -fno-stack-protector -fomit-frame-pointer -fPIC -O2  -Wnested-externs -D_LARGEFILE_SOURCE -D_LARGEFILE64_SOURCE -D_FILE_OFFSET_BITS=64  conftest.c  >&5
configure:5343: $? = 0
configure:5356: result: yes
configure:5444: checking if /home/simon/GIT/buildroot-k3-current/output/host/usr/bin/arm-none-linux-gnueabi-gcc -std=gnu99 supports-Wbad-function-cast
configure:5461: /home/simon/GIT/buildroot-k3-current/output/host/usr/bin/arm-none-linux-gnueabi-gcc -std=gnu99 -o conftest -D_LARGEFILE_SOURCE -D_LARGEFILE64_SOURCE -D_FILE_OFFSET_BITS=64  -pipe -U_FORTIFY_SOURCE -fno-stack-protector -fomit-frame-pointer -fPIC -O2  -Wbad-function-cast -D_LARGEFILE_SOURCE -D_LARGEFILE64_SOURCE -D_FILE_OFFSET_BITS=64  conftest.c  >&5
configure:5461: $? = 0
configure:5474: result: yes
configure:5562: checking if /home/simon/GIT/buildroot-k3-current/output/host/usr/bin/arm-none-linux-gnueabi-gcc -std=gnu99 supports-Wold-style-definition
configure:5579: /home/simon/GIT/buildroot-k3-current/output/host/usr/bin/arm-none-linux-gnueabi-gcc -std=gnu99 -o conftest -D_LARGEFILE_SOURCE -D_LARGEFILE64_SOURCE -D_FILE_OFFSET_BITS=64  -pipe -U_FORTIFY_SOURCE -fno-stack-protector -fomit-frame-pointer -fPIC -O2  -Wold-style-definition -D_LARGEFILE_SOURCE -D_LARGEFILE64_SOURCE -D_FILE_OFFSET_BITS=64  conftest.c  >&5
conftest.c: In function 'main':
conftest.c:24: warning: old-style function definition
configure:5579: $? = 0
configure:5592: result: yes
configure:5680: checking if /home/simon/GIT/buildroot-k3-current/output/host/usr/bin/arm-none-linux-gnueabi-gcc -std=gnu99 supports-Wdeclaration-after-statement
configure:5697: /home/simon/GIT/buildroot-k3-current/output/host/usr/bin/arm-none-linux-gnueabi-gcc -std=gnu99 -o conftest -D_LARGEFILE_SOURCE -D_LARGEFILE64_SOURCE -D_FILE_OFFSET_BITS=64  -pipe -U_FORTIFY_SOURCE -fno-stack-protector -fomit-frame-pointer -fPIC -O2  -Wdeclaration-after-statement -D_LARGEFILE_SOURCE -D_LARGEFILE64_SOURCE -D_FILE_OFFSET_BITS=64  conftest.c  >&5
configure:5697: $? = 0
configure:5710: result: yes
configure:5802: checking if /home/simon/GIT/buildroot-k3-current/output/host/usr/bin/arm-none-linux-gnueabi-gcc -std=gnu99 supports-Wunused
configure:5819: /home/simon/GIT/buildroot-k3-current/output/host/usr/bin/arm-none-linux-gnueabi-gcc -std=gnu99 -o conftest -D_LARGEFILE_SOURCE -D_LARGEFILE64_SOURCE -D_FILE_OFFSET_BITS=64  -pipe -U_FORTIFY_SOURCE -fno-stack-protector -fomit-frame-pointer -fPIC -O2  -Wunused -D_LARGEFILE_SOURCE -D_LARGEFILE64_SOURCE -D_FILE_OFFSET_BITS=64  conftest.c  >&5
configure:5819: $? = 0
configure:5832: result: yes
configure:5920: checking if /home/simon/GIT/buildroot-k3-current/output/host/usr/bin/arm-none-linux-gnueabi-gcc -std=gnu99 supports-Wuninitialized
configure:5937: /home/simon/GIT/buildroot-k3-current/output/host/usr/bin/arm-none-linux-gnueabi-gcc -std=gnu99 -o conftest -D_LARGEFILE_SOURCE -D_LARGEFILE64_SOURCE -D_FILE_OFFSET_BITS=64  -pipe -U_FORTIFY_SOURCE -fno-stack-protector -fomit-frame-pointer -fPIC -O2  -Wuninitialized -D_LARGEFILE_SOURCE -D_LARGEFILE64_SOURCE -D_FILE_OFFSET_BITS=64  conftest.c  >&5
configure:5937: $? = 0
configure:5950: result: yes
configure:6038: checking if /home/simon/GIT/buildroot-k3-current/output/host/usr/bin/arm-none-linux-gnueabi-gcc -std=gnu99 supports-Wshadow
configure:6055: /home/simon/GIT/buildroot-k3-current/output/host/usr/bin/arm-none-linux-gnueabi-gcc -std=gnu99 -o conftest -D_LARGEFILE_SOURCE -D_LARGEFILE64_SOURCE -D_FILE_OFFSET_BITS=64  -pipe -U_FORTIFY_SOURCE -fno-stack-protector -fomit-frame-pointer -fPIC -O2  -Wshadow -D_LARGEFILE_SOURCE -D_LARGEFILE64_SOURCE -D_FILE_OFFSET_BITS=64  conftest.c  >&5
configure:6055: $? = 0
configure:6068: result: yes
configure:6156: checking if /home/simon/GIT/buildroot-k3-current/output/host/usr/bin/arm-none-linux-gnueabi-gcc -std=gnu99 supports-Wcast-qual
configure:6173: /home/simon/GIT/buildroot-k3-current/output/host/usr/bin/arm-none-linux-gnueabi-gcc -std=gnu99 -o conftest -D_LARGEFILE_SOURCE -D_LARGEFILE64_SOURCE -D_FILE_OFFSET_BITS=64  -pipe -U_FORTIFY_SOURCE -fno-stack-protector -fomit-frame-pointer -fPIC -O2  -Wcast-qual -D_LARGEFILE_SOURCE -D_LARGEFILE64_SOURCE -D_FILE_OFFSET_BITS=64  conftest.c  >&5
configure:6173: $? = 0
configure:6186: result: yes
configure:6274: checking if /home/simon/GIT/buildroot-k3-current/output/host/usr/bin/arm-none-linux-gnueabi-gcc -std=gnu99 supports-Wmissing-noreturn
configure:6291: /home/simon/GIT/buildroot-k3-current/output/host/usr/bin/arm-none-linux-gnueabi-gcc -std=gnu99 -o conftest -D_LARGEFILE_SOURCE -D_LARGEFILE64_SOURCE -D_FILE_OFFSET_BITS=64  -pipe -U_FORTIFY_SOURCE -fno-stack-protector -fomit-frame-pointer -fPIC -O2  -Wmissing-noreturn -D_LARGEFILE_SOURCE -D_LARGEFILE64_SOURCE -D_FILE_OFFSET_BITS=64  conftest.c  >&5
configure:6291: $? = 0
configure:6304: result: yes
configure:6392: checking if /home/simon/GIT/buildroot-k3-current/output/host/usr/bin/arm-none-linux-gnueabi-gcc -std=gnu99 supports-Wmissing-format-attribute
configure:6409: /home/simon/GIT/buildroot-k3-current/output/host/usr/bin/arm-none-linux-gnueabi-gcc -std=gnu99 -o conftest -D_LARGEFILE_SOURCE -D_LARGEFILE64_SOURCE -D_FILE_OFFSET_BITS=64  -pipe -U_FORTIFY_SOURCE -fno-stack-protector -fomit-frame-pointer -fPIC -O2  -Wmissing-format-attribute -D_LARGEFILE_SOURCE -D_LARGEFILE64_SOURCE -D_FILE_OFFSET_BITS=64  conftest.c  >&5
configure:6409: $? = 0
configure:6422: result: yes
configure:6510: checking if /home/simon/GIT/buildroot-k3-current/output/host/usr/bin/arm-none-linux-gnueabi-gcc -std=gnu99 supports-Wredundant-decls
configure:6527: /home/simon/GIT/buildroot-k3-current/output/host/usr/bin/arm-none-linux-gnueabi-gcc -std=gnu99 -o conftest -D_LARGEFILE_SOURCE -D_LARGEFILE64_SOURCE -D_FILE_OFFSET_BITS=64  -pipe -U_FORTIFY_SOURCE -fno-stack-protector -fomit-frame-pointer -fPIC -O2  -Wredundant-decls -D_LARGEFILE_SOURCE -D_LARGEFILE64_SOURCE -D_FILE_OFFSET_BITS=64  conftest.c  >&5
configure:6527: $? = 0
configure:6540: result: yes
configure:6640: checking if /home/simon/GIT/buildroot-k3-current/output/host/usr/bin/arm-none-linux-gnueabi-gcc -std=gnu99 supports-Werror=implicit
configure:6657: /home/simon/GIT/buildroot-k3-current/output/host/usr/bin/arm-none-linux-gnueabi-gcc -std=gnu99 -o conftest -D_LARGEFILE_SOURCE -D_LARGEFILE64_SOURCE -D_FILE_OFFSET_BITS=64  -pipe -U_FORTIFY_SOURCE -fno-stack-protector -fomit-frame-pointer -fPIC -O2  -Werror=implicit -D_LARGEFILE_SOURCE -D_LARGEFILE64_SOURCE -D_FILE_OFFSET_BITS=64  conftest.c  >&5
configure:6657: $? = 0
configure:6670: result: yes
configure:6807: checking if /home/simon/GIT/buildroot-k3-current/output/host/usr/bin/arm-none-linux-gnueabi-gcc -std=gnu99 supports-Werror=nonnull
configure:6824: /home/simon/GIT/buildroot-k3-current/output/host/usr/bin/arm-none-linux-gnueabi-gcc -std=gnu99 -o conftest -D_LARGEFILE_SOURCE -D_LARGEFILE64_SOURCE -D_FILE_OFFSET_BITS=64  -pipe -U_FORTIFY_SOURCE -fno-stack-protector -fomit-frame-pointer -fPIC -O2  -Werror=nonnull -D_LARGEFILE_SOURCE -D_LARGEFILE64_SOURCE -D_FILE_OFFSET_BITS=64  conftest.c  >&5
configure:6824: $? = 0
configure:6837: result: yes
configure:6925: checking if /home/simon/GIT/buildroot-k3-current/output/host/usr/bin/arm-none-linux-gnueabi-gcc -std=gnu99 supports-Werror=init-self
configure:6942: /home/simon/GIT/buildroot-k3-current/output/host/usr/bin/arm-none-linux-gnueabi-gcc -std=gnu99 -o conftest -D_LARGEFILE_SOURCE -D_LARGEFILE64_SOURCE -D_FILE_OFFSET_BITS=64  -pipe -U_FORTIFY_SOURCE -fno-stack-protector -fomit-frame-pointer -fPIC -O2  -Werror=init-self -D_LARGEFILE_SOURCE -D_LARGEFILE64_SOURCE -D_FILE_OFFSET_BITS=64  conftest.c  >&5
configure:6942: $? = 0
configure:6955: result: yes
configure:7043: checking if /home/simon/GIT/buildroot-k3-current/output/host/usr/bin/arm-none-linux-gnueabi-gcc -std=gnu99 supports-Werror=main
configure:7060: /home/simon/GIT/buildroot-k3-current/output/host/usr/bin/arm-none-linux-gnueabi-gcc -std=gnu99 -o conftest -D_LARGEFILE_SOURCE -D_LARGEFILE64_SOURCE -D_FILE_OFFSET_BITS=64  -pipe -U_FORTIFY_SOURCE -fno-stack-protector -fomit-frame-pointer -fPIC -O2  -Werror=main -D_LARGEFILE_SOURCE -D_LARGEFILE64_SOURCE -D_FILE_OFFSET_BITS=64  conftest.c  >&5
configure:7060: $? = 0
configure:7073: result: yes
configure:7161: checking if /home/simon/GIT/buildroot-k3-current/output/host/usr/bin/arm-none-linux-gnueabi-gcc -std=gnu99 supports-Werror=missing-braces
configure:7178: /home/simon/GIT/buildroot-k3-current/output/host/usr/bin/arm-none-linux-gnueabi-gcc -std=gnu99 -o conftest -D_LARGEFILE_SOURCE -D_LARGEFILE64_SOURCE -D_FILE_OFFSET_BITS=64  -pipe -U_FORTIFY_SOURCE -fno-stack-protector -fomit-frame-pointer -fPIC -O2  -Werror=missing-braces -D_LARGEFILE_SOURCE -D_LARGEFILE64_SOURCE -D_FILE_OFFSET_BITS=64  conftest.c  >&5
configure:7178: $? = 0
configure:7191: result: yes
configure:7279: checking if /home/simon/GIT/buildroot-k3-current/output/host/usr/bin/arm-none-linux-gnueabi-gcc -std=gnu99 supports-Werror=sequence-point
configure:7296: /home/simon/GIT/buildroot-k3-current/output/host/usr/bin/arm-none-linux-gnueabi-gcc -std=gnu99 -o conftest -D_LARGEFILE_SOURCE -D_LARGEFILE64_SOURCE -D_FILE_OFFSET_BITS=64  -pipe -U_FORTIFY_SOURCE -fno-stack-protector -fomit-frame-pointer -fPIC -O2  -Werror=sequence-point -D_LARGEFILE_SOURCE -D_LARGEFILE64_SOURCE -D_FILE_OFFSET_BITS=64  conftest.c  >&5
configure:7296: $? = 0
configure:7309: result: yes
configure:7397: checking if /home/simon/GIT/buildroot-k3-current/output/host/usr/bin/arm-none-linux-gnueabi-gcc -std=gnu99 supports-Werror=return-type
configure:7414: /home/simon/GIT/buildroot-k3-current/output/host/usr/bin/arm-none-linux-gnueabi-gcc -std=gnu99 -o conftest -D_LARGEFILE_SOURCE -D_LARGEFILE64_SOURCE -D_FILE_OFFSET_BITS=64  -pipe -U_FORTIFY_SOURCE -fno-stack-protector -fomit-frame-pointer -fPIC -O2  -Werror=return-type -D_LARGEFILE_SOURCE -D_LARGEFILE64_SOURCE -D_FILE_OFFSET_BITS=64  conftest.c  >&5
configure:7414: $? = 0
configure:7427: result: yes
configure:7564: checking if /home/simon/GIT/buildroot-k3-current/output/host/usr/bin/arm-none-linux-gnueabi-gcc -std=gnu99 supports-Werror=trigraphs
configure:7581: /home/simon/GIT/buildroot-k3-current/output/host/usr/bin/arm-none-linux-gnueabi-gcc -std=gnu99 -o conftest -D_LARGEFILE_SOURCE -D_LARGEFILE64_SOURCE -D_FILE_OFFSET_BITS=64  -pipe -U_FORTIFY_SOURCE -fno-stack-protector -fomit-frame-pointer -fPIC -O2  -Werror=trigraphs -D_LARGEFILE_SOURCE -D_LARGEFILE64_SOURCE -D_FILE_OFFSET_BITS=64  conftest.c  >&5
configure:7581: $? = 0
configure:7594: result: yes
configure:7682: checking if /home/simon/GIT/buildroot-k3-current/output/host/usr/bin/arm-none-linux-gnueabi-gcc -std=gnu99 supports-Werror=array-bounds
configure:7699: /home/simon/GIT/buildroot-k3-current/output/host/usr/bin/arm-none-linux-gnueabi-gcc -std=gnu99 -o conftest -D_LARGEFILE_SOURCE -D_LARGEFILE64_SOURCE -D_FILE_OFFSET_BITS=64  -pipe -U_FORTIFY_SOURCE -fno-stack-protector -fomit-frame-pointer -fPIC -O2  -Werror=array-bounds -D_LARGEFILE_SOURCE -D_LARGEFILE64_SOURCE -D_FILE_OFFSET_BITS=64  conftest.c  >&5
cc1: error: -Werror=array-bounds: No option -Warray-bounds
configure:7699: $? = 1
configure: failed program was:
| /* confdefs.h */
| #define PACKAGE_NAME "xlogo"
| #define PACKAGE_TARNAME "xlogo"
| #define PACKAGE_VERSION "1.0.4"
| #define PACKAGE_STRING "xlogo 1.0.4"
| #define PACKAGE_BUGREPORT "https://bugs.freedesktop.org/enter_bug.cgi?product=xorg"
| #define PACKAGE_URL ""
| #define PACKAGE "xlogo"
| #define VERSION "1.0.4"
| #define STDC_HEADERS 1
| #define HAVE_SYS_TYPES_H 1
| #define HAVE_SYS_STAT_H 1
| #define HAVE_STDLIB_H 1
| #define HAVE_STRING_H 1
| #define HAVE_MEMORY_H 1
| #define HAVE_STRINGS_H 1
| #define HAVE_INTTYPES_H 1
| #define HAVE_STDINT_H 1
| #define HAVE_UNISTD_H 1
| /* end confdefs.h.  */
| int i;
| int
| main ()
| {
| 
|   ;
|   return 0;
| }
configure:7712: result: no
configure:7800: checking if /home/simon/GIT/buildroot-k3-current/output/host/usr/bin/arm-none-linux-gnueabi-gcc -std=gnu99 supports-Werror=write-strings
configure:7817: /home/simon/GIT/buildroot-k3-current/output/host/usr/bin/arm-none-linux-gnueabi-gcc -std=gnu99 -o conftest -D_LARGEFILE_SOURCE -D_LARGEFILE64_SOURCE -D_FILE_OFFSET_BITS=64  -pipe -U_FORTIFY_SOURCE -fno-stack-protector -fomit-frame-pointer -fPIC -O2  -Werror=write-strings -D_LARGEFILE_SOURCE -D_LARGEFILE64_SOURCE -D_FILE_OFFSET_BITS=64  conftest.c  >&5
configure:7817: $? = 0
configure:7830: result: yes
configure:7918: checking if /home/simon/GIT/buildroot-k3-current/output/host/usr/bin/arm-none-linux-gnueabi-gcc -std=gnu99 supports-Werror=address
configure:7935: /home/simon/GIT/buildroot-k3-current/output/host/usr/bin/arm-none-linux-gnueabi-gcc -std=gnu99 -o conftest -D_LARGEFILE_SOURCE -D_LARGEFILE64_SOURCE -D_FILE_OFFSET_BITS=64  -pipe -U_FORTIFY_SOURCE -fno-stack-protector -fomit-frame-pointer -fPIC -O2  -Werror=address -D_LARGEFILE_SOURCE -D_LARGEFILE64_SOURCE -D_FILE_OFFSET_BITS=64  conftest.c  >&5
configure:7935: $? = 0
configure:7948: result: yes
configure:8036: checking if /home/simon/GIT/buildroot-k3-current/output/host/usr/bin/arm-none-linux-gnueabi-gcc -std=gnu99 supports-Werror=int-to-pointer-cast
configure:8053: /home/simon/GIT/buildroot-k3-current/output/host/usr/bin/arm-none-linux-gnueabi-gcc -std=gnu99 -o conftest -D_LARGEFILE_SOURCE -D_LARGEFILE64_SOURCE -D_FILE_OFFSET_BITS=64  -pipe -U_FORTIFY_SOURCE -fno-stack-protector -fomit-frame-pointer -fPIC -O2  -Werror=int-to-pointer-cast -D_LARGEFILE_SOURCE -D_LARGEFILE64_SOURCE -D_FILE_OFFSET_BITS=64  conftest.c  >&5
configure:8053: $? = 0
configure:8066: result: yes
configure:8203: checking if /home/simon/GIT/buildroot-k3-current/output/host/usr/bin/arm-none-linux-gnueabi-gcc -std=gnu99 supports-Werror=pointer-to-int-cast
configure:8220: /home/simon/GIT/buildroot-k3-current/output/host/usr/bin/arm-none-linux-gnueabi-gcc -std=gnu99 -o conftest -D_LARGEFILE_SOURCE -D_LARGEFILE64_SOURCE -D_FILE_OFFSET_BITS=64  -pipe -U_FORTIFY_SOURCE -fno-stack-protector -fomit-frame-pointer -fPIC -O2  -Werror=pointer-to-int-cast -D_LARGEFILE_SOURCE -D_LARGEFILE64_SOURCE -D_FILE_OFFSET_BITS=64  conftest.c  >&5
configure:8220: $? = 0
configure:8233: result: yes
configure:9891: checking if /home/simon/GIT/buildroot-k3-current/output/host/usr/bin/arm-none-linux-gnueabi-gcc -std=gnu99 supports-pedantic
configure:9908: /home/simon/GIT/buildroot-k3-current/output/host/usr/bin/arm-none-linux-gnueabi-gcc -std=gnu99 -o conftest -D_LARGEFILE_SOURCE -D_LARGEFILE64_SOURCE -D_FILE_OFFSET_BITS=64  -pipe -U_FORTIFY_SOURCE -fno-stack-protector -fomit-frame-pointer -fPIC -O2  -pedantic -D_LARGEFILE_SOURCE -D_LARGEFILE64_SOURCE -D_FILE_OFFSET_BITS=64  conftest.c  >&5
configure:9908: $? = 0
configure:9921: result: yes
configure:10009: checking if /home/simon/GIT/buildroot-k3-current/output/host/usr/bin/arm-none-linux-gnueabi-gcc -std=gnu99 supports-Werror
configure:10026: /home/simon/GIT/buildroot-k3-current/output/host/usr/bin/arm-none-linux-gnueabi-gcc -std=gnu99 -o conftest -D_LARGEFILE_SOURCE -D_LARGEFILE64_SOURCE -D_FILE_OFFSET_BITS=64  -pipe -U_FORTIFY_SOURCE -fno-stack-protector -fomit-frame-pointer -fPIC -O2  -Werror -D_LARGEFILE_SOURCE -D_LARGEFILE64_SOURCE -D_FILE_OFFSET_BITS=64  conftest.c  >&5
configure:10026: $? = 0
configure:10039: result: yes
configure:10179: checking if /home/simon/GIT/buildroot-k3-current/output/host/usr/bin/arm-none-linux-gnueabi-gcc -std=gnu99 supports-Werror=attributes
configure:10196: /home/simon/GIT/buildroot-k3-current/output/host/usr/bin/arm-none-linux-gnueabi-gcc -std=gnu99 -o conftest -D_LARGEFILE_SOURCE -D_LARGEFILE64_SOURCE -D_FILE_OFFSET_BITS=64  -pipe -U_FORTIFY_SOURCE -fno-stack-protector -fomit-frame-pointer -fPIC -O2  -Werror=attributes -D_LARGEFILE_SOURCE -D_LARGEFILE64_SOURCE -D_FILE_OFFSET_BITS=64  conftest.c  >&5
configure:10196: $? = 0
configure:10209: result: yes
configure:10392: $PKG_CONFIG --exists --print-errors "xrender xft"
configure:10395: $? = 0
configure:10421: checking for XLOGO
configure:10428: $PKG_CONFIG --exists --print-errors "$XLOGO_DEPS"
configure:10431: $? = 0
configure:10444: $PKG_CONFIG --exists --print-errors "$XLOGO_DEPS"
configure:10447: $? = 0
configure:10501: result: yes
configure:10508: checking for APPDEFS
configure:10515: $PKG_CONFIG --exists --print-errors "xt"
configure:10518: $? = 0
configure:10531: $PKG_CONFIG --exists --print-errors "xt"
configure:10534: $? = 0
configure:10588: result: yes
configure:10743: creating ./config.status

## ---------------------- ##
## Running config.status. ##
## ---------------------- ##

This file was extended by xlogo config.status 1.0.4, which was
generated by GNU Autoconf 2.68.  Invocation command line was

  CONFIG_FILES    = 
  CONFIG_HEADERS  = 
  CONFIG_LINKS    = 
  CONFIG_COMMANDS = 
  $ ./config.status 

on dev

config.status:918: creating Makefile
config.status:918: creating man/Makefile
config.status:918: creating config.h
config.status:1147: executing depfiles commands
configure:12070: WARNING: unrecognized options: --disable-gtk-doc, --enable-ipv6, --enable-static, --enable-shared

## ---------------- ##
## Cache variables. ##
## ---------------- ##

ac_cv_build=i686-pc-linux-gnu
ac_cv_c_bigendian=no
ac_cv_c_compiler_gnu=yes
ac_cv_env_APPDEFS_CFLAGS_set=
ac_cv_env_APPDEFS_CFLAGS_value=
ac_cv_env_APPDEFS_LIBS_set=
ac_cv_env_APPDEFS_LIBS_value=
ac_cv_env_CC_set=set
ac_cv_env_CC_value=/home/simon/GIT/buildroot-k3-current/output/host/usr/bin/arm-none-linux-gnueabi-gcc
ac_cv_env_CFLAGS_set=set
ac_cv_env_CFLAGS_value='-D_LARGEFILE_SOURCE -D_LARGEFILE64_SOURCE -D_FILE_OFFSET_BITS=64  -pipe -U_FORTIFY_SOURCE -fno-stack-protector -fomit-frame-pointer -fPIC -O2 '
ac_cv_env_CPPFLAGS_set=set
ac_cv_env_CPPFLAGS_value='-D_LARGEFILE_SOURCE -D_LARGEFILE64_SOURCE -D_FILE_OFFSET_BITS=64'
ac_cv_env_CPP_set=set
ac_cv_env_CPP_value=/home/simon/GIT/buildroot-k3-current/output/host/usr/bin/arm-none-linux-gnueabi-cpp
ac_cv_env_LDFLAGS_set=set
ac_cv_env_LDFLAGS_value=
ac_cv_env_LIBS_set=
ac_cv_env_LIBS_value=
ac_cv_env_PKG_CONFIG_set=set
ac_cv_env_PKG_CONFIG_value=/home/simon/GIT/buildroot-k3-current/output/host/usr/bin/pkg-config
ac_cv_env_XLOGO_CFLAGS_set=
ac_cv_env_XLOGO_CFLAGS_value=
ac_cv_env_XLOGO_LIBS_set=
ac_cv_env_XLOGO_LIBS_value=
ac_cv_env_build_alias_set=set
ac_cv_env_build_alias_value=i686-pc-linux-gnu
ac_cv_env_host_alias_set=set
ac_cv_env_host_alias_value=arm-buildroot-linux-gnueabi
ac_cv_env_target_alias_set=set
ac_cv_env_target_alias_value=arm-buildroot-linux-gnueabi
ac_cv_func_calloc_0_nonnull=yes
ac_cv_func_malloc_0_nonnull=yes
ac_cv_func_memcmp_working=yes
ac_cv_func_mmap_fixed_mapped=yes
ac_cv_func_realloc_0_nonnull=yes
ac_cv_have_decl___INTEL_COMPILER=no
ac_cv_have_decl___SUNPRO_C=no
ac_cv_have_decl___clang__=no
ac_cv_have_decl_malloc=yes
ac_cv_header_inttypes_h=yes
ac_cv_header_memory_h=yes
ac_cv_header_stdc=yes
ac_cv_header_stdint_h=yes
ac_cv_header_stdlib_h=yes
ac_cv_header_string_h=yes
ac_cv_header_strings_h=yes
ac_cv_header_sys_stat_h=yes
ac_cv_header_sys_types_h=yes
ac_cv_header_unistd_h=yes
ac_cv_host=arm-buildroot-linux-gnueabi
ac_cv_lbl_unaligned_fail=yes
ac_cv_objext=o
ac_cv_path_EGREP='/bin/grep -E'
ac_cv_path_GREP=/bin/grep
ac_cv_path_SED=/bin/sed
ac_cv_path_install='/usr/bin/install -c'
ac_cv_path_mkdir=/bin/mkdir
ac_cv_prog_AWK=gawk
ac_cv_prog_CC=/home/simon/GIT/buildroot-k3-current/output/host/usr/bin/arm-none-linux-gnueabi-gcc
ac_cv_prog_CPP=/home/simon/GIT/buildroot-k3-current/output/host/usr/bin/arm-none-linux-gnueabi-cpp
ac_cv_prog_STRIP=/home/simon/GIT/buildroot-k3-current/output/host/usr/bin/arm-none-linux-gnueabi-strip
ac_cv_prog_cc_c89=
ac_cv_prog_cc_c99=-std=gnu99
ac_cv_prog_cc_g=yes
ac_cv_prog_make_make_set=yes
am_cv_CC_dependencies_compiler_type=gcc3
gl_cv_func_malloc_0_nonnull=yes
lt_cv_sys_lib_search_path_spec=
pkg_cv_APPDEFS_CFLAGS='-I/home/simon/GIT/buildroot-k3-current/output/host/usr/arm-buildroot-linux-gnueabi/sysroot/usr/include  '
pkg_cv_APPDEFS_LIBS='-lXt -L/home/simon/GIT/buildroot-k3-current/output/host/usr/arm-buildroot-linux-gnueabi/sysroot/usr/lib -lX11  '
pkg_cv_XLOGO_CFLAGS='-I/home/simon/GIT/buildroot-k3-current/output/host/usr/arm-buildroot-linux-gnueabi/sysroot/usr/include/freetype2 -I/home/simon/GIT/buildroot-k3-current/output/host/usr/arm-buildroot-linux-gnueabi/sysroot/usr/include  '
pkg_cv_XLOGO_LIBS='-lXft -lXrender -lSM -lICE -lXaw7 -lXmu -lXt -lXext -L/home/simon/GIT/buildroot-k3-current/output/host/usr/arm-buildroot-linux-gnueabi/sysroot/usr/lib -lX11  '
xorg_cv_cc_flag__Wall=yes
xorg_cv_cc_flag__Wbad_function_cast=yes
xorg_cv_cc_flag__Wcast_qual=yes
xorg_cv_cc_flag__Wdeclaration_after_statement=yes
xorg_cv_cc_flag__Werror=yes
xorg_cv_cc_flag__Werror_address=yes
xorg_cv_cc_flag__Werror_array_bounds=no
xorg_cv_cc_flag__Werror_attributes=yes
xorg_cv_cc_flag__Werror_implicit=yes
xorg_cv_cc_flag__Werror_init_self=yes
xorg_cv_cc_flag__Werror_int_to_pointer_cast=yes
xorg_cv_cc_flag__Werror_main=yes
xorg_cv_cc_flag__Werror_missing_braces=yes
xorg_cv_cc_flag__Werror_nonnull=yes
xorg_cv_cc_flag__Werror_pointer_to_int_cast=yes
xorg_cv_cc_flag__Werror_return_type=yes
xorg_cv_cc_flag__Werror_sequence_point=yes
xorg_cv_cc_flag__Werror_trigraphs=yes
xorg_cv_cc_flag__Werror_write_strings=yes
xorg_cv_cc_flag__Wformat_2=yes
xorg_cv_cc_flag__Wmissing_declarations=yes
xorg_cv_cc_flag__Wmissing_format_attribute=yes
xorg_cv_cc_flag__Wmissing_noreturn=yes
xorg_cv_cc_flag__Wmissing_prototypes=yes
xorg_cv_cc_flag__Wnested_externs=yes
xorg_cv_cc_flag__Wold_style_definition=yes
xorg_cv_cc_flag__Wpointer_arith=yes
xorg_cv_cc_flag__Wredundant_decls=yes
xorg_cv_cc_flag__Wshadow=yes
xorg_cv_cc_flag__Wstrict_prototypes=yes
xorg_cv_cc_flag__Wuninitialized=yes
xorg_cv_cc_flag__Wunused=yes
xorg_cv_cc_flag__pedantic=yes
xorg_cv_cc_flag_unknown_warning_option=no
xorg_cv_cc_flag_unused_command_line_argument=no

## ----------------- ##
## Output variables. ##
## ----------------- ##

ACLOCAL='${SHELL} /home/simon/GIT/buildroot-k3-current/output/build/xapp_xlogo-1.0.4/missing --run aclocal-1.11'
ADMIN_MAN_DIR='$(mandir)/man$(ADMIN_MAN_SUFFIX)'
ADMIN_MAN_SUFFIX='8'
AMDEPBACKSLASH='\'
AMDEP_FALSE='#'
AMDEP_TRUE=''
AMTAR='${SHELL} /home/simon/GIT/buildroot-k3-current/output/build/xapp_xlogo-1.0.4/missing --run tar'
AM_BACKSLASH='\'
AM_DEFAULT_VERBOSITY='0'
APPDEFS_CFLAGS='-I/home/simon/GIT/buildroot-k3-current/output/host/usr/arm-buildroot-linux-gnueabi/sysroot/usr/include  '
APPDEFS_LIBS='-lXt -L/home/simon/GIT/buildroot-k3-current/output/host/usr/arm-buildroot-linux-gnueabi/sysroot/usr/lib -lX11  '
APP_MAN_DIR='$(mandir)/man$(APP_MAN_SUFFIX)'
APP_MAN_SUFFIX='1'
AUTOCONF='${SHELL} /home/simon/GIT/buildroot-k3-current/output/build/xapp_xlogo-1.0.4/missing --run autoconf'
AUTOHEADER='${SHELL} /home/simon/GIT/buildroot-k3-current/output/build/xapp_xlogo-1.0.4/missing --run autoheader'
AUTOMAKE='${SHELL} /home/simon/GIT/buildroot-k3-current/output/build/xapp_xlogo-1.0.4/missing --run automake-1.11'
AWK='gawk'
BASE_CFLAGS=' -Wall -Wpointer-arith -Wmissing-declarations -Wformat=2 -Wstrict-prototypes -Wmissing-prototypes -Wnested-externs -Wbad-function-cast -Wold-style-definition -Wdeclaration-after-statement -Wunused -Wuninitialized -Wshadow -Wcast-qual -Wmissing-noreturn -Wmissing-format-attribute -Wredundant-decls -Werror=implicit -Werror=nonnull -Werror=init-self -Werror=main -Werror=missing-braces -Werror=sequence-point -Werror=return-type -Werror=trigraphs -Werror=write-strings -Werror=address -Werror=int-to-pointer-cast -Werror=pointer-to-int-cast'
CC='/home/simon/GIT/buildroot-k3-current/output/host/usr/bin/arm-none-linux-gnueabi-gcc -std=gnu99'
CCDEPMODE='depmode=gcc3'
CFLAGS='-D_LARGEFILE_SOURCE -D_LARGEFILE64_SOURCE -D_FILE_OFFSET_BITS=64  -pipe -U_FORTIFY_SOURCE -fno-stack-protector -fomit-frame-pointer -fPIC -O2 '
CHANGELOG_CMD='(GIT_DIR=$(top_srcdir)/.git git log > $(top_srcdir)/.changelog.tmp && mv $(top_srcdir)/.changelog.tmp $(top_srcdir)/ChangeLog) || (rm -f $(top_srcdir)/.changelog.tmp; touch $(top_srcdir)/ChangeLog; echo '\''git directory not found: installing possibly empty changelog.'\'' >&2)'
CPP='/home/simon/GIT/buildroot-k3-current/output/host/usr/bin/arm-none-linux-gnueabi-cpp'
CPPFLAGS='-D_LARGEFILE_SOURCE -D_LARGEFILE64_SOURCE -D_FILE_OFFSET_BITS=64'
CWARNFLAGS=' -Wall -Wpointer-arith -Wmissing-declarations -Wformat=2 -Wstrict-prototypes -Wmissing-prototypes -Wnested-externs -Wbad-function-cast -Wold-style-definition -Wdeclaration-after-statement -Wunused -Wuninitialized -Wshadow -Wcast-qual -Wmissing-noreturn -Wmissing-format-attribute -Wredundant-decls -Werror=implicit -Werror=nonnull -Werror=init-self -Werror=main -Werror=missing-braces -Werror=sequence-point -Werror=return-type -Werror=trigraphs -Werror=write-strings -Werror=address -Werror=int-to-pointer-cast -Werror=pointer-to-int-cast -fno-strict-aliasing'
CYGPATH_W='echo'
DEFS='-DHAVE_CONFIG_H'
DEPDIR='.deps'
DRIVER_MAN_DIR='$(mandir)/man$(DRIVER_MAN_SUFFIX)'
DRIVER_MAN_SUFFIX='4'
ECHO_C=''
ECHO_N='-n'
ECHO_T=''
EGREP='/bin/grep -E'
EXEEXT=''
FILE_MAN_DIR='$(mandir)/man$(FILE_MAN_SUFFIX)'
FILE_MAN_SUFFIX='5'
GREP='/bin/grep'
INSTALL_CMD='(cp -f /usr/share/util-macros/INSTALL $(top_srcdir)/.INSTALL.tmp && mv $(top_srcdir)/.INSTALL.tmp $(top_srcdir)/INSTALL) || (rm -f $(top_srcdir)/.INSTALL.tmp; touch $(top_srcdir)/INSTALL; echo '\''util-macros "pkgdatadir" from xorg-macros.pc not found: installing possibly empty INSTALL.'\'' >&2)'
INSTALL_DATA='${INSTALL} -m 644'
INSTALL_PROGRAM='${INSTALL}'
INSTALL_SCRIPT='${INSTALL}'
INSTALL_STRIP_PROGRAM='$(install_sh) -c -s'
LDFLAGS=''
LIBOBJS=''
LIBS=''
LIB_MAN_DIR='$(mandir)/man$(LIB_MAN_SUFFIX)'
LIB_MAN_SUFFIX='3'
LTLIBOBJS=''
MAINT='#'
MAINTAINER_MODE_FALSE=''
MAINTAINER_MODE_TRUE='#'
MAKEINFO='${SHELL} /home/simon/GIT/buildroot-k3-current/output/build/xapp_xlogo-1.0.4/missing --run makeinfo'
MAN_SUBSTS='	-e '\''s|__vendorversion__|"$(PACKAGE_STRING)" "$(XORG_MAN_PAGE)"|'\'' 	-e '\''s|__xorgversion__|"$(PACKAGE_STRING)" "$(XORG_MAN_PAGE)"|'\'' 	-e '\''s|__xservername__|Xorg|g'\'' 	-e '\''s|__xconfigfile__|xorg.conf|g'\'' 	-e '\''s|__projectroot__|$(prefix)|g'\'' 	-e '\''s|__apploaddir__|$(appdefaultdir)|g'\'' 	-e '\''s|__appmansuffix__|$(APP_MAN_SUFFIX)|g'\'' 	-e '\''s|__drivermansuffix__|$(DRIVER_MAN_SUFFIX)|g'\'' 	-e '\''s|__adminmansuffix__|$(ADMIN_MAN_SUFFIX)|g'\'' 	-e '\''s|__libmansuffix__|$(LIB_MAN_SUFFIX)|g'\'' 	-e '\''s|__miscmansuffix__|$(MISC_MAN_SUFFIX)|g'\'' 	-e '\''s|__filemansuffix__|$(FILE_MAN_SUFFIX)|g'\'''
MISC_MAN_DIR='$(mandir)/man$(MISC_MAN_SUFFIX)'
MISC_MAN_SUFFIX='7'
MKDIR_P='/bin/mkdir -p'
OBJEXT='o'
PACKAGE='xlogo'
PACKAGE_BUGREPORT='https://bugs.freedesktop.org/enter_bug.cgi?product=xorg'
PACKAGE_NAME='xlogo'
PACKAGE_STRING='xlogo 1.0.4'
PACKAGE_TARNAME='xlogo'
PACKAGE_URL=''
PACKAGE_VERSION='1.0.4'
PATH_SEPARATOR=':'
PKG_CONFIG='/home/simon/GIT/buildroot-k3-current/output/host/usr/bin/pkg-config'
SED='/bin/sed'
SET_MAKE=''
SHELL='/bin/sh'
STRICT_CFLAGS=' -pedantic -Werror -Werror=attributes'
STRIP='/home/simon/GIT/buildroot-k3-current/output/host/usr/bin/arm-none-linux-gnueabi-strip'
USE_RENDER_FALSE='#'
USE_RENDER_TRUE=''
VERSION='1.0.4'
XLOGO_CFLAGS='-I/home/simon/GIT/buildroot-k3-current/output/host/usr/arm-buildroot-linux-gnueabi/sysroot/usr/include/freetype2 -I/home/simon/GIT/buildroot-k3-current/output/host/usr/arm-buildroot-linux-gnueabi/sysroot/usr/include  '
XLOGO_LIBS='-lXft -lXrender -lSM -lICE -lXaw7 -lXmu -lXt -lXext -L/home/simon/GIT/buildroot-k3-current/output/host/usr/arm-buildroot-linux-gnueabi/sysroot/usr/lib -lX11  '
XORG_MAN_PAGE='X Version 11'
ac_ct_CC=''
am__EXEEXT_FALSE=''
am__EXEEXT_TRUE='#'
am__fastdepCC_FALSE='#'
am__fastdepCC_TRUE=''
am__include='include'
am__isrc=''
am__leading_dot='.'
am__quote=''
am__tar='${AMTAR} chof - "$$tardir"'
am__untar='${AMTAR} xf -'
appdefaultdir='/usr/share/X11/app-defaults'
bindir='${exec_prefix}/bin'
build='i686-pc-linux-gnu'
build_alias='i686-pc-linux-gnu'
build_cpu='i686'
build_os='linux-gnu'
build_vendor='pc'
datadir='${datarootdir}'
datarootdir='${prefix}/share'
docdir='${datarootdir}/doc/${PACKAGE_TARNAME}'
dvidir='${docdir}'
exec_prefix='/usr'
host='arm-buildroot-linux-gnueabi'
host_alias='arm-buildroot-linux-gnueabi'
host_cpu='arm'
host_os='linux-gnueabi'
host_vendor='buildroot'
htmldir='${docdir}'
includedir='${prefix}/include'
infodir='${datarootdir}/info'
install_sh='${SHELL} /home/simon/GIT/buildroot-k3-current/output/build/xapp_xlogo-1.0.4/install-sh'
libdir='${exec_prefix}/lib'
libexecdir='${exec_prefix}/libexec'
localedir='${datarootdir}/locale'
localstatedir='${prefix}/var'
mandir='${datarootdir}/man'
mkdir_p='/bin/mkdir -p'
oldincludedir='/usr/include'
pdfdir='${docdir}'
prefix='/usr'
program_transform_name='s&^&&'
psdir='${docdir}'
sbindir='${exec_prefix}/sbin'
sharedstatedir='${prefix}/com'
sysconfdir='/etc'
target_alias='arm-buildroot-linux-gnueabi'

## ----------- ##
## confdefs.h. ##
## ----------- ##

/* confdefs.h */
#define PACKAGE_NAME "xlogo"
#define PACKAGE_TARNAME "xlogo"
#define PACKAGE_VERSION "1.0.4"
#define PACKAGE_STRING "xlogo 1.0.4"
#define PACKAGE_BUGREPORT "https://bugs.freedesktop.org/enter_bug.cgi?product=xorg"
#define PACKAGE_URL ""
#define PACKAGE "xlogo"
#define VERSION "1.0.4"
#define STDC_HEADERS 1
#define HAVE_SYS_TYPES_H 1
#define HAVE_SYS_STAT_H 1
#define HAVE_STDLIB_H 1
#define HAVE_STRING_H 1
#define HAVE_MEMORY_H 1
#define HAVE_STRINGS_H 1
#define HAVE_INTTYPES_H 1
#define HAVE_STDINT_H 1
#define HAVE_UNISTD_H 1
#define PACKAGE_VERSION_MAJOR 1
#define PACKAGE_VERSION_MINOR 0
#define PACKAGE_VERSION_PATCHLEVEL 4
#define XRENDER 1

configure: exit 0
