This file contains any messages produced by compilers while
running configure, to aid debugging if configure makes a mistake.

It was created by libffi configure 3.0.10rc0, which was
generated by GNU Autoconf 2.65.  Invocation command line was

  $ /home/simon/GIT/buildroot-k3-current/output/build/host-python-2.7.2/Modules/_ctypes/libffi/configure 

## --------- ##
## Platform. ##
## --------- ##

hostname = dev
uname -m = i686
uname -r = 3.2.0-33-generic
uname -s = Linux
uname -v = #52-Ubuntu SMP Thu Oct 18 16:19:45 UTC 2012

/usr/bin/uname -p = unknown
/bin/uname -X     = unknown

/bin/arch              = unknown
/usr/bin/arch -k       = unknown
/usr/convex/getsysinfo = unknown
/usr/bin/hostinfo      = unknown
/bin/machine           = unknown
/usr/bin/oslevel       = unknown
/bin/universe          = unknown

PATH: /home/simon/GIT/buildroot-k3-current/output/host/bin
PATH: /home/simon/GIT/buildroot-k3-current/output/host/usr/bin
PATH: /home/simon/bin
PATH: /usr/local/sbin
PATH: /usr/local/bin
PATH: /usr/sbin
PATH: /usr/bin
PATH: /sbin
PATH: /bin
PATH: /usr/games


## ----------- ##
## Core tests. ##
## ----------- ##

configure:2596: checking build system type
configure:2610: result: i686-pc-linux-gnu
configure:2630: checking host system type
configure:2643: result: i686-pc-linux-gnu
configure:2663: checking target system type
configure:2676: result: i686-pc-linux-gnu
configure:2723: checking for a BSD-compatible install
configure:2791: result: /usr/bin/install -c
configure:2802: checking whether build environment is sane
configure:2852: result: yes
configure:2993: checking for a thread-safe mkdir -p
configure:3032: result: /bin/mkdir -p
configure:3045: checking for gawk
configure:3061: found /usr/bin/gawk
configure:3072: result: gawk
configure:3083: checking whether make sets $(MAKE)
configure:3105: result: yes
configure:3241: checking for gcc
configure:3268: result: /usr/bin/gcc -pthread
configure:3497: checking for C compiler version
configure:3506: /usr/bin/gcc -pthread --version >&5
gcc (Ubuntu/Linaro 4.6.3-1ubuntu5) 4.6.3
Copyright (C) 2011 Free Software Foundation, Inc.
This is free software; see the source for copying conditions.  There is NO
warranty; not even for MERCHANTABILITY or FITNESS FOR A PARTICULAR PURPOSE.

configure:3517: $? = 0
configure:3506: /usr/bin/gcc -pthread -v >&5
Using built-in specs.
COLLECT_GCC=/usr/bin/gcc
COLLECT_LTO_WRAPPER=/usr/lib/gcc/i686-linux-gnu/4.6/lto-wrapper
Target: i686-linux-gnu
Configured with: ../src/configure -v --with-pkgversion='Ubuntu/Linaro 4.6.3-1ubuntu5' --with-bugurl=file:///usr/share/doc/gcc-4.6/README.Bugs --enable-languages=c,c++,fortran,objc,obj-c++ --prefix=/usr --program-suffix=-4.6 --enable-shared --enable-linker-build-id --with-system-zlib --libexecdir=/usr/lib --without-included-gettext --enable-threads=posix --with-gxx-include-dir=/usr/include/c++/4.6 --libdir=/usr/lib --enable-nls --with-sysroot=/ --enable-clocale=gnu --enable-libstdcxx-debug --enable-libstdcxx-time=yes --enable-gnu-unique-object --enable-plugin --enable-objc-gc --enable-targets=all --disable-werror --with-arch-32=i686 --with-tune=generic --enable-checking=release --build=i686-linux-gnu --host=i686-linux-gnu --target=i686-linux-gnu
Thread model: posix
gcc version 4.6.3 (Ubuntu/Linaro 4.6.3-1ubuntu5) 
configure:3517: $? = 0
configure:3506: /usr/bin/gcc -pthread -V >&5
gcc: error: unrecognized option '-V'
gcc: fatal error: no input files
compilation terminated.
configure:3517: $? = 4
configure:3506: /usr/bin/gcc -pthread -qversion >&5
gcc: error: unrecognized option '-qversion'
gcc: fatal error: no input files
compilation terminated.
configure:3517: $? = 4
configure:3537: checking whether the C compiler works
configure:3559: /usr/bin/gcc -pthread  -I. -IInclude -I./Include -I/home/simon/GIT/buildroot-k3-current/output/host/usr/include  conftest.c  >&5
configure:3563: $? = 0
configure:3612: result: yes
configure:3615: checking for C compiler default output file name
configure:3617: result: a.out
configure:3623: checking for suffix of executables
configure:3630: /usr/bin/gcc -pthread -o conftest  -I. -IInclude -I./Include -I/home/simon/GIT/buildroot-k3-current/output/host/usr/include  conftest.c  >&5
configure:3634: $? = 0
configure:3656: result: 
configure:3678: checking whether we are cross compiling
configure:3686: /usr/bin/gcc -pthread -o conftest  -I. -IInclude -I./Include -I/home/simon/GIT/buildroot-k3-current/output/host/usr/include  conftest.c  >&5
configure:3690: $? = 0
configure:3697: ./conftest
configure:3701: $? = 0
configure:3716: result: no
configure:3721: checking for suffix of object files
configure:3743: /usr/bin/gcc -pthread -c  -I. -IInclude -I./Include -I/home/simon/GIT/buildroot-k3-current/output/host/usr/include conftest.c >&5
configure:3747: $? = 0
configure:3768: result: o
configure:3772: checking whether we are using the GNU C compiler
configure:3791: /usr/bin/gcc -pthread -c  -I. -IInclude -I./Include -I/home/simon/GIT/buildroot-k3-current/output/host/usr/include conftest.c >&5
configure:3791: $? = 0
configure:3800: result: yes
configure:3809: checking whether /usr/bin/gcc -pthread accepts -g
configure:3829: /usr/bin/gcc -pthread -c -g -I. -IInclude -I./Include -I/home/simon/GIT/buildroot-k3-current/output/host/usr/include conftest.c >&5
configure:3829: $? = 0
configure:3870: result: yes
configure:3887: checking for /usr/bin/gcc -pthread option to accept ISO C89
configure:3951: /usr/bin/gcc -pthread  -c  -I. -IInclude -I./Include -I/home/simon/GIT/buildroot-k3-current/output/host/usr/include conftest.c >&5
configure:3951: $? = 0
configure:3964: result: none needed
configure:3995: checking for style of include used by make
configure:4023: result: GNU
configure:4048: checking dependency style of /usr/bin/gcc -pthread
configure:4158: result: gcc3
configure:4187: checking dependency style of /usr/bin/gcc -pthread
configure:4295: result: gcc3
configure:4311: checking whether /usr/bin/gcc -pthread and cc understand -c and -o together
configure:4342: /usr/bin/gcc -pthread -c conftest.c -o conftest2.o >&5
configure:4346: $? = 0
configure:4352: /usr/bin/gcc -pthread -c conftest.c -o conftest2.o >&5
configure:4356: $? = 0
configure:4367: cc -c conftest.c >&5
configure:4371: $? = 0
configure:4379: cc -c conftest.c -o conftest2.o >&5
configure:4383: $? = 0
configure:4389: cc -c conftest.c -o conftest2.o >&5
configure:4393: $? = 0
configure:4411: result: yes
configure:4461: checking for a sed that does not truncate output
configure:4525: result: /bin/sed
configure:4543: checking for grep that handles long lines and -e
configure:4601: result: /bin/grep
configure:4606: checking for egrep
configure:4668: result: /bin/grep -E
configure:4673: checking for fgrep
configure:4735: result: /bin/grep -F
configure:4770: checking for ld used by /usr/bin/gcc -pthread
configure:4837: result: /usr/bin/ld
configure:4844: checking if the linker (/usr/bin/ld) is GNU ld
configure:4859: result: yes
configure:4871: checking for BSD- or MS-compatible name lister (nm)
configure:4920: result: /usr/bin/nm -B
configure:5038: checking the name lister (/usr/bin/nm -B) interface
configure:5045: /usr/bin/gcc -pthread -c  -I. -IInclude -I./Include -I/home/simon/GIT/buildroot-k3-current/output/host/usr/include conftest.c >&5
configure:5048: /usr/bin/nm -B "conftest.o"
configure:5051: output
00000000 B some_variable
configure:5058: result: BSD nm
configure:5061: checking whether ln -s works
configure:5065: result: yes
configure:5073: checking the maximum length of command line arguments
configure:5193: result: 805306365
configure:5210: checking whether the shell understands some XSI constructs
configure:5220: result: yes
configure:5224: checking whether the shell understands "+="
configure:5230: result: yes
configure:5265: checking for /usr/bin/ld option to reload object files
configure:5272: result: -r
configure:5341: checking for objdump
configure:5357: found /usr/bin/objdump
configure:5368: result: objdump
configure:5400: checking how to recognize dependent libraries
configure:5596: result: pass_all
configure:5656: checking for ar
configure:5672: found /usr/bin/ar
configure:5683: result: ar
configure:5761: checking for strip
configure:5777: found /usr/bin/strip
configure:5788: result: strip
configure:5860: checking for ranlib
configure:5876: found /usr/bin/ranlib
configure:5887: result: ranlib
configure:5977: checking command to parse /usr/bin/nm -B output from /usr/bin/gcc -pthread object
configure:6095: /usr/bin/gcc -pthread -c  -I. -IInclude -I./Include -I/home/simon/GIT/buildroot-k3-current/output/host/usr/include conftest.c >&5
configure:6098: $? = 0
configure:6102: /usr/bin/nm -B conftest.o \| sed -n -e 's/^.*[	 ]\([ABCDGIRSTW][ABCDGIRSTW]*\)[	 ][	 ]*\([_A-Za-z][_A-Za-z0-9]*\)$/\1 \2 \2/p' \> conftest.nm
configure:6105: $? = 0
configure:6159: /usr/bin/gcc -pthread -o conftest  -I. -IInclude -I./Include -I/home/simon/GIT/buildroot-k3-current/output/host/usr/include  conftest.c conftstm.o >&5
configure:6162: $? = 0
configure:6200: result: ok
configure:7009: checking how to run the C preprocessor
configure:7040: /usr/bin/gcc -pthread -E -I. -IInclude -I./Include -I/home/simon/GIT/buildroot-k3-current/output/host/usr/include conftest.c
configure:7040: $? = 0
configure:7054: /usr/bin/gcc -pthread -E -I. -IInclude -I./Include -I/home/simon/GIT/buildroot-k3-current/output/host/usr/include conftest.c
conftest.c:11:28: fatal error: ac_nonexistent.h: No such file or directory
compilation terminated.
configure:7054: $? = 1
configure: failed program was:
| /* confdefs.h */
| #define PACKAGE_NAME "libffi"
| #define PACKAGE_TARNAME "libffi"
| #define PACKAGE_VERSION "3.0.10rc0"
| #define PACKAGE_STRING "libffi 3.0.10rc0"
| #define PACKAGE_BUGREPORT "http://gcc.gnu.org/bugs.html"
| #define PACKAGE_URL ""
| #define PACKAGE "libffi"
| #define VERSION "3.0.10rc0"
| /* end confdefs.h.  */
| #include <ac_nonexistent.h>
configure:7079: result: /usr/bin/gcc -pthread -E
configure:7099: /usr/bin/gcc -pthread -E -I. -IInclude -I./Include -I/home/simon/GIT/buildroot-k3-current/output/host/usr/include conftest.c
configure:7099: $? = 0
configure:7113: /usr/bin/gcc -pthread -E -I. -IInclude -I./Include -I/home/simon/GIT/buildroot-k3-current/output/host/usr/include conftest.c
conftest.c:11:28: fatal error: ac_nonexistent.h: No such file or directory
compilation terminated.
configure:7113: $? = 1
configure: failed program was:
| /* confdefs.h */
| #define PACKAGE_NAME "libffi"
| #define PACKAGE_TARNAME "libffi"
| #define PACKAGE_VERSION "3.0.10rc0"
| #define PACKAGE_STRING "libffi 3.0.10rc0"
| #define PACKAGE_BUGREPORT "http://gcc.gnu.org/bugs.html"
| #define PACKAGE_URL ""
| #define PACKAGE "libffi"
| #define VERSION "3.0.10rc0"
| /* end confdefs.h.  */
| #include <ac_nonexistent.h>
configure:7142: checking for ANSI C header files
configure:7162: /usr/bin/gcc -pthread -c  -I. -IInclude -I./Include -I/home/simon/GIT/buildroot-k3-current/output/host/usr/include conftest.c >&5
configure:7162: $? = 0
configure:7235: /usr/bin/gcc -pthread -o conftest  -I. -IInclude -I./Include -I/home/simon/GIT/buildroot-k3-current/output/host/usr/include  conftest.c  >&5
configure:7235: $? = 0
configure:7235: ./conftest
configure:7235: $? = 0
configure:7246: result: yes
configure:7259: checking for sys/types.h
configure:7259: /usr/bin/gcc -pthread -c  -I. -IInclude -I./Include -I/home/simon/GIT/buildroot-k3-current/output/host/usr/include conftest.c >&5
configure:7259: $? = 0
configure:7259: result: yes
configure:7259: checking for sys/stat.h
configure:7259: /usr/bin/gcc -pthread -c  -I. -IInclude -I./Include -I/home/simon/GIT/buildroot-k3-current/output/host/usr/include conftest.c >&5
configure:7259: $? = 0
configure:7259: result: yes
configure:7259: checking for stdlib.h
configure:7259: /usr/bin/gcc -pthread -c  -I. -IInclude -I./Include -I/home/simon/GIT/buildroot-k3-current/output/host/usr/include conftest.c >&5
configure:7259: $? = 0
configure:7259: result: yes
configure:7259: checking for string.h
configure:7259: /usr/bin/gcc -pthread -c  -I. -IInclude -I./Include -I/home/simon/GIT/buildroot-k3-current/output/host/usr/include conftest.c >&5
configure:7259: $? = 0
configure:7259: result: yes
configure:7259: checking for memory.h
configure:7259: /usr/bin/gcc -pthread -c  -I. -IInclude -I./Include -I/home/simon/GIT/buildroot-k3-current/output/host/usr/include conftest.c >&5
configure:7259: $? = 0
configure:7259: result: yes
configure:7259: checking for strings.h
configure:7259: /usr/bin/gcc -pthread -c  -I. -IInclude -I./Include -I/home/simon/GIT/buildroot-k3-current/output/host/usr/include conftest.c >&5
configure:7259: $? = 0
configure:7259: result: yes
configure:7259: checking for inttypes.h
configure:7259: /usr/bin/gcc -pthread -c  -I. -IInclude -I./Include -I/home/simon/GIT/buildroot-k3-current/output/host/usr/include conftest.c >&5
configure:7259: $? = 0
configure:7259: result: yes
configure:7259: checking for stdint.h
configure:7259: /usr/bin/gcc -pthread -c  -I. -IInclude -I./Include -I/home/simon/GIT/buildroot-k3-current/output/host/usr/include conftest.c >&5
configure:7259: $? = 0
configure:7259: result: yes
configure:7259: checking for unistd.h
configure:7259: /usr/bin/gcc -pthread -c  -I. -IInclude -I./Include -I/home/simon/GIT/buildroot-k3-current/output/host/usr/include conftest.c >&5
configure:7259: $? = 0
configure:7259: result: yes
configure:7274: checking for dlfcn.h
configure:7274: /usr/bin/gcc -pthread -c  -I. -IInclude -I./Include -I/home/simon/GIT/buildroot-k3-current/output/host/usr/include conftest.c >&5
configure:7274: $? = 0
configure:7274: result: yes
configure:7458: checking for objdir
configure:7473: result: .libs
configure:7769: checking if /usr/bin/gcc -pthread supports -fno-rtti -fno-exceptions
configure:7787: /usr/bin/gcc -pthread -c  -I. -IInclude -I./Include -I/home/simon/GIT/buildroot-k3-current/output/host/usr/include -fno-rtti -fno-exceptions conftest.c >&5
cc1: warning: command line option '-fno-rtti' is valid for C++/ObjC++ but not for C [enabled by default]
configure:7791: $? = 0
configure:7804: result: no
configure:7824: checking for /usr/bin/gcc -pthread option to produce PIC
configure:8096: result: -fPIC -DPIC
configure:8108: checking if /usr/bin/gcc -pthread PIC flag -fPIC -DPIC works
configure:8126: /usr/bin/gcc -pthread -c  -I. -IInclude -I./Include -I/home/simon/GIT/buildroot-k3-current/output/host/usr/include -fPIC -DPIC -DPIC conftest.c >&5
configure:8130: $? = 0
configure:8143: result: yes
configure:8167: checking if /usr/bin/gcc -pthread static flag -static works
configure:8195: result: yes
configure:8210: checking if /usr/bin/gcc -pthread supports -c -o file.o
configure:8231: /usr/bin/gcc -pthread -c  -I. -IInclude -I./Include -I/home/simon/GIT/buildroot-k3-current/output/host/usr/include -o out/conftest2.o conftest.c >&5
configure:8235: $? = 0
configure:8257: result: yes
configure:8265: checking if /usr/bin/gcc -pthread supports -c -o file.o
configure:8312: result: yes
configure:8345: checking whether the /usr/bin/gcc -pthread linker (/usr/bin/ld) supports shared libraries
configure:9331: result: yes
configure:9368: checking whether -lc should be explicitly linked in
configure:9373: /usr/bin/gcc -pthread -c  -I. -IInclude -I./Include -I/home/simon/GIT/buildroot-k3-current/output/host/usr/include conftest.c >&5
configure:9376: $? = 0
configure:9391: /usr/bin/gcc -pthread -shared conftest.o  -v -Wl,-soname -Wl,conftest -o conftest 2\>\&1 \| /bin/grep  -lc  \>/dev/null 2\>\&1
configure:9394: $? = 0
configure:9406: result: no
configure:9570: checking dynamic linker characteristics
configure:10003: /usr/bin/gcc -pthread -o conftest  -I. -IInclude -I./Include -I/home/simon/GIT/buildroot-k3-current/output/host/usr/include  -Wl,-rpath -Wl,/foo conftest.c  >&5
configure:10003: $? = 0
configure:10224: result: GNU/Linux ld.so
configure:10326: checking how to hardcode library paths into programs
configure:10351: result: immediate
configure:10871: checking whether stripping libraries is possible
configure:10876: result: yes
configure:10911: checking if libtool supports shared libraries
configure:10913: result: yes
configure:10916: checking whether to build shared libraries
configure:10937: result: yes
configure:10940: checking whether to build static libraries
configure:10944: result: yes
configure:10982: checking whether to enable maintainer-specific portions of Makefiles
configure:10991: result: no
configure:11007: checking sys/mman.h usability
configure:11007: /usr/bin/gcc -pthread -c  -I. -IInclude -I./Include -I/home/simon/GIT/buildroot-k3-current/output/host/usr/include conftest.c >&5
configure:11007: $? = 0
configure:11007: result: yes
configure:11007: checking sys/mman.h presence
configure:11007: /usr/bin/gcc -pthread -E -I. -IInclude -I./Include -I/home/simon/GIT/buildroot-k3-current/output/host/usr/include conftest.c
configure:11007: $? = 0
configure:11007: result: yes
configure:11007: checking for sys/mman.h
configure:11007: result: yes
configure:11019: checking for mmap
configure:11019: /usr/bin/gcc -pthread -o conftest  -I. -IInclude -I./Include -I/home/simon/GIT/buildroot-k3-current/output/host/usr/include  conftest.c  >&5
configure:11019: $? = 0
configure:11019: result: yes
configure:11029: checking for sys/mman.h
configure:11029: result: yes
configure:11037: checking for mmap
configure:11037: result: yes
configure:11050: checking whether read-only mmap of a plain file works
configure:11067: result: yes
configure:11069: checking whether mmap from /dev/zero works
configure:11091: result: yes
configure:11095: checking for MAP_ANON(YMOUS)
configure:11118: /usr/bin/gcc -pthread -c  -I. -IInclude -I./Include -I/home/simon/GIT/buildroot-k3-current/output/host/usr/include conftest.c >&5
configure:11118: $? = 0
configure:11125: result: yes
configure:11131: checking whether mmap with MAP_ANON(YMOUS) works
configure:11148: result: yes
configure:11526: checking for ANSI C header files
configure:11630: result: yes
configure:11640: checking for memcpy
configure:11640: /usr/bin/gcc -pthread -o conftest  -I. -IInclude -I./Include -I/home/simon/GIT/buildroot-k3-current/output/host/usr/include  conftest.c  >&5
conftest.c:52:6: warning: conflicting types for built-in function 'memcpy' [enabled by default]
configure:11640: $? = 0
configure:11640: result: yes
configure:11651: checking for working alloca.h
configure:11668: /usr/bin/gcc -pthread -o conftest  -I. -IInclude -I./Include -I/home/simon/GIT/buildroot-k3-current/output/host/usr/include  conftest.c  >&5
configure:11668: $? = 0
configure:11676: result: yes
configure:11684: checking for alloca
configure:11721: /usr/bin/gcc -pthread -o conftest  -I. -IInclude -I./Include -I/home/simon/GIT/buildroot-k3-current/output/host/usr/include  conftest.c  >&5
configure:11721: $? = 0
configure:11729: result: yes
configure:11844: checking size of double
configure:11849: /usr/bin/gcc -pthread -o conftest  -I. -IInclude -I./Include -I/home/simon/GIT/buildroot-k3-current/output/host/usr/include  conftest.c  >&5
configure:11849: $? = 0
configure:11849: ./conftest
configure:11849: $? = 0
configure:11864: result: 8
configure:11878: checking size of long double
configure:11883: /usr/bin/gcc -pthread -o conftest  -I. -IInclude -I./Include -I/home/simon/GIT/buildroot-k3-current/output/host/usr/include  conftest.c  >&5
configure:11883: $? = 0
configure:11883: ./conftest
configure:11883: $? = 0
configure:11898: result: 12
configure:11923: checking whether byte ordering is bigendian
configure:11938: /usr/bin/gcc -pthread -c  -I. -IInclude -I./Include -I/home/simon/GIT/buildroot-k3-current/output/host/usr/include conftest.c >&5
conftest.c:36:9: error: unknown type name 'not'
conftest.c:36:15: error: expected '=', ',', ';', 'asm' or '__attribute__' before 'universal'
conftest.c:36:15: error: unknown type name 'universal'
configure:11938: $? = 1
configure: failed program was:
| /* confdefs.h */
| #define PACKAGE_NAME "libffi"
| #define PACKAGE_TARNAME "libffi"
| #define PACKAGE_VERSION "3.0.10rc0"
| #define PACKAGE_STRING "libffi 3.0.10rc0"
| #define PACKAGE_BUGREPORT "http://gcc.gnu.org/bugs.html"
| #define PACKAGE_URL ""
| #define PACKAGE "libffi"
| #define VERSION "3.0.10rc0"
| #define STDC_HEADERS 1
| #define HAVE_SYS_TYPES_H 1
| #define HAVE_SYS_STAT_H 1
| #define HAVE_STDLIB_H 1
| #define HAVE_STRING_H 1
| #define HAVE_MEMORY_H 1
| #define HAVE_STRINGS_H 1
| #define HAVE_INTTYPES_H 1
| #define HAVE_STDINT_H 1
| #define HAVE_UNISTD_H 1
| #define HAVE_DLFCN_H 1
| #define LT_OBJDIR ".libs/"
| #define HAVE_SYS_MMAN_H 1
| #define HAVE_MMAP 1
| #define HAVE_MMAP_FILE 1
| #define HAVE_MMAP_DEV_ZERO 1
| #define HAVE_MMAP_ANON 1
| #define STDC_HEADERS 1
| #define HAVE_MEMCPY 1
| #define HAVE_ALLOCA_H 1
| #define HAVE_ALLOCA 1
| #define SIZEOF_DOUBLE 8
| #define SIZEOF_LONG_DOUBLE 12
| #define HAVE_LONG_DOUBLE 1
| /* end confdefs.h.  */
| #ifndef __APPLE_CC__
| 	       not a universal capable compiler
| 	     #endif
| 	     typedef int dummy;
| 
configure:11983: /usr/bin/gcc -pthread -c  -I. -IInclude -I./Include -I/home/simon/GIT/buildroot-k3-current/output/host/usr/include conftest.c >&5
configure:11983: $? = 0
configure:12001: /usr/bin/gcc -pthread -c  -I. -IInclude -I./Include -I/home/simon/GIT/buildroot-k3-current/output/host/usr/include conftest.c >&5
conftest.c: In function 'main':
conftest.c:42:4: error: unknown type name 'not'
conftest.c:42:12: error: expected '=', ',', ';', 'asm' or '__attribute__' before 'endian'
configure:12001: $? = 1
configure: failed program was:
| /* confdefs.h */
| #define PACKAGE_NAME "libffi"
| #define PACKAGE_TARNAME "libffi"
| #define PACKAGE_VERSION "3.0.10rc0"
| #define PACKAGE_STRING "libffi 3.0.10rc0"
| #define PACKAGE_BUGREPORT "http://gcc.gnu.org/bugs.html"
| #define PACKAGE_URL ""
| #define PACKAGE "libffi"
| #define VERSION "3.0.10rc0"
| #define STDC_HEADERS 1
| #define HAVE_SYS_TYPES_H 1
| #define HAVE_SYS_STAT_H 1
| #define HAVE_STDLIB_H 1
| #define HAVE_STRING_H 1
| #define HAVE_MEMORY_H 1
| #define HAVE_STRINGS_H 1
| #define HAVE_INTTYPES_H 1
| #define HAVE_STDINT_H 1
| #define HAVE_UNISTD_H 1
| #define HAVE_DLFCN_H 1
| #define LT_OBJDIR ".libs/"
| #define HAVE_SYS_MMAN_H 1
| #define HAVE_MMAP 1
| #define HAVE_MMAP_FILE 1
| #define HAVE_MMAP_DEV_ZERO 1
| #define HAVE_MMAP_ANON 1
| #define STDC_HEADERS 1
| #define HAVE_MEMCPY 1
| #define HAVE_ALLOCA_H 1
| #define HAVE_ALLOCA 1
| #define SIZEOF_DOUBLE 8
| #define SIZEOF_LONG_DOUBLE 12
| #define HAVE_LONG_DOUBLE 1
| /* end confdefs.h.  */
| #include <sys/types.h>
| 		#include <sys/param.h>
| 
| int
| main ()
| {
| #if BYTE_ORDER != BIG_ENDIAN
| 		 not big endian
| 		#endif
| 
|   ;
|   return 0;
| }
configure:12129: result: no
configure:12148: checking assembler .cfi pseudo-op support
configure:12166: /usr/bin/gcc -pthread -c  -I. -IInclude -I./Include -I/home/simon/GIT/buildroot-k3-current/output/host/usr/include conftest.c >&5
configure:12166: $? = 0
configure:12174: result: yes
configure:12259: checking assembler supports pc related relocs
configure:12272: result: yes
configure:12289: checking whether .eh_frame section should be read-only
configure:12308: result: no
configure:12323: checking for __attribute__((visibility("hidden")))
configure:12332: /usr/bin/gcc -pthread -Werror -S conftest.c -o conftest.s 1>&5
configure:12335: $? = 0
configure:12344: result: yes
configure:12673: creating ./config.status

## ---------------------- ##
## Running config.status. ##
## ---------------------- ##

This file was extended by libffi config.status 3.0.10rc0, which was
generated by GNU Autoconf 2.65.  Invocation command line was

  CONFIG_FILES    = 
  CONFIG_HEADERS  = 
  CONFIG_LINKS    = 
  CONFIG_COMMANDS = 
  $ ./config.status 

on dev

config.status:1168: creating include/Makefile
config.status:1168: creating include/ffi.h
config.status:1168: creating Makefile
config.status:1168: creating testsuite/Makefile
config.status:1168: creating man/Makefile
config.status:1168: creating libffi.pc
config.status:1168: creating fficonfig.py
config.status:1168: creating fficonfig.h
config.status:1393: linking /home/simon/GIT/buildroot-k3-current/output/build/host-python-2.7.2/Modules/_ctypes/libffi/src/x86/ffitarget.h to include/ffitarget.h
config.status:1393: linking /home/simon/GIT/buildroot-k3-current/output/build/host-python-2.7.2/Modules/_ctypes/libffi/include/ffi_common.h to include/ffi_common.h
config.status:1412: executing depfiles commands
config.status:1412: executing libtool commands
config.status:1412: executing include commands
config.status:1412: executing src commands

## ---------------- ##
## Cache variables. ##
## ---------------- ##

ac_cv_build=i686-pc-linux-gnu
ac_cv_c_bigendian=no
ac_cv_c_compiler_gnu=yes
ac_cv_decl_map_anon=yes
ac_cv_env_CCASFLAGS_set=
ac_cv_env_CCASFLAGS_value=
ac_cv_env_CCAS_set=
ac_cv_env_CCAS_value=
ac_cv_env_CPPFLAGS_set=set
ac_cv_env_CPPFLAGS_value='-I. -IInclude -I./Include -I/home/simon/GIT/buildroot-k3-current/output/host/usr/include'
ac_cv_env_CPP_set=
ac_cv_env_CPP_value=
ac_cv_env_build_alias_set=
ac_cv_env_build_alias_value=
ac_cv_env_host_alias_set=
ac_cv_env_host_alias_value=
ac_cv_env_target_alias_set=
ac_cv_env_target_alias_value=
ac_cv_func_alloca_works=yes
ac_cv_func_memcpy=yes
ac_cv_func_mmap=yes
ac_cv_func_mmap_anon=yes
ac_cv_func_mmap_dev_zero=yes
ac_cv_func_mmap_file=yes
ac_cv_header_dlfcn_h=yes
ac_cv_header_inttypes_h=yes
ac_cv_header_memory_h=yes
ac_cv_header_stdc=yes
ac_cv_header_stdint_h=yes
ac_cv_header_stdlib_h=yes
ac_cv_header_string_h=yes
ac_cv_header_strings_h=yes
ac_cv_header_sys_mman_h=yes
ac_cv_header_sys_stat_h=yes
ac_cv_header_sys_types_h=yes
ac_cv_header_unistd_h=yes
ac_cv_host=i686-pc-linux-gnu
ac_cv_objext=o
ac_cv_path_EGREP='/bin/grep -E'
ac_cv_path_FGREP='/bin/grep -F'
ac_cv_path_GREP=/bin/grep
ac_cv_path_SED=/bin/sed
ac_cv_path_install='/usr/bin/install -c'
ac_cv_path_mkdir=/bin/mkdir
ac_cv_prog_AWK=gawk
ac_cv_prog_CPP='/usr/bin/gcc -pthread -E'
ac_cv_prog_ac_ct_AR=ar
ac_cv_prog_ac_ct_CC='/usr/bin/gcc -pthread'
ac_cv_prog_ac_ct_OBJDUMP=objdump
ac_cv_prog_ac_ct_RANLIB=ranlib
ac_cv_prog_ac_ct_STRIP=strip
ac_cv_prog_cc__usr_bin_gcc_c_o=yes
ac_cv_prog_cc_c89=
ac_cv_prog_cc_g=yes
ac_cv_prog_make_make_set=yes
ac_cv_sizeof_double=8
ac_cv_sizeof_long_double=12
ac_cv_target=i686-pc-linux-gnu
ac_cv_working_alloca_h=yes
am_cv_CCAS_dependencies_compiler_type=gcc3
am_cv_CC_dependencies_compiler_type=gcc3
libffi_cv_as_cfi_pseudo_op=yes
libffi_cv_as_x86_pcrel=yes
libffi_cv_hidden_visibility_attribute=yes
libffi_cv_ro_eh_frame=no
lt_cv_deplibs_check_method=pass_all
lt_cv_file_magic_cmd='$MAGIC_CMD'
lt_cv_file_magic_test_file=
lt_cv_ld_reload_flag=-r
lt_cv_nm_interface='BSD nm'
lt_cv_objdir=.libs
lt_cv_path_LD=/usr/bin/ld
lt_cv_path_NM='/usr/bin/nm -B'
lt_cv_prog_compiler_c_o=yes
lt_cv_prog_compiler_pic_works=yes
lt_cv_prog_compiler_rtti_exceptions=no
lt_cv_prog_compiler_static_works=yes
lt_cv_prog_gnu_ld=yes
lt_cv_sys_global_symbol_pipe='sed -n -e '\''s/^.*[	 ]\([ABCDGIRSTW][ABCDGIRSTW]*\)[	 ][	 ]*\([_A-Za-z][_A-Za-z0-9]*\)$/\1 \2 \2/p'\'''
lt_cv_sys_global_symbol_to_c_name_address='sed -n -e '\''s/^: \([^ ]*\) $/  {\"\1\", (void *) 0},/p'\'' -e '\''s/^[ABCDGIRSTW]* \([^ ]*\) \([^ ]*\)$/  {"\2", (void *) \&\2},/p'\'''
lt_cv_sys_global_symbol_to_c_name_address_lib_prefix='sed -n -e '\''s/^: \([^ ]*\) $/  {\"\1\", (void *) 0},/p'\'' -e '\''s/^[ABCDGIRSTW]* \([^ ]*\) \(lib[^ ]*\)$/  {"\2", (void *) \&\2},/p'\'' -e '\''s/^[ABCDGIRSTW]* \([^ ]*\) \([^ ]*\)$/  {"lib\2", (void *) \&\2},/p'\'''
lt_cv_sys_global_symbol_to_cdecl='sed -n -e '\''s/^T .* \(.*\)$/extern int \1();/p'\'' -e '\''s/^[ABCDGIRSTW]* .* \(.*\)$/extern char \1;/p'\'''
lt_cv_sys_max_cmd_len=805306365

## ----------------- ##
## Output variables. ##
## ----------------- ##

ACLOCAL='${SHELL} /home/simon/GIT/buildroot-k3-current/output/build/host-python-2.7.2/Modules/_ctypes/libffi/missing --run aclocal-1.11'
ALLOCA=''
ALPHA_FALSE=''
ALPHA_TRUE='#'
AMDEPBACKSLASH='\'
AMDEP_FALSE='#'
AMDEP_TRUE=''
AMTAR='${SHELL} /home/simon/GIT/buildroot-k3-current/output/build/host-python-2.7.2/Modules/_ctypes/libffi/missing --run tar'
AM_LTLDFLAGS=''
AM_RUNTESTFLAGS=''
AR='ar'
ARM_FALSE=''
ARM_TRUE='#'
AUTOCONF='${SHELL} /home/simon/GIT/buildroot-k3-current/output/build/host-python-2.7.2/Modules/_ctypes/libffi/missing --run autoconf'
AUTOHEADER='${SHELL} /home/simon/GIT/buildroot-k3-current/output/build/host-python-2.7.2/Modules/_ctypes/libffi/missing --run autoheader'
AUTOMAKE='${SHELL} /home/simon/GIT/buildroot-k3-current/output/build/host-python-2.7.2/Modules/_ctypes/libffi/missing --run automake-1.11'
AVR32_FALSE=''
AVR32_TRUE='#'
AWK='gawk'
CC='/usr/bin/gcc -pthread'
CCAS='/usr/bin/gcc -pthread'
CCASDEPMODE='depmode=gcc3'
CCASFLAGS=''
CCDEPMODE='depmode=gcc3'
CFLAGS=''
CPP='/usr/bin/gcc -pthread -E'
CPPFLAGS='-I. -IInclude -I./Include -I/home/simon/GIT/buildroot-k3-current/output/host/usr/include'
CYGPATH_W='echo'
DEFS='-DHAVE_CONFIG_H'
DEPDIR='.deps'
DSYMUTIL=''
DUMPBIN=''
ECHO_C=''
ECHO_N='-n'
ECHO_T=''
EGREP='/bin/grep -E'
EXEEXT=''
FGREP='/bin/grep -F'
FRV_FALSE=''
FRV_TRUE='#'
GREP='/bin/grep'
HAVE_LONG_DOUBLE='1'
IA64_FALSE=''
IA64_TRUE='#'
INSTALL_DATA='${INSTALL} -m 644'
INSTALL_PROGRAM='${INSTALL}'
INSTALL_SCRIPT='${INSTALL}'
INSTALL_STRIP_PROGRAM='$(install_sh) -c -s'
LD='/usr/bin/ld'
LDFLAGS=''
LIBFFI_CRIS_FALSE=''
LIBFFI_CRIS_TRUE='#'
LIBOBJS=''
LIBS=''
LIBTOOL='$(SHELL) $(top_builddir)/libtool'
LIPO=''
LN_S='ln -s'
LTLIBOBJS=''
M32R_FALSE=''
M32R_TRUE='#'
M68K_FALSE=''
M68K_TRUE='#'
MAINT='#'
MAINTAINER_MODE_FALSE=''
MAINTAINER_MODE_TRUE='#'
MAKEINFO='${SHELL} /home/simon/GIT/buildroot-k3-current/output/build/host-python-2.7.2/Modules/_ctypes/libffi/missing --run makeinfo'
MIPS_FALSE=''
MIPS_TRUE='#'
MKDIR_P='/bin/mkdir -p'
NM='/usr/bin/nm -B'
NMEDIT=''
OBJDUMP='objdump'
OBJEXT='o'
OTOOL64=''
OTOOL=''
PA64_HPUX_FALSE=''
PA64_HPUX_TRUE='#'
PACKAGE='libffi'
PACKAGE_BUGREPORT='http://gcc.gnu.org/bugs.html'
PACKAGE_NAME='libffi'
PACKAGE_STRING='libffi 3.0.10rc0'
PACKAGE_TARNAME='libffi'
PACKAGE_URL=''
PACKAGE_VERSION='3.0.10rc0'
PATH_SEPARATOR=':'
PA_HPUX_FALSE=''
PA_HPUX_TRUE='#'
PA_LINUX_FALSE=''
PA_LINUX_TRUE='#'
POWERPC_AIX_FALSE=''
POWERPC_AIX_TRUE='#'
POWERPC_DARWIN_FALSE=''
POWERPC_DARWIN_TRUE='#'
POWERPC_FALSE=''
POWERPC_FREEBSD_FALSE=''
POWERPC_FREEBSD_TRUE='#'
POWERPC_TRUE='#'
RANLIB='ranlib'
S390_FALSE=''
S390_TRUE='#'
SED='/bin/sed'
SET_MAKE=''
SH64_FALSE=''
SH64_TRUE='#'
SHELL='/bin/sh'
SH_FALSE=''
SH_TRUE='#'
SPARC_FALSE=''
SPARC_TRUE='#'
STRIP='strip'
TARGET='X86'
TARGETDIR='x86'
TESTSUBDIR_FALSE='#'
TESTSUBDIR_TRUE=''
VERSION='3.0.10rc0'
X86_64_FALSE=''
X86_64_TRUE='#'
X86_DARWIN_FALSE=''
X86_DARWIN_TRUE='#'
X86_FALSE='#'
X86_FREEBSD_FALSE=''
X86_FREEBSD_TRUE='#'
X86_TRUE=''
X86_WIN32_FALSE=''
X86_WIN32_TRUE='#'
X86_WIN64_FALSE=''
X86_WIN64_TRUE='#'
ac_ct_CC='/usr/bin/gcc -pthread'
ac_ct_DUMPBIN=''
am__EXEEXT_FALSE=''
am__EXEEXT_TRUE='#'
am__fastdepCCAS_FALSE='#'
am__fastdepCCAS_TRUE=''
am__fastdepCC_FALSE='#'
am__fastdepCC_TRUE=''
am__include='include'
am__isrc=' -I$(srcdir)'
am__leading_dot='.'
am__quote=''
am__tar='${AMTAR} chof - "$$tardir"'
am__untar='${AMTAR} xf -'
bindir='${exec_prefix}/bin'
build='i686-pc-linux-gnu'
build_alias=''
build_cpu='i686'
build_os='linux-gnu'
build_vendor='pc'
datadir='${datarootdir}'
datarootdir='${prefix}/share'
docdir='${datarootdir}/doc/${PACKAGE_TARNAME}'
dvidir='${docdir}'
exec_prefix='${prefix}'
host='i686-pc-linux-gnu'
host_alias=''
host_cpu='i686'
host_os='linux-gnu'
host_vendor='pc'
htmldir='${docdir}'
includedir='${prefix}/include'
infodir='${datarootdir}/info'
install_sh='${SHELL} /home/simon/GIT/buildroot-k3-current/output/build/host-python-2.7.2/Modules/_ctypes/libffi/install-sh'
libdir='${exec_prefix}/lib'
libexecdir='${exec_prefix}/libexec'
localedir='${datarootdir}/locale'
localstatedir='${prefix}/var'
lt_ECHO='echo'
mandir='${datarootdir}/man'
mkdir_p='/bin/mkdir -p'
oldincludedir='/usr/include'
pdfdir='${docdir}'
prefix='/usr/local'
program_transform_name='s,x,x,'
psdir='${docdir}'
sbindir='${exec_prefix}/sbin'
sharedstatedir='${prefix}/com'
sysconfdir='${prefix}/etc'
target='i686-pc-linux-gnu'
target_alias=''
target_cpu='i686'
target_os='linux-gnu'
target_vendor='pc'
toolexecdir='$(libdir)/gcc-lib/$(target_alias)'
toolexeclibdir='$(libdir)/../lib'

## ----------- ##
## confdefs.h. ##
## ----------- ##

/* confdefs.h */
#define PACKAGE_NAME "libffi"
#define PACKAGE_TARNAME "libffi"
#define PACKAGE_VERSION "3.0.10rc0"
#define PACKAGE_STRING "libffi 3.0.10rc0"
#define PACKAGE_BUGREPORT "http://gcc.gnu.org/bugs.html"
#define PACKAGE_URL ""
#define PACKAGE "libffi"
#define VERSION "3.0.10rc0"
#define STDC_HEADERS 1
#define HAVE_SYS_TYPES_H 1
#define HAVE_SYS_STAT_H 1
#define HAVE_STDLIB_H 1
#define HAVE_STRING_H 1
#define HAVE_MEMORY_H 1
#define HAVE_STRINGS_H 1
#define HAVE_INTTYPES_H 1
#define HAVE_STDINT_H 1
#define HAVE_UNISTD_H 1
#define HAVE_DLFCN_H 1
#define LT_OBJDIR ".libs/"
#define HAVE_SYS_MMAN_H 1
#define HAVE_MMAP 1
#define HAVE_MMAP_FILE 1
#define HAVE_MMAP_DEV_ZERO 1
#define HAVE_MMAP_ANON 1
#define STDC_HEADERS 1
#define HAVE_MEMCPY 1
#define HAVE_ALLOCA_H 1
#define HAVE_ALLOCA 1
#define SIZEOF_DOUBLE 8
#define SIZEOF_LONG_DOUBLE 12
#define HAVE_LONG_DOUBLE 1
#define HAVE_AS_CFI_PSEUDO_OP 1
#define HAVE_AS_X86_PCREL 1
#define EH_FRAME_FLAGS "aw"
#define HAVE_HIDDEN_VISIBILITY_ATTRIBUTE 1

configure: exit 0
