This file contains any messages produced by compilers while
running configure, to aid debugging if configure makes a mistake.

It was created by libXrender configure 0.9.7, which was
generated by GNU Autoconf 2.68.  Invocation command line was

  $ ./configure --target=arm-buildroot-linux-gnueabi --host=arm-buildroot-linux-gnueabi --build=i686-pc-linux-gnu --prefix=/usr --exec-prefix=/usr --sysconfdir=/etc --program-prefix= --disable-gtk-doc --enable-ipv6 --enable-static --enable-shared --disable-malloc0returnsnull

## --------- ##
## Platform. ##
## --------- ##

hostname = dev
uname -m = i686
uname -r = 3.2.0-33-generic
uname -s = Linux
uname -v = #52-Ubuntu SMP Thu Oct 18 16:19:45 UTC 2012

/usr/bin/uname -p = unknown
/bin/uname -X     = unknown

/bin/arch              = unknown
/usr/bin/arch -k       = unknown
/usr/convex/getsysinfo = unknown
/usr/bin/hostinfo      = unknown
/bin/machine           = unknown
/usr/bin/oslevel       = unknown
/bin/universe          = unknown

PATH: /home/simon/GIT/buildroot-k3-current/output/host/bin
PATH: /home/simon/GIT/buildroot-k3-current/output/host/usr/bin
PATH: /home/simon/GIT/buildroot-k3-current/output/host/usr/sbin/
PATH: /home/simon/bin
PATH: /usr/local/sbin
PATH: /usr/local/bin
PATH: /usr/sbin
PATH: /usr/bin
PATH: /sbin
PATH: /bin
PATH: /usr/games


## ----------- ##
## Core tests. ##
## ----------- ##

configure:2238: checking for a BSD-compatible install
configure:2306: result: /usr/bin/install -c
configure:2317: checking whether build environment is sane
configure:2367: result: yes
configure:2416: checking for arm-buildroot-linux-gnueabi-strip
configure:2443: result: /home/simon/GIT/buildroot-k3-current/output/host/usr/bin/arm-none-linux-gnueabi-strip
configure:2508: checking for a thread-safe mkdir -p
configure:2547: result: /bin/mkdir -p
configure:2560: checking for gawk
configure:2576: found /usr/bin/gawk
configure:2587: result: gawk
configure:2598: checking whether make sets $(MAKE)
configure:2620: result: yes
configure:2701: checking whether to enable maintainer-specific portions of Makefiles
configure:2710: result: no
configure:2754: checking build system type
configure:2768: result: i686-pc-linux-gnu
configure:2788: checking host system type
configure:2801: result: arm-buildroot-linux-gnueabi
configure:2842: checking how to print strings
configure:2869: result: printf
configure:2902: checking for style of include used by make
configure:2930: result: GNU
configure:2960: checking for arm-buildroot-linux-gnueabi-gcc
configure:2987: result: /home/simon/GIT/buildroot-k3-current/output/host/usr/bin/arm-none-linux-gnueabi-gcc
configure:3256: checking for C compiler version
configure:3265: /home/simon/GIT/buildroot-k3-current/output/host/usr/bin/arm-none-linux-gnueabi-gcc --version >&5
arm-none-linux-gnueabi-gcc (CodeSourcery Sourcery G++ Lite 2007q3-51) 4.2.1
Copyright (C) 2007 Free Software Foundation, Inc.
This is free software; see the source for copying conditions.  There is NO
warranty; not even for MERCHANTABILITY or FITNESS FOR A PARTICULAR PURPOSE.

configure:3276: $? = 0
configure:3265: /home/simon/GIT/buildroot-k3-current/output/host/usr/bin/arm-none-linux-gnueabi-gcc -v >&5
Using built-in specs.
Target: arm-none-linux-gnueabi
Configured with: /scratch/paul/lite/linux/src/gcc-4.2/configure --build=i686-pc-linux-gnu --host=i686-pc-linux-gnu --target=arm-none-linux-gnueabi --enable-threads --disable-libmudflap --disable-libssp --disable-libgomp --disable-libstdcxx-pch --with-gnu-as --with-gnu-ld --enable-languages=c,c++ --enable-shared --enable-symvers=gnu --enable-__cxa_atexit --with-pkgversion=CodeSourcery Sourcery G++ Lite 2007q3-51 --with-bugurl=https://support.codesourcery.com/GNUToolchain/ --disable-nls --prefix=/opt/codesourcery --with-sysroot=/opt/codesourcery/arm-none-linux-gnueabi/libc --with-build-sysroot=/scratch/paul/lite/linux/install/arm-none-linux-gnueabi/libc --enable-poison-system-directories --with-build-time-tools=/scratch/paul/lite/linux/install/arm-none-linux-gnueabi/bin --with-build-time-tools=/scratch/paul/lite/linux/install/arm-none-linux-gnueabi/bin
Thread model: posix
gcc version 4.2.1 (CodeSourcery Sourcery G++ Lite 2007q3-51)
configure:3276: $? = 0
configure:3265: /home/simon/GIT/buildroot-k3-current/output/host/usr/bin/arm-none-linux-gnueabi-gcc -V >&5
arm-none-linux-gnueabi-gcc: '-V' must come at the start of the command line
configure:3276: $? = 1
configure:3265: /home/simon/GIT/buildroot-k3-current/output/host/usr/bin/arm-none-linux-gnueabi-gcc -qversion >&5
arm-none-linux-gnueabi-gcc: unrecognized option '-qversion'
arm-none-linux-gnueabi-gcc: no input files
configure:3276: $? = 1
configure:3296: checking whether the C compiler works
configure:3318: /home/simon/GIT/buildroot-k3-current/output/host/usr/bin/arm-none-linux-gnueabi-gcc -D_LARGEFILE_SOURCE -D_LARGEFILE64_SOURCE -D_FILE_OFFSET_BITS=64  -pipe -U_FORTIFY_SOURCE -fno-stack-protector -fomit-frame-pointer -fPIC -O2  -D_LARGEFILE_SOURCE -D_LARGEFILE64_SOURCE -D_FILE_OFFSET_BITS=64  conftest.c  >&5
configure:3322: $? = 0
configure:3370: result: yes
configure:3373: checking for C compiler default output file name
configure:3375: result: a.out
configure:3381: checking for suffix of executables
configure:3388: /home/simon/GIT/buildroot-k3-current/output/host/usr/bin/arm-none-linux-gnueabi-gcc -o conftest -D_LARGEFILE_SOURCE -D_LARGEFILE64_SOURCE -D_FILE_OFFSET_BITS=64  -pipe -U_FORTIFY_SOURCE -fno-stack-protector -fomit-frame-pointer -fPIC -O2  -D_LARGEFILE_SOURCE -D_LARGEFILE64_SOURCE -D_FILE_OFFSET_BITS=64  conftest.c  >&5
configure:3392: $? = 0
configure:3414: result: 
configure:3436: checking whether we are cross compiling
configure:3474: result: yes
configure:3479: checking for suffix of object files
configure:3501: /home/simon/GIT/buildroot-k3-current/output/host/usr/bin/arm-none-linux-gnueabi-gcc -c -D_LARGEFILE_SOURCE -D_LARGEFILE64_SOURCE -D_FILE_OFFSET_BITS=64  -pipe -U_FORTIFY_SOURCE -fno-stack-protector -fomit-frame-pointer -fPIC -O2  -D_LARGEFILE_SOURCE -D_LARGEFILE64_SOURCE -D_FILE_OFFSET_BITS=64 conftest.c >&5
configure:3505: $? = 0
configure:3526: result: o
configure:3530: checking whether we are using the GNU C compiler
configure:3549: /home/simon/GIT/buildroot-k3-current/output/host/usr/bin/arm-none-linux-gnueabi-gcc -c -D_LARGEFILE_SOURCE -D_LARGEFILE64_SOURCE -D_FILE_OFFSET_BITS=64  -pipe -U_FORTIFY_SOURCE -fno-stack-protector -fomit-frame-pointer -fPIC -O2  -D_LARGEFILE_SOURCE -D_LARGEFILE64_SOURCE -D_FILE_OFFSET_BITS=64 conftest.c >&5
configure:3549: $? = 0
configure:3558: result: yes
configure:3567: checking whether /home/simon/GIT/buildroot-k3-current/output/host/usr/bin/arm-none-linux-gnueabi-gcc accepts -g
configure:3587: /home/simon/GIT/buildroot-k3-current/output/host/usr/bin/arm-none-linux-gnueabi-gcc -c -g -D_LARGEFILE_SOURCE -D_LARGEFILE64_SOURCE -D_FILE_OFFSET_BITS=64 conftest.c >&5
configure:3587: $? = 0
configure:3628: result: yes
configure:3645: checking for /home/simon/GIT/buildroot-k3-current/output/host/usr/bin/arm-none-linux-gnueabi-gcc option to accept ISO C89
configure:3709: /home/simon/GIT/buildroot-k3-current/output/host/usr/bin/arm-none-linux-gnueabi-gcc  -c -D_LARGEFILE_SOURCE -D_LARGEFILE64_SOURCE -D_FILE_OFFSET_BITS=64  -pipe -U_FORTIFY_SOURCE -fno-stack-protector -fomit-frame-pointer -fPIC -O2  -D_LARGEFILE_SOURCE -D_LARGEFILE64_SOURCE -D_FILE_OFFSET_BITS=64 conftest.c >&5
configure:3709: $? = 0
configure:3722: result: none needed
configure:3744: checking dependency style of /home/simon/GIT/buildroot-k3-current/output/host/usr/bin/arm-none-linux-gnueabi-gcc
configure:3854: result: gcc3
configure:3869: checking for a sed that does not truncate output
configure:3933: result: /bin/sed
configure:3951: checking for grep that handles long lines and -e
configure:4009: result: /bin/grep
configure:4014: checking for egrep
configure:4076: result: /bin/grep -E
configure:4081: checking for fgrep
configure:4143: result: /bin/grep -F
configure:4178: checking for ld used by /home/simon/GIT/buildroot-k3-current/output/host/usr/bin/arm-none-linux-gnueabi-gcc
configure:4245: result: /home/simon/GIT/buildroot-k3-current/output/host/usr/bin/arm-none-linux-gnueabi-ld
configure:4252: checking if the linker (/home/simon/GIT/buildroot-k3-current/output/host/usr/bin/arm-none-linux-gnueabi-ld) is GNU ld
configure:4267: result: yes
configure:4279: checking for BSD- or MS-compatible name lister (nm)
configure:4328: result: /home/simon/GIT/buildroot-k3-current/output/host/usr/bin/arm-none-linux-gnueabi-nm
configure:4458: checking the name lister (/home/simon/GIT/buildroot-k3-current/output/host/usr/bin/arm-none-linux-gnueabi-nm) interface
configure:4465: /home/simon/GIT/buildroot-k3-current/output/host/usr/bin/arm-none-linux-gnueabi-gcc -c -D_LARGEFILE_SOURCE -D_LARGEFILE64_SOURCE -D_FILE_OFFSET_BITS=64  -pipe -U_FORTIFY_SOURCE -fno-stack-protector -fomit-frame-pointer -fPIC -O2  -D_LARGEFILE_SOURCE -D_LARGEFILE64_SOURCE -D_FILE_OFFSET_BITS=64 conftest.c >&5
configure:4468: /home/simon/GIT/buildroot-k3-current/output/host/usr/bin/arm-none-linux-gnueabi-nm "conftest.o"
configure:4471: output
00000000 B some_variable
configure:4478: result: BSD nm
configure:4481: checking whether ln -s works
configure:4485: result: yes
configure:4493: checking the maximum length of command line arguments
configure:4618: result: 805306365
configure:4635: checking whether the shell understands some XSI constructs
configure:4645: result: yes
configure:4649: checking whether the shell understands "+="
configure:4655: result: yes
configure:4690: checking how to convert i686-pc-linux-gnu file names to arm-buildroot-linux-gnueabi format
configure:4730: result: func_convert_file_noop
configure:4737: checking how to convert i686-pc-linux-gnu file names to toolchain format
configure:4757: result: func_convert_file_noop
configure:4764: checking for /home/simon/GIT/buildroot-k3-current/output/host/usr/bin/arm-none-linux-gnueabi-ld option to reload object files
configure:4771: result: -r
configure:4805: checking for arm-buildroot-linux-gnueabi-objdump
configure:4832: result: /home/simon/GIT/buildroot-k3-current/output/host/usr/bin/arm-none-linux-gnueabi-objdump
configure:4904: checking how to recognize dependent libraries
configure:5106: result: pass_all
configure:5151: checking for arm-buildroot-linux-gnueabi-dlltool
configure:5181: result: no
configure:5191: checking for dlltool
configure:5221: result: no
configure:5251: checking how to associate runtime and link libraries
configure:5278: result: printf %s\n
configure:5295: checking for arm-buildroot-linux-gnueabi-ar
configure:5322: result: /home/simon/GIT/buildroot-k3-current/output/host/usr/bin/arm-none-linux-gnueabi-ar
configure:5403: checking for archiver @FILE support
configure:5420: /home/simon/GIT/buildroot-k3-current/output/host/usr/bin/arm-none-linux-gnueabi-gcc -c -D_LARGEFILE_SOURCE -D_LARGEFILE64_SOURCE -D_FILE_OFFSET_BITS=64  -pipe -U_FORTIFY_SOURCE -fno-stack-protector -fomit-frame-pointer -fPIC -O2  -D_LARGEFILE_SOURCE -D_LARGEFILE64_SOURCE -D_FILE_OFFSET_BITS=64 conftest.c >&5
configure:5420: $? = 0
configure:5423: /home/simon/GIT/buildroot-k3-current/output/host/usr/bin/arm-none-linux-gnueabi-ar cru libconftest.a @conftest.lst >&5
configure:5426: $? = 0
configure:5431: /home/simon/GIT/buildroot-k3-current/output/host/usr/bin/arm-none-linux-gnueabi-ar cru libconftest.a @conftest.lst >&5
/home/simon/GIT/buildroot-k3-current/output/host/usr/bin/arm-none-linux-gnueabi-ar: conftest.o: No such file or directory
configure:5434: $? = 1
configure:5446: result: @
configure:5464: checking for arm-buildroot-linux-gnueabi-strip
configure:5491: result: /home/simon/GIT/buildroot-k3-current/output/host/usr/bin/arm-none-linux-gnueabi-strip
configure:5563: checking for arm-buildroot-linux-gnueabi-ranlib
configure:5590: result: /home/simon/GIT/buildroot-k3-current/output/host/usr/bin/arm-none-linux-gnueabi-ranlib
configure:5732: checking command to parse /home/simon/GIT/buildroot-k3-current/output/host/usr/bin/arm-none-linux-gnueabi-nm output from /home/simon/GIT/buildroot-k3-current/output/host/usr/bin/arm-none-linux-gnueabi-gcc object
configure:5851: /home/simon/GIT/buildroot-k3-current/output/host/usr/bin/arm-none-linux-gnueabi-gcc -c -D_LARGEFILE_SOURCE -D_LARGEFILE64_SOURCE -D_FILE_OFFSET_BITS=64  -pipe -U_FORTIFY_SOURCE -fno-stack-protector -fomit-frame-pointer -fPIC -O2  -D_LARGEFILE_SOURCE -D_LARGEFILE64_SOURCE -D_FILE_OFFSET_BITS=64 conftest.c >&5
configure:5854: $? = 0
configure:5858: /home/simon/GIT/buildroot-k3-current/output/host/usr/bin/arm-none-linux-gnueabi-nm conftest.o \| sed -n -e 's/^.*[ ]\([ABCDGIRSTW][ABCDGIRSTW]*\)[ ][ ]*\([_A-Za-z][_A-Za-z0-9]*\)$/\1 \2 \2/p' | sed '/ __gnu_lto/d' \> conftest.nm
configure:5861: $? = 0
configure:5927: /home/simon/GIT/buildroot-k3-current/output/host/usr/bin/arm-none-linux-gnueabi-gcc -o conftest -D_LARGEFILE_SOURCE -D_LARGEFILE64_SOURCE -D_FILE_OFFSET_BITS=64  -pipe -U_FORTIFY_SOURCE -fno-stack-protector -fomit-frame-pointer -fPIC -O2  -D_LARGEFILE_SOURCE -D_LARGEFILE64_SOURCE -D_FILE_OFFSET_BITS=64  conftest.c conftstm.o >&5
configure:5930: $? = 0
configure:5968: result: ok
configure:6005: checking for sysroot
configure:6035: result: no
configure:6238: checking for arm-buildroot-linux-gnueabi-mt
configure:6268: result: no
configure:6278: checking for mt
configure:6294: found /bin/mt
configure:6305: result: mt
configure:6317: WARNING: using cross tools not prefixed with host triplet
configure:6328: checking if mt is a manifest tool
configure:6334: mt '-?'
configure:6342: result: no
configure:6974: checking how to run the C preprocessor
configure:7044: result: /home/simon/GIT/buildroot-k3-current/output/host/usr/bin/arm-none-linux-gnueabi-cpp
configure:7064: /home/simon/GIT/buildroot-k3-current/output/host/usr/bin/arm-none-linux-gnueabi-cpp -D_LARGEFILE_SOURCE -D_LARGEFILE64_SOURCE -D_FILE_OFFSET_BITS=64 conftest.c
configure:7064: $? = 0
configure:7078: /home/simon/GIT/buildroot-k3-current/output/host/usr/bin/arm-none-linux-gnueabi-cpp -D_LARGEFILE_SOURCE -D_LARGEFILE64_SOURCE -D_FILE_OFFSET_BITS=64 conftest.c
conftest.c:11:28: error: ac_nonexistent.h: No such file or directory
configure:7078: $? = 1
configure: failed program was:
| /* confdefs.h */
| #define PACKAGE_NAME "libXrender"
| #define PACKAGE_TARNAME "libXrender"
| #define PACKAGE_VERSION "0.9.7"
| #define PACKAGE_STRING "libXrender 0.9.7"
| #define PACKAGE_BUGREPORT "https://bugs.freedesktop.org/enter_bug.cgi?product=xorg"
| #define PACKAGE_URL ""
| #define PACKAGE "libXrender"
| #define VERSION "0.9.7"
| /* end confdefs.h.  */
| #include <ac_nonexistent.h>
configure:7107: checking for ANSI C header files
configure:7127: /home/simon/GIT/buildroot-k3-current/output/host/usr/bin/arm-none-linux-gnueabi-gcc -c -D_LARGEFILE_SOURCE -D_LARGEFILE64_SOURCE -D_FILE_OFFSET_BITS=64  -pipe -U_FORTIFY_SOURCE -fno-stack-protector -fomit-frame-pointer -fPIC -O2  -D_LARGEFILE_SOURCE -D_LARGEFILE64_SOURCE -D_FILE_OFFSET_BITS=64 conftest.c >&5
configure:7127: $? = 0
configure:7211: result: yes
configure:7224: checking for sys/types.h
configure:7224: /home/simon/GIT/buildroot-k3-current/output/host/usr/bin/arm-none-linux-gnueabi-gcc -c -D_LARGEFILE_SOURCE -D_LARGEFILE64_SOURCE -D_FILE_OFFSET_BITS=64  -pipe -U_FORTIFY_SOURCE -fno-stack-protector -fomit-frame-pointer -fPIC -O2  -D_LARGEFILE_SOURCE -D_LARGEFILE64_SOURCE -D_FILE_OFFSET_BITS=64 conftest.c >&5
configure:7224: $? = 0
configure:7224: result: yes
configure:7224: checking for sys/stat.h
configure:7224: /home/simon/GIT/buildroot-k3-current/output/host/usr/bin/arm-none-linux-gnueabi-gcc -c -D_LARGEFILE_SOURCE -D_LARGEFILE64_SOURCE -D_FILE_OFFSET_BITS=64  -pipe -U_FORTIFY_SOURCE -fno-stack-protector -fomit-frame-pointer -fPIC -O2  -D_LARGEFILE_SOURCE -D_LARGEFILE64_SOURCE -D_FILE_OFFSET_BITS=64 conftest.c >&5
configure:7224: $? = 0
configure:7224: result: yes
configure:7224: checking for stdlib.h
configure:7224: /home/simon/GIT/buildroot-k3-current/output/host/usr/bin/arm-none-linux-gnueabi-gcc -c -D_LARGEFILE_SOURCE -D_LARGEFILE64_SOURCE -D_FILE_OFFSET_BITS=64  -pipe -U_FORTIFY_SOURCE -fno-stack-protector -fomit-frame-pointer -fPIC -O2  -D_LARGEFILE_SOURCE -D_LARGEFILE64_SOURCE -D_FILE_OFFSET_BITS=64 conftest.c >&5
configure:7224: $? = 0
configure:7224: result: yes
configure:7224: checking for string.h
configure:7224: /home/simon/GIT/buildroot-k3-current/output/host/usr/bin/arm-none-linux-gnueabi-gcc -c -D_LARGEFILE_SOURCE -D_LARGEFILE64_SOURCE -D_FILE_OFFSET_BITS=64  -pipe -U_FORTIFY_SOURCE -fno-stack-protector -fomit-frame-pointer -fPIC -O2  -D_LARGEFILE_SOURCE -D_LARGEFILE64_SOURCE -D_FILE_OFFSET_BITS=64 conftest.c >&5
configure:7224: $? = 0
configure:7224: result: yes
configure:7224: checking for memory.h
configure:7224: /home/simon/GIT/buildroot-k3-current/output/host/usr/bin/arm-none-linux-gnueabi-gcc -c -D_LARGEFILE_SOURCE -D_LARGEFILE64_SOURCE -D_FILE_OFFSET_BITS=64  -pipe -U_FORTIFY_SOURCE -fno-stack-protector -fomit-frame-pointer -fPIC -O2  -D_LARGEFILE_SOURCE -D_LARGEFILE64_SOURCE -D_FILE_OFFSET_BITS=64 conftest.c >&5
configure:7224: $? = 0
configure:7224: result: yes
configure:7224: checking for strings.h
configure:7224: /home/simon/GIT/buildroot-k3-current/output/host/usr/bin/arm-none-linux-gnueabi-gcc -c -D_LARGEFILE_SOURCE -D_LARGEFILE64_SOURCE -D_FILE_OFFSET_BITS=64  -pipe -U_FORTIFY_SOURCE -fno-stack-protector -fomit-frame-pointer -fPIC -O2  -D_LARGEFILE_SOURCE -D_LARGEFILE64_SOURCE -D_FILE_OFFSET_BITS=64 conftest.c >&5
configure:7224: $? = 0
configure:7224: result: yes
configure:7224: checking for inttypes.h
configure:7224: /home/simon/GIT/buildroot-k3-current/output/host/usr/bin/arm-none-linux-gnueabi-gcc -c -D_LARGEFILE_SOURCE -D_LARGEFILE64_SOURCE -D_FILE_OFFSET_BITS=64  -pipe -U_FORTIFY_SOURCE -fno-stack-protector -fomit-frame-pointer -fPIC -O2  -D_LARGEFILE_SOURCE -D_LARGEFILE64_SOURCE -D_FILE_OFFSET_BITS=64 conftest.c >&5
configure:7224: $? = 0
configure:7224: result: yes
configure:7224: checking for stdint.h
configure:7224: /home/simon/GIT/buildroot-k3-current/output/host/usr/bin/arm-none-linux-gnueabi-gcc -c -D_LARGEFILE_SOURCE -D_LARGEFILE64_SOURCE -D_FILE_OFFSET_BITS=64  -pipe -U_FORTIFY_SOURCE -fno-stack-protector -fomit-frame-pointer -fPIC -O2  -D_LARGEFILE_SOURCE -D_LARGEFILE64_SOURCE -D_FILE_OFFSET_BITS=64 conftest.c >&5
configure:7224: $? = 0
configure:7224: result: yes
configure:7224: checking for unistd.h
configure:7224: /home/simon/GIT/buildroot-k3-current/output/host/usr/bin/arm-none-linux-gnueabi-gcc -c -D_LARGEFILE_SOURCE -D_LARGEFILE64_SOURCE -D_FILE_OFFSET_BITS=64  -pipe -U_FORTIFY_SOURCE -fno-stack-protector -fomit-frame-pointer -fPIC -O2  -D_LARGEFILE_SOURCE -D_LARGEFILE64_SOURCE -D_FILE_OFFSET_BITS=64 conftest.c >&5
configure:7224: $? = 0
configure:7224: result: yes
configure:7238: checking for dlfcn.h
configure:7238: /home/simon/GIT/buildroot-k3-current/output/host/usr/bin/arm-none-linux-gnueabi-gcc -c -D_LARGEFILE_SOURCE -D_LARGEFILE64_SOURCE -D_FILE_OFFSET_BITS=64  -pipe -U_FORTIFY_SOURCE -fno-stack-protector -fomit-frame-pointer -fPIC -O2  -D_LARGEFILE_SOURCE -D_LARGEFILE64_SOURCE -D_FILE_OFFSET_BITS=64 conftest.c >&5
configure:7238: $? = 0
configure:7238: result: yes
configure:7425: checking for objdir
configure:7440: result: .libs
configure:7707: checking if /home/simon/GIT/buildroot-k3-current/output/host/usr/bin/arm-none-linux-gnueabi-gcc supports -fno-rtti -fno-exceptions
configure:7725: /home/simon/GIT/buildroot-k3-current/output/host/usr/bin/arm-none-linux-gnueabi-gcc -c -D_LARGEFILE_SOURCE -D_LARGEFILE64_SOURCE -D_FILE_OFFSET_BITS=64  -pipe -U_FORTIFY_SOURCE -fno-stack-protector -fomit-frame-pointer -fPIC -O2  -D_LARGEFILE_SOURCE -D_LARGEFILE64_SOURCE -D_FILE_OFFSET_BITS=64 -fno-rtti -fno-exceptions conftest.c >&5
cc1: warning: command line option "-fno-rtti" is valid for C++/ObjC++ but not for C
configure:7729: $? = 0
configure:7742: result: no
configure:8052: checking for /home/simon/GIT/buildroot-k3-current/output/host/usr/bin/arm-none-linux-gnueabi-gcc option to produce PIC
configure:8059: result: -fPIC -DPIC
configure:8067: checking if /home/simon/GIT/buildroot-k3-current/output/host/usr/bin/arm-none-linux-gnueabi-gcc PIC flag -fPIC -DPIC works
configure:8085: /home/simon/GIT/buildroot-k3-current/output/host/usr/bin/arm-none-linux-gnueabi-gcc -c -D_LARGEFILE_SOURCE -D_LARGEFILE64_SOURCE -D_FILE_OFFSET_BITS=64  -pipe -U_FORTIFY_SOURCE -fno-stack-protector -fomit-frame-pointer -fPIC -O2  -D_LARGEFILE_SOURCE -D_LARGEFILE64_SOURCE -D_FILE_OFFSET_BITS=64 -fPIC -DPIC -DPIC conftest.c >&5
configure:8089: $? = 0
configure:8102: result: yes
configure:8131: checking if /home/simon/GIT/buildroot-k3-current/output/host/usr/bin/arm-none-linux-gnueabi-gcc static flag -static works
configure:8159: result: yes
configure:8174: checking if /home/simon/GIT/buildroot-k3-current/output/host/usr/bin/arm-none-linux-gnueabi-gcc supports -c -o file.o
configure:8195: /home/simon/GIT/buildroot-k3-current/output/host/usr/bin/arm-none-linux-gnueabi-gcc -c -D_LARGEFILE_SOURCE -D_LARGEFILE64_SOURCE -D_FILE_OFFSET_BITS=64  -pipe -U_FORTIFY_SOURCE -fno-stack-protector -fomit-frame-pointer -fPIC -O2  -D_LARGEFILE_SOURCE -D_LARGEFILE64_SOURCE -D_FILE_OFFSET_BITS=64 -o out/conftest2.o conftest.c >&5
configure:8199: $? = 0
configure:8221: result: yes
configure:8229: checking if /home/simon/GIT/buildroot-k3-current/output/host/usr/bin/arm-none-linux-gnueabi-gcc supports -c -o file.o
configure:8276: result: yes
configure:8309: checking whether the /home/simon/GIT/buildroot-k3-current/output/host/usr/bin/arm-none-linux-gnueabi-gcc linker (/home/simon/GIT/buildroot-k3-current/output/host/usr/bin/arm-none-linux-gnueabi-ld) supports shared libraries
configure:9467: result: yes
configure:9504: checking whether -lc should be explicitly linked in
configure:9512: /home/simon/GIT/buildroot-k3-current/output/host/usr/bin/arm-none-linux-gnueabi-gcc -c -D_LARGEFILE_SOURCE -D_LARGEFILE64_SOURCE -D_FILE_OFFSET_BITS=64  -pipe -U_FORTIFY_SOURCE -fno-stack-protector -fomit-frame-pointer -fPIC -O2  -D_LARGEFILE_SOURCE -D_LARGEFILE64_SOURCE -D_FILE_OFFSET_BITS=64 conftest.c >&5
configure:9515: $? = 0
configure:9530: /home/simon/GIT/buildroot-k3-current/output/host/usr/bin/arm-none-linux-gnueabi-gcc -shared  -fPIC -DPIC conftest.o  -v -Wl,-soname -Wl,conftest -o conftest 2\>\&1 \| /bin/grep  -lc  \>/dev/null 2\>\&1
configure:9533: $? = 0
configure:9547: result: no
configure:9712: checking dynamic linker characteristics
configure:10226: /home/simon/GIT/buildroot-k3-current/output/host/usr/bin/arm-none-linux-gnueabi-gcc -o conftest -D_LARGEFILE_SOURCE -D_LARGEFILE64_SOURCE -D_FILE_OFFSET_BITS=64  -pipe -U_FORTIFY_SOURCE -fno-stack-protector -fomit-frame-pointer -fPIC -O2  -D_LARGEFILE_SOURCE -D_LARGEFILE64_SOURCE -D_FILE_OFFSET_BITS=64  -Wl,-rpath -Wl,/foo conftest.c  >&5
configure:10226: $? = 0
configure:10448: result: GNU/Linux ld.so
configure:10555: checking how to hardcode library paths into programs
configure:10580: result: immediate
configure:11120: checking whether stripping libraries is possible
configure:11125: result: yes
configure:11160: checking if libtool supports shared libraries
configure:11162: result: yes
configure:11165: checking whether to build shared libraries
configure:11186: result: yes
configure:11189: checking whether to build static libraries
configure:11193: result: yes
configure:11241: checking for /home/simon/GIT/buildroot-k3-current/output/host/usr/bin/arm-none-linux-gnueabi-gcc option to accept ISO C99
configure:11390: /home/simon/GIT/buildroot-k3-current/output/host/usr/bin/arm-none-linux-gnueabi-gcc  -c -D_LARGEFILE_SOURCE -D_LARGEFILE64_SOURCE -D_FILE_OFFSET_BITS=64  -pipe -U_FORTIFY_SOURCE -fno-stack-protector -fomit-frame-pointer -fPIC -O2  -D_LARGEFILE_SOURCE -D_LARGEFILE64_SOURCE -D_FILE_OFFSET_BITS=64 conftest.c >&5
conftest.c:73: error: expected ';', ',' or ')' before 'text'
conftest.c: In function 'main':
conftest.c:127: error: expected '=', ',', ';', 'asm' or '__attribute__' before 'newvar'
conftest.c:127: error: 'newvar' undeclared (first use in this function)
conftest.c:127: error: (Each undeclared identifier is reported only once
conftest.c:127: error: for each function it appears in.)
conftest.c:137: error: 'for' loop initial declaration used outside C99 mode
configure:11390: $? = 1
configure: failed program was:
| /* confdefs.h */
| #define PACKAGE_NAME "libXrender"
| #define PACKAGE_TARNAME "libXrender"
| #define PACKAGE_VERSION "0.9.7"
| #define PACKAGE_STRING "libXrender 0.9.7"
| #define PACKAGE_BUGREPORT "https://bugs.freedesktop.org/enter_bug.cgi?product=xorg"
| #define PACKAGE_URL ""
| #define PACKAGE "libXrender"
| #define VERSION "0.9.7"
| #define STDC_HEADERS 1
| #define HAVE_SYS_TYPES_H 1
| #define HAVE_SYS_STAT_H 1
| #define HAVE_STDLIB_H 1
| #define HAVE_STRING_H 1
| #define HAVE_MEMORY_H 1
| #define HAVE_STRINGS_H 1
| #define HAVE_INTTYPES_H 1
| #define HAVE_STDINT_H 1
| #define HAVE_UNISTD_H 1
| #define HAVE_DLFCN_H 1
| #define LT_OBJDIR ".libs/"
| /* end confdefs.h.  */
| #include <stdarg.h>
| #include <stdbool.h>
| #include <stdlib.h>
| #include <wchar.h>
| #include <stdio.h>
| 
| // Check varargs macros.  These examples are taken from C99 6.10.3.5.
| #define debug(...) fprintf (stderr, __VA_ARGS__)
| #define showlist(...) puts (#__VA_ARGS__)
| #define report(test,...) ((test) ? puts (#test) : printf (__VA_ARGS__))
| static void
| test_varargs_macros (void)
| {
|   int x = 1234;
|   int y = 5678;
|   debug ("Flag");
|   debug ("X = %d\n", x);
|   showlist (The first, second, and third items.);
|   report (x>y, "x is %d but y is %d", x, y);
| }
| 
| // Check long long types.
| #define BIG64 18446744073709551615ull
| #define BIG32 4294967295ul
| #define BIG_OK (BIG64 / BIG32 == 4294967297ull && BIG64 % BIG32 == 0)
| #if !BIG_OK
|   your preprocessor is broken;
| #endif
| #if BIG_OK
| #else
|   your preprocessor is broken;
| #endif
| static long long int bignum = -9223372036854775807LL;
| static unsigned long long int ubignum = BIG64;
| 
| struct incomplete_array
| {
|   int datasize;
|   double data[];
| };
| 
| struct named_init {
|   int number;
|   const wchar_t *name;
|   double average;
| };
| 
| typedef const char *ccp;
| 
| static inline int
| test_restrict (ccp restrict text)
| {
|   // See if C++-style comments work.
|   // Iterate through items via the restricted pointer.
|   // Also check for declarations in for loops.
|   for (unsigned int i = 0; *(text+i) != '\0'; ++i)
|     continue;
|   return 0;
| }
| 
| // Check varargs and va_copy.
| static void
| test_varargs (const char *format, ...)
| {
|   va_list args;
|   va_start (args, format);
|   va_list args_copy;
|   va_copy (args_copy, args);
| 
|   const char *str;
|   int number;
|   float fnumber;
| 
|   while (*format)
|     {
|       switch (*format++)
| 	{
| 	case 's': // string
| 	  str = va_arg (args_copy, const char *);
| 	  break;
| 	case 'd': // int
| 	  number = va_arg (args_copy, int);
| 	  break;
| 	case 'f': // float
| 	  fnumber = va_arg (args_copy, double);
| 	  break;
| 	default:
| 	  break;
| 	}
|     }
|   va_end (args_copy);
|   va_end (args);
| }
| 
| int
| main ()
| {
| 
|   // Check bool.
|   _Bool success = false;
| 
|   // Check restrict.
|   if (test_restrict ("String literal") == 0)
|     success = true;
|   char *restrict newvar = "Another string";
| 
|   // Check varargs.
|   test_varargs ("s, d' f .", "string", 65, 34.234);
|   test_varargs_macros ();
| 
|   // Check flexible array members.
|   struct incomplete_array *ia =
|     malloc (sizeof (struct incomplete_array) + (sizeof (double) * 10));
|   ia->datasize = 10;
|   for (int i = 0; i < ia->datasize; ++i)
|     ia->data[i] = i * 1.234;
| 
|   // Check named initializers.
|   struct named_init ni = {
|     .number = 34,
|     .name = L"Test wide string",
|     .average = 543.34343,
|   };
| 
|   ni.number = 58;
| 
|   int dynamic_array[ni.number];
|   dynamic_array[ni.number - 1] = 543;
| 
|   // work around unused variable warnings
|   return (!success || bignum == 0LL || ubignum == 0uLL || newvar[0] == 'x'
| 	  || dynamic_array[ni.number - 1] != 543);
| 
|   ;
|   return 0;
| }
configure:11390: /home/simon/GIT/buildroot-k3-current/output/host/usr/bin/arm-none-linux-gnueabi-gcc -std=gnu99 -c -D_LARGEFILE_SOURCE -D_LARGEFILE64_SOURCE -D_FILE_OFFSET_BITS=64  -pipe -U_FORTIFY_SOURCE -fno-stack-protector -fomit-frame-pointer -fPIC -O2  -D_LARGEFILE_SOURCE -D_LARGEFILE64_SOURCE -D_FILE_OFFSET_BITS=64 conftest.c >&5
configure:11390: $? = 0
configure:11410: result: -std=gnu99
configure:11422: checking whether __clang__ is declared
configure:11422: /home/simon/GIT/buildroot-k3-current/output/host/usr/bin/arm-none-linux-gnueabi-gcc -std=gnu99 -c -D_LARGEFILE_SOURCE -D_LARGEFILE64_SOURCE -D_FILE_OFFSET_BITS=64  -pipe -U_FORTIFY_SOURCE -fno-stack-protector -fomit-frame-pointer -fPIC -O2  -D_LARGEFILE_SOURCE -D_LARGEFILE64_SOURCE -D_FILE_OFFSET_BITS=64 conftest.c >&5
conftest.c: In function 'main':
conftest.c:63: error: '__clang__' undeclared (first use in this function)
conftest.c:63: error: (Each undeclared identifier is reported only once
conftest.c:63: error: for each function it appears in.)
configure:11422: $? = 1
configure: failed program was:
| /* confdefs.h */
| #define PACKAGE_NAME "libXrender"
| #define PACKAGE_TARNAME "libXrender"
| #define PACKAGE_VERSION "0.9.7"
| #define PACKAGE_STRING "libXrender 0.9.7"
| #define PACKAGE_BUGREPORT "https://bugs.freedesktop.org/enter_bug.cgi?product=xorg"
| #define PACKAGE_URL ""
| #define PACKAGE "libXrender"
| #define VERSION "0.9.7"
| #define STDC_HEADERS 1
| #define HAVE_SYS_TYPES_H 1
| #define HAVE_SYS_STAT_H 1
| #define HAVE_STDLIB_H 1
| #define HAVE_STRING_H 1
| #define HAVE_MEMORY_H 1
| #define HAVE_STRINGS_H 1
| #define HAVE_INTTYPES_H 1
| #define HAVE_STDINT_H 1
| #define HAVE_UNISTD_H 1
| #define HAVE_DLFCN_H 1
| #define LT_OBJDIR ".libs/"
| /* end confdefs.h.  */
| #include <stdio.h>
| #ifdef HAVE_SYS_TYPES_H
| # include <sys/types.h>
| #endif
| #ifdef HAVE_SYS_STAT_H
| # include <sys/stat.h>
| #endif
| #ifdef STDC_HEADERS
| # include <stdlib.h>
| # include <stddef.h>
| #else
| # ifdef HAVE_STDLIB_H
| #  include <stdlib.h>
| # endif
| #endif
| #ifdef HAVE_STRING_H
| # if !defined STDC_HEADERS && defined HAVE_MEMORY_H
| #  include <memory.h>
| # endif
| # include <string.h>
| #endif
| #ifdef HAVE_STRINGS_H
| # include <strings.h>
| #endif
| #ifdef HAVE_INTTYPES_H
| # include <inttypes.h>
| #endif
| #ifdef HAVE_STDINT_H
| # include <stdint.h>
| #endif
| #ifdef HAVE_UNISTD_H
| # include <unistd.h>
| #endif
| int
| main ()
| {
| #ifndef __clang__
| #ifdef __cplusplus
|   (void) __clang__;
| #else
|   (void) __clang__;
| #endif
| #endif
| 
|   ;
|   return 0;
| }
configure:11422: result: no
configure:11429: checking whether __INTEL_COMPILER is declared
configure:11429: /home/simon/GIT/buildroot-k3-current/output/host/usr/bin/arm-none-linux-gnueabi-gcc -std=gnu99 -c -D_LARGEFILE_SOURCE -D_LARGEFILE64_SOURCE -D_FILE_OFFSET_BITS=64  -pipe -U_FORTIFY_SOURCE -fno-stack-protector -fomit-frame-pointer -fPIC -O2  -D_LARGEFILE_SOURCE -D_LARGEFILE64_SOURCE -D_FILE_OFFSET_BITS=64 conftest.c >&5
conftest.c: In function 'main':
conftest.c:63: error: '__INTEL_COMPILER' undeclared (first use in this function)
conftest.c:63: error: (Each undeclared identifier is reported only once
conftest.c:63: error: for each function it appears in.)
configure:11429: $? = 1
configure: failed program was:
| /* confdefs.h */
| #define PACKAGE_NAME "libXrender"
| #define PACKAGE_TARNAME "libXrender"
| #define PACKAGE_VERSION "0.9.7"
| #define PACKAGE_STRING "libXrender 0.9.7"
| #define PACKAGE_BUGREPORT "https://bugs.freedesktop.org/enter_bug.cgi?product=xorg"
| #define PACKAGE_URL ""
| #define PACKAGE "libXrender"
| #define VERSION "0.9.7"
| #define STDC_HEADERS 1
| #define HAVE_SYS_TYPES_H 1
| #define HAVE_SYS_STAT_H 1
| #define HAVE_STDLIB_H 1
| #define HAVE_STRING_H 1
| #define HAVE_MEMORY_H 1
| #define HAVE_STRINGS_H 1
| #define HAVE_INTTYPES_H 1
| #define HAVE_STDINT_H 1
| #define HAVE_UNISTD_H 1
| #define HAVE_DLFCN_H 1
| #define LT_OBJDIR ".libs/"
| /* end confdefs.h.  */
| #include <stdio.h>
| #ifdef HAVE_SYS_TYPES_H
| # include <sys/types.h>
| #endif
| #ifdef HAVE_SYS_STAT_H
| # include <sys/stat.h>
| #endif
| #ifdef STDC_HEADERS
| # include <stdlib.h>
| # include <stddef.h>
| #else
| # ifdef HAVE_STDLIB_H
| #  include <stdlib.h>
| # endif
| #endif
| #ifdef HAVE_STRING_H
| # if !defined STDC_HEADERS && defined HAVE_MEMORY_H
| #  include <memory.h>
| # endif
| # include <string.h>
| #endif
| #ifdef HAVE_STRINGS_H
| # include <strings.h>
| #endif
| #ifdef HAVE_INTTYPES_H
| # include <inttypes.h>
| #endif
| #ifdef HAVE_STDINT_H
| # include <stdint.h>
| #endif
| #ifdef HAVE_UNISTD_H
| # include <unistd.h>
| #endif
| int
| main ()
| {
| #ifndef __INTEL_COMPILER
| #ifdef __cplusplus
|   (void) __INTEL_COMPILER;
| #else
|   (void) __INTEL_COMPILER;
| #endif
| #endif
| 
|   ;
|   return 0;
| }
configure:11429: result: no
configure:11436: checking whether __SUNPRO_C is declared
configure:11436: /home/simon/GIT/buildroot-k3-current/output/host/usr/bin/arm-none-linux-gnueabi-gcc -std=gnu99 -c -D_LARGEFILE_SOURCE -D_LARGEFILE64_SOURCE -D_FILE_OFFSET_BITS=64  -pipe -U_FORTIFY_SOURCE -fno-stack-protector -fomit-frame-pointer -fPIC -O2  -D_LARGEFILE_SOURCE -D_LARGEFILE64_SOURCE -D_FILE_OFFSET_BITS=64 conftest.c >&5
conftest.c: In function 'main':
conftest.c:63: error: '__SUNPRO_C' undeclared (first use in this function)
conftest.c:63: error: (Each undeclared identifier is reported only once
conftest.c:63: error: for each function it appears in.)
configure:11436: $? = 1
configure: failed program was:
| /* confdefs.h */
| #define PACKAGE_NAME "libXrender"
| #define PACKAGE_TARNAME "libXrender"
| #define PACKAGE_VERSION "0.9.7"
| #define PACKAGE_STRING "libXrender 0.9.7"
| #define PACKAGE_BUGREPORT "https://bugs.freedesktop.org/enter_bug.cgi?product=xorg"
| #define PACKAGE_URL ""
| #define PACKAGE "libXrender"
| #define VERSION "0.9.7"
| #define STDC_HEADERS 1
| #define HAVE_SYS_TYPES_H 1
| #define HAVE_SYS_STAT_H 1
| #define HAVE_STDLIB_H 1
| #define HAVE_STRING_H 1
| #define HAVE_MEMORY_H 1
| #define HAVE_STRINGS_H 1
| #define HAVE_INTTYPES_H 1
| #define HAVE_STDINT_H 1
| #define HAVE_UNISTD_H 1
| #define HAVE_DLFCN_H 1
| #define LT_OBJDIR ".libs/"
| /* end confdefs.h.  */
| #include <stdio.h>
| #ifdef HAVE_SYS_TYPES_H
| # include <sys/types.h>
| #endif
| #ifdef HAVE_SYS_STAT_H
| # include <sys/stat.h>
| #endif
| #ifdef STDC_HEADERS
| # include <stdlib.h>
| # include <stddef.h>
| #else
| # ifdef HAVE_STDLIB_H
| #  include <stdlib.h>
| # endif
| #endif
| #ifdef HAVE_STRING_H
| # if !defined STDC_HEADERS && defined HAVE_MEMORY_H
| #  include <memory.h>
| # endif
| # include <string.h>
| #endif
| #ifdef HAVE_STRINGS_H
| # include <strings.h>
| #endif
| #ifdef HAVE_INTTYPES_H
| # include <inttypes.h>
| #endif
| #ifdef HAVE_STDINT_H
| # include <stdint.h>
| #endif
| #ifdef HAVE_UNISTD_H
| # include <unistd.h>
| #endif
| int
| main ()
| {
| #ifndef __SUNPRO_C
| #ifdef __cplusplus
|   (void) __SUNPRO_C;
| #else
|   (void) __SUNPRO_C;
| #endif
| #endif
| 
|   ;
|   return 0;
| }
configure:11436: result: no
configure:11548: checking pkg-config is at least version 0.9.0
configure:11551: result: yes
configure:11599: checking if compiler supports -Werror=unknown-warning-option
configure:11608: /home/simon/GIT/buildroot-k3-current/output/host/usr/bin/arm-none-linux-gnueabi-gcc -std=gnu99 -c -D_LARGEFILE_SOURCE -D_LARGEFILE64_SOURCE -D_FILE_OFFSET_BITS=64  -pipe -U_FORTIFY_SOURCE -fno-stack-protector -fomit-frame-pointer -fPIC -O2  -Werror=unknown-warning-option -D_LARGEFILE_SOURCE -D_LARGEFILE64_SOURCE -D_FILE_OFFSET_BITS=64 conftest.c >&5
cc1: error: -Werror=unknown-warning-option: No option -Wunknown-warning-option
configure:11608: $? = 1
configure: failed program was:
| /* confdefs.h */
| #define PACKAGE_NAME "libXrender"
| #define PACKAGE_TARNAME "libXrender"
| #define PACKAGE_VERSION "0.9.7"
| #define PACKAGE_STRING "libXrender 0.9.7"
| #define PACKAGE_BUGREPORT "https://bugs.freedesktop.org/enter_bug.cgi?product=xorg"
| #define PACKAGE_URL ""
| #define PACKAGE "libXrender"
| #define VERSION "0.9.7"
| #define STDC_HEADERS 1
| #define HAVE_SYS_TYPES_H 1
| #define HAVE_SYS_STAT_H 1
| #define HAVE_STDLIB_H 1
| #define HAVE_STRING_H 1
| #define HAVE_MEMORY_H 1
| #define HAVE_STRINGS_H 1
| #define HAVE_INTTYPES_H 1
| #define HAVE_STDINT_H 1
| #define HAVE_UNISTD_H 1
| #define HAVE_DLFCN_H 1
| #define LT_OBJDIR ".libs/"
| /* end confdefs.h.  */
| int i;
configure:11615: result: no
configure:11626: checking if compiler supports -Werror=unused-command-line-argument
configure:11635: /home/simon/GIT/buildroot-k3-current/output/host/usr/bin/arm-none-linux-gnueabi-gcc -std=gnu99 -c -D_LARGEFILE_SOURCE -D_LARGEFILE64_SOURCE -D_FILE_OFFSET_BITS=64  -pipe -U_FORTIFY_SOURCE -fno-stack-protector -fomit-frame-pointer -fPIC -O2  -Werror=unused-command-line-argument -D_LARGEFILE_SOURCE -D_LARGEFILE64_SOURCE -D_FILE_OFFSET_BITS=64 conftest.c >&5
cc1: error: -Werror=unused-command-line-argument: No option -Wunused-command-line-argument
configure:11635: $? = 1
configure: failed program was:
| /* confdefs.h */
| #define PACKAGE_NAME "libXrender"
| #define PACKAGE_TARNAME "libXrender"
| #define PACKAGE_VERSION "0.9.7"
| #define PACKAGE_STRING "libXrender 0.9.7"
| #define PACKAGE_BUGREPORT "https://bugs.freedesktop.org/enter_bug.cgi?product=xorg"
| #define PACKAGE_URL ""
| #define PACKAGE "libXrender"
| #define VERSION "0.9.7"
| #define STDC_HEADERS 1
| #define HAVE_SYS_TYPES_H 1
| #define HAVE_SYS_STAT_H 1
| #define HAVE_STDLIB_H 1
| #define HAVE_STRING_H 1
| #define HAVE_MEMORY_H 1
| #define HAVE_STRINGS_H 1
| #define HAVE_INTTYPES_H 1
| #define HAVE_STDINT_H 1
| #define HAVE_UNISTD_H 1
| #define HAVE_DLFCN_H 1
| #define LT_OBJDIR ".libs/"
| /* end confdefs.h.  */
| int i;
configure:11642: result: no
configure:11661: checking if /home/simon/GIT/buildroot-k3-current/output/host/usr/bin/arm-none-linux-gnueabi-gcc -std=gnu99 supports -Wall
configure:11678: /home/simon/GIT/buildroot-k3-current/output/host/usr/bin/arm-none-linux-gnueabi-gcc -std=gnu99 -o conftest -D_LARGEFILE_SOURCE -D_LARGEFILE64_SOURCE -D_FILE_OFFSET_BITS=64  -pipe -U_FORTIFY_SOURCE -fno-stack-protector -fomit-frame-pointer -fPIC -O2  -Wall -D_LARGEFILE_SOURCE -D_LARGEFILE64_SOURCE -D_FILE_OFFSET_BITS=64  conftest.c  >&5
configure:11678: $? = 0
configure:11691: result: yes
configure:11777: checking if /home/simon/GIT/buildroot-k3-current/output/host/usr/bin/arm-none-linux-gnueabi-gcc -std=gnu99 supports -Wpointer-arith
configure:11794: /home/simon/GIT/buildroot-k3-current/output/host/usr/bin/arm-none-linux-gnueabi-gcc -std=gnu99 -o conftest -D_LARGEFILE_SOURCE -D_LARGEFILE64_SOURCE -D_FILE_OFFSET_BITS=64  -pipe -U_FORTIFY_SOURCE -fno-stack-protector -fomit-frame-pointer -fPIC -O2  -Wpointer-arith -D_LARGEFILE_SOURCE -D_LARGEFILE64_SOURCE -D_FILE_OFFSET_BITS=64  conftest.c  >&5
configure:11794: $? = 0
configure:11807: result: yes
configure:11893: checking if /home/simon/GIT/buildroot-k3-current/output/host/usr/bin/arm-none-linux-gnueabi-gcc -std=gnu99 supports -Wmissing-declarations
configure:11910: /home/simon/GIT/buildroot-k3-current/output/host/usr/bin/arm-none-linux-gnueabi-gcc -std=gnu99 -o conftest -D_LARGEFILE_SOURCE -D_LARGEFILE64_SOURCE -D_FILE_OFFSET_BITS=64  -pipe -U_FORTIFY_SOURCE -fno-stack-protector -fomit-frame-pointer -fPIC -O2  -Wmissing-declarations -D_LARGEFILE_SOURCE -D_LARGEFILE64_SOURCE -D_FILE_OFFSET_BITS=64  conftest.c  >&5
configure:11910: $? = 0
configure:11923: result: yes
configure:12009: checking if /home/simon/GIT/buildroot-k3-current/output/host/usr/bin/arm-none-linux-gnueabi-gcc -std=gnu99 supports -Wformat=2
configure:12026: /home/simon/GIT/buildroot-k3-current/output/host/usr/bin/arm-none-linux-gnueabi-gcc -std=gnu99 -o conftest -D_LARGEFILE_SOURCE -D_LARGEFILE64_SOURCE -D_FILE_OFFSET_BITS=64  -pipe -U_FORTIFY_SOURCE -fno-stack-protector -fomit-frame-pointer -fPIC -O2  -Wformat=2 -D_LARGEFILE_SOURCE -D_LARGEFILE64_SOURCE -D_FILE_OFFSET_BITS=64  conftest.c  >&5
configure:12026: $? = 0
configure:12039: result: yes
configure:12176: checking if /home/simon/GIT/buildroot-k3-current/output/host/usr/bin/arm-none-linux-gnueabi-gcc -std=gnu99 supports -Wstrict-prototypes
configure:12193: /home/simon/GIT/buildroot-k3-current/output/host/usr/bin/arm-none-linux-gnueabi-gcc -std=gnu99 -o conftest -D_LARGEFILE_SOURCE -D_LARGEFILE64_SOURCE -D_FILE_OFFSET_BITS=64  -pipe -U_FORTIFY_SOURCE -fno-stack-protector -fomit-frame-pointer -fPIC -O2  -Wstrict-prototypes -D_LARGEFILE_SOURCE -D_LARGEFILE64_SOURCE -D_FILE_OFFSET_BITS=64  conftest.c  >&5
conftest.c:26: warning: function declaration isn't a prototype
configure:12193: $? = 0
configure:12206: result: yes
configure:12292: checking if /home/simon/GIT/buildroot-k3-current/output/host/usr/bin/arm-none-linux-gnueabi-gcc -std=gnu99 supports -Wmissing-prototypes
configure:12309: /home/simon/GIT/buildroot-k3-current/output/host/usr/bin/arm-none-linux-gnueabi-gcc -std=gnu99 -o conftest -D_LARGEFILE_SOURCE -D_LARGEFILE64_SOURCE -D_FILE_OFFSET_BITS=64  -pipe -U_FORTIFY_SOURCE -fno-stack-protector -fomit-frame-pointer -fPIC -O2  -Wmissing-prototypes -D_LARGEFILE_SOURCE -D_LARGEFILE64_SOURCE -D_FILE_OFFSET_BITS=64  conftest.c  >&5
configure:12309: $? = 0
configure:12322: result: yes
configure:12408: checking if /home/simon/GIT/buildroot-k3-current/output/host/usr/bin/arm-none-linux-gnueabi-gcc -std=gnu99 supports -Wnested-externs
configure:12425: /home/simon/GIT/buildroot-k3-current/output/host/usr/bin/arm-none-linux-gnueabi-gcc -std=gnu99 -o conftest -D_LARGEFILE_SOURCE -D_LARGEFILE64_SOURCE -D_FILE_OFFSET_BITS=64  -pipe -U_FORTIFY_SOURCE -fno-stack-protector -fomit-frame-pointer -fPIC -O2  -Wnested-externs -D_LARGEFILE_SOURCE -D_LARGEFILE64_SOURCE -D_FILE_OFFSET_BITS=64  conftest.c  >&5
configure:12425: $? = 0
configure:12438: result: yes
configure:12524: checking if /home/simon/GIT/buildroot-k3-current/output/host/usr/bin/arm-none-linux-gnueabi-gcc -std=gnu99 supports -Wbad-function-cast
configure:12541: /home/simon/GIT/buildroot-k3-current/output/host/usr/bin/arm-none-linux-gnueabi-gcc -std=gnu99 -o conftest -D_LARGEFILE_SOURCE -D_LARGEFILE64_SOURCE -D_FILE_OFFSET_BITS=64  -pipe -U_FORTIFY_SOURCE -fno-stack-protector -fomit-frame-pointer -fPIC -O2  -Wbad-function-cast -D_LARGEFILE_SOURCE -D_LARGEFILE64_SOURCE -D_FILE_OFFSET_BITS=64  conftest.c  >&5
configure:12541: $? = 0
configure:12554: result: yes
configure:12640: checking if /home/simon/GIT/buildroot-k3-current/output/host/usr/bin/arm-none-linux-gnueabi-gcc -std=gnu99 supports -Wold-style-definition
configure:12657: /home/simon/GIT/buildroot-k3-current/output/host/usr/bin/arm-none-linux-gnueabi-gcc -std=gnu99 -o conftest -D_LARGEFILE_SOURCE -D_LARGEFILE64_SOURCE -D_FILE_OFFSET_BITS=64  -pipe -U_FORTIFY_SOURCE -fno-stack-protector -fomit-frame-pointer -fPIC -O2  -Wold-style-definition -D_LARGEFILE_SOURCE -D_LARGEFILE64_SOURCE -D_FILE_OFFSET_BITS=64  conftest.c  >&5
conftest.c: In function 'main':
conftest.c:26: warning: old-style function definition
configure:12657: $? = 0
configure:12670: result: yes
configure:12756: checking if /home/simon/GIT/buildroot-k3-current/output/host/usr/bin/arm-none-linux-gnueabi-gcc -std=gnu99 supports -Wdeclaration-after-statement
configure:12773: /home/simon/GIT/buildroot-k3-current/output/host/usr/bin/arm-none-linux-gnueabi-gcc -std=gnu99 -o conftest -D_LARGEFILE_SOURCE -D_LARGEFILE64_SOURCE -D_FILE_OFFSET_BITS=64  -pipe -U_FORTIFY_SOURCE -fno-stack-protector -fomit-frame-pointer -fPIC -O2  -Wdeclaration-after-statement -D_LARGEFILE_SOURCE -D_LARGEFILE64_SOURCE -D_FILE_OFFSET_BITS=64  conftest.c  >&5
configure:12773: $? = 0
configure:12786: result: yes
configure:12876: checking if /home/simon/GIT/buildroot-k3-current/output/host/usr/bin/arm-none-linux-gnueabi-gcc -std=gnu99 supports -Wunused
configure:12893: /home/simon/GIT/buildroot-k3-current/output/host/usr/bin/arm-none-linux-gnueabi-gcc -std=gnu99 -o conftest -D_LARGEFILE_SOURCE -D_LARGEFILE64_SOURCE -D_FILE_OFFSET_BITS=64  -pipe -U_FORTIFY_SOURCE -fno-stack-protector -fomit-frame-pointer -fPIC -O2  -Wunused -D_LARGEFILE_SOURCE -D_LARGEFILE64_SOURCE -D_FILE_OFFSET_BITS=64  conftest.c  >&5
configure:12893: $? = 0
configure:12906: result: yes
configure:12992: checking if /home/simon/GIT/buildroot-k3-current/output/host/usr/bin/arm-none-linux-gnueabi-gcc -std=gnu99 supports -Wuninitialized
configure:13009: /home/simon/GIT/buildroot-k3-current/output/host/usr/bin/arm-none-linux-gnueabi-gcc -std=gnu99 -o conftest -D_LARGEFILE_SOURCE -D_LARGEFILE64_SOURCE -D_FILE_OFFSET_BITS=64  -pipe -U_FORTIFY_SOURCE -fno-stack-protector -fomit-frame-pointer -fPIC -O2  -Wuninitialized -D_LARGEFILE_SOURCE -D_LARGEFILE64_SOURCE -D_FILE_OFFSET_BITS=64  conftest.c  >&5
configure:13009: $? = 0
configure:13022: result: yes
configure:13108: checking if /home/simon/GIT/buildroot-k3-current/output/host/usr/bin/arm-none-linux-gnueabi-gcc -std=gnu99 supports -Wshadow
configure:13125: /home/simon/GIT/buildroot-k3-current/output/host/usr/bin/arm-none-linux-gnueabi-gcc -std=gnu99 -o conftest -D_LARGEFILE_SOURCE -D_LARGEFILE64_SOURCE -D_FILE_OFFSET_BITS=64  -pipe -U_FORTIFY_SOURCE -fno-stack-protector -fomit-frame-pointer -fPIC -O2  -Wshadow -D_LARGEFILE_SOURCE -D_LARGEFILE64_SOURCE -D_FILE_OFFSET_BITS=64  conftest.c  >&5
configure:13125: $? = 0
configure:13138: result: yes
configure:13224: checking if /home/simon/GIT/buildroot-k3-current/output/host/usr/bin/arm-none-linux-gnueabi-gcc -std=gnu99 supports -Wcast-qual
configure:13241: /home/simon/GIT/buildroot-k3-current/output/host/usr/bin/arm-none-linux-gnueabi-gcc -std=gnu99 -o conftest -D_LARGEFILE_SOURCE -D_LARGEFILE64_SOURCE -D_FILE_OFFSET_BITS=64  -pipe -U_FORTIFY_SOURCE -fno-stack-protector -fomit-frame-pointer -fPIC -O2  -Wcast-qual -D_LARGEFILE_SOURCE -D_LARGEFILE64_SOURCE -D_FILE_OFFSET_BITS=64  conftest.c  >&5
configure:13241: $? = 0
configure:13254: result: yes
configure:13340: checking if /home/simon/GIT/buildroot-k3-current/output/host/usr/bin/arm-none-linux-gnueabi-gcc -std=gnu99 supports -Wmissing-noreturn
configure:13357: /home/simon/GIT/buildroot-k3-current/output/host/usr/bin/arm-none-linux-gnueabi-gcc -std=gnu99 -o conftest -D_LARGEFILE_SOURCE -D_LARGEFILE64_SOURCE -D_FILE_OFFSET_BITS=64  -pipe -U_FORTIFY_SOURCE -fno-stack-protector -fomit-frame-pointer -fPIC -O2  -Wmissing-noreturn -D_LARGEFILE_SOURCE -D_LARGEFILE64_SOURCE -D_FILE_OFFSET_BITS=64  conftest.c  >&5
configure:13357: $? = 0
configure:13370: result: yes
configure:13456: checking if /home/simon/GIT/buildroot-k3-current/output/host/usr/bin/arm-none-linux-gnueabi-gcc -std=gnu99 supports -Wmissing-format-attribute
configure:13473: /home/simon/GIT/buildroot-k3-current/output/host/usr/bin/arm-none-linux-gnueabi-gcc -std=gnu99 -o conftest -D_LARGEFILE_SOURCE -D_LARGEFILE64_SOURCE -D_FILE_OFFSET_BITS=64  -pipe -U_FORTIFY_SOURCE -fno-stack-protector -fomit-frame-pointer -fPIC -O2  -Wmissing-format-attribute -D_LARGEFILE_SOURCE -D_LARGEFILE64_SOURCE -D_FILE_OFFSET_BITS=64  conftest.c  >&5
configure:13473: $? = 0
configure:13486: result: yes
configure:13572: checking if /home/simon/GIT/buildroot-k3-current/output/host/usr/bin/arm-none-linux-gnueabi-gcc -std=gnu99 supports -Wredundant-decls
configure:13589: /home/simon/GIT/buildroot-k3-current/output/host/usr/bin/arm-none-linux-gnueabi-gcc -std=gnu99 -o conftest -D_LARGEFILE_SOURCE -D_LARGEFILE64_SOURCE -D_FILE_OFFSET_BITS=64  -pipe -U_FORTIFY_SOURCE -fno-stack-protector -fomit-frame-pointer -fPIC -O2  -Wredundant-decls -D_LARGEFILE_SOURCE -D_LARGEFILE64_SOURCE -D_FILE_OFFSET_BITS=64  conftest.c  >&5
configure:13589: $? = 0
configure:13602: result: yes
configure:13700: checking if /home/simon/GIT/buildroot-k3-current/output/host/usr/bin/arm-none-linux-gnueabi-gcc -std=gnu99 supports -Werror=implicit
configure:13717: /home/simon/GIT/buildroot-k3-current/output/host/usr/bin/arm-none-linux-gnueabi-gcc -std=gnu99 -o conftest -D_LARGEFILE_SOURCE -D_LARGEFILE64_SOURCE -D_FILE_OFFSET_BITS=64  -pipe -U_FORTIFY_SOURCE -fno-stack-protector -fomit-frame-pointer -fPIC -O2  -Werror=implicit -D_LARGEFILE_SOURCE -D_LARGEFILE64_SOURCE -D_FILE_OFFSET_BITS=64  conftest.c  >&5
configure:13717: $? = 0
configure:13730: result: yes
configure:13865: checking if /home/simon/GIT/buildroot-k3-current/output/host/usr/bin/arm-none-linux-gnueabi-gcc -std=gnu99 supports -Werror=nonnull
configure:13882: /home/simon/GIT/buildroot-k3-current/output/host/usr/bin/arm-none-linux-gnueabi-gcc -std=gnu99 -o conftest -D_LARGEFILE_SOURCE -D_LARGEFILE64_SOURCE -D_FILE_OFFSET_BITS=64  -pipe -U_FORTIFY_SOURCE -fno-stack-protector -fomit-frame-pointer -fPIC -O2  -Werror=nonnull -D_LARGEFILE_SOURCE -D_LARGEFILE64_SOURCE -D_FILE_OFFSET_BITS=64  conftest.c  >&5
configure:13882: $? = 0
configure:13895: result: yes
configure:13981: checking if /home/simon/GIT/buildroot-k3-current/output/host/usr/bin/arm-none-linux-gnueabi-gcc -std=gnu99 supports -Werror=init-self
configure:13998: /home/simon/GIT/buildroot-k3-current/output/host/usr/bin/arm-none-linux-gnueabi-gcc -std=gnu99 -o conftest -D_LARGEFILE_SOURCE -D_LARGEFILE64_SOURCE -D_FILE_OFFSET_BITS=64  -pipe -U_FORTIFY_SOURCE -fno-stack-protector -fomit-frame-pointer -fPIC -O2  -Werror=init-self -D_LARGEFILE_SOURCE -D_LARGEFILE64_SOURCE -D_FILE_OFFSET_BITS=64  conftest.c  >&5
configure:13998: $? = 0
configure:14011: result: yes
configure:14097: checking if /home/simon/GIT/buildroot-k3-current/output/host/usr/bin/arm-none-linux-gnueabi-gcc -std=gnu99 supports -Werror=main
configure:14114: /home/simon/GIT/buildroot-k3-current/output/host/usr/bin/arm-none-linux-gnueabi-gcc -std=gnu99 -o conftest -D_LARGEFILE_SOURCE -D_LARGEFILE64_SOURCE -D_FILE_OFFSET_BITS=64  -pipe -U_FORTIFY_SOURCE -fno-stack-protector -fomit-frame-pointer -fPIC -O2  -Werror=main -D_LARGEFILE_SOURCE -D_LARGEFILE64_SOURCE -D_FILE_OFFSET_BITS=64  conftest.c  >&5
configure:14114: $? = 0
configure:14127: result: yes
configure:14213: checking if /home/simon/GIT/buildroot-k3-current/output/host/usr/bin/arm-none-linux-gnueabi-gcc -std=gnu99 supports -Werror=missing-braces
configure:14230: /home/simon/GIT/buildroot-k3-current/output/host/usr/bin/arm-none-linux-gnueabi-gcc -std=gnu99 -o conftest -D_LARGEFILE_SOURCE -D_LARGEFILE64_SOURCE -D_FILE_OFFSET_BITS=64  -pipe -U_FORTIFY_SOURCE -fno-stack-protector -fomit-frame-pointer -fPIC -O2  -Werror=missing-braces -D_LARGEFILE_SOURCE -D_LARGEFILE64_SOURCE -D_FILE_OFFSET_BITS=64  conftest.c  >&5
configure:14230: $? = 0
configure:14243: result: yes
configure:14329: checking if /home/simon/GIT/buildroot-k3-current/output/host/usr/bin/arm-none-linux-gnueabi-gcc -std=gnu99 supports -Werror=sequence-point
configure:14346: /home/simon/GIT/buildroot-k3-current/output/host/usr/bin/arm-none-linux-gnueabi-gcc -std=gnu99 -o conftest -D_LARGEFILE_SOURCE -D_LARGEFILE64_SOURCE -D_FILE_OFFSET_BITS=64  -pipe -U_FORTIFY_SOURCE -fno-stack-protector -fomit-frame-pointer -fPIC -O2  -Werror=sequence-point -D_LARGEFILE_SOURCE -D_LARGEFILE64_SOURCE -D_FILE_OFFSET_BITS=64  conftest.c  >&5
configure:14346: $? = 0
configure:14359: result: yes
configure:14445: checking if /home/simon/GIT/buildroot-k3-current/output/host/usr/bin/arm-none-linux-gnueabi-gcc -std=gnu99 supports -Werror=return-type
configure:14462: /home/simon/GIT/buildroot-k3-current/output/host/usr/bin/arm-none-linux-gnueabi-gcc -std=gnu99 -o conftest -D_LARGEFILE_SOURCE -D_LARGEFILE64_SOURCE -D_FILE_OFFSET_BITS=64  -pipe -U_FORTIFY_SOURCE -fno-stack-protector -fomit-frame-pointer -fPIC -O2  -Werror=return-type -D_LARGEFILE_SOURCE -D_LARGEFILE64_SOURCE -D_FILE_OFFSET_BITS=64  conftest.c  >&5
configure:14462: $? = 0
configure:14475: result: yes
configure:14610: checking if /home/simon/GIT/buildroot-k3-current/output/host/usr/bin/arm-none-linux-gnueabi-gcc -std=gnu99 supports -Werror=trigraphs
configure:14627: /home/simon/GIT/buildroot-k3-current/output/host/usr/bin/arm-none-linux-gnueabi-gcc -std=gnu99 -o conftest -D_LARGEFILE_SOURCE -D_LARGEFILE64_SOURCE -D_FILE_OFFSET_BITS=64  -pipe -U_FORTIFY_SOURCE -fno-stack-protector -fomit-frame-pointer -fPIC -O2  -Werror=trigraphs -D_LARGEFILE_SOURCE -D_LARGEFILE64_SOURCE -D_FILE_OFFSET_BITS=64  conftest.c  >&5
configure:14627: $? = 0
configure:14640: result: yes
configure:14726: checking if /home/simon/GIT/buildroot-k3-current/output/host/usr/bin/arm-none-linux-gnueabi-gcc -std=gnu99 supports -Werror=array-bounds
configure:14743: /home/simon/GIT/buildroot-k3-current/output/host/usr/bin/arm-none-linux-gnueabi-gcc -std=gnu99 -o conftest -D_LARGEFILE_SOURCE -D_LARGEFILE64_SOURCE -D_FILE_OFFSET_BITS=64  -pipe -U_FORTIFY_SOURCE -fno-stack-protector -fomit-frame-pointer -fPIC -O2  -Werror=array-bounds -D_LARGEFILE_SOURCE -D_LARGEFILE64_SOURCE -D_FILE_OFFSET_BITS=64  conftest.c  >&5
cc1: error: -Werror=array-bounds: No option -Warray-bounds
configure:14743: $? = 1
configure: failed program was:
| /* confdefs.h */
| #define PACKAGE_NAME "libXrender"
| #define PACKAGE_TARNAME "libXrender"
| #define PACKAGE_VERSION "0.9.7"
| #define PACKAGE_STRING "libXrender 0.9.7"
| #define PACKAGE_BUGREPORT "https://bugs.freedesktop.org/enter_bug.cgi?product=xorg"
| #define PACKAGE_URL ""
| #define PACKAGE "libXrender"
| #define VERSION "0.9.7"
| #define STDC_HEADERS 1
| #define HAVE_SYS_TYPES_H 1
| #define HAVE_SYS_STAT_H 1
| #define HAVE_STDLIB_H 1
| #define HAVE_STRING_H 1
| #define HAVE_MEMORY_H 1
| #define HAVE_STRINGS_H 1
| #define HAVE_INTTYPES_H 1
| #define HAVE_STDINT_H 1
| #define HAVE_UNISTD_H 1
| #define HAVE_DLFCN_H 1
| #define LT_OBJDIR ".libs/"
| /* end confdefs.h.  */
| int i;
| int
| main ()
| {
| 
|   ;
|   return 0;
| }
configure:14756: result: no
configure:14842: checking if /home/simon/GIT/buildroot-k3-current/output/host/usr/bin/arm-none-linux-gnueabi-gcc -std=gnu99 supports -Werror=write-strings
configure:14859: /home/simon/GIT/buildroot-k3-current/output/host/usr/bin/arm-none-linux-gnueabi-gcc -std=gnu99 -o conftest -D_LARGEFILE_SOURCE -D_LARGEFILE64_SOURCE -D_FILE_OFFSET_BITS=64  -pipe -U_FORTIFY_SOURCE -fno-stack-protector -fomit-frame-pointer -fPIC -O2  -Werror=write-strings -D_LARGEFILE_SOURCE -D_LARGEFILE64_SOURCE -D_FILE_OFFSET_BITS=64  conftest.c  >&5
configure:14859: $? = 0
configure:14872: result: yes
configure:14958: checking if /home/simon/GIT/buildroot-k3-current/output/host/usr/bin/arm-none-linux-gnueabi-gcc -std=gnu99 supports -Werror=address
configure:14975: /home/simon/GIT/buildroot-k3-current/output/host/usr/bin/arm-none-linux-gnueabi-gcc -std=gnu99 -o conftest -D_LARGEFILE_SOURCE -D_LARGEFILE64_SOURCE -D_FILE_OFFSET_BITS=64  -pipe -U_FORTIFY_SOURCE -fno-stack-protector -fomit-frame-pointer -fPIC -O2  -Werror=address -D_LARGEFILE_SOURCE -D_LARGEFILE64_SOURCE -D_FILE_OFFSET_BITS=64  conftest.c  >&5
configure:14975: $? = 0
configure:14988: result: yes
configure:15074: checking if /home/simon/GIT/buildroot-k3-current/output/host/usr/bin/arm-none-linux-gnueabi-gcc -std=gnu99 supports -Werror=int-to-pointer-cast
configure:15091: /home/simon/GIT/buildroot-k3-current/output/host/usr/bin/arm-none-linux-gnueabi-gcc -std=gnu99 -o conftest -D_LARGEFILE_SOURCE -D_LARGEFILE64_SOURCE -D_FILE_OFFSET_BITS=64  -pipe -U_FORTIFY_SOURCE -fno-stack-protector -fomit-frame-pointer -fPIC -O2  -Werror=int-to-pointer-cast -D_LARGEFILE_SOURCE -D_LARGEFILE64_SOURCE -D_FILE_OFFSET_BITS=64  conftest.c  >&5
configure:15091: $? = 0
configure:15104: result: yes
configure:15239: checking if /home/simon/GIT/buildroot-k3-current/output/host/usr/bin/arm-none-linux-gnueabi-gcc -std=gnu99 supports -Werror=pointer-to-int-cast
configure:15256: /home/simon/GIT/buildroot-k3-current/output/host/usr/bin/arm-none-linux-gnueabi-gcc -std=gnu99 -o conftest -D_LARGEFILE_SOURCE -D_LARGEFILE64_SOURCE -D_FILE_OFFSET_BITS=64  -pipe -U_FORTIFY_SOURCE -fno-stack-protector -fomit-frame-pointer -fPIC -O2  -Werror=pointer-to-int-cast -D_LARGEFILE_SOURCE -D_LARGEFILE64_SOURCE -D_FILE_OFFSET_BITS=64  conftest.c  >&5
configure:15256: $? = 0
configure:15269: result: yes
configure:16899: checking if /home/simon/GIT/buildroot-k3-current/output/host/usr/bin/arm-none-linux-gnueabi-gcc -std=gnu99 supports -pedantic
configure:16916: /home/simon/GIT/buildroot-k3-current/output/host/usr/bin/arm-none-linux-gnueabi-gcc -std=gnu99 -o conftest -D_LARGEFILE_SOURCE -D_LARGEFILE64_SOURCE -D_FILE_OFFSET_BITS=64  -pipe -U_FORTIFY_SOURCE -fno-stack-protector -fomit-frame-pointer -fPIC -O2  -pedantic -D_LARGEFILE_SOURCE -D_LARGEFILE64_SOURCE -D_FILE_OFFSET_BITS=64  conftest.c  >&5
configure:16916: $? = 0
configure:16929: result: yes
configure:17015: checking if /home/simon/GIT/buildroot-k3-current/output/host/usr/bin/arm-none-linux-gnueabi-gcc -std=gnu99 supports -Werror
configure:17032: /home/simon/GIT/buildroot-k3-current/output/host/usr/bin/arm-none-linux-gnueabi-gcc -std=gnu99 -o conftest -D_LARGEFILE_SOURCE -D_LARGEFILE64_SOURCE -D_FILE_OFFSET_BITS=64  -pipe -U_FORTIFY_SOURCE -fno-stack-protector -fomit-frame-pointer -fPIC -O2  -Werror -D_LARGEFILE_SOURCE -D_LARGEFILE64_SOURCE -D_FILE_OFFSET_BITS=64  conftest.c  >&5
configure:17032: $? = 0
configure:17045: result: yes
configure:17183: checking if /home/simon/GIT/buildroot-k3-current/output/host/usr/bin/arm-none-linux-gnueabi-gcc -std=gnu99 supports -Werror=attributes
configure:17200: /home/simon/GIT/buildroot-k3-current/output/host/usr/bin/arm-none-linux-gnueabi-gcc -std=gnu99 -o conftest -D_LARGEFILE_SOURCE -D_LARGEFILE64_SOURCE -D_FILE_OFFSET_BITS=64  -pipe -U_FORTIFY_SOURCE -fno-stack-protector -fomit-frame-pointer -fPIC -O2  -Werror=attributes -D_LARGEFILE_SOURCE -D_LARGEFILE64_SOURCE -D_FILE_OFFSET_BITS=64  conftest.c  >&5
configure:17200: $? = 0
configure:17213: result: yes
configure:17384: checking whether malloc(0) returns NULL
configure:17420: result: no
configure:17449: checking for RENDER
configure:17456: $PKG_CONFIG --exists --print-errors "x11 renderproto >= $RENDER_VERSION"
configure:17459: $? = 0
configure:17472: $PKG_CONFIG --exists --print-errors "x11 renderproto >= $RENDER_VERSION"
configure:17475: $? = 0
configure:17529: result: yes
configure:17670: creating ./config.status

## ---------------------- ##
## Running config.status. ##
## ---------------------- ##

This file was extended by libXrender config.status 0.9.7, which was
generated by GNU Autoconf 2.68.  Invocation command line was

  CONFIG_FILES    = 
  CONFIG_HEADERS  = 
  CONFIG_LINKS    = 
  CONFIG_COMMANDS = 
  $ ./config.status 

on dev

config.status:1134: creating Makefile
config.status:1134: creating src/Makefile
config.status:1134: creating xrender.pc
config.status:1134: creating config.h
config.status:1363: executing depfiles commands
config.status:1363: executing libtool commands
configure:19907: WARNING: unrecognized options: --disable-gtk-doc, --enable-ipv6

## ---------------- ##
## Cache variables. ##
## ---------------- ##

ac_cv_build=i686-pc-linux-gnu
ac_cv_c_bigendian=no
ac_cv_c_compiler_gnu=yes
ac_cv_env_CC_set=set
ac_cv_env_CC_value=/home/simon/GIT/buildroot-k3-current/output/host/usr/bin/arm-none-linux-gnueabi-gcc
ac_cv_env_CFLAGS_set=set
ac_cv_env_CFLAGS_value='-D_LARGEFILE_SOURCE -D_LARGEFILE64_SOURCE -D_FILE_OFFSET_BITS=64  -pipe -U_FORTIFY_SOURCE -fno-stack-protector -fomit-frame-pointer -fPIC -O2 '
ac_cv_env_CPPFLAGS_set=set
ac_cv_env_CPPFLAGS_value='-D_LARGEFILE_SOURCE -D_LARGEFILE64_SOURCE -D_FILE_OFFSET_BITS=64'
ac_cv_env_CPP_set=set
ac_cv_env_CPP_value=/home/simon/GIT/buildroot-k3-current/output/host/usr/bin/arm-none-linux-gnueabi-cpp
ac_cv_env_LDFLAGS_set=set
ac_cv_env_LDFLAGS_value=
ac_cv_env_LIBS_set=
ac_cv_env_LIBS_value=
ac_cv_env_PKG_CONFIG_set=set
ac_cv_env_PKG_CONFIG_value=/home/simon/GIT/buildroot-k3-current/output/host/usr/bin/pkg-config
ac_cv_env_RENDER_CFLAGS_set=
ac_cv_env_RENDER_CFLAGS_value=
ac_cv_env_RENDER_LIBS_set=
ac_cv_env_RENDER_LIBS_value=
ac_cv_env_build_alias_set=set
ac_cv_env_build_alias_value=i686-pc-linux-gnu
ac_cv_env_host_alias_set=set
ac_cv_env_host_alias_value=arm-buildroot-linux-gnueabi
ac_cv_env_target_alias_set=set
ac_cv_env_target_alias_value=arm-buildroot-linux-gnueabi
ac_cv_func_calloc_0_nonnull=yes
ac_cv_func_malloc_0_nonnull=yes
ac_cv_func_memcmp_working=yes
ac_cv_func_mmap_fixed_mapped=yes
ac_cv_func_realloc_0_nonnull=yes
ac_cv_have_decl___INTEL_COMPILER=no
ac_cv_have_decl___SUNPRO_C=no
ac_cv_have_decl___clang__=no
ac_cv_have_decl_malloc=yes
ac_cv_header_dlfcn_h=yes
ac_cv_header_inttypes_h=yes
ac_cv_header_memory_h=yes
ac_cv_header_stdc=yes
ac_cv_header_stdint_h=yes
ac_cv_header_stdlib_h=yes
ac_cv_header_string_h=yes
ac_cv_header_strings_h=yes
ac_cv_header_sys_stat_h=yes
ac_cv_header_sys_types_h=yes
ac_cv_header_unistd_h=yes
ac_cv_host=arm-buildroot-linux-gnueabi
ac_cv_lbl_unaligned_fail=yes
ac_cv_objext=o
ac_cv_path_EGREP='/bin/grep -E'
ac_cv_path_FGREP='/bin/grep -F'
ac_cv_path_GREP=/bin/grep
ac_cv_path_SED=/bin/sed
ac_cv_path_install='/usr/bin/install -c'
ac_cv_path_mkdir=/bin/mkdir
ac_cv_prog_AR=/home/simon/GIT/buildroot-k3-current/output/host/usr/bin/arm-none-linux-gnueabi-ar
ac_cv_prog_AWK=gawk
ac_cv_prog_CC=/home/simon/GIT/buildroot-k3-current/output/host/usr/bin/arm-none-linux-gnueabi-gcc
ac_cv_prog_CPP=/home/simon/GIT/buildroot-k3-current/output/host/usr/bin/arm-none-linux-gnueabi-cpp
ac_cv_prog_OBJDUMP=/home/simon/GIT/buildroot-k3-current/output/host/usr/bin/arm-none-linux-gnueabi-objdump
ac_cv_prog_RANLIB=/home/simon/GIT/buildroot-k3-current/output/host/usr/bin/arm-none-linux-gnueabi-ranlib
ac_cv_prog_STRIP=/home/simon/GIT/buildroot-k3-current/output/host/usr/bin/arm-none-linux-gnueabi-strip
ac_cv_prog_ac_ct_MANIFEST_TOOL=mt
ac_cv_prog_cc_c89=
ac_cv_prog_cc_c99=-std=gnu99
ac_cv_prog_cc_g=yes
ac_cv_prog_make_make_set=yes
am_cv_CC_dependencies_compiler_type=gcc3
gl_cv_func_malloc_0_nonnull=yes
lt_cv_ar_at_file=@
lt_cv_archive_cmds_need_lc=no
lt_cv_deplibs_check_method=pass_all
lt_cv_file_magic_cmd='$MAGIC_CMD'
lt_cv_file_magic_test_file=
lt_cv_ld_reload_flag=-r
lt_cv_nm_interface='BSD nm'
lt_cv_objdir=.libs
lt_cv_path_LD=/home/simon/GIT/buildroot-k3-current/output/host/usr/bin/arm-none-linux-gnueabi-ld
lt_cv_path_NM=/home/simon/GIT/buildroot-k3-current/output/host/usr/bin/arm-none-linux-gnueabi-nm
lt_cv_path_mainfest_tool=no
lt_cv_prog_compiler_c_o=yes
lt_cv_prog_compiler_pic='-fPIC -DPIC'
lt_cv_prog_compiler_pic_works=yes
lt_cv_prog_compiler_rtti_exceptions=no
lt_cv_prog_compiler_static_works=yes
lt_cv_prog_gnu_ld=yes
lt_cv_sharedlib_from_linklib_cmd='printf %s\n'
lt_cv_shlibpath_overrides_runpath=no
lt_cv_sys_global_symbol_pipe='sed -n -e '\''s/^.*[	 ]\([ABCDGIRSTW][ABCDGIRSTW]*\)[	 ][	 ]*\([_A-Za-z][_A-Za-z0-9]*\)$/\1 \2 \2/p'\'' | sed '\''/ __gnu_lto/d'\'''
lt_cv_sys_global_symbol_to_c_name_address='sed -n -e '\''s/^: \([^ ]*\)[ ]*$/  {\"\1\", (void *) 0},/p'\'' -e '\''s/^[ABCDGIRSTW]* \([^ ]*\) \([^ ]*\)$/  {"\2", (void *) \&\2},/p'\'''
lt_cv_sys_global_symbol_to_c_name_address_lib_prefix='sed -n -e '\''s/^: \([^ ]*\)[ ]*$/  {\"\1\", (void *) 0},/p'\'' -e '\''s/^[ABCDGIRSTW]* \([^ ]*\) \(lib[^ ]*\)$/  {"\2", (void *) \&\2},/p'\'' -e '\''s/^[ABCDGIRSTW]* \([^ ]*\) \([^ ]*\)$/  {"lib\2", (void *) \&\2},/p'\'''
lt_cv_sys_global_symbol_to_cdecl='sed -n -e '\''s/^T .* \(.*\)$/extern int \1();/p'\'' -e '\''s/^[ABCDGIRSTW]* .* \(.*\)$/extern char \1;/p'\'''
lt_cv_sys_lib_search_path_spec=
lt_cv_sys_max_cmd_len=805306365
lt_cv_to_host_file_cmd=func_convert_file_noop
lt_cv_to_tool_file_cmd=func_convert_file_noop
pkg_cv_RENDER_CFLAGS='-I/home/simon/GIT/buildroot-k3-current/output/host/usr/arm-buildroot-linux-gnueabi/sysroot/usr/include  '
pkg_cv_RENDER_LIBS='-L/home/simon/GIT/buildroot-k3-current/output/host/usr/arm-buildroot-linux-gnueabi/sysroot/usr/lib -lX11  '
xorg_cv_cc_flag__Wall=yes
xorg_cv_cc_flag__Wbad_function_cast=yes
xorg_cv_cc_flag__Wcast_qual=yes
xorg_cv_cc_flag__Wdeclaration_after_statement=yes
xorg_cv_cc_flag__Werror=yes
xorg_cv_cc_flag__Werror_address=yes
xorg_cv_cc_flag__Werror_array_bounds=no
xorg_cv_cc_flag__Werror_attributes=yes
xorg_cv_cc_flag__Werror_implicit=yes
xorg_cv_cc_flag__Werror_init_self=yes
xorg_cv_cc_flag__Werror_int_to_pointer_cast=yes
xorg_cv_cc_flag__Werror_main=yes
xorg_cv_cc_flag__Werror_missing_braces=yes
xorg_cv_cc_flag__Werror_nonnull=yes
xorg_cv_cc_flag__Werror_pointer_to_int_cast=yes
xorg_cv_cc_flag__Werror_return_type=yes
xorg_cv_cc_flag__Werror_sequence_point=yes
xorg_cv_cc_flag__Werror_trigraphs=yes
xorg_cv_cc_flag__Werror_write_strings=yes
xorg_cv_cc_flag__Wformat_2=yes
xorg_cv_cc_flag__Wmissing_declarations=yes
xorg_cv_cc_flag__Wmissing_format_attribute=yes
xorg_cv_cc_flag__Wmissing_noreturn=yes
xorg_cv_cc_flag__Wmissing_prototypes=yes
xorg_cv_cc_flag__Wnested_externs=yes
xorg_cv_cc_flag__Wold_style_definition=yes
xorg_cv_cc_flag__Wpointer_arith=yes
xorg_cv_cc_flag__Wredundant_decls=yes
xorg_cv_cc_flag__Wshadow=yes
xorg_cv_cc_flag__Wstrict_prototypes=yes
xorg_cv_cc_flag__Wuninitialized=yes
xorg_cv_cc_flag__Wunused=yes
xorg_cv_cc_flag__pedantic=yes
xorg_cv_compiler_flag_unknown_warning_option=no
xorg_cv_compiler_flag_unused_command_line_argument=no

## ----------------- ##
## Output variables. ##
## ----------------- ##

ACLOCAL='${SHELL} /home/simon/GIT/buildroot-k3-current/output/build/xlib_libXrender-0.9.7/missing --run aclocal-1.11'
ADMIN_MAN_DIR='$(mandir)/man$(ADMIN_MAN_SUFFIX)'
ADMIN_MAN_SUFFIX='8'
AMDEPBACKSLASH='\'
AMDEP_FALSE='#'
AMDEP_TRUE=''
AMTAR='${SHELL} /home/simon/GIT/buildroot-k3-current/output/build/xlib_libXrender-0.9.7/missing --run tar'
AM_BACKSLASH='\'
AM_DEFAULT_VERBOSITY='0'
APP_MAN_DIR='$(mandir)/man$(APP_MAN_SUFFIX)'
APP_MAN_SUFFIX='1'
AR='/home/simon/GIT/buildroot-k3-current/output/host/usr/bin/arm-none-linux-gnueabi-ar'
AUTOCONF='${SHELL} /home/simon/GIT/buildroot-k3-current/output/build/xlib_libXrender-0.9.7/missing --run autoconf'
AUTOHEADER='${SHELL} /home/simon/GIT/buildroot-k3-current/output/build/xlib_libXrender-0.9.7/missing --run autoheader'
AUTOMAKE='${SHELL} /home/simon/GIT/buildroot-k3-current/output/build/xlib_libXrender-0.9.7/missing --run automake-1.11'
AWK='gawk'
BASE_CFLAGS=' -Wall -Wpointer-arith -Wmissing-declarations -Wformat=2 -Wstrict-prototypes -Wmissing-prototypes -Wnested-externs -Wbad-function-cast -Wold-style-definition -Wdeclaration-after-statement -Wunused -Wuninitialized -Wshadow -Wcast-qual -Wmissing-noreturn -Wmissing-format-attribute -Wredundant-decls -Werror=implicit -Werror=nonnull -Werror=init-self -Werror=main -Werror=missing-braces -Werror=sequence-point -Werror=return-type -Werror=trigraphs -Werror=write-strings -Werror=address -Werror=int-to-pointer-cast -Werror=pointer-to-int-cast'
CC='/home/simon/GIT/buildroot-k3-current/output/host/usr/bin/arm-none-linux-gnueabi-gcc -std=gnu99'
CCDEPMODE='depmode=gcc3'
CFLAGS='-D_LARGEFILE_SOURCE -D_LARGEFILE64_SOURCE -D_FILE_OFFSET_BITS=64  -pipe -U_FORTIFY_SOURCE -fno-stack-protector -fomit-frame-pointer -fPIC -O2 '
CHANGELOG_CMD='(GIT_DIR=$(top_srcdir)/.git git log > $(top_srcdir)/.changelog.tmp && mv $(top_srcdir)/.changelog.tmp $(top_srcdir)/ChangeLog) || (rm -f $(top_srcdir)/.changelog.tmp; touch $(top_srcdir)/ChangeLog; echo '\''git directory not found: installing possibly empty changelog.'\'' >&2)'
CPP='/home/simon/GIT/buildroot-k3-current/output/host/usr/bin/arm-none-linux-gnueabi-cpp'
CPPFLAGS='-D_LARGEFILE_SOURCE -D_LARGEFILE64_SOURCE -D_FILE_OFFSET_BITS=64'
CWARNFLAGS=' -Wall -Wpointer-arith -Wmissing-declarations -Wformat=2 -Wstrict-prototypes -Wmissing-prototypes -Wnested-externs -Wbad-function-cast -Wold-style-definition -Wdeclaration-after-statement -Wunused -Wuninitialized -Wshadow -Wcast-qual -Wmissing-noreturn -Wmissing-format-attribute -Wredundant-decls -Werror=implicit -Werror=nonnull -Werror=init-self -Werror=main -Werror=missing-braces -Werror=sequence-point -Werror=return-type -Werror=trigraphs -Werror=write-strings -Werror=address -Werror=int-to-pointer-cast -Werror=pointer-to-int-cast -fno-strict-aliasing'
CYGPATH_W='echo'
DEFS='-DHAVE_CONFIG_H'
DEPDIR='.deps'
DLLTOOL='false'
DRIVER_MAN_DIR='$(mandir)/man$(DRIVER_MAN_SUFFIX)'
DRIVER_MAN_SUFFIX='4'
DSYMUTIL=''
DUMPBIN=''
ECHO_C=''
ECHO_N='-n'
ECHO_T=''
EGREP='/bin/grep -E'
EXEEXT=''
FGREP='/bin/grep -F'
FILE_MAN_DIR='$(mandir)/man$(FILE_MAN_SUFFIX)'
FILE_MAN_SUFFIX='5'
GREP='/bin/grep'
INSTALL_CMD='(cp -f /usr/share/util-macros/INSTALL $(top_srcdir)/.INSTALL.tmp && mv $(top_srcdir)/.INSTALL.tmp $(top_srcdir)/INSTALL) || (rm -f $(top_srcdir)/.INSTALL.tmp; touch $(top_srcdir)/INSTALL; echo '\''util-macros "pkgdatadir" from xorg-macros.pc not found: installing possibly empty INSTALL.'\'' >&2)'
INSTALL_DATA='${INSTALL} -m 644'
INSTALL_PROGRAM='${INSTALL}'
INSTALL_SCRIPT='${INSTALL}'
INSTALL_STRIP_PROGRAM='$(install_sh) -c -s'
LD='/home/simon/GIT/buildroot-k3-current/output/host/usr/bin/arm-none-linux-gnueabi-ld'
LDFLAGS=''
LIBOBJS=''
LIBS=''
LIBTOOL='$(SHELL) $(top_builddir)/libtool'
LIB_MAN_DIR='$(mandir)/man$(LIB_MAN_SUFFIX)'
LIB_MAN_SUFFIX='3'
LIPO=''
LN_S='ln -s'
LTLIBOBJS=''
MAINT='#'
MAINTAINER_MODE_FALSE=''
MAINTAINER_MODE_TRUE='#'
MAKEINFO='${SHELL} /home/simon/GIT/buildroot-k3-current/output/build/xlib_libXrender-0.9.7/missing --run makeinfo'
MALLOC_ZERO_CFLAGS=''
MANIFEST_TOOL=':'
MAN_SUBSTS='	-e '\''s|__vendorversion__|"$(PACKAGE_STRING)" "$(XORG_MAN_PAGE)"|'\'' 	-e '\''s|__xorgversion__|"$(PACKAGE_STRING)" "$(XORG_MAN_PAGE)"|'\'' 	-e '\''s|__xservername__|Xorg|g'\'' 	-e '\''s|__xconfigfile__|xorg.conf|g'\'' 	-e '\''s|__projectroot__|$(prefix)|g'\'' 	-e '\''s|__apploaddir__|$(appdefaultdir)|g'\'' 	-e '\''s|__appmansuffix__|$(APP_MAN_SUFFIX)|g'\'' 	-e '\''s|__drivermansuffix__|$(DRIVER_MAN_SUFFIX)|g'\'' 	-e '\''s|__adminmansuffix__|$(ADMIN_MAN_SUFFIX)|g'\'' 	-e '\''s|__libmansuffix__|$(LIB_MAN_SUFFIX)|g'\'' 	-e '\''s|__miscmansuffix__|$(MISC_MAN_SUFFIX)|g'\'' 	-e '\''s|__filemansuffix__|$(FILE_MAN_SUFFIX)|g'\'''
MISC_MAN_DIR='$(mandir)/man$(MISC_MAN_SUFFIX)'
MISC_MAN_SUFFIX='7'
MKDIR_P='/bin/mkdir -p'
NM='/home/simon/GIT/buildroot-k3-current/output/host/usr/bin/arm-none-linux-gnueabi-nm'
NMEDIT=''
OBJDUMP='/home/simon/GIT/buildroot-k3-current/output/host/usr/bin/arm-none-linux-gnueabi-objdump'
OBJEXT='o'
OTOOL64=''
OTOOL=''
PACKAGE='libXrender'
PACKAGE_BUGREPORT='https://bugs.freedesktop.org/enter_bug.cgi?product=xorg'
PACKAGE_NAME='libXrender'
PACKAGE_STRING='libXrender 0.9.7'
PACKAGE_TARNAME='libXrender'
PACKAGE_URL=''
PACKAGE_VERSION='0.9.7'
PATH_SEPARATOR=':'
PKG_CONFIG='/home/simon/GIT/buildroot-k3-current/output/host/usr/bin/pkg-config'
RANLIB='/home/simon/GIT/buildroot-k3-current/output/host/usr/bin/arm-none-linux-gnueabi-ranlib'
RENDER_CFLAGS='-I/home/simon/GIT/buildroot-k3-current/output/host/usr/arm-buildroot-linux-gnueabi/sysroot/usr/include  '
RENDER_LIBS='-L/home/simon/GIT/buildroot-k3-current/output/host/usr/arm-buildroot-linux-gnueabi/sysroot/usr/lib -lX11  '
RENDER_VERSION='0.9'
SED='/bin/sed'
SET_MAKE=''
SHELL='/bin/sh'
STRICT_CFLAGS=' -pedantic -Werror -Werror=attributes'
STRIP='/home/simon/GIT/buildroot-k3-current/output/host/usr/bin/arm-none-linux-gnueabi-strip'
VERSION='0.9.7'
XMALLOC_ZERO_CFLAGS=''
XORG_MAN_PAGE='X Version 11'
XTMALLOC_ZERO_CFLAGS=''
ac_ct_AR=''
ac_ct_CC=''
ac_ct_DUMPBIN=''
am__EXEEXT_FALSE=''
am__EXEEXT_TRUE='#'
am__fastdepCC_FALSE='#'
am__fastdepCC_TRUE=''
am__include='include'
am__isrc=''
am__leading_dot='.'
am__quote=''
am__tar='${AMTAR} chof - "$$tardir"'
am__untar='${AMTAR} xf -'
bindir='${exec_prefix}/bin'
build='i686-pc-linux-gnu'
build_alias='i686-pc-linux-gnu'
build_cpu='i686'
build_os='linux-gnu'
build_vendor='pc'
datadir='${datarootdir}'
datarootdir='${prefix}/share'
docdir='${datarootdir}/doc/${PACKAGE_TARNAME}'
dvidir='${docdir}'
exec_prefix='/usr'
host='arm-buildroot-linux-gnueabi'
host_alias='arm-buildroot-linux-gnueabi'
host_cpu='arm'
host_os='linux-gnueabi'
host_vendor='buildroot'
htmldir='${docdir}'
includedir='${prefix}/include'
infodir='${datarootdir}/info'
install_sh='${SHELL} /home/simon/GIT/buildroot-k3-current/output/build/xlib_libXrender-0.9.7/install-sh'
libdir='${exec_prefix}/lib'
libexecdir='${exec_prefix}/libexec'
localedir='${datarootdir}/locale'
localstatedir='${prefix}/var'
mandir='${datarootdir}/man'
mkdir_p='/bin/mkdir -p'
oldincludedir='/usr/include'
pdfdir='${docdir}'
prefix='/usr'
program_transform_name='s&^&&'
psdir='${docdir}'
sbindir='${exec_prefix}/sbin'
sharedstatedir='${prefix}/com'
sysconfdir='/etc'
target_alias='arm-buildroot-linux-gnueabi'

## ----------- ##
## confdefs.h. ##
## ----------- ##

/* confdefs.h */
#define PACKAGE_NAME "libXrender"
#define PACKAGE_TARNAME "libXrender"
#define PACKAGE_VERSION "0.9.7"
#define PACKAGE_STRING "libXrender 0.9.7"
#define PACKAGE_BUGREPORT "https://bugs.freedesktop.org/enter_bug.cgi?product=xorg"
#define PACKAGE_URL ""
#define PACKAGE "libXrender"
#define VERSION "0.9.7"
#define STDC_HEADERS 1
#define HAVE_SYS_TYPES_H 1
#define HAVE_SYS_STAT_H 1
#define HAVE_STDLIB_H 1
#define HAVE_STRING_H 1
#define HAVE_MEMORY_H 1
#define HAVE_STRINGS_H 1
#define HAVE_INTTYPES_H 1
#define HAVE_STDINT_H 1
#define HAVE_UNISTD_H 1
#define HAVE_DLFCN_H 1
#define LT_OBJDIR ".libs/"
#define PACKAGE_VERSION_MAJOR 0
#define PACKAGE_VERSION_MINOR 9
#define PACKAGE_VERSION_PATCHLEVEL 7

configure: exit 0
