This file contains any messages produced by compilers while
running configure, to aid debugging if configure makes a mistake.

It was created by FreeType configure 2.4.10, which was
generated by GNU Autoconf 2.69.  Invocation command line was

  $ ./configure --prefix=/home/simon/GIT/buildroot-k3-current/output/host/usr --sysconfdir=/home/simon/GIT/buildroot-k3-current/output/host/etc --enable-shared --disable-static

## --------- ##
## Platform. ##
## --------- ##

hostname = dev
uname -m = i686
uname -r = 3.2.0-33-generic
uname -s = Linux
uname -v = #52-Ubuntu SMP Thu Oct 18 16:19:45 UTC 2012

/usr/bin/uname -p = unknown
/bin/uname -X     = unknown

/bin/arch              = unknown
/usr/bin/arch -k       = unknown
/usr/convex/getsysinfo = unknown
/usr/bin/hostinfo      = unknown
/bin/machine           = unknown
/usr/bin/oslevel       = unknown
/bin/universe          = unknown

PATH: /home/simon/GIT/buildroot-k3-current/output/host/bin
PATH: /home/simon/GIT/buildroot-k3-current/output/host/usr/bin
PATH: /home/simon/bin
PATH: /usr/local/sbin
PATH: /usr/local/bin
PATH: /usr/sbin
PATH: /usr/bin
PATH: /sbin
PATH: /bin
PATH: /usr/games


## ----------- ##
## Core tests. ##
## ----------- ##

configure:2481: checking build system type
configure:2495: result: i686-pc-linux-gnu
configure:2515: checking host system type
configure:2528: result: i686-pc-linux-gnu
configure:2600: checking for gcc
configure:2627: result: /usr/bin/gcc
configure:2856: checking for C compiler version
configure:2865: /usr/bin/gcc --version >&5
gcc (Ubuntu/Linaro 4.6.3-1ubuntu5) 4.6.3
Copyright (C) 2011 Free Software Foundation, Inc.
This is free software; see the source for copying conditions.  There is NO
warranty; not even for MERCHANTABILITY or FITNESS FOR A PARTICULAR PURPOSE.

configure:2876: $? = 0
configure:2865: /usr/bin/gcc -v >&5
Using built-in specs.
COLLECT_GCC=/usr/bin/gcc
COLLECT_LTO_WRAPPER=/usr/lib/gcc/i686-linux-gnu/4.6/lto-wrapper
Target: i686-linux-gnu
Configured with: ../src/configure -v --with-pkgversion='Ubuntu/Linaro 4.6.3-1ubuntu5' --with-bugurl=file:///usr/share/doc/gcc-4.6/README.Bugs --enable-languages=c,c++,fortran,objc,obj-c++ --prefix=/usr --program-suffix=-4.6 --enable-shared --enable-linker-build-id --with-system-zlib --libexecdir=/usr/lib --without-included-gettext --enable-threads=posix --with-gxx-include-dir=/usr/include/c++/4.6 --libdir=/usr/lib --enable-nls --with-sysroot=/ --enable-clocale=gnu --enable-libstdcxx-debug --enable-libstdcxx-time=yes --enable-gnu-unique-object --enable-plugin --enable-objc-gc --enable-targets=all --disable-werror --with-arch-32=i686 --with-tune=generic --enable-checking=release --build=i686-linux-gnu --host=i686-linux-gnu --target=i686-linux-gnu
Thread model: posix
gcc version 4.6.3 (Ubuntu/Linaro 4.6.3-1ubuntu5) 
configure:2876: $? = 0
configure:2865: /usr/bin/gcc -V >&5
gcc: error: unrecognized option '-V'
gcc: fatal error: no input files
compilation terminated.
configure:2876: $? = 4
configure:2865: /usr/bin/gcc -qversion >&5
gcc: error: unrecognized option '-qversion'
gcc: fatal error: no input files
compilation terminated.
configure:2876: $? = 4
configure:2896: checking whether the C compiler works
configure:2918: /usr/bin/gcc -O2 -I/home/simon/GIT/buildroot-k3-current/output/host/usr/include -I/home/simon/GIT/buildroot-k3-current/output/host/usr/include -L/home/simon/GIT/buildroot-k3-current/output/host/lib -L/home/simon/GIT/buildroot-k3-current/output/host/usr/lib -Wl,-rpath,/home/simon/GIT/buildroot-k3-current/output/host/usr/lib conftest.c  >&5
configure:2922: $? = 0
configure:2970: result: yes
configure:2973: checking for C compiler default output file name
configure:2975: result: a.out
configure:2981: checking for suffix of executables
configure:2988: /usr/bin/gcc -o conftest -O2 -I/home/simon/GIT/buildroot-k3-current/output/host/usr/include -I/home/simon/GIT/buildroot-k3-current/output/host/usr/include -L/home/simon/GIT/buildroot-k3-current/output/host/lib -L/home/simon/GIT/buildroot-k3-current/output/host/usr/lib -Wl,-rpath,/home/simon/GIT/buildroot-k3-current/output/host/usr/lib conftest.c  >&5
configure:2992: $? = 0
configure:3014: result: 
configure:3036: checking whether we are cross compiling
configure:3044: /usr/bin/gcc -o conftest -O2 -I/home/simon/GIT/buildroot-k3-current/output/host/usr/include -I/home/simon/GIT/buildroot-k3-current/output/host/usr/include -L/home/simon/GIT/buildroot-k3-current/output/host/lib -L/home/simon/GIT/buildroot-k3-current/output/host/usr/lib -Wl,-rpath,/home/simon/GIT/buildroot-k3-current/output/host/usr/lib conftest.c  >&5
configure:3048: $? = 0
configure:3055: ./conftest
configure:3059: $? = 0
configure:3074: result: no
configure:3079: checking for suffix of object files
configure:3101: /usr/bin/gcc -c -O2 -I/home/simon/GIT/buildroot-k3-current/output/host/usr/include -I/home/simon/GIT/buildroot-k3-current/output/host/usr/include conftest.c >&5
configure:3105: $? = 0
configure:3126: result: o
configure:3130: checking whether we are using the GNU C compiler
configure:3149: /usr/bin/gcc -c -O2 -I/home/simon/GIT/buildroot-k3-current/output/host/usr/include -I/home/simon/GIT/buildroot-k3-current/output/host/usr/include conftest.c >&5
configure:3149: $? = 0
configure:3158: result: yes
configure:3167: checking whether /usr/bin/gcc accepts -g
configure:3187: /usr/bin/gcc -c -g -I/home/simon/GIT/buildroot-k3-current/output/host/usr/include conftest.c >&5
configure:3187: $? = 0
configure:3228: result: yes
configure:3245: checking for /usr/bin/gcc option to accept ISO C89
configure:3308: /usr/bin/gcc  -c -O2 -I/home/simon/GIT/buildroot-k3-current/output/host/usr/include -I/home/simon/GIT/buildroot-k3-current/output/host/usr/include conftest.c >&5
configure:3308: $? = 0
configure:3321: result: none needed
configure:3346: checking how to run the C preprocessor
configure:3416: result: /usr/bin/cpp
configure:3436: /usr/bin/cpp -I/home/simon/GIT/buildroot-k3-current/output/host/usr/include conftest.c
configure:3436: $? = 0
configure:3450: /usr/bin/cpp -I/home/simon/GIT/buildroot-k3-current/output/host/usr/include conftest.c
conftest.c:9:28: fatal error: ac_nonexistent.h: No such file or directory
compilation terminated.
configure:3450: $? = 1
configure: failed program was:
| /* confdefs.h */
| #define PACKAGE_NAME "FreeType"
| #define PACKAGE_TARNAME "freetype"
| #define PACKAGE_VERSION "2.4.10"
| #define PACKAGE_STRING "FreeType 2.4.10"
| #define PACKAGE_BUGREPORT "freetype@nongnu.org"
| #define PACKAGE_URL ""
| /* end confdefs.h.  */
| #include <ac_nonexistent.h>
configure:3644: checking for rm
configure:3660: found /bin/rm
configure:3671: result: rm -f
configure:3681: checking for rmdir
configure:3697: found /bin/rmdir
configure:3708: result: rmdir
configure:3736: checking for a BSD-compatible install
configure:3804: result: /usr/bin/install -c
configure:3828: checking for grep that handles long lines and -e
configure:3886: result: /bin/grep
configure:3891: checking for egrep
configure:3953: result: /bin/grep -E
configure:3958: checking for ANSI C header files
configure:3978: /usr/bin/gcc -c -O2 -I/home/simon/GIT/buildroot-k3-current/output/host/usr/include -I/home/simon/GIT/buildroot-k3-current/output/host/usr/include conftest.c >&5
configure:3978: $? = 0
configure:4051: /usr/bin/gcc -o conftest -O2 -I/home/simon/GIT/buildroot-k3-current/output/host/usr/include -I/home/simon/GIT/buildroot-k3-current/output/host/usr/include -L/home/simon/GIT/buildroot-k3-current/output/host/lib -L/home/simon/GIT/buildroot-k3-current/output/host/usr/lib -Wl,-rpath,/home/simon/GIT/buildroot-k3-current/output/host/usr/lib conftest.c  >&5
configure:4051: $? = 0
configure:4051: ./conftest
configure:4051: $? = 0
configure:4062: result: yes
configure:4075: checking for sys/types.h
configure:4075: /usr/bin/gcc -c -O2 -I/home/simon/GIT/buildroot-k3-current/output/host/usr/include -I/home/simon/GIT/buildroot-k3-current/output/host/usr/include conftest.c >&5
configure:4075: $? = 0
configure:4075: result: yes
configure:4075: checking for sys/stat.h
configure:4075: /usr/bin/gcc -c -O2 -I/home/simon/GIT/buildroot-k3-current/output/host/usr/include -I/home/simon/GIT/buildroot-k3-current/output/host/usr/include conftest.c >&5
configure:4075: $? = 0
configure:4075: result: yes
configure:4075: checking for stdlib.h
configure:4075: /usr/bin/gcc -c -O2 -I/home/simon/GIT/buildroot-k3-current/output/host/usr/include -I/home/simon/GIT/buildroot-k3-current/output/host/usr/include conftest.c >&5
configure:4075: $? = 0
configure:4075: result: yes
configure:4075: checking for string.h
configure:4075: /usr/bin/gcc -c -O2 -I/home/simon/GIT/buildroot-k3-current/output/host/usr/include -I/home/simon/GIT/buildroot-k3-current/output/host/usr/include conftest.c >&5
configure:4075: $? = 0
configure:4075: result: yes
configure:4075: checking for memory.h
configure:4075: /usr/bin/gcc -c -O2 -I/home/simon/GIT/buildroot-k3-current/output/host/usr/include -I/home/simon/GIT/buildroot-k3-current/output/host/usr/include conftest.c >&5
configure:4075: $? = 0
configure:4075: result: yes
configure:4075: checking for strings.h
configure:4075: /usr/bin/gcc -c -O2 -I/home/simon/GIT/buildroot-k3-current/output/host/usr/include -I/home/simon/GIT/buildroot-k3-current/output/host/usr/include conftest.c >&5
configure:4075: $? = 0
configure:4075: result: yes
configure:4075: checking for inttypes.h
configure:4075: /usr/bin/gcc -c -O2 -I/home/simon/GIT/buildroot-k3-current/output/host/usr/include -I/home/simon/GIT/buildroot-k3-current/output/host/usr/include conftest.c >&5
configure:4075: $? = 0
configure:4075: result: yes
configure:4075: checking for stdint.h
configure:4075: /usr/bin/gcc -c -O2 -I/home/simon/GIT/buildroot-k3-current/output/host/usr/include -I/home/simon/GIT/buildroot-k3-current/output/host/usr/include conftest.c >&5
configure:4075: $? = 0
configure:4075: result: yes
configure:4075: checking for unistd.h
configure:4075: /usr/bin/gcc -c -O2 -I/home/simon/GIT/buildroot-k3-current/output/host/usr/include -I/home/simon/GIT/buildroot-k3-current/output/host/usr/include conftest.c >&5
configure:4075: $? = 0
configure:4075: result: yes
configure:4090: checking fcntl.h usability
configure:4090: /usr/bin/gcc -c -O2 -I/home/simon/GIT/buildroot-k3-current/output/host/usr/include -I/home/simon/GIT/buildroot-k3-current/output/host/usr/include conftest.c >&5
configure:4090: $? = 0
configure:4090: result: yes
configure:4090: checking fcntl.h presence
configure:4090: /usr/bin/cpp -I/home/simon/GIT/buildroot-k3-current/output/host/usr/include conftest.c
configure:4090: $? = 0
configure:4090: result: yes
configure:4090: checking for fcntl.h
configure:4090: result: yes
configure:4090: checking for unistd.h
configure:4090: result: yes
configure:4104: checking for an ANSI C-conforming const
configure:4170: /usr/bin/gcc -c -O2 -I/home/simon/GIT/buildroot-k3-current/output/host/usr/include -I/home/simon/GIT/buildroot-k3-current/output/host/usr/include conftest.c >&5
configure:4170: $? = 0
configure:4177: result: yes
configure:4189: checking size of int
configure:4194: /usr/bin/gcc -o conftest -O2 -I/home/simon/GIT/buildroot-k3-current/output/host/usr/include -I/home/simon/GIT/buildroot-k3-current/output/host/usr/include -L/home/simon/GIT/buildroot-k3-current/output/host/lib -L/home/simon/GIT/buildroot-k3-current/output/host/usr/lib -Wl,-rpath,/home/simon/GIT/buildroot-k3-current/output/host/usr/lib conftest.c  >&5
configure:4194: $? = 0
configure:4194: ./conftest
configure:4194: $? = 0
configure:4208: result: 4
configure:4222: checking size of long
configure:4227: /usr/bin/gcc -o conftest -O2 -I/home/simon/GIT/buildroot-k3-current/output/host/usr/include -I/home/simon/GIT/buildroot-k3-current/output/host/usr/include -L/home/simon/GIT/buildroot-k3-current/output/host/lib -L/home/simon/GIT/buildroot-k3-current/output/host/usr/lib -Wl,-rpath,/home/simon/GIT/buildroot-k3-current/output/host/usr/lib conftest.c  >&5
configure:4227: $? = 0
configure:4227: ./conftest
configure:4227: $? = 0
configure:4241: result: 4
configure:4255: checking whether cpp computation of bit length in ftconfig.in works
configure:4306: result: yes
configure:4344: checking for stdlib.h
configure:4344: result: yes
configure:4344: checking for unistd.h
configure:4344: result: yes
configure:4344: checking for sys/param.h
configure:4344: /usr/bin/gcc -c -O2 -I/home/simon/GIT/buildroot-k3-current/output/host/usr/include -I/home/simon/GIT/buildroot-k3-current/output/host/usr/include conftest.c >&5
configure:4344: $? = 0
configure:4344: result: yes
configure:4364: checking for getpagesize
configure:4364: /usr/bin/gcc -o conftest -O2 -I/home/simon/GIT/buildroot-k3-current/output/host/usr/include -I/home/simon/GIT/buildroot-k3-current/output/host/usr/include -L/home/simon/GIT/buildroot-k3-current/output/host/lib -L/home/simon/GIT/buildroot-k3-current/output/host/usr/lib -Wl,-rpath,/home/simon/GIT/buildroot-k3-current/output/host/usr/lib conftest.c  >&5
configure:4364: $? = 0
configure:4364: result: yes
configure:4373: checking for working mmap
configure:4520: /usr/bin/gcc -o conftest -O2 -I/home/simon/GIT/buildroot-k3-current/output/host/usr/include -I/home/simon/GIT/buildroot-k3-current/output/host/usr/include -L/home/simon/GIT/buildroot-k3-current/output/host/lib -L/home/simon/GIT/buildroot-k3-current/output/host/usr/lib -Wl,-rpath,/home/simon/GIT/buildroot-k3-current/output/host/usr/lib conftest.c  >&5
configure:4520: $? = 0
configure:4520: ./conftest
configure:4520: $? = 0
configure:4530: result: yes
configure:4546: checking whether munmap is declared
configure:4546: /usr/bin/gcc -c -O2 -I/home/simon/GIT/buildroot-k3-current/output/host/usr/include -I/home/simon/GIT/buildroot-k3-current/output/host/usr/include conftest.c >&5
configure:4546: $? = 0
configure:4546: result: yes
configure:4566: checking for munmap's first parameter type
configure:4580: /usr/bin/gcc -c -O2 -I/home/simon/GIT/buildroot-k3-current/output/host/usr/include -I/home/simon/GIT/buildroot-k3-current/output/host/usr/include conftest.c >&5
configure:4580: $? = 0
configure:4581: result: void *
configure:4598: checking for memcpy
configure:4598: /usr/bin/gcc -o conftest -O2 -I/home/simon/GIT/buildroot-k3-current/output/host/usr/include -I/home/simon/GIT/buildroot-k3-current/output/host/usr/include -L/home/simon/GIT/buildroot-k3-current/output/host/lib -L/home/simon/GIT/buildroot-k3-current/output/host/usr/lib -Wl,-rpath,/home/simon/GIT/buildroot-k3-current/output/host/usr/lib conftest.c  >&5
conftest.c:53:6: warning: conflicting types for built-in function 'memcpy' [enabled by default]
configure:4598: $? = 0
configure:4598: result: yes
configure:4598: checking for memmove
configure:4598: /usr/bin/gcc -o conftest -O2 -I/home/simon/GIT/buildroot-k3-current/output/host/usr/include -I/home/simon/GIT/buildroot-k3-current/output/host/usr/include -L/home/simon/GIT/buildroot-k3-current/output/host/lib -L/home/simon/GIT/buildroot-k3-current/output/host/usr/lib -Wl,-rpath,/home/simon/GIT/buildroot-k3-current/output/host/usr/lib conftest.c  >&5
conftest.c:54:6: warning: conflicting types for built-in function 'memmove' [enabled by default]
configure:4598: $? = 0
configure:4598: result: yes
configure:4621: checking gcc compiler flag -pedantic to assure ANSI C works correctly
configure:4638: /usr/bin/gcc -c -O2 -I/home/simon/GIT/buildroot-k3-current/output/host/usr/include  -pedantic -I/home/simon/GIT/buildroot-k3-current/output/host/usr/include conftest.c >&5
configure:4638: $? = 0
configure:4640: result: ok, add it to XX_ANSIFLAGS
configure:4621: checking gcc compiler flag -ansi to assure ANSI C works correctly
configure:4638: /usr/bin/gcc -c -O2 -I/home/simon/GIT/buildroot-k3-current/output/host/usr/include  -pedantic -ansi -I/home/simon/GIT/buildroot-k3-current/output/host/usr/include conftest.c >&5
configure:4638: $? = 0
configure:4640: result: ok, add it to XX_ANSIFLAGS
configure:4680: checking for gzsetparams in -lz
configure:4705: /usr/bin/gcc -o conftest -O2 -I/home/simon/GIT/buildroot-k3-current/output/host/usr/include -I/home/simon/GIT/buildroot-k3-current/output/host/usr/include -L/home/simon/GIT/buildroot-k3-current/output/host/lib -L/home/simon/GIT/buildroot-k3-current/output/host/usr/lib -Wl,-rpath,/home/simon/GIT/buildroot-k3-current/output/host/usr/lib conftest.c -lz   >&5
configure:4705: $? = 0
configure:4714: result: yes
configure:4717: checking zlib.h usability
configure:4717: /usr/bin/gcc -c -O2 -I/home/simon/GIT/buildroot-k3-current/output/host/usr/include -I/home/simon/GIT/buildroot-k3-current/output/host/usr/include conftest.c >&5
configure:4717: $? = 0
configure:4717: result: yes
configure:4717: checking zlib.h presence
configure:4717: /usr/bin/cpp -I/home/simon/GIT/buildroot-k3-current/output/host/usr/include conftest.c
configure:4717: $? = 0
configure:4717: result: yes
configure:4717: checking for zlib.h
configure:4717: result: yes
configure:4742: checking for BZ2_bzDecompress in -lbz2
configure:4767: /usr/bin/gcc -o conftest -O2 -I/home/simon/GIT/buildroot-k3-current/output/host/usr/include -DFT_CONFIG_OPTION_SYSTEM_ZLIB -I/home/simon/GIT/buildroot-k3-current/output/host/usr/include -L/home/simon/GIT/buildroot-k3-current/output/host/lib -L/home/simon/GIT/buildroot-k3-current/output/host/usr/lib -Wl,-rpath,/home/simon/GIT/buildroot-k3-current/output/host/usr/lib -lz conftest.c -lbz2   >&5
/usr/bin/ld: cannot find -lbz2
collect2: ld returned 1 exit status
configure:4767: $? = 1
configure: failed program was:
| /* confdefs.h */
| #define PACKAGE_NAME "FreeType"
| #define PACKAGE_TARNAME "freetype"
| #define PACKAGE_VERSION "2.4.10"
| #define PACKAGE_STRING "FreeType 2.4.10"
| #define PACKAGE_BUGREPORT "freetype@nongnu.org"
| #define PACKAGE_URL ""
| #define STDC_HEADERS 1
| #define HAVE_SYS_TYPES_H 1
| #define HAVE_SYS_STAT_H 1
| #define HAVE_STDLIB_H 1
| #define HAVE_STRING_H 1
| #define HAVE_MEMORY_H 1
| #define HAVE_STRINGS_H 1
| #define HAVE_INTTYPES_H 1
| #define HAVE_STDINT_H 1
| #define HAVE_UNISTD_H 1
| #define HAVE_FCNTL_H 1
| #define HAVE_UNISTD_H 1
| #define SIZEOF_INT 4
| #define SIZEOF_LONG 4
| #define HAVE_STDLIB_H 1
| #define HAVE_UNISTD_H 1
| #define HAVE_SYS_PARAM_H 1
| #define HAVE_GETPAGESIZE 1
| #define HAVE_MMAP 1
| #define HAVE_DECL_MUNMAP 1
| #define MUNMAP_USES_VOIDP /**/
| #define HAVE_MEMCPY 1
| #define HAVE_MEMMOVE 1
| /* end confdefs.h.  */
| 
| /* Override any GCC internal prototype to avoid an error.
|    Use char because int might match the return type of a GCC
|    builtin and then its argument prototype would still apply.  */
| #ifdef __cplusplus
| extern "C"
| #endif
| char BZ2_bzDecompress ();
| int
| main ()
| {
| return BZ2_bzDecompress ();
|   ;
|   return 0;
| }
configure:4776: result: no
configure:5428: checking how to print strings
configure:5455: result: printf
configure:5476: checking for a sed that does not truncate output
configure:5540: result: /bin/sed
configure:5558: checking for fgrep
configure:5620: result: /bin/grep -F
configure:5655: checking for ld used by /usr/bin/gcc
configure:5722: result: /usr/bin/ld
configure:5729: checking if the linker (/usr/bin/ld) is GNU ld
configure:5744: result: yes
configure:5756: checking for BSD- or MS-compatible name lister (nm)
configure:5805: result: /usr/bin/nm
configure:5935: checking the name lister (/usr/bin/nm) interface
configure:5942: /usr/bin/gcc -c -O2 -I/home/simon/GIT/buildroot-k3-current/output/host/usr/include -DFT_CONFIG_OPTION_SYSTEM_ZLIB -I/home/simon/GIT/buildroot-k3-current/output/host/usr/include conftest.c >&5
configure:5945: /usr/bin/nm "conftest.o"
configure:5948: output
00000000 B some_variable
configure:5955: result: BSD nm
configure:5958: checking whether ln -s works
configure:5962: result: yes
configure:5970: checking the maximum length of command line arguments
configure:6100: result: 805306365
configure:6117: checking whether the shell understands some XSI constructs
configure:6127: result: yes
configure:6131: checking whether the shell understands "+="
configure:6137: result: yes
configure:6172: checking how to convert i686-pc-linux-gnu file names to i686-pc-linux-gnu format
configure:6212: result: func_convert_file_noop
configure:6219: checking how to convert i686-pc-linux-gnu file names to toolchain format
configure:6239: result: func_convert_file_noop
configure:6246: checking for /usr/bin/ld option to reload object files
configure:6253: result: -r
configure:6327: checking for objdump
configure:6343: found /usr/bin/objdump
configure:6354: result: objdump
configure:6383: checking how to recognize dependent libraries
configure:6585: result: pass_all
configure:6670: checking for dlltool
configure:6700: result: no
configure:6727: checking how to associate runtime and link libraries
configure:6754: result: printf %s\n
configure:6878: checking for archiver @FILE support
configure:6895: /usr/bin/gcc -c -O2 -I/home/simon/GIT/buildroot-k3-current/output/host/usr/include -DFT_CONFIG_OPTION_SYSTEM_ZLIB -I/home/simon/GIT/buildroot-k3-current/output/host/usr/include conftest.c >&5
configure:6895: $? = 0
configure:6898: /usr/bin/ar cru libconftest.a @conftest.lst >&5
configure:6901: $? = 0
configure:6906: /usr/bin/ar cru libconftest.a @conftest.lst >&5
/usr/bin/ar: conftest.o: No such file or directory
configure:6909: $? = 1
configure:6921: result: @
configure:6979: checking for strip
configure:6995: found /usr/bin/strip
configure:7006: result: strip
configure:7078: checking for ranlib
configure:7094: found /usr/bin/ranlib
configure:7105: result: ranlib
configure:7182: checking for gawk
configure:7198: found /usr/bin/gawk
configure:7209: result: gawk
configure:7249: checking command to parse /usr/bin/nm output from /usr/bin/gcc object
configure:7369: /usr/bin/gcc -c -O2 -I/home/simon/GIT/buildroot-k3-current/output/host/usr/include -DFT_CONFIG_OPTION_SYSTEM_ZLIB -I/home/simon/GIT/buildroot-k3-current/output/host/usr/include conftest.c >&5
configure:7372: $? = 0
configure:7376: /usr/bin/nm conftest.o \| sed -n -e 's/^.*[ ]\([ABCDGIRSTW][ABCDGIRSTW]*\)[ ][ ]*\([_A-Za-z][_A-Za-z0-9]*\)$/\1 \2 \2/p' | sed '/ __gnu_lto/d' \> conftest.nm
configure:7379: $? = 0
configure:7445: /usr/bin/gcc -o conftest -O2 -I/home/simon/GIT/buildroot-k3-current/output/host/usr/include -DFT_CONFIG_OPTION_SYSTEM_ZLIB -I/home/simon/GIT/buildroot-k3-current/output/host/usr/include -L/home/simon/GIT/buildroot-k3-current/output/host/lib -L/home/simon/GIT/buildroot-k3-current/output/host/usr/lib -Wl,-rpath,/home/simon/GIT/buildroot-k3-current/output/host/usr/lib -lz conftest.c conftstm.o >&5
configure:7448: $? = 0
configure:7486: result: ok
configure:7523: checking for sysroot
configure:7553: result: no
configure:7809: checking for mt
configure:7825: found /bin/mt
configure:7836: result: mt
configure:7859: checking if mt is a manifest tool
configure:7865: mt '-?'
configure:7873: result: no
configure:8512: checking for dlfcn.h
configure:8512: /usr/bin/gcc -c -O2 -I/home/simon/GIT/buildroot-k3-current/output/host/usr/include -DFT_CONFIG_OPTION_SYSTEM_ZLIB -I/home/simon/GIT/buildroot-k3-current/output/host/usr/include conftest.c >&5
configure:8512: $? = 0
configure:8512: result: yes
configure:9016: checking for objdir
configure:9031: result: .libs
configure:9298: checking if /usr/bin/gcc supports -fno-rtti -fno-exceptions
configure:9316: /usr/bin/gcc -c -O2 -I/home/simon/GIT/buildroot-k3-current/output/host/usr/include -DFT_CONFIG_OPTION_SYSTEM_ZLIB -I/home/simon/GIT/buildroot-k3-current/output/host/usr/include -fno-rtti -fno-exceptions conftest.c >&5
cc1: warning: command line option '-fno-rtti' is valid for C++/ObjC++ but not for C [enabled by default]
configure:9320: $? = 0
configure:9333: result: no
configure:9660: checking for /usr/bin/gcc option to produce PIC
configure:9667: result: -fPIC -DPIC
configure:9675: checking if /usr/bin/gcc PIC flag -fPIC -DPIC works
configure:9693: /usr/bin/gcc -c -O2 -I/home/simon/GIT/buildroot-k3-current/output/host/usr/include -DFT_CONFIG_OPTION_SYSTEM_ZLIB -I/home/simon/GIT/buildroot-k3-current/output/host/usr/include -fPIC -DPIC -DPIC conftest.c >&5
configure:9697: $? = 0
configure:9710: result: yes
configure:9739: checking if /usr/bin/gcc static flag -static works
configure:9767: result: yes
configure:9782: checking if /usr/bin/gcc supports -c -o file.o
configure:9803: /usr/bin/gcc -c -O2 -I/home/simon/GIT/buildroot-k3-current/output/host/usr/include -DFT_CONFIG_OPTION_SYSTEM_ZLIB -I/home/simon/GIT/buildroot-k3-current/output/host/usr/include -o out/conftest2.o conftest.c >&5
configure:9807: $? = 0
configure:9829: result: yes
configure:9837: checking if /usr/bin/gcc supports -c -o file.o
configure:9884: result: yes
configure:9917: checking whether the /usr/bin/gcc linker (/usr/bin/ld) supports shared libraries
configure:11070: result: yes
configure:11107: checking whether -lc should be explicitly linked in
configure:11115: /usr/bin/gcc -c -O2 -I/home/simon/GIT/buildroot-k3-current/output/host/usr/include -DFT_CONFIG_OPTION_SYSTEM_ZLIB -I/home/simon/GIT/buildroot-k3-current/output/host/usr/include conftest.c >&5
configure:11118: $? = 0
configure:11133: /usr/bin/gcc -shared  -fPIC -DPIC conftest.o  -v -Wl,-soname -Wl,conftest -o conftest 2\>\&1 \| /bin/grep  -lc  \>/dev/null 2\>\&1
configure:11136: $? = 0
configure:11150: result: no
configure:11310: checking dynamic linker characteristics
configure:11821: /usr/bin/gcc -o conftest -O2 -I/home/simon/GIT/buildroot-k3-current/output/host/usr/include -DFT_CONFIG_OPTION_SYSTEM_ZLIB -I/home/simon/GIT/buildroot-k3-current/output/host/usr/include -L/home/simon/GIT/buildroot-k3-current/output/host/lib -L/home/simon/GIT/buildroot-k3-current/output/host/usr/lib -Wl,-rpath,/home/simon/GIT/buildroot-k3-current/output/host/usr/lib -lz -Wl,-rpath -Wl,/foo conftest.c  >&5
configure:11821: $? = 0
configure:12043: result: GNU/Linux ld.so
configure:12150: checking how to hardcode library paths into programs
configure:12175: result: immediate
configure:12715: checking whether stripping libraries is possible
configure:12720: result: yes
configure:12755: checking if libtool supports shared libraries
configure:12757: result: yes
configure:12760: checking whether to build shared libraries
configure:12781: result: yes
configure:12784: checking whether to build static libraries
configure:12788: result: no
configure:12963: creating ./config.status

## ---------------------- ##
## Running config.status. ##
## ---------------------- ##

This file was extended by FreeType config.status 2.4.10, which was
generated by GNU Autoconf 2.69.  Invocation command line was

  CONFIG_FILES    = 
  CONFIG_HEADERS  = 
  CONFIG_LINKS    = 
  CONFIG_COMMANDS = 
  $ ./config.status 

on dev

config.status:1077: creating unix-cc.mk
config.status:1077: creating unix-def.mk
config.status:1077: creating freetype-config
config.status:1077: creating freetype2.pc
config.status:1077: creating ftconfig.h
config.status:1266: executing libtool commands

## ---------------- ##
## Cache variables. ##
## ---------------- ##

ac_cv_build=i686-pc-linux-gnu
ac_cv_c_compiler_gnu=yes
ac_cv_c_const=yes
ac_cv_env_CC_set=set
ac_cv_env_CC_value=/usr/bin/gcc
ac_cv_env_CFLAGS_set=set
ac_cv_env_CFLAGS_value='-O2 -I/home/simon/GIT/buildroot-k3-current/output/host/usr/include'
ac_cv_env_CPPFLAGS_set=set
ac_cv_env_CPPFLAGS_value=-I/home/simon/GIT/buildroot-k3-current/output/host/usr/include
ac_cv_env_CPP_set=set
ac_cv_env_CPP_value=/usr/bin/cpp
ac_cv_env_LDFLAGS_set=set
ac_cv_env_LDFLAGS_value='-L/home/simon/GIT/buildroot-k3-current/output/host/lib -L/home/simon/GIT/buildroot-k3-current/output/host/usr/lib -Wl,-rpath,/home/simon/GIT/buildroot-k3-current/output/host/usr/lib'
ac_cv_env_LIBS_set=
ac_cv_env_LIBS_value=
ac_cv_env_build_alias_set=
ac_cv_env_build_alias_value=
ac_cv_env_host_alias_set=
ac_cv_env_host_alias_value=
ac_cv_env_target_alias_set=
ac_cv_env_target_alias_value=
ac_cv_func_getpagesize=yes
ac_cv_func_memcpy=yes
ac_cv_func_memmove=yes
ac_cv_func_mmap_fixed_mapped=yes
ac_cv_have_decl_munmap=yes
ac_cv_header_dlfcn_h=yes
ac_cv_header_fcntl_h=yes
ac_cv_header_inttypes_h=yes
ac_cv_header_memory_h=yes
ac_cv_header_stdc=yes
ac_cv_header_stdint_h=yes
ac_cv_header_stdlib_h=yes
ac_cv_header_string_h=yes
ac_cv_header_strings_h=yes
ac_cv_header_sys_param_h=yes
ac_cv_header_sys_stat_h=yes
ac_cv_header_sys_types_h=yes
ac_cv_header_unistd_h=yes
ac_cv_header_zlib_h=yes
ac_cv_host=i686-pc-linux-gnu
ac_cv_lib_bz2_BZ2_bzDecompress=no
ac_cv_lib_z_gzsetparams=yes
ac_cv_objext=o
ac_cv_path_EGREP='/bin/grep -E'
ac_cv_path_FGREP='/bin/grep -F'
ac_cv_path_GREP=/bin/grep
ac_cv_path_SED=/bin/sed
ac_cv_path_install='/usr/bin/install -c'
ac_cv_prog_AWK=gawk
ac_cv_prog_CPP=/usr/bin/cpp
ac_cv_prog_RMDIR=rmdir
ac_cv_prog_RMF='rm -f'
ac_cv_prog_ac_ct_CC=/usr/bin/gcc
ac_cv_prog_ac_ct_MANIFEST_TOOL=mt
ac_cv_prog_ac_ct_OBJDUMP=objdump
ac_cv_prog_ac_ct_RANLIB=ranlib
ac_cv_prog_ac_ct_STRIP=strip
ac_cv_prog_cc_c89=
ac_cv_prog_cc_g=yes
ac_cv_sizeof_int=4
ac_cv_sizeof_long=4
lt_cv_ar_at_file=@
lt_cv_archive_cmds_need_lc=no
lt_cv_deplibs_check_method=pass_all
lt_cv_file_magic_cmd='$MAGIC_CMD'
lt_cv_file_magic_test_file=
lt_cv_ld_reload_flag=-r
lt_cv_nm_interface='BSD nm'
lt_cv_objdir=.libs
lt_cv_path_LD=/usr/bin/ld
lt_cv_path_NM=/usr/bin/nm
lt_cv_path_mainfest_tool=no
lt_cv_prog_compiler_c_o=yes
lt_cv_prog_compiler_pic='-fPIC -DPIC'
lt_cv_prog_compiler_pic_works=yes
lt_cv_prog_compiler_rtti_exceptions=no
lt_cv_prog_compiler_static_works=yes
lt_cv_prog_gnu_ld=yes
lt_cv_sharedlib_from_linklib_cmd='printf %s\n'
lt_cv_shlibpath_overrides_runpath=no
lt_cv_sys_global_symbol_pipe='sed -n -e '\''s/^.*[	 ]\([ABCDGIRSTW][ABCDGIRSTW]*\)[	 ][	 ]*\([_A-Za-z][_A-Za-z0-9]*\)$/\1 \2 \2/p'\'' | sed '\''/ __gnu_lto/d'\'''
lt_cv_sys_global_symbol_to_c_name_address='sed -n -e '\''s/^: \([^ ]*\)[ ]*$/  {\"\1\", (void *) 0},/p'\'' -e '\''s/^[ABCDGIRSTW]* \([^ ]*\) \([^ ]*\)$/  {"\2", (void *) \&\2},/p'\'''
lt_cv_sys_global_symbol_to_c_name_address_lib_prefix='sed -n -e '\''s/^: \([^ ]*\)[ ]*$/  {\"\1\", (void *) 0},/p'\'' -e '\''s/^[ABCDGIRSTW]* \([^ ]*\) \(lib[^ ]*\)$/  {"\2", (void *) \&\2},/p'\'' -e '\''s/^[ABCDGIRSTW]* \([^ ]*\) \([^ ]*\)$/  {"lib\2", (void *) \&\2},/p'\'''
lt_cv_sys_global_symbol_to_cdecl='sed -n -e '\''s/^T .* \(.*\)$/extern int \1();/p'\'' -e '\''s/^[ABCDGIRSTW]* .* \(.*\)$/extern char \1;/p'\'''
lt_cv_sys_max_cmd_len=805306365
lt_cv_to_host_file_cmd=func_convert_file_noop
lt_cv_to_tool_file_cmd=func_convert_file_noop

## ----------------- ##
## Output variables. ##
## ----------------- ##

AR='/usr/bin/ar'
AS='/usr/bin/as'
AWK='gawk'
CC='/usr/bin/gcc'
CC_BUILD='/usr/bin/gcc'
CFLAGS='-O2 -I/home/simon/GIT/buildroot-k3-current/output/host/usr/include -DFT_CONFIG_OPTION_SYSTEM_ZLIB'
CPP='/usr/bin/cpp'
CPPFLAGS='-I/home/simon/GIT/buildroot-k3-current/output/host/usr/include'
DEFS='-DHAVE_CONFIG_H'
DLLTOOL='false'
DSYMUTIL=''
DUMPBIN=''
ECHO_C=''
ECHO_N='-n'
ECHO_T=''
EGREP='/bin/grep -E'
EXEEXT=''
EXEEXT_BUILD=''
FGREP='/bin/grep -F'
FT2_EXTRA_LIBS=''
FTSYS_SRC='$(BUILD_DIR)/ftsystem.c'
GREP='/bin/grep'
INSTALL_DATA='${INSTALL} -m 644'
INSTALL_PROGRAM='${INSTALL}'
INSTALL_SCRIPT='${INSTALL}'
LD='/usr/bin/ld'
LDFLAGS='-L/home/simon/GIT/buildroot-k3-current/output/host/lib -L/home/simon/GIT/buildroot-k3-current/output/host/usr/lib -Wl,-rpath,/home/simon/GIT/buildroot-k3-current/output/host/usr/lib -lz'
LIBBZ2=''
LIBOBJS=''
LIBS=''
LIBTOOL='$(SHELL) $(top_builddir)/libtool'
LIBZ='-lz'
LIPO=''
LN_S='ln -s'
LTLIBOBJS=''
MANIFEST_TOOL=':'
NM='/usr/bin/nm'
NMEDIT=''
OBJDUMP='objdump'
OBJEXT='o'
OTOOL64=''
OTOOL=''
PACKAGE_BUGREPORT='freetype@nongnu.org'
PACKAGE_NAME='FreeType'
PACKAGE_STRING='FreeType 2.4.10'
PACKAGE_TARNAME='freetype'
PACKAGE_URL=''
PACKAGE_VERSION='2.4.10'
PATH_SEPARATOR=':'
RANLIB='ranlib'
RMDIR='rmdir'
RMF='rm -f'
SED='/bin/sed'
SHELL='/bin/sh'
STRIP='strip'
SYSTEM_ZLIB='yes'
XX_ANSIFLAGS=' -pedantic -ansi'
XX_CFLAGS='-Wall'
ac_ct_AR=''
ac_ct_CC='/usr/bin/gcc'
ac_ct_DUMPBIN=''
bindir='${exec_prefix}/bin'
build='i686-pc-linux-gnu'
build_alias=''
build_cpu='i686'
build_libtool_libs=''
build_os='linux-gnu'
build_vendor='pc'
datadir='${datarootdir}'
datarootdir='${prefix}/share'
docdir='${datarootdir}/doc/${PACKAGE_TARNAME}'
dvidir='${docdir}'
exec_prefix='${prefix}'
ft_version='15.0.9'
ftmac_c=''
hardcode_libdir_flag_spec='${wl}-rpath ${wl}$libdir'
host='i686-pc-linux-gnu'
host_alias=''
host_cpu='i686'
host_os='linux-gnu'
host_vendor='pc'
htmldir='${docdir}'
includedir='${prefix}/include'
infodir='${datarootdir}/info'
libdir='${exec_prefix}/lib'
libexecdir='${exec_prefix}/libexec'
localedir='${datarootdir}/locale'
localstatedir='${prefix}/var'
mandir='${datarootdir}/man'
oldincludedir='/usr/include'
pdfdir='${docdir}'
prefix='/home/simon/GIT/buildroot-k3-current/output/host/usr'
program_transform_name='s,x,x,'
psdir='${docdir}'
sbindir='${exec_prefix}/sbin'
sharedstatedir='${prefix}/com'
sysconfdir='/home/simon/GIT/buildroot-k3-current/output/host/etc'
target_alias=''
version_info='15:0:9'
wl='-Wl,'

## ----------- ##
## confdefs.h. ##
## ----------- ##

/* confdefs.h */
#define PACKAGE_NAME "FreeType"
#define PACKAGE_TARNAME "freetype"
#define PACKAGE_VERSION "2.4.10"
#define PACKAGE_STRING "FreeType 2.4.10"
#define PACKAGE_BUGREPORT "freetype@nongnu.org"
#define PACKAGE_URL ""
#define STDC_HEADERS 1
#define HAVE_SYS_TYPES_H 1
#define HAVE_SYS_STAT_H 1
#define HAVE_STDLIB_H 1
#define HAVE_STRING_H 1
#define HAVE_MEMORY_H 1
#define HAVE_STRINGS_H 1
#define HAVE_INTTYPES_H 1
#define HAVE_STDINT_H 1
#define HAVE_UNISTD_H 1
#define HAVE_FCNTL_H 1
#define HAVE_UNISTD_H 1
#define SIZEOF_INT 4
#define SIZEOF_LONG 4
#define HAVE_STDLIB_H 1
#define HAVE_UNISTD_H 1
#define HAVE_SYS_PARAM_H 1
#define HAVE_GETPAGESIZE 1
#define HAVE_MMAP 1
#define HAVE_DECL_MUNMAP 1
#define MUNMAP_USES_VOIDP /**/
#define HAVE_MEMCPY 1
#define HAVE_MEMMOVE 1
#define HAVE_DLFCN_H 1
#define LT_OBJDIR ".libs/"

configure: exit 0
