This file contains any messages produced by compilers while
running configure, to aid debugging if configure makes a mistake.

It was created by matchbox-panel configure 0.9.3, which was
generated by GNU Autoconf 2.59.  Invocation command line was

  $ ./configure --target=arm-buildroot-linux-gnueabi --host=arm-buildroot-linux-gnueabi --build=i686-pc-linux-gnu --prefix=/usr --exec-prefix=/usr --sysconfdir=/etc --program-prefix= --disable-gtk-doc --enable-ipv6 --enable-static --enable-shared --enable-expat --disable-startup-notification

## --------- ##
## Platform. ##
## --------- ##

hostname = dev
uname -m = i686
uname -r = 3.2.0-33-generic
uname -s = Linux
uname -v = #52-Ubuntu SMP Thu Oct 18 16:19:45 UTC 2012

/usr/bin/uname -p = unknown
/bin/uname -X     = unknown

/bin/arch              = unknown
/usr/bin/arch -k       = unknown
/usr/convex/getsysinfo = unknown
hostinfo               = unknown
/bin/machine           = unknown
/usr/bin/oslevel       = unknown
/bin/universe          = unknown

PATH: /home/simon/GIT/buildroot-k3-current/output/host/bin
PATH: /home/simon/GIT/buildroot-k3-current/output/host/usr/bin
PATH: /home/simon/GIT/buildroot-k3-current/output/host/usr/sbin/
PATH: /home/simon/bin
PATH: /usr/local/sbin
PATH: /usr/local/bin
PATH: /usr/sbin
PATH: /usr/bin
PATH: /sbin
PATH: /bin
PATH: /usr/games


## ----------- ##
## Core tests. ##
## ----------- ##

configure:1388: checking for a BSD-compatible install
configure:1443: result: /usr/bin/install -c
configure:1454: checking whether build environment is sane
configure:1497: result: yes
configure:1562: checking for gawk
configure:1578: found /usr/bin/gawk
configure:1588: result: gawk
configure:1598: checking whether make sets $(MAKE)
configure:1618: result: yes
configure:1694: checking for arm-buildroot-linux-gnueabi-strip
configure:1720: result: /home/simon/GIT/buildroot-k3-current/output/host/usr/bin/arm-none-linux-gnueabi-strip
configure:1786: checking whether to enable maintainer-specific portions of Makefiles
configure:1795: result: no
configure:1828: checking for arm-buildroot-linux-gnueabi-gcc
configure:1854: result: /home/simon/GIT/buildroot-k3-current/output/host/usr/bin/arm-none-linux-gnueabi-gcc
configure:2136: checking for C compiler version
configure:2139: /home/simon/GIT/buildroot-k3-current/output/host/usr/bin/arm-none-linux-gnueabi-gcc --version </dev/null >&5
arm-none-linux-gnueabi-gcc (CodeSourcery Sourcery G++ Lite 2007q3-51) 4.2.1
Copyright (C) 2007 Free Software Foundation, Inc.
This is free software; see the source for copying conditions.  There is NO
warranty; not even for MERCHANTABILITY or FITNESS FOR A PARTICULAR PURPOSE.

configure:2142: $? = 0
configure:2144: /home/simon/GIT/buildroot-k3-current/output/host/usr/bin/arm-none-linux-gnueabi-gcc -v </dev/null >&5
Using built-in specs.
Target: arm-none-linux-gnueabi
Configured with: /scratch/paul/lite/linux/src/gcc-4.2/configure --build=i686-pc-linux-gnu --host=i686-pc-linux-gnu --target=arm-none-linux-gnueabi --enable-threads --disable-libmudflap --disable-libssp --disable-libgomp --disable-libstdcxx-pch --with-gnu-as --with-gnu-ld --enable-languages=c,c++ --enable-shared --enable-symvers=gnu --enable-__cxa_atexit --with-pkgversion=CodeSourcery Sourcery G++ Lite 2007q3-51 --with-bugurl=https://support.codesourcery.com/GNUToolchain/ --disable-nls --prefix=/opt/codesourcery --with-sysroot=/opt/codesourcery/arm-none-linux-gnueabi/libc --with-build-sysroot=/scratch/paul/lite/linux/install/arm-none-linux-gnueabi/libc --enable-poison-system-directories --with-build-time-tools=/scratch/paul/lite/linux/install/arm-none-linux-gnueabi/bin --with-build-time-tools=/scratch/paul/lite/linux/install/arm-none-linux-gnueabi/bin
Thread model: posix
gcc version 4.2.1 (CodeSourcery Sourcery G++ Lite 2007q3-51)
configure:2147: $? = 0
configure:2149: /home/simon/GIT/buildroot-k3-current/output/host/usr/bin/arm-none-linux-gnueabi-gcc -V </dev/null >&5
arm-none-linux-gnueabi-gcc: '-V' must come at the start of the command line
configure:2152: $? = 1
configure:2175: checking for C compiler default output file name
configure:2178: /home/simon/GIT/buildroot-k3-current/output/host/usr/bin/arm-none-linux-gnueabi-gcc -D_LARGEFILE_SOURCE -D_LARGEFILE64_SOURCE -D_FILE_OFFSET_BITS=64  -pipe -U_FORTIFY_SOURCE -fno-stack-protector -fomit-frame-pointer -fPIC -O2  -D_LARGEFILE_SOURCE -D_LARGEFILE64_SOURCE -D_FILE_OFFSET_BITS=64  conftest.c  >&5
configure:2181: $? = 0
configure:2227: result: a.out
configure:2232: checking whether the C compiler works
configure:2258: result: yes
configure:2265: checking whether we are cross compiling
configure:2267: result: yes
configure:2270: checking for suffix of executables
configure:2272: /home/simon/GIT/buildroot-k3-current/output/host/usr/bin/arm-none-linux-gnueabi-gcc -o conftest -D_LARGEFILE_SOURCE -D_LARGEFILE64_SOURCE -D_FILE_OFFSET_BITS=64  -pipe -U_FORTIFY_SOURCE -fno-stack-protector -fomit-frame-pointer -fPIC -O2  -D_LARGEFILE_SOURCE -D_LARGEFILE64_SOURCE -D_FILE_OFFSET_BITS=64  conftest.c  >&5
configure:2275: $? = 0
configure:2300: result: 
configure:2306: checking for suffix of object files
configure:2327: /home/simon/GIT/buildroot-k3-current/output/host/usr/bin/arm-none-linux-gnueabi-gcc -c -D_LARGEFILE_SOURCE -D_LARGEFILE64_SOURCE -D_FILE_OFFSET_BITS=64  -pipe -U_FORTIFY_SOURCE -fno-stack-protector -fomit-frame-pointer -fPIC -O2  -D_LARGEFILE_SOURCE -D_LARGEFILE64_SOURCE -D_FILE_OFFSET_BITS=64 conftest.c >&5
configure:2330: $? = 0
configure:2352: result: o
configure:2356: checking whether we are using the GNU C compiler
configure:2380: /home/simon/GIT/buildroot-k3-current/output/host/usr/bin/arm-none-linux-gnueabi-gcc -c -D_LARGEFILE_SOURCE -D_LARGEFILE64_SOURCE -D_FILE_OFFSET_BITS=64  -pipe -U_FORTIFY_SOURCE -fno-stack-protector -fomit-frame-pointer -fPIC -O2  -D_LARGEFILE_SOURCE -D_LARGEFILE64_SOURCE -D_FILE_OFFSET_BITS=64 conftest.c >&5
configure:2386: $? = 0
configure:2389: test -z 			 || test ! -s conftest.err
configure:2392: $? = 0
configure:2395: test -s conftest.o
configure:2398: $? = 0
configure:2411: result: yes
configure:2417: checking whether /home/simon/GIT/buildroot-k3-current/output/host/usr/bin/arm-none-linux-gnueabi-gcc accepts -g
configure:2438: /home/simon/GIT/buildroot-k3-current/output/host/usr/bin/arm-none-linux-gnueabi-gcc -c -g -D_LARGEFILE_SOURCE -D_LARGEFILE64_SOURCE -D_FILE_OFFSET_BITS=64 conftest.c >&5
configure:2444: $? = 0
configure:2447: test -z 			 || test ! -s conftest.err
configure:2450: $? = 0
configure:2453: test -s conftest.o
configure:2456: $? = 0
configure:2467: result: yes
configure:2484: checking for /home/simon/GIT/buildroot-k3-current/output/host/usr/bin/arm-none-linux-gnueabi-gcc option to accept ANSI C
configure:2554: /home/simon/GIT/buildroot-k3-current/output/host/usr/bin/arm-none-linux-gnueabi-gcc  -c -D_LARGEFILE_SOURCE -D_LARGEFILE64_SOURCE -D_FILE_OFFSET_BITS=64  -pipe -U_FORTIFY_SOURCE -fno-stack-protector -fomit-frame-pointer -fPIC -O2  -D_LARGEFILE_SOURCE -D_LARGEFILE64_SOURCE -D_FILE_OFFSET_BITS=64 conftest.c >&5
configure:2560: $? = 0
configure:2563: test -z 			 || test ! -s conftest.err
configure:2566: $? = 0
configure:2569: test -s conftest.o
configure:2572: $? = 0
configure:2590: result: none needed
configure:2608: /home/simon/GIT/buildroot-k3-current/output/host/usr/bin/arm-none-linux-gnueabi-gcc -c -D_LARGEFILE_SOURCE -D_LARGEFILE64_SOURCE -D_FILE_OFFSET_BITS=64  -pipe -U_FORTIFY_SOURCE -fno-stack-protector -fomit-frame-pointer -fPIC -O2  -D_LARGEFILE_SOURCE -D_LARGEFILE64_SOURCE -D_FILE_OFFSET_BITS=64 conftest.c >&5
conftest.c:2: error: expected '=', ',', ';', 'asm' or '__attribute__' before 'me'
configure:2614: $? = 1
configure: failed program was:
| #ifndef __cplusplus
|   choke me
| #endif
configure:2755: checking for style of include used by make
configure:2783: result: GNU
configure:2811: checking dependency style of /home/simon/GIT/buildroot-k3-current/output/host/usr/bin/arm-none-linux-gnueabi-gcc
configure:2901: result: gcc3
configure:2927: checking for dirent.h that defines DIR
configure:2951: /home/simon/GIT/buildroot-k3-current/output/host/usr/bin/arm-none-linux-gnueabi-gcc -c -D_LARGEFILE_SOURCE -D_LARGEFILE64_SOURCE -D_FILE_OFFSET_BITS=64  -pipe -U_FORTIFY_SOURCE -fno-stack-protector -fomit-frame-pointer -fPIC -O2  -D_LARGEFILE_SOURCE -D_LARGEFILE64_SOURCE -D_FILE_OFFSET_BITS=64 conftest.c >&5
configure:2957: $? = 0
configure:2960: test -z 			 || test ! -s conftest.err
configure:2963: $? = 0
configure:2966: test -s conftest.o
configure:2969: $? = 0
configure:2980: result: yes
configure:2993: checking for library containing opendir
configure:3023: /home/simon/GIT/buildroot-k3-current/output/host/usr/bin/arm-none-linux-gnueabi-gcc -o conftest -D_LARGEFILE_SOURCE -D_LARGEFILE64_SOURCE -D_FILE_OFFSET_BITS=64  -pipe -U_FORTIFY_SOURCE -fno-stack-protector -fomit-frame-pointer -fPIC -O2  -D_LARGEFILE_SOURCE -D_LARGEFILE64_SOURCE -D_FILE_OFFSET_BITS=64  conftest.c  >&5
configure:3029: $? = 0
configure:3032: test -z 			 || test ! -s conftest.err
configure:3035: $? = 0
configure:3038: test -s conftest
configure:3041: $? = 0
configure:3110: result: none required
configure:3249: checking how to run the C preprocessor
configure:3367: result: /home/simon/GIT/buildroot-k3-current/output/host/usr/bin/arm-none-linux-gnueabi-cpp
configure:3391: /home/simon/GIT/buildroot-k3-current/output/host/usr/bin/arm-none-linux-gnueabi-cpp -D_LARGEFILE_SOURCE -D_LARGEFILE64_SOURCE -D_FILE_OFFSET_BITS=64 conftest.c
configure:3397: $? = 0
configure:3429: /home/simon/GIT/buildroot-k3-current/output/host/usr/bin/arm-none-linux-gnueabi-cpp -D_LARGEFILE_SOURCE -D_LARGEFILE64_SOURCE -D_FILE_OFFSET_BITS=64 conftest.c
conftest.c:13:28: error: ac_nonexistent.h: No such file or directory
configure:3435: $? = 1
configure: failed program was:
| /* confdefs.h.  */
| 
| #define PACKAGE_NAME "matchbox-panel"
| #define PACKAGE_TARNAME "matchbox-panel"
| #define PACKAGE_VERSION "0.9.3"
| #define PACKAGE_STRING "matchbox-panel 0.9.3"
| #define PACKAGE_BUGREPORT "mallum@handhelds.org"
| #define PACKAGE "matchbox-panel"
| #define VERSION "0.9.3"
| #define _GNU_SOURCE 1
| #define HAVE_DIRENT_H 1
| /* end confdefs.h.  */
| #include <ac_nonexistent.h>
configure:3479: checking for egrep
configure:3489: result: grep -E
configure:3494: checking for ANSI C header files
configure:3519: /home/simon/GIT/buildroot-k3-current/output/host/usr/bin/arm-none-linux-gnueabi-gcc -c -D_LARGEFILE_SOURCE -D_LARGEFILE64_SOURCE -D_FILE_OFFSET_BITS=64  -pipe -U_FORTIFY_SOURCE -fno-stack-protector -fomit-frame-pointer -fPIC -O2  -D_LARGEFILE_SOURCE -D_LARGEFILE64_SOURCE -D_FILE_OFFSET_BITS=64 conftest.c >&5
configure:3525: $? = 0
configure:3528: test -z 			 || test ! -s conftest.err
configure:3531: $? = 0
configure:3534: test -s conftest.o
configure:3537: $? = 0
configure:3649: result: yes
configure:3659: checking for sys/wait.h that is POSIX.1 compatible
configure:3690: /home/simon/GIT/buildroot-k3-current/output/host/usr/bin/arm-none-linux-gnueabi-gcc -c -D_LARGEFILE_SOURCE -D_LARGEFILE64_SOURCE -D_FILE_OFFSET_BITS=64  -pipe -U_FORTIFY_SOURCE -fno-stack-protector -fomit-frame-pointer -fPIC -O2  -D_LARGEFILE_SOURCE -D_LARGEFILE64_SOURCE -D_FILE_OFFSET_BITS=64 conftest.c >&5
configure:3696: $? = 0
configure:3699: test -z 			 || test ! -s conftest.err
configure:3702: $? = 0
configure:3705: test -s conftest.o
configure:3708: $? = 0
configure:3719: result: yes
configure:3743: checking for sys/types.h
configure:3759: /home/simon/GIT/buildroot-k3-current/output/host/usr/bin/arm-none-linux-gnueabi-gcc -c -D_LARGEFILE_SOURCE -D_LARGEFILE64_SOURCE -D_FILE_OFFSET_BITS=64  -pipe -U_FORTIFY_SOURCE -fno-stack-protector -fomit-frame-pointer -fPIC -O2  -D_LARGEFILE_SOURCE -D_LARGEFILE64_SOURCE -D_FILE_OFFSET_BITS=64 conftest.c >&5
configure:3765: $? = 0
configure:3768: test -z 			 || test ! -s conftest.err
configure:3771: $? = 0
configure:3774: test -s conftest.o
configure:3777: $? = 0
configure:3788: result: yes
configure:3743: checking for sys/stat.h
configure:3759: /home/simon/GIT/buildroot-k3-current/output/host/usr/bin/arm-none-linux-gnueabi-gcc -c -D_LARGEFILE_SOURCE -D_LARGEFILE64_SOURCE -D_FILE_OFFSET_BITS=64  -pipe -U_FORTIFY_SOURCE -fno-stack-protector -fomit-frame-pointer -fPIC -O2  -D_LARGEFILE_SOURCE -D_LARGEFILE64_SOURCE -D_FILE_OFFSET_BITS=64 conftest.c >&5
configure:3765: $? = 0
configure:3768: test -z 			 || test ! -s conftest.err
configure:3771: $? = 0
configure:3774: test -s conftest.o
configure:3777: $? = 0
configure:3788: result: yes
configure:3743: checking for stdlib.h
configure:3759: /home/simon/GIT/buildroot-k3-current/output/host/usr/bin/arm-none-linux-gnueabi-gcc -c -D_LARGEFILE_SOURCE -D_LARGEFILE64_SOURCE -D_FILE_OFFSET_BITS=64  -pipe -U_FORTIFY_SOURCE -fno-stack-protector -fomit-frame-pointer -fPIC -O2  -D_LARGEFILE_SOURCE -D_LARGEFILE64_SOURCE -D_FILE_OFFSET_BITS=64 conftest.c >&5
configure:3765: $? = 0
configure:3768: test -z 			 || test ! -s conftest.err
configure:3771: $? = 0
configure:3774: test -s conftest.o
configure:3777: $? = 0
configure:3788: result: yes
configure:3743: checking for string.h
configure:3759: /home/simon/GIT/buildroot-k3-current/output/host/usr/bin/arm-none-linux-gnueabi-gcc -c -D_LARGEFILE_SOURCE -D_LARGEFILE64_SOURCE -D_FILE_OFFSET_BITS=64  -pipe -U_FORTIFY_SOURCE -fno-stack-protector -fomit-frame-pointer -fPIC -O2  -D_LARGEFILE_SOURCE -D_LARGEFILE64_SOURCE -D_FILE_OFFSET_BITS=64 conftest.c >&5
configure:3765: $? = 0
configure:3768: test -z 			 || test ! -s conftest.err
configure:3771: $? = 0
configure:3774: test -s conftest.o
configure:3777: $? = 0
configure:3788: result: yes
configure:3743: checking for memory.h
configure:3759: /home/simon/GIT/buildroot-k3-current/output/host/usr/bin/arm-none-linux-gnueabi-gcc -c -D_LARGEFILE_SOURCE -D_LARGEFILE64_SOURCE -D_FILE_OFFSET_BITS=64  -pipe -U_FORTIFY_SOURCE -fno-stack-protector -fomit-frame-pointer -fPIC -O2  -D_LARGEFILE_SOURCE -D_LARGEFILE64_SOURCE -D_FILE_OFFSET_BITS=64 conftest.c >&5
configure:3765: $? = 0
configure:3768: test -z 			 || test ! -s conftest.err
configure:3771: $? = 0
configure:3774: test -s conftest.o
configure:3777: $? = 0
configure:3788: result: yes
configure:3743: checking for strings.h
configure:3759: /home/simon/GIT/buildroot-k3-current/output/host/usr/bin/arm-none-linux-gnueabi-gcc -c -D_LARGEFILE_SOURCE -D_LARGEFILE64_SOURCE -D_FILE_OFFSET_BITS=64  -pipe -U_FORTIFY_SOURCE -fno-stack-protector -fomit-frame-pointer -fPIC -O2  -D_LARGEFILE_SOURCE -D_LARGEFILE64_SOURCE -D_FILE_OFFSET_BITS=64 conftest.c >&5
configure:3765: $? = 0
configure:3768: test -z 			 || test ! -s conftest.err
configure:3771: $? = 0
configure:3774: test -s conftest.o
configure:3777: $? = 0
configure:3788: result: yes
configure:3743: checking for inttypes.h
configure:3759: /home/simon/GIT/buildroot-k3-current/output/host/usr/bin/arm-none-linux-gnueabi-gcc -c -D_LARGEFILE_SOURCE -D_LARGEFILE64_SOURCE -D_FILE_OFFSET_BITS=64  -pipe -U_FORTIFY_SOURCE -fno-stack-protector -fomit-frame-pointer -fPIC -O2  -D_LARGEFILE_SOURCE -D_LARGEFILE64_SOURCE -D_FILE_OFFSET_BITS=64 conftest.c >&5
configure:3765: $? = 0
configure:3768: test -z 			 || test ! -s conftest.err
configure:3771: $? = 0
configure:3774: test -s conftest.o
configure:3777: $? = 0
configure:3788: result: yes
configure:3743: checking for stdint.h
configure:3759: /home/simon/GIT/buildroot-k3-current/output/host/usr/bin/arm-none-linux-gnueabi-gcc -c -D_LARGEFILE_SOURCE -D_LARGEFILE64_SOURCE -D_FILE_OFFSET_BITS=64  -pipe -U_FORTIFY_SOURCE -fno-stack-protector -fomit-frame-pointer -fPIC -O2  -D_LARGEFILE_SOURCE -D_LARGEFILE64_SOURCE -D_FILE_OFFSET_BITS=64 conftest.c >&5
configure:3765: $? = 0
configure:3768: test -z 			 || test ! -s conftest.err
configure:3771: $? = 0
configure:3774: test -s conftest.o
configure:3777: $? = 0
configure:3788: result: yes
configure:3743: checking for unistd.h
configure:3759: /home/simon/GIT/buildroot-k3-current/output/host/usr/bin/arm-none-linux-gnueabi-gcc -c -D_LARGEFILE_SOURCE -D_LARGEFILE64_SOURCE -D_FILE_OFFSET_BITS=64  -pipe -U_FORTIFY_SOURCE -fno-stack-protector -fomit-frame-pointer -fPIC -O2  -D_LARGEFILE_SOURCE -D_LARGEFILE64_SOURCE -D_FILE_OFFSET_BITS=64 conftest.c >&5
configure:3765: $? = 0
configure:3768: test -z 			 || test ! -s conftest.err
configure:3771: $? = 0
configure:3774: test -s conftest.o
configure:3777: $? = 0
configure:3788: result: yes
configure:3818: checking libintl.h usability
configure:3830: /home/simon/GIT/buildroot-k3-current/output/host/usr/bin/arm-none-linux-gnueabi-gcc -c -D_LARGEFILE_SOURCE -D_LARGEFILE64_SOURCE -D_FILE_OFFSET_BITS=64  -pipe -U_FORTIFY_SOURCE -fno-stack-protector -fomit-frame-pointer -fPIC -O2  -D_LARGEFILE_SOURCE -D_LARGEFILE64_SOURCE -D_FILE_OFFSET_BITS=64 conftest.c >&5
configure:3836: $? = 0
configure:3839: test -z 			 || test ! -s conftest.err
configure:3842: $? = 0
configure:3845: test -s conftest.o
configure:3848: $? = 0
configure:3858: result: yes
configure:3862: checking libintl.h presence
configure:3872: /home/simon/GIT/buildroot-k3-current/output/host/usr/bin/arm-none-linux-gnueabi-cpp -D_LARGEFILE_SOURCE -D_LARGEFILE64_SOURCE -D_FILE_OFFSET_BITS=64 conftest.c
configure:3878: $? = 0
configure:3898: result: yes
configure:3933: checking for libintl.h
configure:3940: result: yes
configure:3809: checking for stdlib.h
configure:3814: result: yes
configure:3809: checking for string.h
configure:3814: result: yes
configure:3818: checking sys/time.h usability
configure:3830: /home/simon/GIT/buildroot-k3-current/output/host/usr/bin/arm-none-linux-gnueabi-gcc -c -D_LARGEFILE_SOURCE -D_LARGEFILE64_SOURCE -D_FILE_OFFSET_BITS=64  -pipe -U_FORTIFY_SOURCE -fno-stack-protector -fomit-frame-pointer -fPIC -O2  -D_LARGEFILE_SOURCE -D_LARGEFILE64_SOURCE -D_FILE_OFFSET_BITS=64 conftest.c >&5
configure:3836: $? = 0
configure:3839: test -z 			 || test ! -s conftest.err
configure:3842: $? = 0
configure:3845: test -s conftest.o
configure:3848: $? = 0
configure:3858: result: yes
configure:3862: checking sys/time.h presence
configure:3872: /home/simon/GIT/buildroot-k3-current/output/host/usr/bin/arm-none-linux-gnueabi-cpp -D_LARGEFILE_SOURCE -D_LARGEFILE64_SOURCE -D_FILE_OFFSET_BITS=64 conftest.c
configure:3878: $? = 0
configure:3898: result: yes
configure:3933: checking for sys/time.h
configure:3940: result: yes
configure:3809: checking for unistd.h
configure:3814: result: yes
configure:3955: checking for an ANSI C-conforming const
configure:4022: /home/simon/GIT/buildroot-k3-current/output/host/usr/bin/arm-none-linux-gnueabi-gcc -c -D_LARGEFILE_SOURCE -D_LARGEFILE64_SOURCE -D_FILE_OFFSET_BITS=64  -pipe -U_FORTIFY_SOURCE -fno-stack-protector -fomit-frame-pointer -fPIC -O2  -D_LARGEFILE_SOURCE -D_LARGEFILE64_SOURCE -D_FILE_OFFSET_BITS=64 conftest.c >&5
configure:4028: $? = 0
configure:4031: test -z 			 || test ! -s conftest.err
configure:4034: $? = 0
configure:4037: test -s conftest.o
configure:4040: $? = 0
configure:4051: result: yes
configure:4061: checking for pid_t
configure:4085: /home/simon/GIT/buildroot-k3-current/output/host/usr/bin/arm-none-linux-gnueabi-gcc -c -D_LARGEFILE_SOURCE -D_LARGEFILE64_SOURCE -D_FILE_OFFSET_BITS=64  -pipe -U_FORTIFY_SOURCE -fno-stack-protector -fomit-frame-pointer -fPIC -O2  -D_LARGEFILE_SOURCE -D_LARGEFILE64_SOURCE -D_FILE_OFFSET_BITS=64 conftest.c >&5
configure:4091: $? = 0
configure:4094: test -z 			 || test ! -s conftest.err
configure:4097: $? = 0
configure:4100: test -s conftest.o
configure:4103: $? = 0
configure:4114: result: yes
configure:4126: checking whether time.h and sys/time.h may both be included
configure:4151: /home/simon/GIT/buildroot-k3-current/output/host/usr/bin/arm-none-linux-gnueabi-gcc -c -D_LARGEFILE_SOURCE -D_LARGEFILE64_SOURCE -D_FILE_OFFSET_BITS=64  -pipe -U_FORTIFY_SOURCE -fno-stack-protector -fomit-frame-pointer -fPIC -O2  -D_LARGEFILE_SOURCE -D_LARGEFILE64_SOURCE -D_FILE_OFFSET_BITS=64 conftest.c >&5
configure:4157: $? = 0
configure:4160: test -z 			 || test ! -s conftest.err
configure:4163: $? = 0
configure:4166: test -s conftest.o
configure:4169: $? = 0
configure:4180: result: yes
configure:4194: checking for working alloca.h
configure:4215: /home/simon/GIT/buildroot-k3-current/output/host/usr/bin/arm-none-linux-gnueabi-gcc -o conftest -D_LARGEFILE_SOURCE -D_LARGEFILE64_SOURCE -D_FILE_OFFSET_BITS=64  -pipe -U_FORTIFY_SOURCE -fno-stack-protector -fomit-frame-pointer -fPIC -O2  -D_LARGEFILE_SOURCE -D_LARGEFILE64_SOURCE -D_FILE_OFFSET_BITS=64  conftest.c  >&5
configure:4221: $? = 0
configure:4224: test -z 			 || test ! -s conftest.err
configure:4227: $? = 0
configure:4230: test -s conftest
configure:4233: $? = 0
configure:4245: result: yes
configure:4255: checking for alloca
configure:4296: /home/simon/GIT/buildroot-k3-current/output/host/usr/bin/arm-none-linux-gnueabi-gcc -o conftest -D_LARGEFILE_SOURCE -D_LARGEFILE64_SOURCE -D_FILE_OFFSET_BITS=64  -pipe -U_FORTIFY_SOURCE -fno-stack-protector -fomit-frame-pointer -fPIC -O2  -D_LARGEFILE_SOURCE -D_LARGEFILE64_SOURCE -D_FILE_OFFSET_BITS=64  conftest.c  >&5
configure:4302: $? = 0
configure:4305: test -z 			 || test ! -s conftest.err
configure:4308: $? = 0
configure:4311: test -s conftest
configure:4314: $? = 0
configure:4326: result: yes
configure:4548: checking whether closedir returns void
configure:4599: result: yes
configure:4615: checking for unistd.h
configure:4620: result: yes
configure:4624: checking vfork.h usability
configure:4636: /home/simon/GIT/buildroot-k3-current/output/host/usr/bin/arm-none-linux-gnueabi-gcc -c -D_LARGEFILE_SOURCE -D_LARGEFILE64_SOURCE -D_FILE_OFFSET_BITS=64  -pipe -U_FORTIFY_SOURCE -fno-stack-protector -fomit-frame-pointer -fPIC -O2  -D_LARGEFILE_SOURCE -D_LARGEFILE64_SOURCE -D_FILE_OFFSET_BITS=64 conftest.c >&5
conftest.c:68:19: error: vfork.h: No such file or directory
configure:4642: $? = 1
configure: failed program was:
| /* confdefs.h.  */
| 
| #define PACKAGE_NAME "matchbox-panel"
| #define PACKAGE_TARNAME "matchbox-panel"
| #define PACKAGE_VERSION "0.9.3"
| #define PACKAGE_STRING "matchbox-panel 0.9.3"
| #define PACKAGE_BUGREPORT "mallum@handhelds.org"
| #define PACKAGE "matchbox-panel"
| #define VERSION "0.9.3"
| #define _GNU_SOURCE 1
| #define HAVE_DIRENT_H 1
| #define STDC_HEADERS 1
| #define HAVE_SYS_WAIT_H 1
| #define HAVE_SYS_TYPES_H 1
| #define HAVE_SYS_STAT_H 1
| #define HAVE_STDLIB_H 1
| #define HAVE_STRING_H 1
| #define HAVE_MEMORY_H 1
| #define HAVE_STRINGS_H 1
| #define HAVE_INTTYPES_H 1
| #define HAVE_STDINT_H 1
| #define HAVE_UNISTD_H 1
| #define HAVE_LIBINTL_H 1
| #define HAVE_STDLIB_H 1
| #define HAVE_STRING_H 1
| #define HAVE_SYS_TIME_H 1
| #define HAVE_UNISTD_H 1
| #define TIME_WITH_SYS_TIME 1
| #define HAVE_ALLOCA_H 1
| #define HAVE_ALLOCA 1
| #define CLOSEDIR_VOID 1
| #define HAVE_UNISTD_H 1
| /* end confdefs.h.  */
| #include <stdio.h>
| #if HAVE_SYS_TYPES_H
| # include <sys/types.h>
| #endif
| #if HAVE_SYS_STAT_H
| # include <sys/stat.h>
| #endif
| #if STDC_HEADERS
| # include <stdlib.h>
| # include <stddef.h>
| #else
| # if HAVE_STDLIB_H
| #  include <stdlib.h>
| # endif
| #endif
| #if HAVE_STRING_H
| # if !STDC_HEADERS && HAVE_MEMORY_H
| #  include <memory.h>
| # endif
| # include <string.h>
| #endif
| #if HAVE_STRINGS_H
| # include <strings.h>
| #endif
| #if HAVE_INTTYPES_H
| # include <inttypes.h>
| #else
| # if HAVE_STDINT_H
| #  include <stdint.h>
| # endif
| #endif
| #if HAVE_UNISTD_H
| # include <unistd.h>
| #endif
| #include <vfork.h>
configure:4664: result: no
configure:4668: checking vfork.h presence
configure:4678: /home/simon/GIT/buildroot-k3-current/output/host/usr/bin/arm-none-linux-gnueabi-cpp -D_LARGEFILE_SOURCE -D_LARGEFILE64_SOURCE -D_FILE_OFFSET_BITS=64 conftest.c
conftest.c:34:19: error: vfork.h: No such file or directory
configure:4684: $? = 1
configure: failed program was:
| /* confdefs.h.  */
| 
| #define PACKAGE_NAME "matchbox-panel"
| #define PACKAGE_TARNAME "matchbox-panel"
| #define PACKAGE_VERSION "0.9.3"
| #define PACKAGE_STRING "matchbox-panel 0.9.3"
| #define PACKAGE_BUGREPORT "mallum@handhelds.org"
| #define PACKAGE "matchbox-panel"
| #define VERSION "0.9.3"
| #define _GNU_SOURCE 1
| #define HAVE_DIRENT_H 1
| #define STDC_HEADERS 1
| #define HAVE_SYS_WAIT_H 1
| #define HAVE_SYS_TYPES_H 1
| #define HAVE_SYS_STAT_H 1
| #define HAVE_STDLIB_H 1
| #define HAVE_STRING_H 1
| #define HAVE_MEMORY_H 1
| #define HAVE_STRINGS_H 1
| #define HAVE_INTTYPES_H 1
| #define HAVE_STDINT_H 1
| #define HAVE_UNISTD_H 1
| #define HAVE_LIBINTL_H 1
| #define HAVE_STDLIB_H 1
| #define HAVE_STRING_H 1
| #define HAVE_SYS_TIME_H 1
| #define HAVE_UNISTD_H 1
| #define TIME_WITH_SYS_TIME 1
| #define HAVE_ALLOCA_H 1
| #define HAVE_ALLOCA 1
| #define CLOSEDIR_VOID 1
| #define HAVE_UNISTD_H 1
| /* end confdefs.h.  */
| #include <vfork.h>
configure:4704: result: no
configure:4739: checking for vfork.h
configure:4746: result: no
configure:4764: checking for fork
configure:4821: /home/simon/GIT/buildroot-k3-current/output/host/usr/bin/arm-none-linux-gnueabi-gcc -o conftest -D_LARGEFILE_SOURCE -D_LARGEFILE64_SOURCE -D_FILE_OFFSET_BITS=64  -pipe -U_FORTIFY_SOURCE -fno-stack-protector -fomit-frame-pointer -fPIC -O2  -D_LARGEFILE_SOURCE -D_LARGEFILE64_SOURCE -D_FILE_OFFSET_BITS=64  conftest.c  >&5
conftest.c:58: warning: conflicting types for built-in function 'fork'
configure:4827: $? = 0
configure:4830: test -z 			 || test ! -s conftest.err
configure:4833: $? = 0
configure:4836: test -s conftest
configure:4839: $? = 0
configure:4851: result: yes
configure:4764: checking for vfork
configure:4821: /home/simon/GIT/buildroot-k3-current/output/host/usr/bin/arm-none-linux-gnueabi-gcc -o conftest -D_LARGEFILE_SOURCE -D_LARGEFILE64_SOURCE -D_FILE_OFFSET_BITS=64  -pipe -U_FORTIFY_SOURCE -fno-stack-protector -fomit-frame-pointer -fPIC -O2  -D_LARGEFILE_SOURCE -D_LARGEFILE64_SOURCE -D_FILE_OFFSET_BITS=64  conftest.c  >&5
configure:4827: $? = 0
configure:4830: test -z 			 || test ! -s conftest.err
configure:4833: $? = 0
configure:4836: test -s conftest
configure:4839: $? = 0
configure:4851: result: yes
configure:4862: checking for working fork
configure:4907: result: cross
configure:4923: WARNING: result yes guessed because of cross compilation
configure:4928: checking for working vfork
configure:5061: result: yes
configure:5107: checking sys/select.h usability
configure:5119: /home/simon/GIT/buildroot-k3-current/output/host/usr/bin/arm-none-linux-gnueabi-gcc -c -D_LARGEFILE_SOURCE -D_LARGEFILE64_SOURCE -D_FILE_OFFSET_BITS=64  -pipe -U_FORTIFY_SOURCE -fno-stack-protector -fomit-frame-pointer -fPIC -O2  -D_LARGEFILE_SOURCE -D_LARGEFILE64_SOURCE -D_FILE_OFFSET_BITS=64 conftest.c >&5
configure:5125: $? = 0
configure:5128: test -z 			 || test ! -s conftest.err
configure:5131: $? = 0
configure:5134: test -s conftest.o
configure:5137: $? = 0
configure:5147: result: yes
configure:5151: checking sys/select.h presence
configure:5161: /home/simon/GIT/buildroot-k3-current/output/host/usr/bin/arm-none-linux-gnueabi-cpp -D_LARGEFILE_SOURCE -D_LARGEFILE64_SOURCE -D_FILE_OFFSET_BITS=64 conftest.c
configure:5167: $? = 0
configure:5187: result: yes
configure:5222: checking for sys/select.h
configure:5229: result: yes
configure:5107: checking sys/socket.h usability
configure:5119: /home/simon/GIT/buildroot-k3-current/output/host/usr/bin/arm-none-linux-gnueabi-gcc -c -D_LARGEFILE_SOURCE -D_LARGEFILE64_SOURCE -D_FILE_OFFSET_BITS=64  -pipe -U_FORTIFY_SOURCE -fno-stack-protector -fomit-frame-pointer -fPIC -O2  -D_LARGEFILE_SOURCE -D_LARGEFILE64_SOURCE -D_FILE_OFFSET_BITS=64 conftest.c >&5
configure:5125: $? = 0
configure:5128: test -z 			 || test ! -s conftest.err
configure:5131: $? = 0
configure:5134: test -s conftest.o
configure:5137: $? = 0
configure:5147: result: yes
configure:5151: checking sys/socket.h presence
configure:5161: /home/simon/GIT/buildroot-k3-current/output/host/usr/bin/arm-none-linux-gnueabi-cpp -D_LARGEFILE_SOURCE -D_LARGEFILE64_SOURCE -D_FILE_OFFSET_BITS=64 conftest.c
configure:5167: $? = 0
configure:5187: result: yes
configure:5222: checking for sys/socket.h
configure:5229: result: yes
configure:5242: checking types of arguments for select
configure:5275: /home/simon/GIT/buildroot-k3-current/output/host/usr/bin/arm-none-linux-gnueabi-gcc -c -D_LARGEFILE_SOURCE -D_LARGEFILE64_SOURCE -D_FILE_OFFSET_BITS=64  -pipe -U_FORTIFY_SOURCE -fno-stack-protector -fomit-frame-pointer -fPIC -O2  -D_LARGEFILE_SOURCE -D_LARGEFILE64_SOURCE -D_FILE_OFFSET_BITS=64 conftest.c >&5
configure:5281: $? = 0
configure:5284: test -z 			 || test ! -s conftest.err
configure:5287: $? = 0
configure:5290: test -s conftest.o
configure:5293: $? = 0
configure:5309: result: int,fd_set *,struct timeval *
configure:5332: checking return type of signal handlers
configure:5363: /home/simon/GIT/buildroot-k3-current/output/host/usr/bin/arm-none-linux-gnueabi-gcc -c -D_LARGEFILE_SOURCE -D_LARGEFILE64_SOURCE -D_FILE_OFFSET_BITS=64  -pipe -U_FORTIFY_SOURCE -fno-stack-protector -fomit-frame-pointer -fPIC -O2  -D_LARGEFILE_SOURCE -D_LARGEFILE64_SOURCE -D_FILE_OFFSET_BITS=64 conftest.c >&5
configure:5369: $? = 0
configure:5372: test -z 			 || test ! -s conftest.err
configure:5375: $? = 0
configure:5378: test -s conftest.o
configure:5381: $? = 0
configure:5392: result: void
configure:5400: checking whether lstat dereferences a symlink specified with a trailing slash
configure:5460: result: no
configure:5481: checking whether stat accepts an empty string
configure:5528: result: yes
configure:5561: checking for alarm
configure:5618: /home/simon/GIT/buildroot-k3-current/output/host/usr/bin/arm-none-linux-gnueabi-gcc -o conftest -D_LARGEFILE_SOURCE -D_LARGEFILE64_SOURCE -D_FILE_OFFSET_BITS=64  -pipe -U_FORTIFY_SOURCE -fno-stack-protector -fomit-frame-pointer -fPIC -O2  -D_LARGEFILE_SOURCE -D_LARGEFILE64_SOURCE -D_FILE_OFFSET_BITS=64  conftest.c  >&5
configure:5624: $? = 0
configure:5627: test -z 			 || test ! -s conftest.err
configure:5630: $? = 0
configure:5633: test -s conftest
configure:5636: $? = 0
configure:5648: result: yes
configure:5561: checking for getcwd
configure:5618: /home/simon/GIT/buildroot-k3-current/output/host/usr/bin/arm-none-linux-gnueabi-gcc -o conftest -D_LARGEFILE_SOURCE -D_LARGEFILE64_SOURCE -D_FILE_OFFSET_BITS=64  -pipe -U_FORTIFY_SOURCE -fno-stack-protector -fomit-frame-pointer -fPIC -O2  -D_LARGEFILE_SOURCE -D_LARGEFILE64_SOURCE -D_FILE_OFFSET_BITS=64  conftest.c  >&5
configure:5624: $? = 0
configure:5627: test -z 			 || test ! -s conftest.err
configure:5630: $? = 0
configure:5633: test -s conftest
configure:5636: $? = 0
configure:5648: result: yes
configure:5561: checking for gettimeofday
configure:5618: /home/simon/GIT/buildroot-k3-current/output/host/usr/bin/arm-none-linux-gnueabi-gcc -o conftest -D_LARGEFILE_SOURCE -D_LARGEFILE64_SOURCE -D_FILE_OFFSET_BITS=64  -pipe -U_FORTIFY_SOURCE -fno-stack-protector -fomit-frame-pointer -fPIC -O2  -D_LARGEFILE_SOURCE -D_LARGEFILE64_SOURCE -D_FILE_OFFSET_BITS=64  conftest.c  >&5
configure:5624: $? = 0
configure:5627: test -z 			 || test ! -s conftest.err
configure:5630: $? = 0
configure:5633: test -s conftest
configure:5636: $? = 0
configure:5648: result: yes
configure:5561: checking for memset
configure:5618: /home/simon/GIT/buildroot-k3-current/output/host/usr/bin/arm-none-linux-gnueabi-gcc -o conftest -D_LARGEFILE_SOURCE -D_LARGEFILE64_SOURCE -D_FILE_OFFSET_BITS=64  -pipe -U_FORTIFY_SOURCE -fno-stack-protector -fomit-frame-pointer -fPIC -O2  -D_LARGEFILE_SOURCE -D_LARGEFILE64_SOURCE -D_FILE_OFFSET_BITS=64  conftest.c  >&5
conftest.c:72: warning: conflicting types for built-in function 'memset'
configure:5624: $? = 0
configure:5627: test -z 			 || test ! -s conftest.err
configure:5630: $? = 0
configure:5633: test -s conftest
configure:5636: $? = 0
configure:5648: result: yes
configure:5561: checking for mkdir
configure:5618: /home/simon/GIT/buildroot-k3-current/output/host/usr/bin/arm-none-linux-gnueabi-gcc -o conftest -D_LARGEFILE_SOURCE -D_LARGEFILE64_SOURCE -D_FILE_OFFSET_BITS=64  -pipe -U_FORTIFY_SOURCE -fno-stack-protector -fomit-frame-pointer -fPIC -O2  -D_LARGEFILE_SOURCE -D_LARGEFILE64_SOURCE -D_FILE_OFFSET_BITS=64  conftest.c  >&5
configure:5624: $? = 0
configure:5627: test -z 			 || test ! -s conftest.err
configure:5630: $? = 0
configure:5633: test -s conftest
configure:5636: $? = 0
configure:5648: result: yes
configure:5561: checking for select
configure:5618: /home/simon/GIT/buildroot-k3-current/output/host/usr/bin/arm-none-linux-gnueabi-gcc -o conftest -D_LARGEFILE_SOURCE -D_LARGEFILE64_SOURCE -D_FILE_OFFSET_BITS=64  -pipe -U_FORTIFY_SOURCE -fno-stack-protector -fomit-frame-pointer -fPIC -O2  -D_LARGEFILE_SOURCE -D_LARGEFILE64_SOURCE -D_FILE_OFFSET_BITS=64  conftest.c  >&5
configure:5624: $? = 0
configure:5627: test -z 			 || test ! -s conftest.err
configure:5630: $? = 0
configure:5633: test -s conftest
configure:5636: $? = 0
configure:5648: result: yes
configure:5561: checking for setenv
configure:5618: /home/simon/GIT/buildroot-k3-current/output/host/usr/bin/arm-none-linux-gnueabi-gcc -o conftest -D_LARGEFILE_SOURCE -D_LARGEFILE64_SOURCE -D_FILE_OFFSET_BITS=64  -pipe -U_FORTIFY_SOURCE -fno-stack-protector -fomit-frame-pointer -fPIC -O2  -D_LARGEFILE_SOURCE -D_LARGEFILE64_SOURCE -D_FILE_OFFSET_BITS=64  conftest.c  >&5
configure:5624: $? = 0
configure:5627: test -z 			 || test ! -s conftest.err
configure:5630: $? = 0
configure:5633: test -s conftest
configure:5636: $? = 0
configure:5648: result: yes
configure:5561: checking for setlocale
configure:5618: /home/simon/GIT/buildroot-k3-current/output/host/usr/bin/arm-none-linux-gnueabi-gcc -o conftest -D_LARGEFILE_SOURCE -D_LARGEFILE64_SOURCE -D_FILE_OFFSET_BITS=64  -pipe -U_FORTIFY_SOURCE -fno-stack-protector -fomit-frame-pointer -fPIC -O2  -D_LARGEFILE_SOURCE -D_LARGEFILE64_SOURCE -D_FILE_OFFSET_BITS=64  conftest.c  >&5
configure:5624: $? = 0
configure:5627: test -z 			 || test ! -s conftest.err
configure:5630: $? = 0
configure:5633: test -s conftest
configure:5636: $? = 0
configure:5648: result: yes
configure:5561: checking for strcasecmp
configure:5618: /home/simon/GIT/buildroot-k3-current/output/host/usr/bin/arm-none-linux-gnueabi-gcc -o conftest -D_LARGEFILE_SOURCE -D_LARGEFILE64_SOURCE -D_FILE_OFFSET_BITS=64  -pipe -U_FORTIFY_SOURCE -fno-stack-protector -fomit-frame-pointer -fPIC -O2  -D_LARGEFILE_SOURCE -D_LARGEFILE64_SOURCE -D_FILE_OFFSET_BITS=64  conftest.c  >&5
conftest.c:77: warning: conflicting types for built-in function 'strcasecmp'
configure:5624: $? = 0
configure:5627: test -z 			 || test ! -s conftest.err
configure:5630: $? = 0
configure:5633: test -s conftest
configure:5636: $? = 0
configure:5648: result: yes
configure:5561: checking for strdup
configure:5618: /home/simon/GIT/buildroot-k3-current/output/host/usr/bin/arm-none-linux-gnueabi-gcc -o conftest -D_LARGEFILE_SOURCE -D_LARGEFILE64_SOURCE -D_FILE_OFFSET_BITS=64  -pipe -U_FORTIFY_SOURCE -fno-stack-protector -fomit-frame-pointer -fPIC -O2  -D_LARGEFILE_SOURCE -D_LARGEFILE64_SOURCE -D_FILE_OFFSET_BITS=64  conftest.c  >&5
conftest.c:78: warning: conflicting types for built-in function 'strdup'
configure:5624: $? = 0
configure:5627: test -z 			 || test ! -s conftest.err
configure:5630: $? = 0
configure:5633: test -s conftest
configure:5636: $? = 0
configure:5648: result: yes
configure:5561: checking for strpbrk
configure:5618: /home/simon/GIT/buildroot-k3-current/output/host/usr/bin/arm-none-linux-gnueabi-gcc -o conftest -D_LARGEFILE_SOURCE -D_LARGEFILE64_SOURCE -D_FILE_OFFSET_BITS=64  -pipe -U_FORTIFY_SOURCE -fno-stack-protector -fomit-frame-pointer -fPIC -O2  -D_LARGEFILE_SOURCE -D_LARGEFILE64_SOURCE -D_FILE_OFFSET_BITS=64  conftest.c  >&5
conftest.c:79: warning: conflicting types for built-in function 'strpbrk'
configure:5624: $? = 0
configure:5627: test -z 			 || test ! -s conftest.err
configure:5630: $? = 0
configure:5633: test -s conftest
configure:5636: $? = 0
configure:5648: result: yes
configure:5561: checking for strstr
configure:5618: /home/simon/GIT/buildroot-k3-current/output/host/usr/bin/arm-none-linux-gnueabi-gcc -o conftest -D_LARGEFILE_SOURCE -D_LARGEFILE64_SOURCE -D_FILE_OFFSET_BITS=64  -pipe -U_FORTIFY_SOURCE -fno-stack-protector -fomit-frame-pointer -fPIC -O2  -D_LARGEFILE_SOURCE -D_LARGEFILE64_SOURCE -D_FILE_OFFSET_BITS=64  conftest.c  >&5
conftest.c:80: warning: conflicting types for built-in function 'strstr'
configure:5624: $? = 0
configure:5627: test -z 			 || test ! -s conftest.err
configure:5630: $? = 0
configure:5633: test -s conftest
configure:5636: $? = 0
configure:5648: result: yes
configure:5808: checking pkg-config is at least version 0.9.0
configure:5811: result: yes
configure:5822: checking for LIBMB
configure:5827: $PKG_CONFIG --exists --print-errors "libmb >= 1.6"
configure:5830: $? = 0
configure:5841: $PKG_CONFIG --exists --print-errors "libmb >= 1.6"
configure:5844: $? = 0
configure:5869: result: yes
configure:6284: checking for libmb xsettings support
configure:6298: result: no
configure:6375: checking apm.h usability
configure:6387: /home/simon/GIT/buildroot-k3-current/output/host/usr/bin/arm-none-linux-gnueabi-gcc -c -D_LARGEFILE_SOURCE -D_LARGEFILE64_SOURCE -D_FILE_OFFSET_BITS=64  -pipe -U_FORTIFY_SOURCE -fno-stack-protector -fomit-frame-pointer -fPIC -O2  -D_LARGEFILE_SOURCE -D_LARGEFILE64_SOURCE -D_FILE_OFFSET_BITS=64 conftest.c >&5
conftest.c:91:17: error: apm.h: No such file or directory
configure:6393: $? = 1
configure: failed program was:
| /* confdefs.h.  */
| 
| #define PACKAGE_NAME "matchbox-panel"
| #define PACKAGE_TARNAME "matchbox-panel"
| #define PACKAGE_VERSION "0.9.3"
| #define PACKAGE_STRING "matchbox-panel 0.9.3"
| #define PACKAGE_BUGREPORT "mallum@handhelds.org"
| #define PACKAGE "matchbox-panel"
| #define VERSION "0.9.3"
| #define _GNU_SOURCE 1
| #define HAVE_DIRENT_H 1
| #define STDC_HEADERS 1
| #define HAVE_SYS_WAIT_H 1
| #define HAVE_SYS_TYPES_H 1
| #define HAVE_SYS_STAT_H 1
| #define HAVE_STDLIB_H 1
| #define HAVE_STRING_H 1
| #define HAVE_MEMORY_H 1
| #define HAVE_STRINGS_H 1
| #define HAVE_INTTYPES_H 1
| #define HAVE_STDINT_H 1
| #define HAVE_UNISTD_H 1
| #define HAVE_LIBINTL_H 1
| #define HAVE_STDLIB_H 1
| #define HAVE_STRING_H 1
| #define HAVE_SYS_TIME_H 1
| #define HAVE_UNISTD_H 1
| #define TIME_WITH_SYS_TIME 1
| #define HAVE_ALLOCA_H 1
| #define HAVE_ALLOCA 1
| #define CLOSEDIR_VOID 1
| #define HAVE_UNISTD_H 1
| #define HAVE_FORK 1
| #define HAVE_VFORK 1
| #define HAVE_WORKING_VFORK 1
| #define HAVE_WORKING_FORK 1
| #define HAVE_SYS_SELECT_H 1
| #define HAVE_SYS_SOCKET_H 1
| #define SELECT_TYPE_ARG1 int
| #define SELECT_TYPE_ARG234 (fd_set *)
| #define SELECT_TYPE_ARG5 (struct timeval *)
| #define RETSIGTYPE void
| #define HAVE_STAT_EMPTY_STRING_BUG 1
| #define HAVE_ALARM 1
| #define HAVE_GETCWD 1
| #define HAVE_GETTIMEOFDAY 1
| #define HAVE_MEMSET 1
| #define HAVE_MKDIR 1
| #define HAVE_SELECT 1
| #define HAVE_SETENV 1
| #define HAVE_SETLOCALE 1
| #define HAVE_STRCASECMP 1
| #define HAVE_STRDUP 1
| #define HAVE_STRPBRK 1
| #define HAVE_STRSTR 1
| /* end confdefs.h.  */
| #include <stdio.h>
| #if HAVE_SYS_TYPES_H
| # include <sys/types.h>
| #endif
| #if HAVE_SYS_STAT_H
| # include <sys/stat.h>
| #endif
| #if STDC_HEADERS
| # include <stdlib.h>
| # include <stddef.h>
| #else
| # if HAVE_STDLIB_H
| #  include <stdlib.h>
| # endif
| #endif
| #if HAVE_STRING_H
| # if !STDC_HEADERS && HAVE_MEMORY_H
| #  include <memory.h>
| # endif
| # include <string.h>
| #endif
| #if HAVE_STRINGS_H
| # include <strings.h>
| #endif
| #if HAVE_INTTYPES_H
| # include <inttypes.h>
| #else
| # if HAVE_STDINT_H
| #  include <stdint.h>
| # endif
| #endif
| #if HAVE_UNISTD_H
| # include <unistd.h>
| #endif
| #include <apm.h>
configure:6415: result: no
configure:6419: checking apm.h presence
configure:6429: /home/simon/GIT/buildroot-k3-current/output/host/usr/bin/arm-none-linux-gnueabi-cpp -D_LARGEFILE_SOURCE -D_LARGEFILE64_SOURCE -D_FILE_OFFSET_BITS=64 conftest.c
conftest.c:57:17: error: apm.h: No such file or directory
configure:6435: $? = 1
configure: failed program was:
| /* confdefs.h.  */
| 
| #define PACKAGE_NAME "matchbox-panel"
| #define PACKAGE_TARNAME "matchbox-panel"
| #define PACKAGE_VERSION "0.9.3"
| #define PACKAGE_STRING "matchbox-panel 0.9.3"
| #define PACKAGE_BUGREPORT "mallum@handhelds.org"
| #define PACKAGE "matchbox-panel"
| #define VERSION "0.9.3"
| #define _GNU_SOURCE 1
| #define HAVE_DIRENT_H 1
| #define STDC_HEADERS 1
| #define HAVE_SYS_WAIT_H 1
| #define HAVE_SYS_TYPES_H 1
| #define HAVE_SYS_STAT_H 1
| #define HAVE_STDLIB_H 1
| #define HAVE_STRING_H 1
| #define HAVE_MEMORY_H 1
| #define HAVE_STRINGS_H 1
| #define HAVE_INTTYPES_H 1
| #define HAVE_STDINT_H 1
| #define HAVE_UNISTD_H 1
| #define HAVE_LIBINTL_H 1
| #define HAVE_STDLIB_H 1
| #define HAVE_STRING_H 1
| #define HAVE_SYS_TIME_H 1
| #define HAVE_UNISTD_H 1
| #define TIME_WITH_SYS_TIME 1
| #define HAVE_ALLOCA_H 1
| #define HAVE_ALLOCA 1
| #define CLOSEDIR_VOID 1
| #define HAVE_UNISTD_H 1
| #define HAVE_FORK 1
| #define HAVE_VFORK 1
| #define HAVE_WORKING_VFORK 1
| #define HAVE_WORKING_FORK 1
| #define HAVE_SYS_SELECT_H 1
| #define HAVE_SYS_SOCKET_H 1
| #define SELECT_TYPE_ARG1 int
| #define SELECT_TYPE_ARG234 (fd_set *)
| #define SELECT_TYPE_ARG5 (struct timeval *)
| #define RETSIGTYPE void
| #define HAVE_STAT_EMPTY_STRING_BUG 1
| #define HAVE_ALARM 1
| #define HAVE_GETCWD 1
| #define HAVE_GETTIMEOFDAY 1
| #define HAVE_MEMSET 1
| #define HAVE_MKDIR 1
| #define HAVE_SELECT 1
| #define HAVE_SETENV 1
| #define HAVE_SETLOCALE 1
| #define HAVE_STRCASECMP 1
| #define HAVE_STRDUP 1
| #define HAVE_STRPBRK 1
| #define HAVE_STRSTR 1
| /* end confdefs.h.  */
| #include <apm.h>
configure:6455: result: no
configure:6490: checking for apm.h
configure:6497: result: no
configure:6535: checking apmvar.h usability
configure:6547: /home/simon/GIT/buildroot-k3-current/output/host/usr/bin/arm-none-linux-gnueabi-gcc -c -D_LARGEFILE_SOURCE -D_LARGEFILE64_SOURCE -D_FILE_OFFSET_BITS=64  -pipe -U_FORTIFY_SOURCE -fno-stack-protector -fomit-frame-pointer -fPIC -O2  -D_LARGEFILE_SOURCE -D_LARGEFILE64_SOURCE -D_FILE_OFFSET_BITS=64 conftest.c >&5
conftest.c:91:20: error: apmvar.h: No such file or directory
configure:6553: $? = 1
configure: failed program was:
| /* confdefs.h.  */
| 
| #define PACKAGE_NAME "matchbox-panel"
| #define PACKAGE_TARNAME "matchbox-panel"
| #define PACKAGE_VERSION "0.9.3"
| #define PACKAGE_STRING "matchbox-panel 0.9.3"
| #define PACKAGE_BUGREPORT "mallum@handhelds.org"
| #define PACKAGE "matchbox-panel"
| #define VERSION "0.9.3"
| #define _GNU_SOURCE 1
| #define HAVE_DIRENT_H 1
| #define STDC_HEADERS 1
| #define HAVE_SYS_WAIT_H 1
| #define HAVE_SYS_TYPES_H 1
| #define HAVE_SYS_STAT_H 1
| #define HAVE_STDLIB_H 1
| #define HAVE_STRING_H 1
| #define HAVE_MEMORY_H 1
| #define HAVE_STRINGS_H 1
| #define HAVE_INTTYPES_H 1
| #define HAVE_STDINT_H 1
| #define HAVE_UNISTD_H 1
| #define HAVE_LIBINTL_H 1
| #define HAVE_STDLIB_H 1
| #define HAVE_STRING_H 1
| #define HAVE_SYS_TIME_H 1
| #define HAVE_UNISTD_H 1
| #define TIME_WITH_SYS_TIME 1
| #define HAVE_ALLOCA_H 1
| #define HAVE_ALLOCA 1
| #define CLOSEDIR_VOID 1
| #define HAVE_UNISTD_H 1
| #define HAVE_FORK 1
| #define HAVE_VFORK 1
| #define HAVE_WORKING_VFORK 1
| #define HAVE_WORKING_FORK 1
| #define HAVE_SYS_SELECT_H 1
| #define HAVE_SYS_SOCKET_H 1
| #define SELECT_TYPE_ARG1 int
| #define SELECT_TYPE_ARG234 (fd_set *)
| #define SELECT_TYPE_ARG5 (struct timeval *)
| #define RETSIGTYPE void
| #define HAVE_STAT_EMPTY_STRING_BUG 1
| #define HAVE_ALARM 1
| #define HAVE_GETCWD 1
| #define HAVE_GETTIMEOFDAY 1
| #define HAVE_MEMSET 1
| #define HAVE_MKDIR 1
| #define HAVE_SELECT 1
| #define HAVE_SETENV 1
| #define HAVE_SETLOCALE 1
| #define HAVE_STRCASECMP 1
| #define HAVE_STRDUP 1
| #define HAVE_STRPBRK 1
| #define HAVE_STRSTR 1
| /* end confdefs.h.  */
| #include <stdio.h>
| #if HAVE_SYS_TYPES_H
| # include <sys/types.h>
| #endif
| #if HAVE_SYS_STAT_H
| # include <sys/stat.h>
| #endif
| #if STDC_HEADERS
| # include <stdlib.h>
| # include <stddef.h>
| #else
| # if HAVE_STDLIB_H
| #  include <stdlib.h>
| # endif
| #endif
| #if HAVE_STRING_H
| # if !STDC_HEADERS && HAVE_MEMORY_H
| #  include <memory.h>
| # endif
| # include <string.h>
| #endif
| #if HAVE_STRINGS_H
| # include <strings.h>
| #endif
| #if HAVE_INTTYPES_H
| # include <inttypes.h>
| #else
| # if HAVE_STDINT_H
| #  include <stdint.h>
| # endif
| #endif
| #if HAVE_UNISTD_H
| # include <unistd.h>
| #endif
| #include <apmvar.h>
configure:6575: result: no
configure:6579: checking apmvar.h presence
configure:6589: /home/simon/GIT/buildroot-k3-current/output/host/usr/bin/arm-none-linux-gnueabi-cpp -D_LARGEFILE_SOURCE -D_LARGEFILE64_SOURCE -D_FILE_OFFSET_BITS=64 conftest.c
conftest.c:57:20: error: apmvar.h: No such file or directory
configure:6595: $? = 1
configure: failed program was:
| /* confdefs.h.  */
| 
| #define PACKAGE_NAME "matchbox-panel"
| #define PACKAGE_TARNAME "matchbox-panel"
| #define PACKAGE_VERSION "0.9.3"
| #define PACKAGE_STRING "matchbox-panel 0.9.3"
| #define PACKAGE_BUGREPORT "mallum@handhelds.org"
| #define PACKAGE "matchbox-panel"
| #define VERSION "0.9.3"
| #define _GNU_SOURCE 1
| #define HAVE_DIRENT_H 1
| #define STDC_HEADERS 1
| #define HAVE_SYS_WAIT_H 1
| #define HAVE_SYS_TYPES_H 1
| #define HAVE_SYS_STAT_H 1
| #define HAVE_STDLIB_H 1
| #define HAVE_STRING_H 1
| #define HAVE_MEMORY_H 1
| #define HAVE_STRINGS_H 1
| #define HAVE_INTTYPES_H 1
| #define HAVE_STDINT_H 1
| #define HAVE_UNISTD_H 1
| #define HAVE_LIBINTL_H 1
| #define HAVE_STDLIB_H 1
| #define HAVE_STRING_H 1
| #define HAVE_SYS_TIME_H 1
| #define HAVE_UNISTD_H 1
| #define TIME_WITH_SYS_TIME 1
| #define HAVE_ALLOCA_H 1
| #define HAVE_ALLOCA 1
| #define CLOSEDIR_VOID 1
| #define HAVE_UNISTD_H 1
| #define HAVE_FORK 1
| #define HAVE_VFORK 1
| #define HAVE_WORKING_VFORK 1
| #define HAVE_WORKING_FORK 1
| #define HAVE_SYS_SELECT_H 1
| #define HAVE_SYS_SOCKET_H 1
| #define SELECT_TYPE_ARG1 int
| #define SELECT_TYPE_ARG234 (fd_set *)
| #define SELECT_TYPE_ARG5 (struct timeval *)
| #define RETSIGTYPE void
| #define HAVE_STAT_EMPTY_STRING_BUG 1
| #define HAVE_ALARM 1
| #define HAVE_GETCWD 1
| #define HAVE_GETTIMEOFDAY 1
| #define HAVE_MEMSET 1
| #define HAVE_MKDIR 1
| #define HAVE_SELECT 1
| #define HAVE_SETENV 1
| #define HAVE_SETLOCALE 1
| #define HAVE_STRCASECMP 1
| #define HAVE_STRDUP 1
| #define HAVE_STRPBRK 1
| #define HAVE_STRSTR 1
| /* end confdefs.h.  */
| #include <apmvar.h>
configure:6615: result: no
configure:6650: checking for apmvar.h
configure:6657: result: no
configure:6722: checking iwlib.h usability
configure:6734: /home/simon/GIT/buildroot-k3-current/output/host/usr/bin/arm-none-linux-gnueabi-gcc -c -D_LARGEFILE_SOURCE -D_LARGEFILE64_SOURCE -D_FILE_OFFSET_BITS=64  -pipe -U_FORTIFY_SOURCE -fno-stack-protector -fomit-frame-pointer -fPIC -O2  -D_LARGEFILE_SOURCE -D_LARGEFILE64_SOURCE -D_FILE_OFFSET_BITS=64 conftest.c >&5
conftest.c:91:19: error: iwlib.h: No such file or directory
configure:6740: $? = 1
configure: failed program was:
| /* confdefs.h.  */
| 
| #define PACKAGE_NAME "matchbox-panel"
| #define PACKAGE_TARNAME "matchbox-panel"
| #define PACKAGE_VERSION "0.9.3"
| #define PACKAGE_STRING "matchbox-panel 0.9.3"
| #define PACKAGE_BUGREPORT "mallum@handhelds.org"
| #define PACKAGE "matchbox-panel"
| #define VERSION "0.9.3"
| #define _GNU_SOURCE 1
| #define HAVE_DIRENT_H 1
| #define STDC_HEADERS 1
| #define HAVE_SYS_WAIT_H 1
| #define HAVE_SYS_TYPES_H 1
| #define HAVE_SYS_STAT_H 1
| #define HAVE_STDLIB_H 1
| #define HAVE_STRING_H 1
| #define HAVE_MEMORY_H 1
| #define HAVE_STRINGS_H 1
| #define HAVE_INTTYPES_H 1
| #define HAVE_STDINT_H 1
| #define HAVE_UNISTD_H 1
| #define HAVE_LIBINTL_H 1
| #define HAVE_STDLIB_H 1
| #define HAVE_STRING_H 1
| #define HAVE_SYS_TIME_H 1
| #define HAVE_UNISTD_H 1
| #define TIME_WITH_SYS_TIME 1
| #define HAVE_ALLOCA_H 1
| #define HAVE_ALLOCA 1
| #define CLOSEDIR_VOID 1
| #define HAVE_UNISTD_H 1
| #define HAVE_FORK 1
| #define HAVE_VFORK 1
| #define HAVE_WORKING_VFORK 1
| #define HAVE_WORKING_FORK 1
| #define HAVE_SYS_SELECT_H 1
| #define HAVE_SYS_SOCKET_H 1
| #define SELECT_TYPE_ARG1 int
| #define SELECT_TYPE_ARG234 (fd_set *)
| #define SELECT_TYPE_ARG5 (struct timeval *)
| #define RETSIGTYPE void
| #define HAVE_STAT_EMPTY_STRING_BUG 1
| #define HAVE_ALARM 1
| #define HAVE_GETCWD 1
| #define HAVE_GETTIMEOFDAY 1
| #define HAVE_MEMSET 1
| #define HAVE_MKDIR 1
| #define HAVE_SELECT 1
| #define HAVE_SETENV 1
| #define HAVE_SETLOCALE 1
| #define HAVE_STRCASECMP 1
| #define HAVE_STRDUP 1
| #define HAVE_STRPBRK 1
| #define HAVE_STRSTR 1
| /* end confdefs.h.  */
| #include <stdio.h>
| #if HAVE_SYS_TYPES_H
| # include <sys/types.h>
| #endif
| #if HAVE_SYS_STAT_H
| # include <sys/stat.h>
| #endif
| #if STDC_HEADERS
| # include <stdlib.h>
| # include <stddef.h>
| #else
| # if HAVE_STDLIB_H
| #  include <stdlib.h>
| # endif
| #endif
| #if HAVE_STRING_H
| # if !STDC_HEADERS && HAVE_MEMORY_H
| #  include <memory.h>
| # endif
| # include <string.h>
| #endif
| #if HAVE_STRINGS_H
| # include <strings.h>
| #endif
| #if HAVE_INTTYPES_H
| # include <inttypes.h>
| #else
| # if HAVE_STDINT_H
| #  include <stdint.h>
| # endif
| #endif
| #if HAVE_UNISTD_H
| # include <unistd.h>
| #endif
| #include <iwlib.h>
configure:6762: result: no
configure:6766: checking iwlib.h presence
configure:6776: /home/simon/GIT/buildroot-k3-current/output/host/usr/bin/arm-none-linux-gnueabi-cpp -D_LARGEFILE_SOURCE -D_LARGEFILE64_SOURCE -D_FILE_OFFSET_BITS=64 conftest.c
conftest.c:57:19: error: iwlib.h: No such file or directory
configure:6782: $? = 1
configure: failed program was:
| /* confdefs.h.  */
| 
| #define PACKAGE_NAME "matchbox-panel"
| #define PACKAGE_TARNAME "matchbox-panel"
| #define PACKAGE_VERSION "0.9.3"
| #define PACKAGE_STRING "matchbox-panel 0.9.3"
| #define PACKAGE_BUGREPORT "mallum@handhelds.org"
| #define PACKAGE "matchbox-panel"
| #define VERSION "0.9.3"
| #define _GNU_SOURCE 1
| #define HAVE_DIRENT_H 1
| #define STDC_HEADERS 1
| #define HAVE_SYS_WAIT_H 1
| #define HAVE_SYS_TYPES_H 1
| #define HAVE_SYS_STAT_H 1
| #define HAVE_STDLIB_H 1
| #define HAVE_STRING_H 1
| #define HAVE_MEMORY_H 1
| #define HAVE_STRINGS_H 1
| #define HAVE_INTTYPES_H 1
| #define HAVE_STDINT_H 1
| #define HAVE_UNISTD_H 1
| #define HAVE_LIBINTL_H 1
| #define HAVE_STDLIB_H 1
| #define HAVE_STRING_H 1
| #define HAVE_SYS_TIME_H 1
| #define HAVE_UNISTD_H 1
| #define TIME_WITH_SYS_TIME 1
| #define HAVE_ALLOCA_H 1
| #define HAVE_ALLOCA 1
| #define CLOSEDIR_VOID 1
| #define HAVE_UNISTD_H 1
| #define HAVE_FORK 1
| #define HAVE_VFORK 1
| #define HAVE_WORKING_VFORK 1
| #define HAVE_WORKING_FORK 1
| #define HAVE_SYS_SELECT_H 1
| #define HAVE_SYS_SOCKET_H 1
| #define SELECT_TYPE_ARG1 int
| #define SELECT_TYPE_ARG234 (fd_set *)
| #define SELECT_TYPE_ARG5 (struct timeval *)
| #define RETSIGTYPE void
| #define HAVE_STAT_EMPTY_STRING_BUG 1
| #define HAVE_ALARM 1
| #define HAVE_GETCWD 1
| #define HAVE_GETTIMEOFDAY 1
| #define HAVE_MEMSET 1
| #define HAVE_MKDIR 1
| #define HAVE_SELECT 1
| #define HAVE_SETENV 1
| #define HAVE_SETLOCALE 1
| #define HAVE_STRCASECMP 1
| #define HAVE_STRDUP 1
| #define HAVE_STRPBRK 1
| #define HAVE_STRSTR 1
| /* end confdefs.h.  */
| #include <iwlib.h>
configure:6802: result: no
configure:6837: checking for iwlib.h
configure:6844: result: no
configure:6859: checking for iw_sockets_open in -liw
configure:6889: /home/simon/GIT/buildroot-k3-current/output/host/usr/bin/arm-none-linux-gnueabi-gcc -o conftest -D_LARGEFILE_SOURCE -D_LARGEFILE64_SOURCE -D_FILE_OFFSET_BITS=64  -pipe -U_FORTIFY_SOURCE -fno-stack-protector -fomit-frame-pointer -fPIC -O2  -D_LARGEFILE_SOURCE -D_LARGEFILE64_SOURCE -D_FILE_OFFSET_BITS=64  conftest.c -liw   >&5
/opt/arm-2007q3/bin/../lib/gcc/arm-none-linux-gnueabi/4.2.1/../../../../arm-none-linux-gnueabi/bin/ld: cannot find -liw
collect2: ld returned 1 exit status
configure:6895: $? = 1
configure: failed program was:
| /* confdefs.h.  */
| 
| #define PACKAGE_NAME "matchbox-panel"
| #define PACKAGE_TARNAME "matchbox-panel"
| #define PACKAGE_VERSION "0.9.3"
| #define PACKAGE_STRING "matchbox-panel 0.9.3"
| #define PACKAGE_BUGREPORT "mallum@handhelds.org"
| #define PACKAGE "matchbox-panel"
| #define VERSION "0.9.3"
| #define _GNU_SOURCE 1
| #define HAVE_DIRENT_H 1
| #define STDC_HEADERS 1
| #define HAVE_SYS_WAIT_H 1
| #define HAVE_SYS_TYPES_H 1
| #define HAVE_SYS_STAT_H 1
| #define HAVE_STDLIB_H 1
| #define HAVE_STRING_H 1
| #define HAVE_MEMORY_H 1
| #define HAVE_STRINGS_H 1
| #define HAVE_INTTYPES_H 1
| #define HAVE_STDINT_H 1
| #define HAVE_UNISTD_H 1
| #define HAVE_LIBINTL_H 1
| #define HAVE_STDLIB_H 1
| #define HAVE_STRING_H 1
| #define HAVE_SYS_TIME_H 1
| #define HAVE_UNISTD_H 1
| #define TIME_WITH_SYS_TIME 1
| #define HAVE_ALLOCA_H 1
| #define HAVE_ALLOCA 1
| #define CLOSEDIR_VOID 1
| #define HAVE_UNISTD_H 1
| #define HAVE_FORK 1
| #define HAVE_VFORK 1
| #define HAVE_WORKING_VFORK 1
| #define HAVE_WORKING_FORK 1
| #define HAVE_SYS_SELECT_H 1
| #define HAVE_SYS_SOCKET_H 1
| #define SELECT_TYPE_ARG1 int
| #define SELECT_TYPE_ARG234 (fd_set *)
| #define SELECT_TYPE_ARG5 (struct timeval *)
| #define RETSIGTYPE void
| #define HAVE_STAT_EMPTY_STRING_BUG 1
| #define HAVE_ALARM 1
| #define HAVE_GETCWD 1
| #define HAVE_GETTIMEOFDAY 1
| #define HAVE_MEMSET 1
| #define HAVE_MKDIR 1
| #define HAVE_SELECT 1
| #define HAVE_SETENV 1
| #define HAVE_SETLOCALE 1
| #define HAVE_STRCASECMP 1
| #define HAVE_STRDUP 1
| #define HAVE_STRPBRK 1
| #define HAVE_STRSTR 1
| /* end confdefs.h.  */
| 
| /* Override any gcc2 internal prototype to avoid an error.  */
| #ifdef __cplusplus
| extern "C"
| #endif
| /* We use char because int might match the return type of a gcc2
|    builtin and then its argument prototype would still apply.  */
| char iw_sockets_open ();
| int
| main ()
| {
| iw_sockets_open ();
|   ;
|   return 0;
| }
configure:6920: result: no
configure:7121: creating ./config.status

## ---------------------- ##
## Running config.status. ##
## ---------------------- ##

This file was extended by matchbox-panel config.status 0.9.3, which was
generated by GNU Autoconf 2.59.  Invocation command line was

  CONFIG_FILES    = 
  CONFIG_HEADERS  = 
  CONFIG_LINKS    = 
  CONFIG_COMMANDS = 
  $ ./config.status 

on dev

config.status:760: creating Makefile
config.status:760: creating src/Makefile
config.status:760: creating applets/Makefile
config.status:760: creating applets/dotdesktop/Makefile
config.status:760: creating applets/icons/Makefile
config.status:760: creating applets/small-icons/Makefile
config.status:760: creating po/Makefile
config.status:826: creating config.h
config.status:1202: executing depfiles commands

## ---------------- ##
## Cache variables. ##
## ---------------- ##

ac_cv_c_bigendian=no
ac_cv_c_compiler_gnu=yes
ac_cv_c_const=yes
ac_cv_env_CC_set=set
ac_cv_env_CC_value=/home/simon/GIT/buildroot-k3-current/output/host/usr/bin/arm-none-linux-gnueabi-gcc
ac_cv_env_CFLAGS_set=set
ac_cv_env_CFLAGS_value='-D_LARGEFILE_SOURCE -D_LARGEFILE64_SOURCE -D_FILE_OFFSET_BITS=64  -pipe -U_FORTIFY_SOURCE -fno-stack-protector -fomit-frame-pointer -fPIC -O2 '
ac_cv_env_CPPFLAGS_set=set
ac_cv_env_CPPFLAGS_value='-D_LARGEFILE_SOURCE -D_LARGEFILE64_SOURCE -D_FILE_OFFSET_BITS=64'
ac_cv_env_CPP_set=set
ac_cv_env_CPP_value=/home/simon/GIT/buildroot-k3-current/output/host/usr/bin/arm-none-linux-gnueabi-cpp
ac_cv_env_LDFLAGS_set=set
ac_cv_env_LDFLAGS_value=
ac_cv_env_LIBMB_CFLAGS_set=
ac_cv_env_LIBMB_CFLAGS_value=
ac_cv_env_LIBMB_LIBS_set=
ac_cv_env_LIBMB_LIBS_value=
ac_cv_env_PKG_CONFIG_set=set
ac_cv_env_PKG_CONFIG_value=/home/simon/GIT/buildroot-k3-current/output/host/usr/bin/pkg-config
ac_cv_env_SN_CFLAGS_set=
ac_cv_env_SN_CFLAGS_value=
ac_cv_env_SN_LIBS_set=
ac_cv_env_SN_LIBS_value=
ac_cv_env_build_alias_set=set
ac_cv_env_build_alias_value=i686-pc-linux-gnu
ac_cv_env_host_alias_set=set
ac_cv_env_host_alias_value=arm-buildroot-linux-gnueabi
ac_cv_env_target_alias_set=set
ac_cv_env_target_alias_value=arm-buildroot-linux-gnueabi
ac_cv_exeext=
ac_cv_func_alarm=yes
ac_cv_func_alloca_works=yes
ac_cv_func_calloc_0_nonnull=yes
ac_cv_func_closedir_void=yes
ac_cv_func_fork=yes
ac_cv_func_fork_works=yes
ac_cv_func_getcwd=yes
ac_cv_func_gettimeofday=yes
ac_cv_func_lstat_dereferences_slashed_symlink=no
ac_cv_func_malloc_0_nonnull=yes
ac_cv_func_memcmp_working=yes
ac_cv_func_memset=yes
ac_cv_func_mkdir=yes
ac_cv_func_mmap_fixed_mapped=yes
ac_cv_func_realloc_0_nonnull=yes
ac_cv_func_select=yes
ac_cv_func_select_args='int,fd_set *,struct timeval *'
ac_cv_func_setenv=yes
ac_cv_func_setlocale=yes
ac_cv_func_stat_empty_string_bug=yes
ac_cv_func_strcasecmp=yes
ac_cv_func_strdup=yes
ac_cv_func_strpbrk=yes
ac_cv_func_strstr=yes
ac_cv_func_vfork=yes
ac_cv_func_vfork_works=yes
ac_cv_have_decl_malloc=yes
ac_cv_header_apm_h=no
ac_cv_header_apmvar_h=no
ac_cv_header_dirent_dirent_h=yes
ac_cv_header_inttypes_h=yes
ac_cv_header_iwlib_h=no
ac_cv_header_libintl_h=yes
ac_cv_header_memory_h=yes
ac_cv_header_stdc=yes
ac_cv_header_stdint_h=yes
ac_cv_header_stdlib_h=yes
ac_cv_header_string_h=yes
ac_cv_header_strings_h=yes
ac_cv_header_sys_select_h=yes
ac_cv_header_sys_socket_h=yes
ac_cv_header_sys_stat_h=yes
ac_cv_header_sys_time_h=yes
ac_cv_header_sys_types_h=yes
ac_cv_header_sys_wait_h=yes
ac_cv_header_time=yes
ac_cv_header_unistd_h=yes
ac_cv_header_vfork_h=no
ac_cv_lbl_unaligned_fail=yes
ac_cv_lib_iw_iw_sockets_open=no
ac_cv_objext=o
ac_cv_path_install='/usr/bin/install -c'
ac_cv_prog_AWK=gawk
ac_cv_prog_CC=/home/simon/GIT/buildroot-k3-current/output/host/usr/bin/arm-none-linux-gnueabi-gcc
ac_cv_prog_CPP=/home/simon/GIT/buildroot-k3-current/output/host/usr/bin/arm-none-linux-gnueabi-cpp
ac_cv_prog_STRIP=/home/simon/GIT/buildroot-k3-current/output/host/usr/bin/arm-none-linux-gnueabi-strip
ac_cv_prog_cc_g=yes
ac_cv_prog_cc_stdc=
ac_cv_prog_egrep='grep -E'
ac_cv_prog_make_make_set=yes
ac_cv_search_opendir='none required'
ac_cv_type_pid_t=yes
ac_cv_type_signal=void
ac_cv_working_alloca_h=yes
am_cv_CC_dependencies_compiler_type=gcc3
gl_cv_func_malloc_0_nonnull=yes
lt_cv_sys_lib_search_path_spec=
pkg_cv_LIBMB_CFLAGS='-I/home/simon/GIT/buildroot-k3-current/output/host/usr/arm-buildroot-linux-gnueabi/sysroot/usr/include/freetype2 -I/home/simon/GIT/buildroot-k3-current/output/host/usr/arm-buildroot-linux-gnueabi/sysroot/home/simon/GIT/buildroot-k3-current/output/host/usr/arm-buildroot-linux-gnueabi/sysroot/usr/include  -I/home/simon/GIT/buildroot-k3-current/output/host/usr/arm-buildroot-linux-gnueabi/sysroot/usr/include  '
pkg_cv_LIBMB_LIBS='-lmb -L/home/simon/GIT/buildroot-k3-current/output/host/usr/arm-buildroot-linux-gnueabi/sysroot/home/simon/GIT/buildroot-k3-current/output/host/usr/arm-buildroot-linux-gnueabi/sysroot/usr/lib -lXft  -lpng -lz -lX11 -L/home/simon/GIT/buildroot-k3-current/output/host/usr/arm-buildroot-linux-gnueabi/sysroot/usr/lib -lXext  '

## ----------------- ##
## Output variables. ##
## ----------------- ##

ACLOCAL='${SHELL} /home/simon/GIT/buildroot-k3-current/output/build/matchbox-panel-0.9.3/missing --run aclocal-1.9'
ALLOCA=''
AMDEPBACKSLASH='\'
AMDEP_FALSE='#'
AMDEP_TRUE=''
AMTAR='${SHELL} /home/simon/GIT/buildroot-k3-current/output/build/matchbox-panel-0.9.3/missing --run tar'
AUTOCONF='${SHELL} /home/simon/GIT/buildroot-k3-current/output/build/matchbox-panel-0.9.3/missing --run autoconf'
AUTOHEADER='${SHELL} /home/simon/GIT/buildroot-k3-current/output/build/matchbox-panel-0.9.3/missing --run autoheader'
AUTOMAKE='${SHELL} /home/simon/GIT/buildroot-k3-current/output/build/matchbox-panel-0.9.3/missing --run automake-1.9'
AWK='gawk'
CC='/home/simon/GIT/buildroot-k3-current/output/host/usr/bin/arm-none-linux-gnueabi-gcc'
CCDEPMODE='depmode=gcc3'
CFLAGS='-D_LARGEFILE_SOURCE -D_LARGEFILE64_SOURCE -D_FILE_OFFSET_BITS=64  -pipe -U_FORTIFY_SOURCE -fno-stack-protector -fomit-frame-pointer -fPIC -O2 '
CPP='/home/simon/GIT/buildroot-k3-current/output/host/usr/bin/arm-none-linux-gnueabi-cpp'
CPPFLAGS='-D_LARGEFILE_SOURCE -D_LARGEFILE64_SOURCE -D_FILE_OFFSET_BITS=64'
CYGPATH_W='echo'
DEFS='-DHAVE_CONFIG_H'
DEPDIR='.deps'
ECHO_C=''
ECHO_N='-n'
ECHO_T=''
EGREP='grep -E'
EXEEXT=''
INSTALL_DATA='${INSTALL} -m 644'
INSTALL_PROGRAM='${INSTALL}'
INSTALL_SCRIPT='${INSTALL}'
INSTALL_STRIP_PROGRAM='${SHELL} $(install_sh) -c -s'
INTLIBS=''
LDFLAGS=''
LIBMB_CFLAGS='-g -Wall -fno-strict-aliasing -I/home/simon/GIT/buildroot-k3-current/output/host/usr/arm-buildroot-linux-gnueabi/sysroot/usr/include/freetype2 -I/home/simon/GIT/buildroot-k3-current/output/host/usr/arm-buildroot-linux-gnueabi/sysroot/home/simon/GIT/buildroot-k3-current/output/host/usr/arm-buildroot-linux-gnueabi/sysroot/usr/include  -I/home/simon/GIT/buildroot-k3-current/output/host/usr/arm-buildroot-linux-gnueabi/sysroot/usr/include  '
LIBMB_LIBS='-lmb -L/home/simon/GIT/buildroot-k3-current/output/host/usr/arm-buildroot-linux-gnueabi/sysroot/home/simon/GIT/buildroot-k3-current/output/host/usr/arm-buildroot-linux-gnueabi/sysroot/usr/lib -lXft  -lpng -lz -lX11 -L/home/simon/GIT/buildroot-k3-current/output/host/usr/arm-buildroot-linux-gnueabi/sysroot/usr/lib -lXext  '
LIBOBJS=' lstat$U.o stat$U.o'
LIBS=''
LTLIBOBJS=' lstat$U.lo stat$U.lo'
MAINT='#'
MAINTAINER_MODE_FALSE=''
MAINTAINER_MODE_TRUE='#'
MAKEINFO='${SHELL} /home/simon/GIT/buildroot-k3-current/output/build/matchbox-panel-0.9.3/missing --run makeinfo'
MOFILES=''
MSGFMT=''
MSGMERGE=''
OBJEXT='o'
PACKAGE='matchbox-panel'
PACKAGE_BUGREPORT='mallum@handhelds.org'
PACKAGE_NAME='matchbox-panel'
PACKAGE_STRING='matchbox-panel 0.9.3'
PACKAGE_TARNAME='matchbox-panel'
PACKAGE_VERSION='0.9.3'
PATH_SEPARATOR=':'
PKG_CONFIG='/home/simon/GIT/buildroot-k3-current/output/host/usr/bin/pkg-config'
SET_MAKE=''
SHELL='/bin/sh'
SN_CFLAGS=''
SN_LIBS=''
STRIP='/home/simon/GIT/buildroot-k3-current/output/host/usr/bin/arm-none-linux-gnueabi-strip'
VERSION='0.9.3'
WANT_ACPI_FALSE=''
WANT_ACPI_TRUE='#'
WANT_APM_FALSE=''
WANT_APM_TRUE='#'
WANT_PNGS_FALSE='#'
WANT_PNGS_TRUE=''
WANT_SMALL_ICONS_FALSE=''
WANT_SMALL_ICONS_TRUE='#'
WANT_WIFI_FALSE=''
WANT_WIFI_TRUE='#'
WIRELESS_LIBS=''
XGETTEXT=''
ac_ct_CC=''
ac_ct_STRIP=''
ac_pt_PKG_CONFIG=''
am__fastdepCC_FALSE='#'
am__fastdepCC_TRUE=''
am__include='include'
am__leading_dot='.'
am__quote=''
am__tar='${AMTAR} chof - "$$tardir"'
am__untar='${AMTAR} xf -'
bindir='${exec_prefix}/bin'
build_alias='i686-pc-linux-gnu'
datadir='${prefix}/share'
exec_prefix='/usr'
host_alias='arm-buildroot-linux-gnueabi'
includedir='${prefix}/include'
infodir='${prefix}/info'
install_sh='/home/simon/GIT/buildroot-k3-current/output/build/matchbox-panel-0.9.3/install-sh'
libdir='${exec_prefix}/lib'
libexecdir='${exec_prefix}/libexec'
localstatedir='${prefix}/var'
mandir='${prefix}/man'
mkdir_p='mkdir -p --'
oldincludedir='/usr/include'
prefix='/usr'
program_transform_name='s,^,,'
sbindir='${exec_prefix}/sbin'
sharedstatedir='${prefix}/com'
sysconfdir='/etc'
target_alias='arm-buildroot-linux-gnueabi'

## ----------- ##
## confdefs.h. ##
## ----------- ##

#define CLOSEDIR_VOID 1
#define HAVE_ALARM 1
#define HAVE_ALLOCA 1
#define HAVE_ALLOCA_H 1
#define HAVE_DIRENT_H 1
#define HAVE_FORK 1
#define HAVE_GETCWD 1
#define HAVE_GETTIMEOFDAY 1
#define HAVE_INTTYPES_H 1
#define HAVE_LIBINTL_H 1
#define HAVE_MEMORY_H 1
#define HAVE_MEMSET 1
#define HAVE_MKDIR 1
#define HAVE_SELECT 1
#define HAVE_SETENV 1
#define HAVE_SETLOCALE 1
#define HAVE_STAT_EMPTY_STRING_BUG 1
#define HAVE_STDINT_H 1
#define HAVE_STDLIB_H 1
#define HAVE_STDLIB_H 1
#define HAVE_STRCASECMP 1
#define HAVE_STRDUP 1
#define HAVE_STRINGS_H 1
#define HAVE_STRING_H 1
#define HAVE_STRING_H 1
#define HAVE_STRPBRK 1
#define HAVE_STRSTR 1
#define HAVE_SYS_SELECT_H 1
#define HAVE_SYS_SOCKET_H 1
#define HAVE_SYS_STAT_H 1
#define HAVE_SYS_TIME_H 1
#define HAVE_SYS_TYPES_H 1
#define HAVE_SYS_WAIT_H 1
#define HAVE_UNISTD_H 1
#define HAVE_UNISTD_H 1
#define HAVE_UNISTD_H 1
#define HAVE_VFORK 1
#define HAVE_WORKING_FORK 1
#define HAVE_WORKING_VFORK 1
#define PACKAGE "matchbox-panel"
#define PACKAGE_BUGREPORT "mallum@handhelds.org"
#define PACKAGE_NAME "matchbox-panel"
#define PACKAGE_STRING "matchbox-panel 0.9.3"
#define PACKAGE_TARNAME "matchbox-panel"
#define PACKAGE_VERSION "0.9.3"
#define RETSIGTYPE void
#define SELECT_TYPE_ARG1 int
#define SELECT_TYPE_ARG234 (fd_set *)
#define SELECT_TYPE_ARG5 (struct timeval *)
#define STDC_HEADERS 1
#define TIME_WITH_SYS_TIME 1
#define VERSION "0.9.3"
#define _GNU_SOURCE 1

configure: exit 0
