This file contains any messages produced by compilers while
running configure, to aid debugging if configure makes a mistake.

It was created by configure, which was
generated by GNU Autoconf 2.61.  Invocation command line was

  $ ./configure --prefix=/home/simon/GIT/buildroot-k3-current/output/host/usr --sysconfdir=/home/simon/GIT/buildroot-k3-current/output/host/etc --enable-shared --disable-static --cache-file=/dev/null --srcdir=.

## --------- ##
## Platform. ##
## --------- ##

hostname = dev
uname -m = i686
uname -r = 3.2.0-33-generic
uname -s = Linux
uname -v = #52-Ubuntu SMP Thu Oct 18 16:19:45 UTC 2012

/usr/bin/uname -p = unknown
/bin/uname -X     = unknown

/bin/arch              = unknown
/usr/bin/arch -k       = unknown
/usr/convex/getsysinfo = unknown
/usr/bin/hostinfo      = unknown
/bin/machine           = unknown
/usr/bin/oslevel       = unknown
/bin/universe          = unknown

PATH: /home/simon/GIT/buildroot-k3-current/output/host/bin
PATH: /home/simon/GIT/buildroot-k3-current/output/host/usr/bin
PATH: /home/simon/bin
PATH: /usr/local/sbin
PATH: /usr/local/bin
PATH: /usr/sbin
PATH: /usr/bin
PATH: /sbin
PATH: /bin
PATH: /usr/games


## ----------- ##
## Core tests. ##
## ----------- ##

configure:1650: checking whether make sets $(MAKE)
configure:1671: result: yes
configure:1728: checking for gcc
configure:1755: result: /usr/bin/gcc
configure:1993: checking for C compiler version
configure:2000: /usr/bin/gcc --version >&5
gcc (Ubuntu/Linaro 4.6.3-1ubuntu5) 4.6.3
Copyright (C) 2011 Free Software Foundation, Inc.
This is free software; see the source for copying conditions.  There is NO
warranty; not even for MERCHANTABILITY or FITNESS FOR A PARTICULAR PURPOSE.

configure:2003: $? = 0
configure:2010: /usr/bin/gcc -v >&5
Using built-in specs.
COLLECT_GCC=/usr/bin/gcc
COLLECT_LTO_WRAPPER=/usr/lib/gcc/i686-linux-gnu/4.6/lto-wrapper
Target: i686-linux-gnu
Configured with: ../src/configure -v --with-pkgversion='Ubuntu/Linaro 4.6.3-1ubuntu5' --with-bugurl=file:///usr/share/doc/gcc-4.6/README.Bugs --enable-languages=c,c++,fortran,objc,obj-c++ --prefix=/usr --program-suffix=-4.6 --enable-shared --enable-linker-build-id --with-system-zlib --libexecdir=/usr/lib --without-included-gettext --enable-threads=posix --with-gxx-include-dir=/usr/include/c++/4.6 --libdir=/usr/lib --enable-nls --with-sysroot=/ --enable-clocale=gnu --enable-libstdcxx-debug --enable-libstdcxx-time=yes --enable-gnu-unique-object --enable-plugin --enable-objc-gc --enable-targets=all --disable-werror --with-arch-32=i686 --with-tune=generic --enable-checking=release --build=i686-linux-gnu --host=i686-linux-gnu --target=i686-linux-gnu
Thread model: posix
gcc version 4.6.3 (Ubuntu/Linaro 4.6.3-1ubuntu5) 
configure:2013: $? = 0
configure:2020: /usr/bin/gcc -V >&5
gcc: error: unrecognized option '-V'
gcc: fatal error: no input files
compilation terminated.
configure:2023: $? = 4
configure:2046: checking for C compiler default output file name
configure:2073: /usr/bin/gcc -O2 -I/home/simon/GIT/buildroot-k3-current/output/host/usr/include -I/home/simon/GIT/buildroot-k3-current/output/host/usr/include -L/home/simon/GIT/buildroot-k3-current/output/host/lib -L/home/simon/GIT/buildroot-k3-current/output/host/usr/lib -Wl,-rpath,/home/simon/GIT/buildroot-k3-current/output/host/usr/lib conftest.c  >&5
configure:2076: $? = 0
configure:2114: result: a.out
configure:2131: checking whether the C compiler works
configure:2141: ./a.out
configure:2144: $? = 0
configure:2161: result: yes
configure:2168: checking whether we are cross compiling
configure:2170: result: no
configure:2173: checking for suffix of executables
configure:2180: /usr/bin/gcc -o conftest -O2 -I/home/simon/GIT/buildroot-k3-current/output/host/usr/include -I/home/simon/GIT/buildroot-k3-current/output/host/usr/include -L/home/simon/GIT/buildroot-k3-current/output/host/lib -L/home/simon/GIT/buildroot-k3-current/output/host/usr/lib -Wl,-rpath,/home/simon/GIT/buildroot-k3-current/output/host/usr/lib conftest.c  >&5
configure:2183: $? = 0
configure:2207: result: 
configure:2213: checking for suffix of object files
configure:2239: /usr/bin/gcc -c -O2 -I/home/simon/GIT/buildroot-k3-current/output/host/usr/include -I/home/simon/GIT/buildroot-k3-current/output/host/usr/include conftest.c >&5
configure:2242: $? = 0
configure:2265: result: o
configure:2269: checking whether we are using the GNU C compiler
configure:2298: /usr/bin/gcc -c -O2 -I/home/simon/GIT/buildroot-k3-current/output/host/usr/include -I/home/simon/GIT/buildroot-k3-current/output/host/usr/include conftest.c >&5
configure:2304: $? = 0
configure:2321: result: yes
configure:2326: checking whether /usr/bin/gcc accepts -g
configure:2356: /usr/bin/gcc -c -g -I/home/simon/GIT/buildroot-k3-current/output/host/usr/include conftest.c >&5
configure:2362: $? = 0
configure:2461: result: yes
configure:2478: checking for /usr/bin/gcc option to accept ISO C89
configure:2552: /usr/bin/gcc  -c -O2 -I/home/simon/GIT/buildroot-k3-current/output/host/usr/include -I/home/simon/GIT/buildroot-k3-current/output/host/usr/include conftest.c >&5
configure:2558: $? = 0
configure:2581: result: none needed
configure:2604: checking how to run the C preprocessor
configure:2720: result: /usr/bin/cpp
configure:2749: /usr/bin/cpp -I/home/simon/GIT/buildroot-k3-current/output/host/usr/include conftest.c
configure:2755: $? = 0
configure:2786: /usr/bin/cpp -I/home/simon/GIT/buildroot-k3-current/output/host/usr/include conftest.c
conftest.c:8:28: fatal error: ac_nonexistent.h: No such file or directory
compilation terminated.
configure:2792: $? = 1
configure: failed program was:
| /* confdefs.h.  */
| #define PACKAGE_NAME ""
| #define PACKAGE_TARNAME ""
| #define PACKAGE_VERSION ""
| #define PACKAGE_STRING ""
| #define PACKAGE_BUGREPORT ""
| /* end confdefs.h.  */
| #include <ac_nonexistent.h>
configure:2945: checking for C++ compiler version
configure:2952: /usr/bin/g++ --version >&5
g++ (Ubuntu/Linaro 4.6.3-1ubuntu5) 4.6.3
Copyright (C) 2011 Free Software Foundation, Inc.
This is free software; see the source for copying conditions.  There is NO
warranty; not even for MERCHANTABILITY or FITNESS FOR A PARTICULAR PURPOSE.

configure:2955: $? = 0
configure:2962: /usr/bin/g++ -v >&5
Using built-in specs.
COLLECT_GCC=/usr/bin/g++
COLLECT_LTO_WRAPPER=/usr/lib/gcc/i686-linux-gnu/4.6/lto-wrapper
Target: i686-linux-gnu
Configured with: ../src/configure -v --with-pkgversion='Ubuntu/Linaro 4.6.3-1ubuntu5' --with-bugurl=file:///usr/share/doc/gcc-4.6/README.Bugs --enable-languages=c,c++,fortran,objc,obj-c++ --prefix=/usr --program-suffix=-4.6 --enable-shared --enable-linker-build-id --with-system-zlib --libexecdir=/usr/lib --without-included-gettext --enable-threads=posix --with-gxx-include-dir=/usr/include/c++/4.6 --libdir=/usr/lib --enable-nls --with-sysroot=/ --enable-clocale=gnu --enable-libstdcxx-debug --enable-libstdcxx-time=yes --enable-gnu-unique-object --enable-plugin --enable-objc-gc --enable-targets=all --disable-werror --with-arch-32=i686 --with-tune=generic --enable-checking=release --build=i686-linux-gnu --host=i686-linux-gnu --target=i686-linux-gnu
Thread model: posix
gcc version 4.6.3 (Ubuntu/Linaro 4.6.3-1ubuntu5) 
configure:2965: $? = 0
configure:2972: /usr/bin/g++ -V >&5
g++: error: unrecognized option '-V'
g++: fatal error: no input files
compilation terminated.
configure:2975: $? = 4
configure:2978: checking whether we are using the GNU C++ compiler
configure:3007: /usr/bin/g++ -c -O2 -I/home/simon/GIT/buildroot-k3-current/output/host/usr/include -I/home/simon/GIT/buildroot-k3-current/output/host/usr/include conftest.cpp >&5
configure:3013: $? = 0
configure:3030: result: yes
configure:3035: checking whether /usr/bin/g++ accepts -g
configure:3065: /usr/bin/g++ -c -g -I/home/simon/GIT/buildroot-k3-current/output/host/usr/include conftest.cpp >&5
configure:3071: $? = 0
configure:3170: result: yes
configure:3198: checking how to run the C++ preprocessor
configure:3234: /usr/bin/g++ -E -I/home/simon/GIT/buildroot-k3-current/output/host/usr/include conftest.cpp
configure:3240: $? = 0
configure:3271: /usr/bin/g++ -E -I/home/simon/GIT/buildroot-k3-current/output/host/usr/include conftest.cpp
conftest.cpp:8:28: fatal error: ac_nonexistent.h: No such file or directory
compilation terminated.
configure:3277: $? = 1
configure: failed program was:
| /* confdefs.h.  */
| #define PACKAGE_NAME ""
| #define PACKAGE_TARNAME ""
| #define PACKAGE_VERSION ""
| #define PACKAGE_STRING ""
| #define PACKAGE_BUGREPORT ""
| /* end confdefs.h.  */
| #include <ac_nonexistent.h>
configure:3310: result: /usr/bin/g++ -E
configure:3339: /usr/bin/g++ -E -I/home/simon/GIT/buildroot-k3-current/output/host/usr/include conftest.cpp
configure:3345: $? = 0
configure:3376: /usr/bin/g++ -E -I/home/simon/GIT/buildroot-k3-current/output/host/usr/include conftest.cpp
conftest.cpp:8:28: fatal error: ac_nonexistent.h: No such file or directory
compilation terminated.
configure:3382: $? = 1
configure: failed program was:
| /* confdefs.h.  */
| #define PACKAGE_NAME ""
| #define PACKAGE_TARNAME ""
| #define PACKAGE_VERSION ""
| #define PACKAGE_STRING ""
| #define PACKAGE_BUGREPORT ""
| /* end confdefs.h.  */
| #include <ac_nonexistent.h>
configure:3462: checking for ranlib
configure:3478: found /usr/bin/ranlib
configure:3489: result: ranlib
configure:3525: checking for a BSD compatible install
configure:3567: result: /usr/bin/install -c
configure:3711: creating ./config.status

## ---------------------- ##
## Running config.status. ##
## ---------------------- ##

This file was extended by config.status, which was
generated by GNU Autoconf 2.61.  Invocation command line was

  CONFIG_FILES    = 
  CONFIG_HEADERS  = 
  CONFIG_LINKS    = 
  CONFIG_COMMANDS = 
  $ ./config.status 

on dev

config.status:581: creating Makefile

## ---------------- ##
## Cache variables. ##
## ---------------- ##

ac_cv_c_compiler_gnu=yes
ac_cv_cxx_compiler_gnu=yes
ac_cv_env_CCC_set=
ac_cv_env_CCC_value=
ac_cv_env_CC_set=set
ac_cv_env_CC_value=/usr/bin/gcc
ac_cv_env_CFLAGS_set=set
ac_cv_env_CFLAGS_value='-O2 -I/home/simon/GIT/buildroot-k3-current/output/host/usr/include'
ac_cv_env_CPPFLAGS_set=set
ac_cv_env_CPPFLAGS_value=-I/home/simon/GIT/buildroot-k3-current/output/host/usr/include
ac_cv_env_CPP_set=set
ac_cv_env_CPP_value=/usr/bin/cpp
ac_cv_env_CXXCPP_set=
ac_cv_env_CXXCPP_value=
ac_cv_env_CXXFLAGS_set=set
ac_cv_env_CXXFLAGS_value='-O2 -I/home/simon/GIT/buildroot-k3-current/output/host/usr/include'
ac_cv_env_CXX_set=set
ac_cv_env_CXX_value=/usr/bin/g++
ac_cv_env_LDFLAGS_set=set
ac_cv_env_LDFLAGS_value='-L/home/simon/GIT/buildroot-k3-current/output/host/lib -L/home/simon/GIT/buildroot-k3-current/output/host/usr/lib -Wl,-rpath,/home/simon/GIT/buildroot-k3-current/output/host/usr/lib'
ac_cv_env_LIBS_set=
ac_cv_env_LIBS_value=
ac_cv_env_build_alias_set=
ac_cv_env_build_alias_value=
ac_cv_env_host_alias_set=
ac_cv_env_host_alias_value=
ac_cv_env_target_alias_set=
ac_cv_env_target_alias_value=
ac_cv_objext=o
ac_cv_prog_CPP=/usr/bin/cpp
ac_cv_prog_CXXCPP='/usr/bin/g++ -E'
ac_cv_prog_ac_ct_CC=/usr/bin/gcc
ac_cv_prog_ac_ct_RANLIB=ranlib
ac_cv_prog_cc_c89=
ac_cv_prog_cc_g=yes
ac_cv_prog_cxx_g=yes
ac_cv_prog_make_make_set=yes
cl_cv_path_install='/usr/bin/install -c'

## ----------------- ##
## Output variables. ##
## ----------------- ##

CC='/usr/bin/gcc'
CFLAGS='-O2 -I/home/simon/GIT/buildroot-k3-current/output/host/usr/include'
CPP='/usr/bin/cpp'
CPPFLAGS='-I/home/simon/GIT/buildroot-k3-current/output/host/usr/include'
CXX='/usr/bin/g++'
CXXCPP='/usr/bin/g++ -E'
CXXFLAGS='-O2 -I/home/simon/GIT/buildroot-k3-current/output/host/usr/include'
DEFS='-DPACKAGE_NAME=\"\" -DPACKAGE_TARNAME=\"\" -DPACKAGE_VERSION=\"\" -DPACKAGE_STRING=\"\" -DPACKAGE_BUGREPORT=\"\"'
ECHO_C=''
ECHO_N='-n'
ECHO_T=''
EXEEXT=''
INSTALL='/usr/bin/install -c'
INSTALL_DATA='$(INSTALL) -m 644'
INSTALL_PROGRAM='$(INSTALL)'
LDFLAGS='-L/home/simon/GIT/buildroot-k3-current/output/host/lib -L/home/simon/GIT/buildroot-k3-current/output/host/usr/lib -Wl,-rpath,/home/simon/GIT/buildroot-k3-current/output/host/usr/lib'
LIBOBJS=''
LIBS=''
LTLIBOBJS=''
OBJEXT='o'
PACKAGE_BUGREPORT=''
PACKAGE_NAME=''
PACKAGE_STRING=''
PACKAGE_TARNAME=''
PACKAGE_VERSION=''
PATH_SEPARATOR=':'
RANLIB='ranlib'
SET_MAKE=''
SHELL='/bin/sh'
ac_ct_CC='/usr/bin/gcc'
ac_ct_CXX=''
bindir='${exec_prefix}/bin'
build_alias=''
datadir='${datarootdir}'
datarootdir='${prefix}/share'
docdir='${datarootdir}/doc/${PACKAGE}'
dvidir='${docdir}'
exec_prefix='${prefix}'
host_alias=''
htmldir='${docdir}'
includedir='${prefix}/include'
infodir='${datarootdir}/info'
libdir='${exec_prefix}/lib'
libexecdir='${exec_prefix}/libexec'
localedir='${datarootdir}/locale'
localstatedir='${prefix}/var'
mandir='${datarootdir}/man'
oldincludedir='/usr/include'
pdfdir='${docdir}'
prefix='/home/simon/GIT/buildroot-k3-current/output/host/usr'
program_transform_name='s,x,x,'
psdir='${docdir}'
sbindir='${exec_prefix}/sbin'
sharedstatedir='${prefix}/com'
sysconfdir='/home/simon/GIT/buildroot-k3-current/output/host/etc'
target_alias=''

## ----------- ##
## confdefs.h. ##
## ----------- ##

#define PACKAGE_NAME ""
#define PACKAGE_TARNAME ""
#define PACKAGE_VERSION ""
#define PACKAGE_STRING ""
#define PACKAGE_BUGREPORT ""

configure: exit 0
