This file contains any messages produced by compilers while
running configure, to aid debugging if configure makes a mistake.

It was created by matchbox-window-manager configure 1.2, which was
generated by GNU Autoconf 2.61.  Invocation command line was

  $ ./configure --target=arm-buildroot-linux-gnueabi --host=arm-buildroot-linux-gnueabi --build=i686-pc-linux-gnu --prefix=/usr --exec-prefix=/usr --sysconfdir=/etc --program-prefix= --disable-gtk-doc --enable-ipv6 --enable-static --enable-shared --enable-expat --disable-startup-notification

## --------- ##
## Platform. ##
## --------- ##

hostname = dev
uname -m = i686
uname -r = 3.2.0-33-generic
uname -s = Linux
uname -v = #52-Ubuntu SMP Thu Oct 18 16:19:45 UTC 2012

/usr/bin/uname -p = unknown
/bin/uname -X     = unknown

/bin/arch              = unknown
/usr/bin/arch -k       = unknown
/usr/convex/getsysinfo = unknown
/usr/bin/hostinfo      = unknown
/bin/machine           = unknown
/usr/bin/oslevel       = unknown
/bin/universe          = unknown

PATH: /home/simon/GIT/buildroot-k3-current/output/host/bin
PATH: /home/simon/GIT/buildroot-k3-current/output/host/usr/bin
PATH: /home/simon/GIT/buildroot-k3-current/output/host/usr/sbin/
PATH: /home/simon/bin
PATH: /usr/local/sbin
PATH: /usr/local/bin
PATH: /usr/sbin
PATH: /usr/bin
PATH: /sbin
PATH: /bin
PATH: /usr/games


## ----------- ##
## Core tests. ##
## ----------- ##

configure:1873: checking for a BSD-compatible install
configure:1929: result: /usr/bin/install -c
configure:1940: checking whether build environment is sane
configure:1983: result: yes
configure:2048: checking for gawk
configure:2064: found /usr/bin/gawk
configure:2075: result: gawk
configure:2086: checking whether make sets $(MAKE)
configure:2107: result: yes
configure:2183: checking for arm-buildroot-linux-gnueabi-strip
configure:2210: result: /home/simon/GIT/buildroot-k3-current/output/host/usr/bin/arm-none-linux-gnueabi-strip
configure:2291: checking whether to enable maintainer-specific portions of Makefiles
configure:2300: result: no
configure:2327: checking for arm-buildroot-linux-gnueabi-gcc
configure:2354: result: /home/simon/GIT/buildroot-k3-current/output/host/usr/bin/arm-none-linux-gnueabi-gcc
configure:2632: checking for C compiler version
configure:2639: /home/simon/GIT/buildroot-k3-current/output/host/usr/bin/arm-none-linux-gnueabi-gcc --version >&5
arm-none-linux-gnueabi-gcc (CodeSourcery Sourcery G++ Lite 2007q3-51) 4.2.1
Copyright (C) 2007 Free Software Foundation, Inc.
This is free software; see the source for copying conditions.  There is NO
warranty; not even for MERCHANTABILITY or FITNESS FOR A PARTICULAR PURPOSE.

configure:2642: $? = 0
configure:2649: /home/simon/GIT/buildroot-k3-current/output/host/usr/bin/arm-none-linux-gnueabi-gcc -v >&5
Using built-in specs.
Target: arm-none-linux-gnueabi
Configured with: /scratch/paul/lite/linux/src/gcc-4.2/configure --build=i686-pc-linux-gnu --host=i686-pc-linux-gnu --target=arm-none-linux-gnueabi --enable-threads --disable-libmudflap --disable-libssp --disable-libgomp --disable-libstdcxx-pch --with-gnu-as --with-gnu-ld --enable-languages=c,c++ --enable-shared --enable-symvers=gnu --enable-__cxa_atexit --with-pkgversion=CodeSourcery Sourcery G++ Lite 2007q3-51 --with-bugurl=https://support.codesourcery.com/GNUToolchain/ --disable-nls --prefix=/opt/codesourcery --with-sysroot=/opt/codesourcery/arm-none-linux-gnueabi/libc --with-build-sysroot=/scratch/paul/lite/linux/install/arm-none-linux-gnueabi/libc --enable-poison-system-directories --with-build-time-tools=/scratch/paul/lite/linux/install/arm-none-linux-gnueabi/bin --with-build-time-tools=/scratch/paul/lite/linux/install/arm-none-linux-gnueabi/bin
Thread model: posix
gcc version 4.2.1 (CodeSourcery Sourcery G++ Lite 2007q3-51)
configure:2652: $? = 0
configure:2659: /home/simon/GIT/buildroot-k3-current/output/host/usr/bin/arm-none-linux-gnueabi-gcc -V >&5
arm-none-linux-gnueabi-gcc: '-V' must come at the start of the command line
configure:2662: $? = 1
configure:2685: checking for C compiler default output file name
configure:2712: /home/simon/GIT/buildroot-k3-current/output/host/usr/bin/arm-none-linux-gnueabi-gcc -D_LARGEFILE_SOURCE -D_LARGEFILE64_SOURCE -D_FILE_OFFSET_BITS=64  -pipe -U_FORTIFY_SOURCE -fno-stack-protector -fomit-frame-pointer -fPIC -O2  -D_LARGEFILE_SOURCE -D_LARGEFILE64_SOURCE -D_FILE_OFFSET_BITS=64  conftest.c  >&5
configure:2715: $? = 0
configure:2753: result: a.out
configure:2770: checking whether the C compiler works
configure:2800: result: yes
configure:2807: checking whether we are cross compiling
configure:2809: result: yes
configure:2812: checking for suffix of executables
configure:2819: /home/simon/GIT/buildroot-k3-current/output/host/usr/bin/arm-none-linux-gnueabi-gcc -o conftest -D_LARGEFILE_SOURCE -D_LARGEFILE64_SOURCE -D_FILE_OFFSET_BITS=64  -pipe -U_FORTIFY_SOURCE -fno-stack-protector -fomit-frame-pointer -fPIC -O2  -D_LARGEFILE_SOURCE -D_LARGEFILE64_SOURCE -D_FILE_OFFSET_BITS=64  conftest.c  >&5
configure:2822: $? = 0
configure:2846: result: 
configure:2852: checking for suffix of object files
configure:2878: /home/simon/GIT/buildroot-k3-current/output/host/usr/bin/arm-none-linux-gnueabi-gcc -c -D_LARGEFILE_SOURCE -D_LARGEFILE64_SOURCE -D_FILE_OFFSET_BITS=64  -pipe -U_FORTIFY_SOURCE -fno-stack-protector -fomit-frame-pointer -fPIC -O2  -D_LARGEFILE_SOURCE -D_LARGEFILE64_SOURCE -D_FILE_OFFSET_BITS=64 conftest.c >&5
configure:2881: $? = 0
configure:2904: result: o
configure:2908: checking whether we are using the GNU C compiler
configure:2937: /home/simon/GIT/buildroot-k3-current/output/host/usr/bin/arm-none-linux-gnueabi-gcc -c -D_LARGEFILE_SOURCE -D_LARGEFILE64_SOURCE -D_FILE_OFFSET_BITS=64  -pipe -U_FORTIFY_SOURCE -fno-stack-protector -fomit-frame-pointer -fPIC -O2  -D_LARGEFILE_SOURCE -D_LARGEFILE64_SOURCE -D_FILE_OFFSET_BITS=64 conftest.c >&5
configure:2943: $? = 0
configure:2960: result: yes
configure:2965: checking whether /home/simon/GIT/buildroot-k3-current/output/host/usr/bin/arm-none-linux-gnueabi-gcc accepts -g
configure:2995: /home/simon/GIT/buildroot-k3-current/output/host/usr/bin/arm-none-linux-gnueabi-gcc -c -g -D_LARGEFILE_SOURCE -D_LARGEFILE64_SOURCE -D_FILE_OFFSET_BITS=64 conftest.c >&5
configure:3001: $? = 0
configure:3100: result: yes
configure:3117: checking for /home/simon/GIT/buildroot-k3-current/output/host/usr/bin/arm-none-linux-gnueabi-gcc option to accept ISO C89
configure:3191: /home/simon/GIT/buildroot-k3-current/output/host/usr/bin/arm-none-linux-gnueabi-gcc  -c -D_LARGEFILE_SOURCE -D_LARGEFILE64_SOURCE -D_FILE_OFFSET_BITS=64  -pipe -U_FORTIFY_SOURCE -fno-stack-protector -fomit-frame-pointer -fPIC -O2  -D_LARGEFILE_SOURCE -D_LARGEFILE64_SOURCE -D_FILE_OFFSET_BITS=64 conftest.c >&5
configure:3197: $? = 0
configure:3220: result: none needed
configure:3249: checking for style of include used by make
configure:3277: result: GNU
configure:3305: checking dependency style of /home/simon/GIT/buildroot-k3-current/output/host/usr/bin/arm-none-linux-gnueabi-gcc
configure:3395: result: gcc3
configure:3415: checking for sys/wait.h that is POSIX.1 compatible
configure:3451: /home/simon/GIT/buildroot-k3-current/output/host/usr/bin/arm-none-linux-gnueabi-gcc -c -D_LARGEFILE_SOURCE -D_LARGEFILE64_SOURCE -D_FILE_OFFSET_BITS=64  -pipe -U_FORTIFY_SOURCE -fno-stack-protector -fomit-frame-pointer -fPIC -O2  -D_LARGEFILE_SOURCE -D_LARGEFILE64_SOURCE -D_FILE_OFFSET_BITS=64 conftest.c >&5
configure:3457: $? = 0
configure:3472: result: yes
configure:3487: checking how to run the C preprocessor
configure:3603: result: /home/simon/GIT/buildroot-k3-current/output/host/usr/bin/arm-none-linux-gnueabi-cpp
configure:3632: /home/simon/GIT/buildroot-k3-current/output/host/usr/bin/arm-none-linux-gnueabi-cpp -D_LARGEFILE_SOURCE -D_LARGEFILE64_SOURCE -D_FILE_OFFSET_BITS=64 conftest.c
configure:3638: $? = 0
configure:3669: /home/simon/GIT/buildroot-k3-current/output/host/usr/bin/arm-none-linux-gnueabi-cpp -D_LARGEFILE_SOURCE -D_LARGEFILE64_SOURCE -D_FILE_OFFSET_BITS=64 conftest.c
conftest.c:11:28: error: ac_nonexistent.h: No such file or directory
configure:3675: $? = 1
configure: failed program was:
| /* confdefs.h.  */
| #define PACKAGE_NAME "matchbox-window-manager"
| #define PACKAGE_TARNAME "matchbox-window-manager"
| #define PACKAGE_VERSION "1.2"
| #define PACKAGE_STRING "matchbox-window-manager 1.2"
| #define PACKAGE_BUGREPORT "mallum@handhelds.org"
| #define PACKAGE "matchbox-window-manager"
| #define VERSION "1.2"
| #define HAVE_SYS_WAIT_H 1
| /* end confdefs.h.  */
| #include <ac_nonexistent.h>
configure:3713: checking for grep that handles long lines and -e
configure:3787: result: /bin/grep
configure:3792: checking for egrep
configure:3870: result: /bin/grep -E
configure:3875: checking for ANSI C header files
configure:3905: /home/simon/GIT/buildroot-k3-current/output/host/usr/bin/arm-none-linux-gnueabi-gcc -c -D_LARGEFILE_SOURCE -D_LARGEFILE64_SOURCE -D_FILE_OFFSET_BITS=64  -pipe -U_FORTIFY_SOURCE -fno-stack-protector -fomit-frame-pointer -fPIC -O2  -D_LARGEFILE_SOURCE -D_LARGEFILE64_SOURCE -D_FILE_OFFSET_BITS=64 conftest.c >&5
configure:3911: $? = 0
configure:4039: result: yes
configure:4063: checking for sys/types.h
configure:4084: /home/simon/GIT/buildroot-k3-current/output/host/usr/bin/arm-none-linux-gnueabi-gcc -c -D_LARGEFILE_SOURCE -D_LARGEFILE64_SOURCE -D_FILE_OFFSET_BITS=64  -pipe -U_FORTIFY_SOURCE -fno-stack-protector -fomit-frame-pointer -fPIC -O2  -D_LARGEFILE_SOURCE -D_LARGEFILE64_SOURCE -D_FILE_OFFSET_BITS=64 conftest.c >&5
configure:4090: $? = 0
configure:4106: result: yes
configure:4063: checking for sys/stat.h
configure:4084: /home/simon/GIT/buildroot-k3-current/output/host/usr/bin/arm-none-linux-gnueabi-gcc -c -D_LARGEFILE_SOURCE -D_LARGEFILE64_SOURCE -D_FILE_OFFSET_BITS=64  -pipe -U_FORTIFY_SOURCE -fno-stack-protector -fomit-frame-pointer -fPIC -O2  -D_LARGEFILE_SOURCE -D_LARGEFILE64_SOURCE -D_FILE_OFFSET_BITS=64 conftest.c >&5
configure:4090: $? = 0
configure:4106: result: yes
configure:4063: checking for stdlib.h
configure:4084: /home/simon/GIT/buildroot-k3-current/output/host/usr/bin/arm-none-linux-gnueabi-gcc -c -D_LARGEFILE_SOURCE -D_LARGEFILE64_SOURCE -D_FILE_OFFSET_BITS=64  -pipe -U_FORTIFY_SOURCE -fno-stack-protector -fomit-frame-pointer -fPIC -O2  -D_LARGEFILE_SOURCE -D_LARGEFILE64_SOURCE -D_FILE_OFFSET_BITS=64 conftest.c >&5
configure:4090: $? = 0
configure:4106: result: yes
configure:4063: checking for string.h
configure:4084: /home/simon/GIT/buildroot-k3-current/output/host/usr/bin/arm-none-linux-gnueabi-gcc -c -D_LARGEFILE_SOURCE -D_LARGEFILE64_SOURCE -D_FILE_OFFSET_BITS=64  -pipe -U_FORTIFY_SOURCE -fno-stack-protector -fomit-frame-pointer -fPIC -O2  -D_LARGEFILE_SOURCE -D_LARGEFILE64_SOURCE -D_FILE_OFFSET_BITS=64 conftest.c >&5
configure:4090: $? = 0
configure:4106: result: yes
configure:4063: checking for memory.h
configure:4084: /home/simon/GIT/buildroot-k3-current/output/host/usr/bin/arm-none-linux-gnueabi-gcc -c -D_LARGEFILE_SOURCE -D_LARGEFILE64_SOURCE -D_FILE_OFFSET_BITS=64  -pipe -U_FORTIFY_SOURCE -fno-stack-protector -fomit-frame-pointer -fPIC -O2  -D_LARGEFILE_SOURCE -D_LARGEFILE64_SOURCE -D_FILE_OFFSET_BITS=64 conftest.c >&5
configure:4090: $? = 0
configure:4106: result: yes
configure:4063: checking for strings.h
configure:4084: /home/simon/GIT/buildroot-k3-current/output/host/usr/bin/arm-none-linux-gnueabi-gcc -c -D_LARGEFILE_SOURCE -D_LARGEFILE64_SOURCE -D_FILE_OFFSET_BITS=64  -pipe -U_FORTIFY_SOURCE -fno-stack-protector -fomit-frame-pointer -fPIC -O2  -D_LARGEFILE_SOURCE -D_LARGEFILE64_SOURCE -D_FILE_OFFSET_BITS=64 conftest.c >&5
configure:4090: $? = 0
configure:4106: result: yes
configure:4063: checking for inttypes.h
configure:4084: /home/simon/GIT/buildroot-k3-current/output/host/usr/bin/arm-none-linux-gnueabi-gcc -c -D_LARGEFILE_SOURCE -D_LARGEFILE64_SOURCE -D_FILE_OFFSET_BITS=64  -pipe -U_FORTIFY_SOURCE -fno-stack-protector -fomit-frame-pointer -fPIC -O2  -D_LARGEFILE_SOURCE -D_LARGEFILE64_SOURCE -D_FILE_OFFSET_BITS=64 conftest.c >&5
configure:4090: $? = 0
configure:4106: result: yes
configure:4063: checking for stdint.h
configure:4084: /home/simon/GIT/buildroot-k3-current/output/host/usr/bin/arm-none-linux-gnueabi-gcc -c -D_LARGEFILE_SOURCE -D_LARGEFILE64_SOURCE -D_FILE_OFFSET_BITS=64  -pipe -U_FORTIFY_SOURCE -fno-stack-protector -fomit-frame-pointer -fPIC -O2  -D_LARGEFILE_SOURCE -D_LARGEFILE64_SOURCE -D_FILE_OFFSET_BITS=64 conftest.c >&5
configure:4090: $? = 0
configure:4106: result: yes
configure:4063: checking for unistd.h
configure:4084: /home/simon/GIT/buildroot-k3-current/output/host/usr/bin/arm-none-linux-gnueabi-gcc -c -D_LARGEFILE_SOURCE -D_LARGEFILE64_SOURCE -D_FILE_OFFSET_BITS=64  -pipe -U_FORTIFY_SOURCE -fno-stack-protector -fomit-frame-pointer -fPIC -O2  -D_LARGEFILE_SOURCE -D_LARGEFILE64_SOURCE -D_FILE_OFFSET_BITS=64 conftest.c >&5
configure:4090: $? = 0
configure:4106: result: yes
configure:4125: checking for stdlib.h
configure:4131: result: yes
configure:4125: checking for string.h
configure:4131: result: yes
configure:4125: checking for unistd.h
configure:4131: result: yes
configure:4525: checking pkg-config is at least version 0.9.0
configure:4528: result: yes
configure:4539: checking for LIBMB
configure:4547: $PKG_CONFIG --exists --print-errors "libmb >= 1.5"
configure:4550: $? = 0
configure:4565: $PKG_CONFIG --exists --print-errors "libmb >= 1.5"
configure:4568: $? = 0
configure:4604: result: yes
configure:6384: checking for XFIXES
configure:6392: $PKG_CONFIG --exists --print-errors "xfixes >= 4.0"
configure:6395: $? = 0
configure:6410: $PKG_CONFIG --exists --print-errors "xfixes >= 4.0"
configure:6413: $? = 0
configure:6449: result: yes
configure:6464: checking for XCURSOR
configure:6472: $PKG_CONFIG --exists --print-errors "xcursor"
configure:6475: $? = 0
configure:6490: $PKG_CONFIG --exists --print-errors "xcursor"
configure:6493: $? = 0
configure:6529: result: yes
configure:6590: checking expat.h usability
configure:6607: /home/simon/GIT/buildroot-k3-current/output/host/usr/bin/arm-none-linux-gnueabi-gcc -c -D_LARGEFILE_SOURCE -D_LARGEFILE64_SOURCE -D_FILE_OFFSET_BITS=64  -pipe -U_FORTIFY_SOURCE -fno-stack-protector -fomit-frame-pointer -fPIC -O2  -D_LARGEFILE_SOURCE -D_LARGEFILE64_SOURCE -D_FILE_OFFSET_BITS=64  conftest.c >&5
configure:6613: $? = 0
configure:6627: result: yes
configure:6631: checking expat.h presence
configure:6646: /home/simon/GIT/buildroot-k3-current/output/host/usr/bin/arm-none-linux-gnueabi-cpp -D_LARGEFILE_SOURCE -D_LARGEFILE64_SOURCE -D_FILE_OFFSET_BITS=64  conftest.c
configure:6652: $? = 0
configure:6666: result: yes
configure:6699: checking for expat.h
configure:6706: result: yes
configure:6877: checking for XML_ParserCreate
configure:6933: /home/simon/GIT/buildroot-k3-current/output/host/usr/bin/arm-none-linux-gnueabi-gcc -o conftest -D_LARGEFILE_SOURCE -D_LARGEFILE64_SOURCE -D_FILE_OFFSET_BITS=64  -pipe -U_FORTIFY_SOURCE -fno-stack-protector -fomit-frame-pointer -fPIC -O2  -D_LARGEFILE_SOURCE -D_LARGEFILE64_SOURCE -D_FILE_OFFSET_BITS=64   conftest.c  -lexpat >&5
configure:6939: $? = 0
configure:6957: result: yes
configure:7238: result: Using config source xml:merged:/etc/gconf/gconf.xml.defaults for schema installation
configure:7253: result: Using $(sysconfdir)/gconf/schemas as install directory for schema files
configure:7518: checking for libmb xsettings support
configure:7532: result: no
configure:7591: checking for an ANSI C-conforming const
configure:7666: /home/simon/GIT/buildroot-k3-current/output/host/usr/bin/arm-none-linux-gnueabi-gcc -c -D_LARGEFILE_SOURCE -D_LARGEFILE64_SOURCE -D_FILE_OFFSET_BITS=64  -pipe -U_FORTIFY_SOURCE -fno-stack-protector -fomit-frame-pointer -fPIC -O2   conftest.c >&5
configure:7672: $? = 0
configure:7687: result: yes
configure:7697: checking for pid_t
configure:7727: /home/simon/GIT/buildroot-k3-current/output/host/usr/bin/arm-none-linux-gnueabi-gcc -c -D_LARGEFILE_SOURCE -D_LARGEFILE64_SOURCE -D_FILE_OFFSET_BITS=64  -pipe -U_FORTIFY_SOURCE -fno-stack-protector -fomit-frame-pointer -fPIC -O2   conftest.c >&5
configure:7733: $? = 0
configure:7748: result: yes
configure:7777: checking vfork.h usability
configure:7794: /home/simon/GIT/buildroot-k3-current/output/host/usr/bin/arm-none-linux-gnueabi-gcc -c -D_LARGEFILE_SOURCE -D_LARGEFILE64_SOURCE -D_FILE_OFFSET_BITS=64  -pipe -U_FORTIFY_SOURCE -fno-stack-protector -fomit-frame-pointer -fPIC -O2   conftest.c >&5
conftest.c:62:19: error: vfork.h: No such file or directory
configure:7800: $? = 1
configure: failed program was:
| /* confdefs.h.  */
| #define PACKAGE_NAME "matchbox-window-manager"
| #define PACKAGE_TARNAME "matchbox-window-manager"
| #define PACKAGE_VERSION "1.2"
| #define PACKAGE_STRING "matchbox-window-manager 1.2"
| #define PACKAGE_BUGREPORT "mallum@handhelds.org"
| #define PACKAGE "matchbox-window-manager"
| #define VERSION "1.2"
| #define HAVE_SYS_WAIT_H 1
| #define STDC_HEADERS 1
| #define HAVE_SYS_TYPES_H 1
| #define HAVE_SYS_STAT_H 1
| #define HAVE_STDLIB_H 1
| #define HAVE_STRING_H 1
| #define HAVE_MEMORY_H 1
| #define HAVE_STRINGS_H 1
| #define HAVE_INTTYPES_H 1
| #define HAVE_STDINT_H 1
| #define HAVE_UNISTD_H 1
| #define HAVE_STDLIB_H 1
| #define HAVE_STRING_H 1
| #define HAVE_UNISTD_H 1
| #define HAVE_XFIXES 1
| #define HAVE_XCURSOR 1
| #define HAVE_XML_PARSERCREATE 1
| #define HAVE_EXPAT 1
| #define USE_EXPAT 1
| /* end confdefs.h.  */
| #include <stdio.h>
| #ifdef HAVE_SYS_TYPES_H
| # include <sys/types.h>
| #endif
| #ifdef HAVE_SYS_STAT_H
| # include <sys/stat.h>
| #endif
| #ifdef STDC_HEADERS
| # include <stdlib.h>
| # include <stddef.h>
| #else
| # ifdef HAVE_STDLIB_H
| #  include <stdlib.h>
| # endif
| #endif
| #ifdef HAVE_STRING_H
| # if !defined STDC_HEADERS && defined HAVE_MEMORY_H
| #  include <memory.h>
| # endif
| # include <string.h>
| #endif
| #ifdef HAVE_STRINGS_H
| # include <strings.h>
| #endif
| #ifdef HAVE_INTTYPES_H
| # include <inttypes.h>
| #endif
| #ifdef HAVE_STDINT_H
| # include <stdint.h>
| #endif
| #ifdef HAVE_UNISTD_H
| # include <unistd.h>
| #endif
| #include <vfork.h>
configure:7814: result: no
configure:7818: checking vfork.h presence
configure:7833: /home/simon/GIT/buildroot-k3-current/output/host/usr/bin/arm-none-linux-gnueabi-cpp  conftest.c
conftest.c:29:19: error: vfork.h: No such file or directory
configure:7839: $? = 1
configure: failed program was:
| /* confdefs.h.  */
| #define PACKAGE_NAME "matchbox-window-manager"
| #define PACKAGE_TARNAME "matchbox-window-manager"
| #define PACKAGE_VERSION "1.2"
| #define PACKAGE_STRING "matchbox-window-manager 1.2"
| #define PACKAGE_BUGREPORT "mallum@handhelds.org"
| #define PACKAGE "matchbox-window-manager"
| #define VERSION "1.2"
| #define HAVE_SYS_WAIT_H 1
| #define STDC_HEADERS 1
| #define HAVE_SYS_TYPES_H 1
| #define HAVE_SYS_STAT_H 1
| #define HAVE_STDLIB_H 1
| #define HAVE_STRING_H 1
| #define HAVE_MEMORY_H 1
| #define HAVE_STRINGS_H 1
| #define HAVE_INTTYPES_H 1
| #define HAVE_STDINT_H 1
| #define HAVE_UNISTD_H 1
| #define HAVE_STDLIB_H 1
| #define HAVE_STRING_H 1
| #define HAVE_UNISTD_H 1
| #define HAVE_XFIXES 1
| #define HAVE_XCURSOR 1
| #define HAVE_XML_PARSERCREATE 1
| #define HAVE_EXPAT 1
| #define USE_EXPAT 1
| /* end confdefs.h.  */
| #include <vfork.h>
configure:7853: result: no
configure:7886: checking for vfork.h
configure:7894: result: no
configure:7912: checking for fork
configure:7968: /home/simon/GIT/buildroot-k3-current/output/host/usr/bin/arm-none-linux-gnueabi-gcc -o conftest -D_LARGEFILE_SOURCE -D_LARGEFILE64_SOURCE -D_FILE_OFFSET_BITS=64  -pipe -U_FORTIFY_SOURCE -fno-stack-protector -fomit-frame-pointer -fPIC -O2    conftest.c  >&5
conftest.c:52: warning: conflicting types for built-in function 'fork'
configure:7974: $? = 0
configure:7992: result: yes
configure:7912: checking for vfork
configure:7968: /home/simon/GIT/buildroot-k3-current/output/host/usr/bin/arm-none-linux-gnueabi-gcc -o conftest -D_LARGEFILE_SOURCE -D_LARGEFILE64_SOURCE -D_FILE_OFFSET_BITS=64  -pipe -U_FORTIFY_SOURCE -fno-stack-protector -fomit-frame-pointer -fPIC -O2    conftest.c  >&5
configure:7974: $? = 0
configure:7992: result: yes
configure:8003: checking for working fork
configure:8063: result: cross
configure:8079: WARNING: result yes guessed because of cross compilation
configure:8084: checking for working vfork
configure:8222: result: yes
configure:8257: checking for vprintf
configure:8313: /home/simon/GIT/buildroot-k3-current/output/host/usr/bin/arm-none-linux-gnueabi-gcc -o conftest -D_LARGEFILE_SOURCE -D_LARGEFILE64_SOURCE -D_FILE_OFFSET_BITS=64  -pipe -U_FORTIFY_SOURCE -fno-stack-protector -fomit-frame-pointer -fPIC -O2    conftest.c  >&5
conftest.c:56: warning: conflicting types for built-in function 'vprintf'
configure:8319: $? = 0
configure:8337: result: yes
configure:8344: checking for _doprnt
configure:8400: /home/simon/GIT/buildroot-k3-current/output/host/usr/bin/arm-none-linux-gnueabi-gcc -o conftest -D_LARGEFILE_SOURCE -D_LARGEFILE64_SOURCE -D_FILE_OFFSET_BITS=64  -pipe -U_FORTIFY_SOURCE -fno-stack-protector -fomit-frame-pointer -fPIC -O2    conftest.c  >&5
/tmp/ccZD4TWk.o: In function `main':
conftest.c:(.text+0x4): undefined reference to `_doprnt'
collect2: ld returned 1 exit status
configure:8406: $? = 1
configure: failed program was:
| /* confdefs.h.  */
| #define PACKAGE_NAME "matchbox-window-manager"
| #define PACKAGE_TARNAME "matchbox-window-manager"
| #define PACKAGE_VERSION "1.2"
| #define PACKAGE_STRING "matchbox-window-manager 1.2"
| #define PACKAGE_BUGREPORT "mallum@handhelds.org"
| #define PACKAGE "matchbox-window-manager"
| #define VERSION "1.2"
| #define HAVE_SYS_WAIT_H 1
| #define STDC_HEADERS 1
| #define HAVE_SYS_TYPES_H 1
| #define HAVE_SYS_STAT_H 1
| #define HAVE_STDLIB_H 1
| #define HAVE_STRING_H 1
| #define HAVE_MEMORY_H 1
| #define HAVE_STRINGS_H 1
| #define HAVE_INTTYPES_H 1
| #define HAVE_STDINT_H 1
| #define HAVE_UNISTD_H 1
| #define HAVE_STDLIB_H 1
| #define HAVE_STRING_H 1
| #define HAVE_UNISTD_H 1
| #define HAVE_XFIXES 1
| #define HAVE_XCURSOR 1
| #define HAVE_XML_PARSERCREATE 1
| #define HAVE_EXPAT 1
| #define USE_EXPAT 1
| #define HAVE_FORK 1
| #define HAVE_VFORK 1
| #define HAVE_WORKING_VFORK 1
| #define HAVE_WORKING_FORK 1
| #define HAVE_VPRINTF 1
| /* end confdefs.h.  */
| /* Define _doprnt to an innocuous variant, in case <limits.h> declares _doprnt.
|    For example, HP-UX 11i <limits.h> declares gettimeofday.  */
| #define _doprnt innocuous__doprnt
| 
| /* System header to define __stub macros and hopefully few prototypes,
|     which can conflict with char _doprnt (); below.
|     Prefer <limits.h> to <assert.h> if __STDC__ is defined, since
|     <limits.h> exists even on freestanding compilers.  */
| 
| #ifdef __STDC__
| # include <limits.h>
| #else
| # include <assert.h>
| #endif
| 
| #undef _doprnt
| 
| /* Override any GCC internal prototype to avoid an error.
|    Use char because int might match the return type of a GCC
|    builtin and then its argument prototype would still apply.  */
| #ifdef __cplusplus
| extern "C"
| #endif
| char _doprnt ();
| /* The GNU C library defines this for functions which it implements
|     to always fail with ENOSYS.  Some functions are actually named
|     something starting with __ and the normal name is an alias.  */
| #if defined __stub__doprnt || defined __stub____doprnt
| choke me
| #endif
| 
| int
| main ()
| {
| return _doprnt ();
|   ;
|   return 0;
| }
configure:8423: result: no
configure:8443: checking for strchr
configure:8499: /home/simon/GIT/buildroot-k3-current/output/host/usr/bin/arm-none-linux-gnueabi-gcc -o conftest -D_LARGEFILE_SOURCE -D_LARGEFILE64_SOURCE -D_FILE_OFFSET_BITS=64  -pipe -U_FORTIFY_SOURCE -fno-stack-protector -fomit-frame-pointer -fPIC -O2    conftest.c  >&5
conftest.c:57: warning: conflicting types for built-in function 'strchr'
configure:8505: $? = 0
configure:8523: result: yes
configure:8443: checking for strdup
configure:8499: /home/simon/GIT/buildroot-k3-current/output/host/usr/bin/arm-none-linux-gnueabi-gcc -o conftest -D_LARGEFILE_SOURCE -D_LARGEFILE64_SOURCE -D_FILE_OFFSET_BITS=64  -pipe -U_FORTIFY_SOURCE -fno-stack-protector -fomit-frame-pointer -fPIC -O2    conftest.c  >&5
conftest.c:58: warning: conflicting types for built-in function 'strdup'
configure:8505: $? = 0
configure:8523: result: yes
configure:8443: checking for strsep
configure:8499: /home/simon/GIT/buildroot-k3-current/output/host/usr/bin/arm-none-linux-gnueabi-gcc -o conftest -D_LARGEFILE_SOURCE -D_LARGEFILE64_SOURCE -D_FILE_OFFSET_BITS=64  -pipe -U_FORTIFY_SOURCE -fno-stack-protector -fomit-frame-pointer -fPIC -O2    conftest.c  >&5
configure:8505: $? = 0
configure:8523: result: yes
configure:8680: creating ./config.status

## ---------------------- ##
## Running config.status. ##
## ---------------------- ##

This file was extended by matchbox-window-manager config.status 1.2, which was
generated by GNU Autoconf 2.61.  Invocation command line was

  CONFIG_FILES    = 
  CONFIG_HEADERS  = 
  CONFIG_LINKS    = 
  CONFIG_COMMANDS = 
  $ ./config.status 

on dev

config.status:679: creating Makefile
config.status:679: creating src/Makefile
config.status:679: creating data/Makefile
config.status:679: creating data/themes/Makefile
config.status:679: creating data/themes/Default/Makefile
config.status:679: creating data/themes/blondie/Makefile
config.status:679: creating data/themes/MBOpus/Makefile
config.status:679: creating data/schemas/Makefile
config.status:679: creating config.h
config.status:962: executing depfiles commands

## ---------------- ##
## Cache variables. ##
## ---------------- ##

ac_cv_c_bigendian=no
ac_cv_c_compiler_gnu=yes
ac_cv_c_const=yes
ac_cv_env_CC_set=set
ac_cv_env_CC_value=/home/simon/GIT/buildroot-k3-current/output/host/usr/bin/arm-none-linux-gnueabi-gcc
ac_cv_env_CFLAGS_set=set
ac_cv_env_CFLAGS_value='-D_LARGEFILE_SOURCE -D_LARGEFILE64_SOURCE -D_FILE_OFFSET_BITS=64  -pipe -U_FORTIFY_SOURCE -fno-stack-protector -fomit-frame-pointer -fPIC -O2 '
ac_cv_env_COMPO_CFLAGS_set=
ac_cv_env_COMPO_CFLAGS_value=
ac_cv_env_COMPO_LIBS_set=
ac_cv_env_COMPO_LIBS_value=
ac_cv_env_CPPFLAGS_set=set
ac_cv_env_CPPFLAGS_value='-D_LARGEFILE_SOURCE -D_LARGEFILE64_SOURCE -D_FILE_OFFSET_BITS=64'
ac_cv_env_CPP_set=set
ac_cv_env_CPP_value=/home/simon/GIT/buildroot-k3-current/output/host/usr/bin/arm-none-linux-gnueabi-cpp
ac_cv_env_GCONF_CFLAGS_set=
ac_cv_env_GCONF_CFLAGS_value=
ac_cv_env_GCONF_LIBS_set=
ac_cv_env_GCONF_LIBS_value=
ac_cv_env_LDFLAGS_set=set
ac_cv_env_LDFLAGS_value=
ac_cv_env_LIBMB_CFLAGS_set=
ac_cv_env_LIBMB_CFLAGS_value=
ac_cv_env_LIBMB_LIBS_set=
ac_cv_env_LIBMB_LIBS_value=
ac_cv_env_LIBS_set=
ac_cv_env_LIBS_value=
ac_cv_env_PKG_CONFIG_set=set
ac_cv_env_PKG_CONFIG_value=/home/simon/GIT/buildroot-k3-current/output/host/usr/bin/pkg-config
ac_cv_env_SN_CFLAGS_set=
ac_cv_env_SN_CFLAGS_value=
ac_cv_env_SN_LIBS_set=
ac_cv_env_SN_LIBS_value=
ac_cv_env_XCURSOR_CFLAGS_set=
ac_cv_env_XCURSOR_CFLAGS_value=
ac_cv_env_XCURSOR_LIBS_set=
ac_cv_env_XCURSOR_LIBS_value=
ac_cv_env_XFIXES_CFLAGS_set=
ac_cv_env_XFIXES_CFLAGS_value=
ac_cv_env_XFIXES_LIBS_set=
ac_cv_env_XFIXES_LIBS_value=
ac_cv_env_XMKMF_set=
ac_cv_env_XMKMF_value=
ac_cv_env_build_alias_set=set
ac_cv_env_build_alias_value=i686-pc-linux-gnu
ac_cv_env_host_alias_set=set
ac_cv_env_host_alias_value=arm-buildroot-linux-gnueabi
ac_cv_env_target_alias_set=set
ac_cv_env_target_alias_value=arm-buildroot-linux-gnueabi
ac_cv_func_XML_ParserCreate=yes
ac_cv_func__doprnt=no
ac_cv_func_calloc_0_nonnull=yes
ac_cv_func_fork=yes
ac_cv_func_fork_works=yes
ac_cv_func_malloc_0_nonnull=yes
ac_cv_func_memcmp_working=yes
ac_cv_func_mmap_fixed_mapped=yes
ac_cv_func_realloc_0_nonnull=yes
ac_cv_func_strchr=yes
ac_cv_func_strdup=yes
ac_cv_func_strsep=yes
ac_cv_func_vfork=yes
ac_cv_func_vfork_works=yes
ac_cv_func_vprintf=yes
ac_cv_have_decl_malloc=yes
ac_cv_header_expat_h=yes
ac_cv_header_inttypes_h=yes
ac_cv_header_memory_h=yes
ac_cv_header_stdc=yes
ac_cv_header_stdint_h=yes
ac_cv_header_stdlib_h=yes
ac_cv_header_string_h=yes
ac_cv_header_strings_h=yes
ac_cv_header_sys_stat_h=yes
ac_cv_header_sys_types_h=yes
ac_cv_header_sys_wait_h=yes
ac_cv_header_unistd_h=yes
ac_cv_header_vfork_h=no
ac_cv_lbl_unaligned_fail=yes
ac_cv_objext=o
ac_cv_path_EGREP='/bin/grep -E'
ac_cv_path_GREP=/bin/grep
ac_cv_path_install='/usr/bin/install -c'
ac_cv_prog_AWK=gawk
ac_cv_prog_CC=/home/simon/GIT/buildroot-k3-current/output/host/usr/bin/arm-none-linux-gnueabi-gcc
ac_cv_prog_CPP=/home/simon/GIT/buildroot-k3-current/output/host/usr/bin/arm-none-linux-gnueabi-cpp
ac_cv_prog_STRIP=/home/simon/GIT/buildroot-k3-current/output/host/usr/bin/arm-none-linux-gnueabi-strip
ac_cv_prog_cc_c89=
ac_cv_prog_cc_g=yes
ac_cv_prog_make_make_set=yes
ac_cv_type_pid_t=yes
am_cv_CC_dependencies_compiler_type=gcc3
gl_cv_func_malloc_0_nonnull=yes
lt_cv_sys_lib_search_path_spec=
pkg_cv_LIBMB_CFLAGS='-I/home/simon/GIT/buildroot-k3-current/output/host/usr/arm-buildroot-linux-gnueabi/sysroot/usr/include/freetype2 -I/home/simon/GIT/buildroot-k3-current/output/host/usr/arm-buildroot-linux-gnueabi/sysroot/home/simon/GIT/buildroot-k3-current/output/host/usr/arm-buildroot-linux-gnueabi/sysroot/usr/include  -I/home/simon/GIT/buildroot-k3-current/output/host/usr/arm-buildroot-linux-gnueabi/sysroot/usr/include  '
pkg_cv_LIBMB_LIBS='-lmb -L/home/simon/GIT/buildroot-k3-current/output/host/usr/arm-buildroot-linux-gnueabi/sysroot/home/simon/GIT/buildroot-k3-current/output/host/usr/arm-buildroot-linux-gnueabi/sysroot/usr/lib -lXft  -lpng -lz -lX11 -L/home/simon/GIT/buildroot-k3-current/output/host/usr/arm-buildroot-linux-gnueabi/sysroot/usr/lib -lXext  '
pkg_cv_XCURSOR_CFLAGS='-I/home/simon/GIT/buildroot-k3-current/output/host/usr/arm-buildroot-linux-gnueabi/sysroot/usr/include  '
pkg_cv_XCURSOR_LIBS='-L/home/simon/GIT/buildroot-k3-current/output/host/usr/arm-buildroot-linux-gnueabi/sysroot/usr/lib -lXcursor  '
pkg_cv_XFIXES_CFLAGS='-I/home/simon/GIT/buildroot-k3-current/output/host/usr/arm-buildroot-linux-gnueabi/sysroot/usr/include  '
pkg_cv_XFIXES_LIBS='-L/home/simon/GIT/buildroot-k3-current/output/host/usr/arm-buildroot-linux-gnueabi/sysroot/usr/lib -lXfixes  '

## ----------------- ##
## Output variables. ##
## ----------------- ##

ACLOCAL='${SHELL} /home/simon/GIT/buildroot-k3-current/output/build/matchbox-wm-1.2/missing --run aclocal-1.9'
AMDEPBACKSLASH='\'
AMDEP_FALSE='#'
AMDEP_TRUE=''
AMTAR='${SHELL} /home/simon/GIT/buildroot-k3-current/output/build/matchbox-wm-1.2/missing --run tar'
AUTOCONF='${SHELL} /home/simon/GIT/buildroot-k3-current/output/build/matchbox-wm-1.2/missing --run autoconf'
AUTOHEADER='${SHELL} /home/simon/GIT/buildroot-k3-current/output/build/matchbox-wm-1.2/missing --run autoheader'
AUTOMAKE='${SHELL} /home/simon/GIT/buildroot-k3-current/output/build/matchbox-wm-1.2/missing --run automake-1.9'
AWK='gawk'
CC='/home/simon/GIT/buildroot-k3-current/output/host/usr/bin/arm-none-linux-gnueabi-gcc'
CCDEPMODE='depmode=gcc3'
CFLAGS='-D_LARGEFILE_SOURCE -D_LARGEFILE64_SOURCE -D_FILE_OFFSET_BITS=64  -pipe -U_FORTIFY_SOURCE -fno-stack-protector -fomit-frame-pointer -fPIC -O2 '
COMPO_CFLAGS=''
COMPO_LIBS=''
CPP='/home/simon/GIT/buildroot-k3-current/output/host/usr/bin/arm-none-linux-gnueabi-cpp'
CPPFLAGS=''
CYGPATH_W='echo'
DEFS='-DHAVE_CONFIG_H'
DEPDIR='.deps'
ECHO_C=''
ECHO_N='-n'
ECHO_T=''
EGREP='/bin/grep -E'
ENABLE_SCHEMAS_FALSE=''
ENABLE_SCHEMAS_TRUE='#'
EXEEXT=''
EXPAT_CFLAGS=''
EXPAT_LIBS='-lexpat'
GCONFTOOL=''
GCONF_CFLAGS=''
GCONF_LIBS=''
GCONF_SCHEMAS_INSTALL_FALSE='#'
GCONF_SCHEMAS_INSTALL_TRUE=''
GCONF_SCHEMA_CONFIG_SOURCE='xml:merged:/etc/gconf/gconf.xml.defaults'
GCONF_SCHEMA_FILE_DIR='$(sysconfdir)/gconf/schemas'
GCONF_SCHEMA_SUBDIRS=''
GREP='/bin/grep'
HAVE_EXPAT='1'
HAVE_XMLPARSE_H=''
INSTALL_DATA='${INSTALL} -m 644'
INSTALL_PROGRAM='${INSTALL}'
INSTALL_SCRIPT='${INSTALL}'
INSTALL_STRIP_PROGRAM='${SHELL} $(install_sh) -c -s'
LDFLAGS=''
LIBMB_CFLAGS='-g -Wall -fno-strict-aliasing  -I/home/simon/GIT/buildroot-k3-current/output/host/usr/arm-buildroot-linux-gnueabi/sysroot/usr/include/freetype2 -I/home/simon/GIT/buildroot-k3-current/output/host/usr/arm-buildroot-linux-gnueabi/sysroot/home/simon/GIT/buildroot-k3-current/output/host/usr/arm-buildroot-linux-gnueabi/sysroot/usr/include  -I/home/simon/GIT/buildroot-k3-current/output/host/usr/arm-buildroot-linux-gnueabi/sysroot/usr/include  '
LIBMB_LIBS='-lmb -L/home/simon/GIT/buildroot-k3-current/output/host/usr/arm-buildroot-linux-gnueabi/sysroot/home/simon/GIT/buildroot-k3-current/output/host/usr/arm-buildroot-linux-gnueabi/sysroot/usr/lib -lXft  -lpng -lz -lX11 -L/home/simon/GIT/buildroot-k3-current/output/host/usr/arm-buildroot-linux-gnueabi/sysroot/usr/lib -lXext  '
LIBOBJS=''
LIBS=''
LTLIBOBJS=''
MAINT='#'
MAINTAINER_MODE_FALSE=''
MAINTAINER_MODE_TRUE='#'
MAKEINFO='${SHELL} /home/simon/GIT/buildroot-k3-current/output/build/matchbox-wm-1.2/missing --run makeinfo'
OBJEXT='o'
PACKAGE='matchbox-window-manager'
PACKAGE_BUGREPORT='mallum@handhelds.org'
PACKAGE_NAME='matchbox-window-manager'
PACKAGE_STRING='matchbox-window-manager 1.2'
PACKAGE_TARNAME='matchbox-window-manager'
PACKAGE_VERSION='1.2'
PATH_SEPARATOR=':'
PKG_CONFIG='/home/simon/GIT/buildroot-k3-current/output/host/usr/bin/pkg-config'
SET_MAKE=''
SHELL='/bin/sh'
SN_CFLAGS=''
SN_LIBS=''
STRIP='/home/simon/GIT/buildroot-k3-current/output/host/usr/bin/arm-none-linux-gnueabi-strip'
VERSION='1.2'
WANT_STANDALONE_FALSE=''
WANT_STANDALONE_TRUE='#'
XCURSOR_CFLAGS='-I/home/simon/GIT/buildroot-k3-current/output/host/usr/arm-buildroot-linux-gnueabi/sysroot/usr/include  '
XCURSOR_LIBS='-L/home/simon/GIT/buildroot-k3-current/output/host/usr/arm-buildroot-linux-gnueabi/sysroot/usr/lib -lXcursor  '
XFIXES_CFLAGS='-I/home/simon/GIT/buildroot-k3-current/output/host/usr/arm-buildroot-linux-gnueabi/sysroot/usr/include  '
XFIXES_LIBS='-L/home/simon/GIT/buildroot-k3-current/output/host/usr/arm-buildroot-linux-gnueabi/sysroot/usr/lib -lXfixes  '
XFT_CONFIG=''
XMKMF=''
X_CFLAGS=''
X_EXTRA_LIBS=''
X_LIBS=''
X_PRE_LIBS=''
ac_ct_CC=''
am__fastdepCC_FALSE='#'
am__fastdepCC_TRUE=''
am__include='include'
am__leading_dot='.'
am__quote=''
am__tar='${AMTAR} chof - "$$tardir"'
am__untar='${AMTAR} xf -'
bindir='${exec_prefix}/bin'
build_alias='i686-pc-linux-gnu'
datadir='${datarootdir}'
datarootdir='${prefix}/share'
docdir='${datarootdir}/doc/${PACKAGE_TARNAME}'
dvidir='${docdir}'
exec_prefix='/usr'
host_alias='arm-buildroot-linux-gnueabi'
htmldir='${docdir}'
includedir='${prefix}/include'
infodir='${datarootdir}/info'
install_sh='/home/simon/GIT/buildroot-k3-current/output/build/matchbox-wm-1.2/install-sh'
libdir='${exec_prefix}/lib'
libexecdir='${exec_prefix}/libexec'
localedir='${datarootdir}/locale'
localstatedir='${prefix}/var'
mandir='${datarootdir}/man'
mkdir_p='mkdir -p --'
oldincludedir='/usr/include'
pdfdir='${docdir}'
prefix='/usr'
program_transform_name='s&^&&'
psdir='${docdir}'
sbindir='${exec_prefix}/sbin'
sharedstatedir='${prefix}/com'
sysconfdir='/etc'
target_alias='arm-buildroot-linux-gnueabi'

## ----------- ##
## confdefs.h. ##
## ----------- ##

#define PACKAGE_NAME "matchbox-window-manager"
#define PACKAGE_TARNAME "matchbox-window-manager"
#define PACKAGE_VERSION "1.2"
#define PACKAGE_STRING "matchbox-window-manager 1.2"
#define PACKAGE_BUGREPORT "mallum@handhelds.org"
#define PACKAGE "matchbox-window-manager"
#define VERSION "1.2"
#define HAVE_SYS_WAIT_H 1
#define STDC_HEADERS 1
#define HAVE_SYS_TYPES_H 1
#define HAVE_SYS_STAT_H 1
#define HAVE_STDLIB_H 1
#define HAVE_STRING_H 1
#define HAVE_MEMORY_H 1
#define HAVE_STRINGS_H 1
#define HAVE_INTTYPES_H 1
#define HAVE_STDINT_H 1
#define HAVE_UNISTD_H 1
#define HAVE_STDLIB_H 1
#define HAVE_STRING_H 1
#define HAVE_UNISTD_H 1
#define HAVE_XFIXES 1
#define HAVE_XCURSOR 1
#define HAVE_XML_PARSERCREATE 1
#define HAVE_EXPAT 1
#define USE_EXPAT 1
#define HAVE_FORK 1
#define HAVE_VFORK 1
#define HAVE_WORKING_VFORK 1
#define HAVE_WORKING_FORK 1
#define HAVE_VPRINTF 1
#define HAVE_STRCHR 1
#define HAVE_STRDUP 1
#define HAVE_STRSEP 1

configure: exit 0
